Add Component: Footprint Not Found SMD-0402C
Add Component: Footprint Not Found SMD-0805C
Add Component: Footprint Not Found SMD-0805C
Add Component: Footprint Not Found SMD-1210C
Add Component: Footprint Not Found SMD-1210C
Add Component: Footprint Not Found SMD-1210C
Add Component: Footprint Not Found SMD-0402C
Add Component: Footprint Not Found SMD-0402C
Add Component: Footprint Not Found SMD-0402C
Add Component: Footprint Not Found SMD-0402C
Add Component: Footprint Not Found SMD-0402C
Add Component: Footprint Not Found SMD-0402C
Add Component: Footprint Not Found SMD-0402C
Add Component: Footprint Not Found SMD-0603C
Add Component: Footprint Not Found SMD-0402C
Add Component: Footprint Not Found SMD-0402C
Add Component: Footprint Not Found SMD-0402C
Add Component: Footprint Not Found SMD-0402C
Add Component: Footprint Not Found SMD-0402C
Add Component: Footprint Not Found SMD-0402C
Add Component: Footprint Not Found SMD-0402C
Add Component: Footprint Not Found SMD-0402C
Add Component: Footprint Not Found SMD-0402C
Add Component: Footprint Not Found SMD-0402C
Add Component: Footprint Not Found SMD-0603C
Add Component: Footprint Not Found SMD-0402C
Add Component: Footprint Not Found SMD-0402C
Add Component: Footprint Not Found SMD-0402C
Add Component: Footprint Not Found SMD-0805C
Add Component: Footprint Not Found SMD-0402C
Add Component: Footprint Not Found SMD-0402C
Add Component: Footprint Not Found SMD-1210C
Add Component: Footprint Not Found SMD-0402C
Add Component: Footprint Not Found SMD-0402C
Add Component: Footprint Not Found SMD-0402C
Add Component: Footprint Not Found DIO_BAV99
Add Component: Footprint Not Found WE-CBA_0402_L1W0.5H0.5_HC
Add Component: Footprint Not Found WE-CBA_0402_L1W0.5H0.5_HC
Add Component: Footprint Not Found WE-CBA_0402_L1W0.5H0.5_HC
Add Component: Footprint Not Found WE-CBA_0402_L1W0.5H0.5_HC
Add Component: Footprint Not Found WE-CBA_0402_L1W0.5H0.5_HC
Add Component: Footprint Not Found WE-CBA_0402_L1W0.5H0.5_HC
Add Component: Footprint Not Found U.FL jack
Add Component: Footprint Not Found INDC1006X60N
Add Component: Footprint Not Found INDC1608X100N
Add Component: Footprint Not Found INDC1608X100N
Add Component: Footprint Not Found INDC2518X200N
Add Component: Footprint Not Found 36903205S
Add Component: Footprint Not Found SMD-0402-RES
Add Component: Footprint Not Found SMD-0402-RES
Add Component: Footprint Not Found SMD-0402-RES
Add Component: Footprint Not Found SMD-0402-RES
Add Component: Footprint Not Found SMD-0402-RES
Add Component: Footprint Not Found SMD-0402-RES
Add Component: Footprint Not Found SMD-0402-RES
Add Component: Footprint Not Found SMD-0402-RES
Add Component: Footprint Not Found SMD-0402-RES
Add Component: Footprint Not Found SMD-0402-RES
Add Component: Footprint Not Found SMD-0402-RES
Add Component: Footprint Not Found SMD-0402-RES
Add Pin To Net: Unknown Pin: Pin C1B-1
Add Pin To Net: Unknown Pin: Pin C1B-2
Add Pin To Net: Unknown Pin: Pin C2B-1
Add Pin To Net: Unknown Pin: Pin C2B-2
Add Pin To Net: Unknown Pin: Pin C3B-1
Add Pin To Net: Unknown Pin: Pin C3B-2
Add Pin To Net: Unknown Pin: Pin C4B-1
Add Pin To Net: Unknown Pin: Pin C4B-2
Add Pin To Net: Unknown Pin: Pin C5B-1
Add Pin To Net: Unknown Pin: Pin C5B-2
Add Pin To Net: Unknown Pin: Pin C6B-1
Add Pin To Net: Unknown Pin: Pin C6B-2
Add Pin To Net: Unknown Pin: Pin C7B-1
Add Pin To Net: Unknown Pin: Pin C7B-2
Add Pin To Net: Unknown Pin: Pin C8B-1
Add Pin To Net: Unknown Pin: Pin C8B-2
Add Pin To Net: Unknown Pin: Pin C9B-1
Add Pin To Net: Unknown Pin: Pin C9B-2
Add Pin To Net: Unknown Pin: Pin C10B-1
Add Pin To Net: Unknown Pin: Pin C10B-2
Add Pin To Net: Unknown Pin: Pin C11B-1
Add Pin To Net: Unknown Pin: Pin C11B-2
Add Pin To Net: Unknown Pin: Pin C12B-1
Add Pin To Net: Unknown Pin: Pin C12B-2
Add Pin To Net: Unknown Pin: Pin C13B-1
Add Pin To Net: Unknown Pin: Pin C13B-2
Add Pin To Net: Unknown Pin: Pin C14B-1
Add Pin To Net: Unknown Pin: Pin C14B-2
Add Pin To Net: Unknown Pin: Pin C15B-1
Add Pin To Net: Unknown Pin: Pin C15B-2
Add Pin To Net: Unknown Pin: Pin C16B-1
Add Pin To Net: Unknown Pin: Pin C16B-2
Add Pin To Net: Unknown Pin: Pin C17B-1
Add Pin To Net: Unknown Pin: Pin C17B-2
Add Pin To Net: Unknown Pin: Pin C18B-1
Add Pin To Net: Unknown Pin: Pin C18B-2
Add Pin To Net: Unknown Pin: Pin C19B-1
Add Pin To Net: Unknown Pin: Pin C19B-2
Add Pin To Net: Unknown Pin: Pin C20B-1
Add Pin To Net: Unknown Pin: Pin C20B-2
Add Pin To Net: Unknown Pin: Pin C21B-1
Add Pin To Net: Unknown Pin: Pin C21B-2
Add Pin To Net: Unknown Pin: Pin C22B-1
Add Pin To Net: Unknown Pin: Pin C22B-2
Add Pin To Net: Unknown Pin: Pin C23B-1
Add Pin To Net: Unknown Pin: Pin C23B-2
Add Pin To Net: Unknown Pin: Pin C24B-1
Add Pin To Net: Unknown Pin: Pin C24B-2
Add Pin To Net: Unknown Pin: Pin C25B-1
Add Pin To Net: Unknown Pin: Pin C25B-2
Add Pin To Net: Unknown Pin: Pin C26B-1
Add Pin To Net: Unknown Pin: Pin C26B-2
Add Pin To Net: Unknown Pin: Pin C27B-1
Add Pin To Net: Unknown Pin: Pin C27B-2
Add Pin To Net: Unknown Pin: Pin C28B-1
Add Pin To Net: Unknown Pin: Pin C28B-2
Add Pin To Net: Unknown Pin: Pin C29B-1
Add Pin To Net: Unknown Pin: Pin C29B-2
Add Pin To Net: Unknown Pin: Pin C30B-1
Add Pin To Net: Unknown Pin: Pin C30B-2
Add Pin To Net: Unknown Pin: Pin C31B-1
Add Pin To Net: Unknown Pin: Pin C31B-2
Add Pin To Net: Unknown Pin: Pin C32B-1
Add Pin To Net: Unknown Pin: Pin C32B-2
Add Pin To Net: Unknown Pin: Pin C33B-1
Add Pin To Net: Unknown Pin: Pin C33B-2
Add Pin To Net: Unknown Pin: Pin C34B-1
Add Pin To Net: Unknown Pin: Pin C34B-2
Add Pin To Net: Unknown Pin: Pin C35B-1
Add Pin To Net: Unknown Pin: Pin C35B-2
Add Pin To Net: Unknown Pin: Pin D1B-1
Add Pin To Net: Unknown Pin: Pin D1B-2
Add Pin To Net: Unknown Pin: Pin D1B-3
Add Pin To Net: Unknown Pin: Pin FB1B-1
Add Pin To Net: Unknown Pin: Pin FB1B-2
Add Pin To Net: Unknown Pin: Pin FB2B-1
Add Pin To Net: Unknown Pin: Pin FB2B-2
Add Pin To Net: Unknown Pin: Pin FB3B-1
Add Pin To Net: Unknown Pin: Pin FB3B-2
Add Pin To Net: Unknown Pin: Pin FB4B-1
Add Pin To Net: Unknown Pin: Pin FB4B-2
Add Pin To Net: Unknown Pin: Pin FB5B-1
Add Pin To Net: Unknown Pin: Pin FB5B-2
Add Pin To Net: Unknown Pin: Pin FB6B-1
Add Pin To Net: Unknown Pin: Pin FB6B-2
Add Pin To Net: Unknown Pin: Pin J1B-1
Add Pin To Net: Unknown Pin: Pin J1B-2
Add Pin To Net: Unknown Pin: Pin L1B-1
Add Pin To Net: Unknown Pin: Pin L1B-2
Add Pin To Net: Unknown Pin: Pin L2B-1
Add Pin To Net: Unknown Pin: Pin L2B-2
Add Pin To Net: Unknown Pin: Pin L3B-1
Add Pin To Net: Unknown Pin: Pin L3B-2
Add Pin To Net: Unknown Pin: Pin L4B-1
Add Pin To Net: Unknown Pin: Pin L4B-2
Add Pin To Net: Unknown Pin: Pin MP1B-1
Add Pin To Net: Unknown Pin: Pin R1B-1
Add Pin To Net: Unknown Pin: Pin R1B-2
Add Pin To Net: Unknown Pin: Pin R2B-1
Add Pin To Net: Unknown Pin: Pin R2B-2
Add Pin To Net: Unknown Pin: Pin R3B-1
Add Pin To Net: Unknown Pin: Pin R3B-2
Add Pin To Net: Unknown Pin: Pin R4B-1
Add Pin To Net: Unknown Pin: Pin R4B-2
Add Pin To Net: Unknown Pin: Pin R5B-1
Add Pin To Net: Unknown Pin: Pin R5B-2
Add Pin To Net: Unknown Pin: Pin R6B-1
Add Pin To Net: Unknown Pin: Pin R6B-2
Add Pin To Net: Unknown Pin: Pin R7B-1
Add Pin To Net: Unknown Pin: Pin R7B-2
Add Pin To Net: Unknown Pin: Pin R8B-1
Add Pin To Net: Unknown Pin: Pin R8B-2
Add Pin To Net: Unknown Pin: Pin R9B-1
Add Pin To Net: Unknown Pin: Pin R9B-2
Add Pin To Net: Unknown Pin: Pin R10B-1
Add Pin To Net: Unknown Pin: Pin R10B-2
Add Pin To Net: Unknown Pin: Pin R11B-1
Add Pin To Net: Unknown Pin: Pin R11B-2
Add Pin To Net: Unknown Pin: Pin R12B-1
Add Pin To Net: Unknown Pin: Pin R12B-2
Add Class Member: Failed to add class member : Component C1B (C1) 330pF
Add Class Member: Failed to add class member : Component C2B (C2) 10µF
Add Class Member: Failed to add class member : Component C3B (C3) 22µF
Add Class Member: Failed to add class member : Component C4B (C4) 100µF
Add Class Member: Failed to add class member : Component C5B (C5) 100µF
Add Class Member: Failed to add class member : Component C6B (C6) 100µF
Add Class Member: Failed to add class member : Component C7B (C7) 0.10µF
Add Class Member: Failed to add class member : Component C8B (C8) 0.10µF
Add Class Member: Failed to add class member : Component C9B (C9) 0.10µF
Add Class Member: Failed to add class member : Component C10B (C10) 0.10µF
Add Class Member: Failed to add class member : Component C11B (C11) 10000pF
Add Class Member: Failed to add class member : Component C12B (C12) 0.10µF
Add Class Member: Failed to add class member : Component C13B (C13) 0.10µF
Add Class Member: Failed to add class member : Component C14B (C14) 10µF
Add Class Member: Failed to add class member : Component C15B (C15) 0.10µF
Add Class Member: Failed to add class member : Component C16B (C16) 0.10µF
Add Class Member: Failed to add class member : Component C17B (C17) 0.10µF
Add Class Member: Failed to add class member : Component C18B (C18) 0.33µF
Add Class Member: Failed to add class member : Component C19B (C19) 10000pF
Add Class Member: Failed to add class member : Component C20B (C20) 0.10µF
Add Class Member: Failed to add class member : Component C21B (C21) 6800pF
Add Class Member: Failed to add class member : Component C22B (C22) 0.10µF
Add Class Member: Failed to add class member : Component C23B (C23) 1µF
Add Class Member: Failed to add class member : Component C24B (C24) 0.10µF
Add Class Member: Failed to add class member : Component C25B (C25) 10µF
Add Class Member: Failed to add class member : Component C26B (C26) 0.10µF
Add Class Member: Failed to add class member : Component C27B (C27) 10000pF
Add Class Member: Failed to add class member : Component C28B (C28) 0.10µF
Add Class Member: Failed to add class member : Component C29B (C29) 10µF
Add Class Member: Failed to add class member : Component C30B (C30) 0.10µF
Add Class Member: Failed to add class member : Component C31B (C31) 0.10µF
Add Class Member: Failed to add class member : Component C32B (C32) 220µF
Add Class Member: Failed to add class member : Component C33B (C33) 10000pF
Add Class Member: Failed to add class member : Component C34B (C34) 27pF
Add Class Member: Failed to add class member : Component C35B (C35) 27pF
Add Class Member: Failed to add class member : Component D1B (D1) BAV99
Add Class Member: Failed to add class member : Component FB1B (FB1) 10Ohm
Add Class Member: Failed to add class member : Component FB2B (FB2) 10Ohm
Add Class Member: Failed to add class member : Component FB3B (FB3) 10Ohm
Add Class Member: Failed to add class member : Component FB4B (FB4) 10Ohm
Add Class Member: Failed to add class member : Component FB5B (FB5) 10Ohm
Add Class Member: Failed to add class member : Component FB6B (FB6) 10Ohm
Add Class Member: Failed to add class member : Component J1B (J1) u.fl jack smd
Add Class Member: Failed to add class member : Component L1B (L1) 8.2nH
Add Class Member: Failed to add class member : Component L2B (L2) 150nH
Add Class Member: Failed to add class member : Component L3B (L3) 150nH
Add Class Member: Failed to add class member : Component L4B (L4) 4.7uH
Add Class Member: Failed to add class member : Component MP1B (MP1) 36903205S
Add Class Member: Failed to add class member : Component R1B (R1) 5.6
Add Class Member: Failed to add class member : Component R2B (R2) 10k
Add Class Member: Failed to add class member : Component R3B (R3) 1.8k
Add Class Member: Failed to add class member : Component R4B (R4) 4.7k
Add Class Member: Failed to add class member : Component R5B (R5) 4.7k
Add Class Member: Failed to add class member : Component R6B (R6) 100k
Add Class Member: Failed to add class member : Component R7B (R7) 1k
Add Class Member: Failed to add class member : Component R8B (R8) 10k
Add Class Member: Failed to add class member : Component R9B (R9) 4.7k
Add Class Member: Failed to add class member : Component R10B (R10) 4.7k
Add Class Member: Failed to add class member : Component R11B (R11) 220
Add Class Member: Failed to add class member : Component R12B (R12) 220
