Removed Pin From Net: NetName=+3V3_SDR Pin=C45A-2
Removed Pin From Net: NetName=+3V3_SDR Pin=C45C-2
Removed Pin From Net: NetName=+3V3_SDR Pin=C45D-2
Removed Pin From Net: NetName=+3V3_SDR Pin=C46A-1
Removed Pin From Net: NetName=+3V3_SDR Pin=C46C-1
Removed Pin From Net: NetName=+3V3_SDR Pin=C46D-1
Removed Pin From Net: NetName=+3V3_SDR Pin=C47A-1
Removed Pin From Net: NetName=+3V3_SDR Pin=C47C-1
Removed Pin From Net: NetName=+3V3_SDR Pin=C47D-1
Removed Pin From Net: NetName=+3V3_SDR Pin=C48A-1
Removed Pin From Net: NetName=+3V3_SDR Pin=C48C-1
Removed Pin From Net: NetName=+3V3_SDR Pin=C48D-1
Removed Pin From Net: NetName=+3V3_SDR Pin=C59A-2
Removed Pin From Net: NetName=+3V3_SDR Pin=C59C-2
Removed Pin From Net: NetName=+3V3_SDR Pin=C59D-2
Removed Pin From Net: NetName=+3V3_SDR Pin=C62A-1
Removed Pin From Net: NetName=+3V3_SDR Pin=C62C-1
Removed Pin From Net: NetName=+3V3_SDR Pin=C62D-1
Removed Pin From Net: NetName=+3V3_SDR Pin=C71A-1
Removed Pin From Net: NetName=+3V3_SDR Pin=C71C-1
Removed Pin From Net: NetName=+3V3_SDR Pin=C71D-1
Removed Pin From Net: NetName=+3V3_SDR Pin=FB3A-1
Removed Pin From Net: NetName=+3V3_SDR Pin=FB3C-1
Removed Pin From Net: NetName=+3V3_SDR Pin=FB3D-1
Removed Pin From Net: NetName=+3V3_SDR Pin=FB8A-1
Removed Pin From Net: NetName=+3V3_SDR Pin=FB8C-1
Removed Pin From Net: NetName=+3V3_SDR Pin=FB8D-1
Removed Pin From Net: NetName=+3V3_SDR Pin=R42A-2
Removed Pin From Net: NetName=+3V3_SDR Pin=R42C-2
Removed Pin From Net: NetName=+3V3_SDR Pin=R42D-2
Removed Pin From Net: NetName=+3V3_SDR Pin=R50A-2
Removed Pin From Net: NetName=+3V3_SDR Pin=R50C-2
Removed Pin From Net: NetName=+3V3_SDR Pin=R50D-2
Removed Pin From Net: NetName=+3V3_SDR Pin=R51A-2
Removed Pin From Net: NetName=+3V3_SDR Pin=R51C-2
Removed Pin From Net: NetName=+3V3_SDR Pin=R51D-2
Removed Pin From Net: NetName=+3V3_SDR Pin=U3A-2
Removed Pin From Net: NetName=+3V3_SDR Pin=U3A-4
Removed Pin From Net: NetName=+3V3_SDR Pin=U3C-2
Removed Pin From Net: NetName=+3V3_SDR Pin=U3C-4
Removed Pin From Net: NetName=+3V3_SDR Pin=U3D-2
Removed Pin From Net: NetName=+3V3_SDR Pin=U3D-4
Removed Pin From Net: NetName=+3V3_SDR Pin=U5A-2
Removed Pin From Net: NetName=+3V3_SDR Pin=U5A-11
Removed Pin From Net: NetName=+3V3_SDR Pin=U5A-18
Removed Pin From Net: NetName=+3V3_SDR Pin=U5C-2
Removed Pin From Net: NetName=+3V3_SDR Pin=U5C-11
Removed Pin From Net: NetName=+3V3_SDR Pin=U5C-18
Removed Pin From Net: NetName=+3V3_SDR Pin=U5D-2
Removed Pin From Net: NetName=+3V3_SDR Pin=U5D-11
Removed Pin From Net: NetName=+3V3_SDR Pin=U5D-18
Removed Pin From Net: NetName=+3V3_SDR Pin=X1A-4
Removed Pin From Net: NetName=+3V3_SDR Pin=X1C-4
Removed Pin From Net: NetName=+3V3_SDR Pin=X1D-4
Change Net Name : Old Net Name=+3V3_SDR New Net Name=+3V3_SDRB
Added Pin To Net: NetName=+3V3_SDRA Pin=C45A-2
Added Pin To Net: NetName=+3V3_SDRA Pin=C46A-1
Added Pin To Net: NetName=+3V3_SDRA Pin=C47A-1
Added Pin To Net: NetName=+3V3_SDRA Pin=C48A-1
Added Pin To Net: NetName=+3V3_SDRA Pin=C59A-2
Added Pin To Net: NetName=+3V3_SDRA Pin=C62A-1
Added Pin To Net: NetName=+3V3_SDRA Pin=C71A-1
Added Pin To Net: NetName=+3V3_SDRA Pin=FB3A-1
Added Pin To Net: NetName=+3V3_SDRA Pin=FB8A-1
Added Pin To Net: NetName=+3V3_SDRA Pin=R42A-2
Added Pin To Net: NetName=+3V3_SDRA Pin=R50A-2
Added Pin To Net: NetName=+3V3_SDRA Pin=R51A-2
Added Pin To Net: NetName=+3V3_SDRA Pin=U3A-2
Added Pin To Net: NetName=+3V3_SDRA Pin=U3A-4
Added Pin To Net: NetName=+3V3_SDRA Pin=U5A-2
Added Pin To Net: NetName=+3V3_SDRA Pin=U5A-11
Added Pin To Net: NetName=+3V3_SDRA Pin=U5A-18
Added Pin To Net: NetName=+3V3_SDRA Pin=X1A-4
Added Net: Name=+3V3_SDRA
Added Pin To Net: NetName=+3V3_SDRC Pin=C45C-2
Added Pin To Net: NetName=+3V3_SDRC Pin=C46C-1
Added Pin To Net: NetName=+3V3_SDRC Pin=C47C-1
Added Pin To Net: NetName=+3V3_SDRC Pin=C48C-1
Added Pin To Net: NetName=+3V3_SDRC Pin=C59C-2
Added Pin To Net: NetName=+3V3_SDRC Pin=C62C-1
Added Pin To Net: NetName=+3V3_SDRC Pin=C71C-1
Added Pin To Net: NetName=+3V3_SDRC Pin=FB3C-1
Added Pin To Net: NetName=+3V3_SDRC Pin=FB8C-1
Added Pin To Net: NetName=+3V3_SDRC Pin=R42C-2
Added Pin To Net: NetName=+3V3_SDRC Pin=R50C-2
Added Pin To Net: NetName=+3V3_SDRC Pin=R51C-2
Added Pin To Net: NetName=+3V3_SDRC Pin=U3C-2
Added Pin To Net: NetName=+3V3_SDRC Pin=U3C-4
Added Pin To Net: NetName=+3V3_SDRC Pin=U5C-2
Added Pin To Net: NetName=+3V3_SDRC Pin=U5C-11
Added Pin To Net: NetName=+3V3_SDRC Pin=U5C-18
Added Pin To Net: NetName=+3V3_SDRC Pin=X1C-4
Added Net: Name=+3V3_SDRC
Added Pin To Net: NetName=+3V3_SDRD Pin=C45D-2
Added Pin To Net: NetName=+3V3_SDRD Pin=C46D-1
Added Pin To Net: NetName=+3V3_SDRD Pin=C47D-1
Added Pin To Net: NetName=+3V3_SDRD Pin=C48D-1
Added Pin To Net: NetName=+3V3_SDRD Pin=C59D-2
Added Pin To Net: NetName=+3V3_SDRD Pin=C62D-1
Added Pin To Net: NetName=+3V3_SDRD Pin=C71D-1
Added Pin To Net: NetName=+3V3_SDRD Pin=FB3D-1
Added Pin To Net: NetName=+3V3_SDRD Pin=FB8D-1
Added Pin To Net: NetName=+3V3_SDRD Pin=R42D-2
Added Pin To Net: NetName=+3V3_SDRD Pin=R50D-2
Added Pin To Net: NetName=+3V3_SDRD Pin=R51D-2
Added Pin To Net: NetName=+3V3_SDRD Pin=U3D-2
Added Pin To Net: NetName=+3V3_SDRD Pin=U3D-4
Added Pin To Net: NetName=+3V3_SDRD Pin=U5D-2
Added Pin To Net: NetName=+3V3_SDRD Pin=U5D-11
Added Pin To Net: NetName=+3V3_SDRD Pin=U5D-18
Added Pin To Net: NetName=+3V3_SDRD Pin=X1D-4
Added Net: Name=+3V3_SDRD
