Added Component: Designator=XT?A(CRYSTAL_HC49-US-SM)
Add component (AddParameter): Name = "ComponentLink1Description"; Value = "http://www.ctscorp.com/components/Datasheets/008-0309-0.pdf"; VariantName = "[No Variations]"
Add component (AddParameter): Name = "ComponentLink1URL"; Value = "http://www.ctscorp.com/components/Datasheets/008-0309-0.pdf"; VariantName = "[No Variations]"
Add component (AddParameter): Name = "Frequency"; Value = "6MHz"; VariantName = "[No Variations]"
Add component (AddParameter): Name = "Frequency Stability"; Value = "±50ppm"; VariantName = "[No Variations]"
Add component (AddParameter): Name = "Frequency Tolerance"; Value = "±30ppm"; VariantName = "[No Variations]"
Add component (AddParameter): Name = "Load Capacitance"; Value = "18pF"; VariantName = "[No Variations]"
Add component (AddParameter): Name = "Manufacturer 1"; Value = "CTS-Frequency Controls"; VariantName = "[No Variations]"
Add component (AddParameter): Name = "Manufacturer Part Number 1"; Value = "ATS060BSM-1"; VariantName = "[No Variations]"
Add component (AddParameter): Name = "Mounting Type"; Value = "Surface Mount"; VariantName = "[No Variations]"
Add component (AddParameter): Name = "Operating Mode"; Value = "Fundamental"; VariantName = "[No Variations]"
Add component (AddParameter): Name = "Operating Temperature"; Value = "-20°C ~ 70°C"; VariantName = "[No Variations]"
Add component (AddParameter): Name = "Package / Case"; Value = "HC49/US-SM"; VariantName = "[No Variations]"
Add component (AddParameter): Name = "Parameter Name"; Value = "0.169" (4.30mm)"; VariantName = "[No Variations]"
Add component (AddParameter): Name = "Ratings"; Value = "6.00 MHz"; VariantName = "[No Variations]"
Add component (AddParameter): Name = "SCDType"; Value = "spec"; VariantName = "[No Variations]"
Add component (AddParameter): Name = "Size / Dimension"; Value = "0.437" L x 0.190" W (11.10mm x 4.83mm)"; VariantName = "[No Variations]"
Add component (AddParameter): Name = "Supplier 1"; Value = "Digi-Key"; VariantName = "[No Variations]"
Add component (AddParameter): Name = "Supplier Part Number 1"; Value = "CTX882CT-ND"; VariantName = "[No Variations]"
Add component (AddParameter): Name = "Type"; Value = "MHz Crystal"; VariantName = "[No Variations]"
Added Component: Designator=XT?B(CRYSTAL_HC49-US-SM)
Add component (AddParameter): Name = "ComponentLink1Description"; Value = "http://www.ctscorp.com/components/Datasheets/008-0309-0.pdf"; VariantName = "[No Variations]"
Add component (AddParameter): Name = "ComponentLink1URL"; Value = "http://www.ctscorp.com/components/Datasheets/008-0309-0.pdf"; VariantName = "[No Variations]"
Add component (AddParameter): Name = "Frequency"; Value = "6MHz"; VariantName = "[No Variations]"
Add component (AddParameter): Name = "Frequency Stability"; Value = "±50ppm"; VariantName = "[No Variations]"
Add component (AddParameter): Name = "Frequency Tolerance"; Value = "±30ppm"; VariantName = "[No Variations]"
Add component (AddParameter): Name = "Load Capacitance"; Value = "18pF"; VariantName = "[No Variations]"
Add component (AddParameter): Name = "Manufacturer 1"; Value = "CTS-Frequency Controls"; VariantName = "[No Variations]"
Add component (AddParameter): Name = "Manufacturer Part Number 1"; Value = "ATS060BSM-1"; VariantName = "[No Variations]"
Add component (AddParameter): Name = "Mounting Type"; Value = "Surface Mount"; VariantName = "[No Variations]"
Add component (AddParameter): Name = "Operating Mode"; Value = "Fundamental"; VariantName = "[No Variations]"
Add component (AddParameter): Name = "Operating Temperature"; Value = "-20°C ~ 70°C"; VariantName = "[No Variations]"
Add component (AddParameter): Name = "Package / Case"; Value = "HC49/US-SM"; VariantName = "[No Variations]"
Add component (AddParameter): Name = "Parameter Name"; Value = "0.169" (4.30mm)"; VariantName = "[No Variations]"
Add component (AddParameter): Name = "Ratings"; Value = "6.00 MHz"; VariantName = "[No Variations]"
Add component (AddParameter): Name = "SCDType"; Value = "spec"; VariantName = "[No Variations]"
Add component (AddParameter): Name = "Size / Dimension"; Value = "0.437" L x 0.190" W (11.10mm x 4.83mm)"; VariantName = "[No Variations]"
Add component (AddParameter): Name = "Supplier 1"; Value = "Digi-Key"; VariantName = "[No Variations]"
Add component (AddParameter): Name = "Supplier Part Number 1"; Value = "CTX882CT-ND"; VariantName = "[No Variations]"
Add component (AddParameter): Name = "Type"; Value = "MHz Crystal"; VariantName = "[No Variations]"
Added Component: Designator=XT?C(CRYSTAL_HC49-US-SM)
Add component (AddParameter): Name = "ComponentLink1Description"; Value = "http://www.ctscorp.com/components/Datasheets/008-0309-0.pdf"; VariantName = "[No Variations]"
Add component (AddParameter): Name = "ComponentLink1URL"; Value = "http://www.ctscorp.com/components/Datasheets/008-0309-0.pdf"; VariantName = "[No Variations]"
Add component (AddParameter): Name = "Frequency"; Value = "6MHz"; VariantName = "[No Variations]"
Add component (AddParameter): Name = "Frequency Stability"; Value = "±50ppm"; VariantName = "[No Variations]"
Add component (AddParameter): Name = "Frequency Tolerance"; Value = "±30ppm"; VariantName = "[No Variations]"
Add component (AddParameter): Name = "Load Capacitance"; Value = "18pF"; VariantName = "[No Variations]"
Add component (AddParameter): Name = "Manufacturer 1"; Value = "CTS-Frequency Controls"; VariantName = "[No Variations]"
Add component (AddParameter): Name = "Manufacturer Part Number 1"; Value = "ATS060BSM-1"; VariantName = "[No Variations]"
Add component (AddParameter): Name = "Mounting Type"; Value = "Surface Mount"; VariantName = "[No Variations]"
Add component (AddParameter): Name = "Operating Mode"; Value = "Fundamental"; VariantName = "[No Variations]"
Add component (AddParameter): Name = "Operating Temperature"; Value = "-20°C ~ 70°C"; VariantName = "[No Variations]"
Add component (AddParameter): Name = "Package / Case"; Value = "HC49/US-SM"; VariantName = "[No Variations]"
Add component (AddParameter): Name = "Parameter Name"; Value = "0.169" (4.30mm)"; VariantName = "[No Variations]"
Add component (AddParameter): Name = "Ratings"; Value = "6.00 MHz"; VariantName = "[No Variations]"
Add component (AddParameter): Name = "SCDType"; Value = "spec"; VariantName = "[No Variations]"
Add component (AddParameter): Name = "Size / Dimension"; Value = "0.437" L x 0.190" W (11.10mm x 4.83mm)"; VariantName = "[No Variations]"
Add component (AddParameter): Name = "Supplier 1"; Value = "Digi-Key"; VariantName = "[No Variations]"
Add component (AddParameter): Name = "Supplier Part Number 1"; Value = "CTX882CT-ND"; VariantName = "[No Variations]"
Add component (AddParameter): Name = "Type"; Value = "MHz Crystal"; VariantName = "[No Variations]"
Added Component: Designator=XT?D(CRYSTAL_HC49-US-SM)
Add component (AddParameter): Name = "ComponentLink1Description"; Value = "http://www.ctscorp.com/components/Datasheets/008-0309-0.pdf"; VariantName = "[No Variations]"
Add component (AddParameter): Name = "ComponentLink1URL"; Value = "http://www.ctscorp.com/components/Datasheets/008-0309-0.pdf"; VariantName = "[No Variations]"
Add component (AddParameter): Name = "Frequency"; Value = "6MHz"; VariantName = "[No Variations]"
Add component (AddParameter): Name = "Frequency Stability"; Value = "±50ppm"; VariantName = "[No Variations]"
Add component (AddParameter): Name = "Frequency Tolerance"; Value = "±30ppm"; VariantName = "[No Variations]"
Add component (AddParameter): Name = "Load Capacitance"; Value = "18pF"; VariantName = "[No Variations]"
Add component (AddParameter): Name = "Manufacturer 1"; Value = "CTS-Frequency Controls"; VariantName = "[No Variations]"
Add component (AddParameter): Name = "Manufacturer Part Number 1"; Value = "ATS060BSM-1"; VariantName = "[No Variations]"
Add component (AddParameter): Name = "Mounting Type"; Value = "Surface Mount"; VariantName = "[No Variations]"
Add component (AddParameter): Name = "Operating Mode"; Value = "Fundamental"; VariantName = "[No Variations]"
Add component (AddParameter): Name = "Operating Temperature"; Value = "-20°C ~ 70°C"; VariantName = "[No Variations]"
Add component (AddParameter): Name = "Package / Case"; Value = "HC49/US-SM"; VariantName = "[No Variations]"
Add component (AddParameter): Name = "Parameter Name"; Value = "0.169" (4.30mm)"; VariantName = "[No Variations]"
Add component (AddParameter): Name = "Ratings"; Value = "6.00 MHz"; VariantName = "[No Variations]"
Add component (AddParameter): Name = "SCDType"; Value = "spec"; VariantName = "[No Variations]"
Add component (AddParameter): Name = "Size / Dimension"; Value = "0.437" L x 0.190" W (11.10mm x 4.83mm)"; VariantName = "[No Variations]"
Add component (AddParameter): Name = "Supplier 1"; Value = "Digi-Key"; VariantName = "[No Variations]"
Add component (AddParameter): Name = "Supplier Part Number 1"; Value = "CTX882CT-ND"; VariantName = "[No Variations]"
Add component (AddParameter): Name = "Type"; Value = "MHz Crystal"; VariantName = "[No Variations]"
