Removed Pin From Net: NetName=GND Pin=C1A-2
Removed Pin From Net: NetName=5VBus Pin=C1B-1
Removed Pin From Net: NetName=GND Pin=C2A-2
Removed Pin From Net: NetName=5VBus Pin=C2B-1
Removed Pin From Net: NetName=1_1V Pin=C5A-1
Removed Pin From Net: NetName=GND Pin=C5A-2
Removed Pin From Net: NetName=1_1V Pin=C6A-1
Removed Pin From Net: NetName=GND Pin=C6A-2
Removed Pin From Net: NetName=GND Pin=C7A-2
Removed Pin From Net: NetName=GND Pin=C8A-2
Removed Pin From Net: NetName=3_3V Pin=C8B-1
Removed Pin From Net: NetName=GND Pin=C9A-2
Removed Pin From Net: NetName=3_3V Pin=C9B-1
Removed Pin From Net: NetName=GND Pin=C10A-2
Removed Pin From Net: NetName=5VBus Pin=C10B-1
Removed Pin From Net: NetName=GND Pin=C11A-1
Removed Pin From Net: NetName=5VBus Pin=C11B-2
Removed Pin From Net: NetName=GND Pin=C12A-2
Removed Pin From Net: NetName=5VBus Pin=C12B-1
Removed Pin From Net: NetName=GND Pin=C13A-2
Removed Pin From Net: NetName=5VBus Pin=C13B-1
Removed Pin From Net: NetName=GND Pin=C14A-2
Removed Pin From Net: NetName=3_3V Pin=C14B-1
Removed Pin From Net: NetName=GND Pin=C15A-2
Removed Pin From Net: NetName=3_3V Pin=C15B-1
Removed Pin From Net: NetName=GND Pin=C16A-2
Removed Pin From Net: NetName=3_3V Pin=C16B-1
Removed Pin From Net: NetName=GND Pin=C17A-2
Removed Pin From Net: NetName=3_3V Pin=C17B-1
Removed Pin From Net: NetName=GND Pin=C18A-2
Removed Pin From Net: NetName=3_3V Pin=C18B-1
Removed Pin From Net: NetName=GND Pin=C19A-2
Removed Pin From Net: NetName=3_3V Pin=C19B-1
Removed Pin From Net: NetName=GND Pin=C20A-2
Removed Pin From Net: NetName=3_3V Pin=C20B-1
Removed Pin From Net: NetName=GND Pin=C21A-2
Removed Pin From Net: NetName=3_3V Pin=C21B-1
Removed Pin From Net: NetName=GND Pin=C22A-2
Removed Pin From Net: NetName=GND Pin=C23A-2
Removed Pin From Net: NetName=1_1V Pin=C24A-1
Removed Pin From Net: NetName=GND Pin=C24A-2
Removed Pin From Net: NetName=1_1V Pin=C25A-1
Removed Pin From Net: NetName=GND Pin=C25A-2
Removed Pin From Net: NetName=1_1V Pin=C26A-1
Removed Pin From Net: NetName=GND Pin=C26A-2
Removed Pin From Net: NetName=1_1V Pin=C27A-1
Removed Pin From Net: NetName=GND Pin=C27A-2
Removed Pin From Net: NetName=1_1V Pin=C28A-1
Removed Pin From Net: NetName=GND Pin=C28A-2
Removed Pin From Net: NetName=1_1V Pin=C29A-1
Removed Pin From Net: NetName=GND Pin=C29A-2
Removed Pin From Net: NetName=1_1V Pin=C30A-1
Removed Pin From Net: NetName=GND Pin=C30A-2
Removed Pin From Net: NetName=1_1V Pin=C31A-1
Removed Pin From Net: NetName=GND Pin=C31A-2
Removed Pin From Net: NetName=1_1V Pin=C32A-1
Removed Pin From Net: NetName=GND Pin=C32A-2
Removed Pin From Net: NetName=1_1V Pin=C33A-1
Removed Pin From Net: NetName=GND Pin=C33A-2
Removed Pin From Net: NetName=GND Pin=C34-2
Removed Pin From Net: NetName=GND Pin=C35-1
Removed Pin From Net: NetName=GND Pin=C36-1
Removed Pin From Net: NetName=GND Pin=C37-2
Removed Pin From Net: NetName=GND Pin=C41-2
Removed Pin From Net: NetName=GND Pin=C42-2
Removed Pin From Net: NetName=GND Pin=C44A-1
Removed Pin From Net: NetName=VBUS Pin=C44A-2
Removed Pin From Net: NetName=GND Pin=C44B-1
Removed Pin From Net: NetName=VBUS Pin=C44B-2
Removed Pin From Net: NetName=GND Pin=C44C-1
Removed Pin From Net: NetName=VBUS Pin=C44C-2
Removed Pin From Net: NetName=GND Pin=C44D-1
Removed Pin From Net: NetName=VBUS Pin=C44D-2
Removed Pin From Net: NetName=GND Pin=C45A-1
Removed Pin From Net: NetName=GND Pin=C45B-1
Removed Pin From Net: NetName=GND Pin=C45C-1
Removed Pin From Net: NetName=GND Pin=C45D-1
Removed Pin From Net: NetName=GND Pin=C46A-2
Removed Pin From Net: NetName=GND Pin=C46B-2
Removed Pin From Net: NetName=GND Pin=C46C-2
Removed Pin From Net: NetName=GND Pin=C46D-2
Removed Pin From Net: NetName=GND Pin=C47A-2
Removed Pin From Net: NetName=GND Pin=C47B-2
Removed Pin From Net: NetName=GND Pin=C47C-2
Removed Pin From Net: NetName=GND Pin=C47D-2
Removed Pin From Net: NetName=GND Pin=C48A-2
Removed Pin From Net: NetName=GND Pin=C48B-2
Removed Pin From Net: NetName=GND Pin=C48C-2
Removed Pin From Net: NetName=GND Pin=C48D-2
Removed Pin From Net: NetName=GND Pin=C49A-1
Removed Pin From Net: NetName=GND Pin=C49B-1
Removed Pin From Net: NetName=GND Pin=C49C-1
Removed Pin From Net: NetName=GND Pin=C49D-1
Removed Pin From Net: NetName=GND Pin=C50A-1
Removed Pin From Net: NetName=GND Pin=C50B-1
Removed Pin From Net: NetName=GND Pin=C50C-1
Removed Pin From Net: NetName=GND Pin=C50D-1
Removed Pin From Net: NetName=GND Pin=C51A-1
Removed Pin From Net: NetName=GND Pin=C51B-1
Removed Pin From Net: NetName=GND Pin=C51C-1
Removed Pin From Net: NetName=GND Pin=C51D-1
Removed Pin From Net: NetName=GND Pin=C52A-1
Removed Pin From Net: NetName=GND Pin=C52B-1
Removed Pin From Net: NetName=GND Pin=C52C-1
Removed Pin From Net: NetName=GND Pin=C52D-1
Removed Pin From Net: NetName=GND Pin=C53A-1
Removed Pin From Net: NetName=GND Pin=C53B-1
Removed Pin From Net: NetName=GND Pin=C53C-1
Removed Pin From Net: NetName=GND Pin=C53D-1
Removed Pin From Net: NetName=GND Pin=C55A-2
Removed Pin From Net: NetName=GND Pin=C55B-2
Removed Pin From Net: NetName=GND Pin=C55C-2
Removed Pin From Net: NetName=GND Pin=C55D-2
Removed Pin From Net: NetName=GND Pin=C56A-1
Removed Pin From Net: NetName=GND Pin=C56B-1
Removed Pin From Net: NetName=GND Pin=C56C-1
Removed Pin From Net: NetName=GND Pin=C56D-1
Removed Pin From Net: NetName=GND Pin=C57A-1
Removed Pin From Net: NetName=GND Pin=C57B-1
Removed Pin From Net: NetName=GND Pin=C57C-1
Removed Pin From Net: NetName=GND Pin=C57D-1
Removed Pin From Net: NetName=GND Pin=C59A-1
Removed Pin From Net: NetName=GND Pin=C59B-1
Removed Pin From Net: NetName=GND Pin=C59C-1
Removed Pin From Net: NetName=GND Pin=C59D-1
Removed Pin From Net: NetName=GND Pin=C60A-1
Removed Pin From Net: NetName=GND Pin=C60B-1
Removed Pin From Net: NetName=GND Pin=C60C-1
Removed Pin From Net: NetName=GND Pin=C60D-1
Removed Pin From Net: NetName=GND Pin=C61A-1
Removed Pin From Net: NetName=GND Pin=C61B-1
Removed Pin From Net: NetName=GND Pin=C61C-1
Removed Pin From Net: NetName=GND Pin=C61D-1
Removed Pin From Net: NetName=GND Pin=C62A-2
Removed Pin From Net: NetName=GND Pin=C62B-2
Removed Pin From Net: NetName=GND Pin=C62C-2
Removed Pin From Net: NetName=GND Pin=C62D-2
Removed Pin From Net: NetName=GND Pin=C63A-2
Removed Pin From Net: NetName=GND Pin=C63B-2
Removed Pin From Net: NetName=GND Pin=C63C-2
Removed Pin From Net: NetName=GND Pin=C63D-2
Removed Pin From Net: NetName=GND Pin=C64A-1
Removed Pin From Net: NetName=GND Pin=C64B-1
Removed Pin From Net: NetName=GND Pin=C64C-1
Removed Pin From Net: NetName=GND Pin=C64D-1
Removed Pin From Net: NetName=GND Pin=C65A-2
Removed Pin From Net: NetName=GND Pin=C65B-2
Removed Pin From Net: NetName=GND Pin=C65C-2
Removed Pin From Net: NetName=GND Pin=C65D-2
Removed Pin From Net: NetName=GND Pin=C66A-2
Removed Pin From Net: NetName=GND Pin=C66B-2
Removed Pin From Net: NetName=GND Pin=C66C-2
Removed Pin From Net: NetName=GND Pin=C66D-2
Removed Pin From Net: NetName=GND Pin=C67A-2
Removed Pin From Net: NetName=GND Pin=C67B-2
Removed Pin From Net: NetName=GND Pin=C67C-2
Removed Pin From Net: NetName=GND Pin=C67D-2
Removed Pin From Net: NetName=GND Pin=C68A-2
Removed Pin From Net: NetName=GND Pin=C68B-2
Removed Pin From Net: NetName=GND Pin=C68C-2
Removed Pin From Net: NetName=GND Pin=C68D-2
Removed Pin From Net: NetName=GND Pin=C70A-2
Removed Pin From Net: NetName=GND Pin=C70B-2
Removed Pin From Net: NetName=GND Pin=C70C-2
Removed Pin From Net: NetName=GND Pin=C70D-2
Removed Pin From Net: NetName=GND Pin=C71A-2
Removed Pin From Net: NetName=GND Pin=C71B-2
Removed Pin From Net: NetName=GND Pin=C71C-2
Removed Pin From Net: NetName=GND Pin=C71D-2
Removed Pin From Net: NetName=GND Pin=C72A-2
Removed Pin From Net: NetName=GND Pin=C72B-2
Removed Pin From Net: NetName=GND Pin=C72C-2
Removed Pin From Net: NetName=GND Pin=C72D-2
Removed Pin From Net: NetName=GND Pin=C73A-2
Removed Pin From Net: NetName=GND Pin=C73B-2
Removed Pin From Net: NetName=GND Pin=C73C-2
Removed Pin From Net: NetName=GND Pin=C73D-2
Removed Pin From Net: NetName=GND Pin=C74A-2
Removed Pin From Net: NetName=GND Pin=C74B-2
Removed Pin From Net: NetName=GND Pin=C74C-2
Removed Pin From Net: NetName=GND Pin=C74D-2
Removed Pin From Net: NetName=GND Pin=C75A-1
Removed Pin From Net: NetName=GND Pin=C75B-1
Removed Pin From Net: NetName=GND Pin=C75C-1
Removed Pin From Net: NetName=GND Pin=C75D-1
Removed Pin From Net: NetName=GND Pin=C76A-2
Removed Pin From Net: NetName=GND Pin=C76B-2
Removed Pin From Net: NetName=GND Pin=C76C-2
Removed Pin From Net: NetName=GND Pin=C76D-2
Removed Pin From Net: NetName=GND Pin=C77A-2
Removed Pin From Net: NetName=GND Pin=C77B-2
Removed Pin From Net: NetName=GND Pin=C77C-2
Removed Pin From Net: NetName=GND Pin=C77D-2
Removed Pin From Net: NetName=GND Pin=D1-1
Removed Pin From Net: NetName=GND Pin=D2-1
Removed Pin From Net: NetName=GND Pin=D3-1
Removed Pin From Net: NetName=GND Pin=D4A-1
Removed Pin From Net: NetName=GND Pin=D4A-2
Removed Pin From Net: NetName=GND Pin=D4B-1
Removed Pin From Net: NetName=GND Pin=D4B-2
Removed Pin From Net: NetName=GND Pin=D4C-1
Removed Pin From Net: NetName=GND Pin=D4C-2
Removed Pin From Net: NetName=GND Pin=D4D-1
Removed Pin From Net: NetName=GND Pin=D4D-2
Removed Pin From Net: NetName=5VBus Pin=FB1B-2
Removed Pin From Net: NetName=1_1V Pin=IC1A-3
Removed Pin From Net: NetName=1_1V Pin=IC1A-9
Removed Pin From Net: NetName=1_1V Pin=IC1A-12
Removed Pin From Net: NetName=1_1V Pin=IC1A-22
Removed Pin From Net: NetName=1_1V Pin=IC1A-40
Removed Pin From Net: NetName=1_1V Pin=IC1A-46
Removed Pin From Net: NetName=1_1V Pin=IC1A-49
Removed Pin From Net: NetName=1_1V Pin=IC1A-61
Removed Pin From Net: NetName=1_1V Pin=IC1A-67
Removed Pin From Net: NetName=1_1V Pin=IC1A-70
Removed Pin From Net: NetName=1_1V Pin=IC1A-76
Removed Pin From Net: NetName=GND Pin=IC1A-77
Removed Pin From Net: NetName=3_3V Pin=IC1B-6
Removed Pin From Net: NetName=3_3V Pin=IC1B-15
Removed Pin From Net: NetName=5VBus Pin=IC1B-20
Removed Pin From Net: NetName=3_3V Pin=IC1B-21
Removed Pin From Net: NetName=3_3V Pin=IC1B-29
Removed Pin From Net: NetName=5VBus Pin=IC1B-38
Removed Pin From Net: NetName=3_3V Pin=IC1B-43
Removed Pin From Net: NetName=3_3V Pin=IC1B-52
Removed Pin From Net: NetName=3_3V Pin=IC1B-58
Removed Pin From Net: NetName=3_3V Pin=IC1B-64
Removed Pin From Net: NetName=3_3V Pin=IC1B-73
Removed Pin From Net: NetName=GND Pin=IC2A-4
Removed Pin From Net: NetName=3_3V Pin=IC2B-8
Removed Pin From Net: NetName=GND Pin=IC3A-1
Removed Pin From Net: NetName=GND Pin=IC3A-2
Removed Pin From Net: NetName=GND Pin=IC3A-3
Removed Pin From Net: NetName=GND Pin=IC3A-4
Removed Pin From Net: NetName=GND Pin=IC3B-1
Removed Pin From Net: NetName=GND Pin=IC3B-2
Removed Pin From Net: NetName=GND Pin=IC3B-3
Removed Pin From Net: NetName=GND Pin=IC3B-4
Removed Pin From Net: NetName=GND Pin=IC3C-1
Removed Pin From Net: NetName=GND Pin=IC3C-2
Removed Pin From Net: NetName=GND Pin=IC3C-3
Removed Pin From Net: NetName=GND Pin=IC3C-4
Removed Pin From Net: NetName=GND Pin=IC3D-1
Removed Pin From Net: NetName=GND Pin=IC3D-2
Removed Pin From Net: NetName=GND Pin=IC3D-3
Removed Pin From Net: NetName=GND Pin=IC3D-4
Removed Pin From Net: NetName=GND Pin=J1A-4
Removed Pin From Net: NetName=GND Pin=J1A-7
Removed Pin From Net: NetName=GND Pin=J1A-Shell
Removed Pin From Net: NetName=GND Pin=J1A-Shell
Removed Pin From Net: NetName=GND Pin=J2-2
Removed Pin From Net: NetName=GND Pin=J2-2
Removed Pin From Net: NetName=GND Pin=J2-2
Removed Pin From Net: NetName=GND Pin=J3-2
Removed Pin From Net: NetName=GND Pin=J3-2
Removed Pin From Net: NetName=GND Pin=J3-2
Removed Pin From Net: NetName=GND Pin=J4-2
Removed Pin From Net: NetName=GND Pin=J4-2
Removed Pin From Net: NetName=GND Pin=J4-2
Removed Pin From Net: NetName=GND Pin=J5A-2
Removed Pin From Net: NetName=GND Pin=J5A-2
Removed Pin From Net: NetName=GND Pin=J5A-2
Removed Pin From Net: NetName=GND Pin=J5B-2
Removed Pin From Net: NetName=GND Pin=J5B-2
Removed Pin From Net: NetName=GND Pin=J5B-2
Removed Pin From Net: NetName=GND Pin=J5C-2
Removed Pin From Net: NetName=GND Pin=J5C-2
Removed Pin From Net: NetName=GND Pin=J5C-2
Removed Pin From Net: NetName=GND Pin=J5D-2
Removed Pin From Net: NetName=GND Pin=J5D-2
Removed Pin From Net: NetName=GND Pin=J5D-2
Removed Pin From Net: NetName=1_1V Pin=L1A-2
Removed Pin From Net: NetName=GND Pin=LED5-K
Removed Pin From Net: NetName=GND Pin=LED6-K
Removed Pin From Net: NetName=GND Pin=MP1A-1
Removed Pin From Net: NetName=GND Pin=MP1A-1
Removed Pin From Net: NetName=GND Pin=MP1A-1
Removed Pin From Net: NetName=GND Pin=MP1A-1
Removed Pin From Net: NetName=GND Pin=MP1A-1
Removed Pin From Net: NetName=GND Pin=MP1A-1
Removed Pin From Net: NetName=GND Pin=MP1A-1
Removed Pin From Net: NetName=GND Pin=MP1A-1
Removed Pin From Net: NetName=GND Pin=MP1A-1
Removed Pin From Net: NetName=GND Pin=MP1A-1
Removed Pin From Net: NetName=GND Pin=MP1A-1
Removed Pin From Net: NetName=GND Pin=MP1A-1
Removed Pin From Net: NetName=GND Pin=MP1A-1
Removed Pin From Net: NetName=GND Pin=MP1A-1
Removed Pin From Net: NetName=GND Pin=MP1A-1
Removed Pin From Net: NetName=GND Pin=MP1A-1
Removed Pin From Net: NetName=GND Pin=MP1B-1
Removed Pin From Net: NetName=GND Pin=MP1B-1
Removed Pin From Net: NetName=GND Pin=MP1B-1
Removed Pin From Net: NetName=GND Pin=MP1B-1
Removed Pin From Net: NetName=GND Pin=MP1B-1
Removed Pin From Net: NetName=GND Pin=MP1B-1
Removed Pin From Net: NetName=GND Pin=MP1B-1
Removed Pin From Net: NetName=GND Pin=MP1B-1
Removed Pin From Net: NetName=GND Pin=MP1B-1
Removed Pin From Net: NetName=GND Pin=MP1B-1
Removed Pin From Net: NetName=GND Pin=MP1B-1
Removed Pin From Net: NetName=GND Pin=MP1B-1
Removed Pin From Net: NetName=GND Pin=MP1B-1
Removed Pin From Net: NetName=GND Pin=MP1B-1
Removed Pin From Net: NetName=GND Pin=MP1B-1
Removed Pin From Net: NetName=GND Pin=MP1B-1
Removed Pin From Net: NetName=GND Pin=MP1C-1
Removed Pin From Net: NetName=GND Pin=MP1C-1
Removed Pin From Net: NetName=GND Pin=MP1C-1
Removed Pin From Net: NetName=GND Pin=MP1C-1
Removed Pin From Net: NetName=GND Pin=MP1C-1
Removed Pin From Net: NetName=GND Pin=MP1C-1
Removed Pin From Net: NetName=GND Pin=MP1C-1
Removed Pin From Net: NetName=GND Pin=MP1C-1
Removed Pin From Net: NetName=GND Pin=MP1C-1
Removed Pin From Net: NetName=GND Pin=MP1C-1
Removed Pin From Net: NetName=GND Pin=MP1C-1
Removed Pin From Net: NetName=GND Pin=MP1C-1
Removed Pin From Net: NetName=GND Pin=MP1C-1
Removed Pin From Net: NetName=GND Pin=MP1C-1
Removed Pin From Net: NetName=GND Pin=MP1C-1
Removed Pin From Net: NetName=GND Pin=MP1C-1
Removed Pin From Net: NetName=GND Pin=MP1D-1
Removed Pin From Net: NetName=GND Pin=MP1D-1
Removed Pin From Net: NetName=GND Pin=MP1D-1
Removed Pin From Net: NetName=GND Pin=MP1D-1
Removed Pin From Net: NetName=GND Pin=MP1D-1
Removed Pin From Net: NetName=GND Pin=MP1D-1
Removed Pin From Net: NetName=GND Pin=MP1D-1
Removed Pin From Net: NetName=GND Pin=MP1D-1
Removed Pin From Net: NetName=GND Pin=MP1D-1
Removed Pin From Net: NetName=GND Pin=MP1D-1
Removed Pin From Net: NetName=GND Pin=MP1D-1
Removed Pin From Net: NetName=GND Pin=MP1D-1
Removed Pin From Net: NetName=GND Pin=MP1D-1
Removed Pin From Net: NetName=GND Pin=MP1D-1
Removed Pin From Net: NetName=GND Pin=MP1D-1
Removed Pin From Net: NetName=GND Pin=MP1D-1
Removed Pin From Net: NetName=5VBus Pin=R1B-2
Removed Pin From Net: NetName=3_3V Pin=R2B-2
Removed Pin From Net: NetName=GND Pin=R3A-1
Removed Pin From Net: NetName=GND Pin=R5A-2
Removed Pin From Net: NetName=GND Pin=R6A-1
Removed Pin From Net: NetName=3_3V Pin=R7B-2
Removed Pin From Net: NetName=3_3V Pin=R8B-2
Removed Pin From Net: NetName=3_3V Pin=R9B-2
Removed Pin From Net: NetName=3_3V Pin=R10B-2
Removed Pin From Net: NetName=3_3V Pin=R11B-2
Removed Pin From Net: NetName=3_3V Pin=R12B-2
Removed Pin From Net: NetName=GND Pin=R13A-1
Removed Pin From Net: NetName=GND Pin=R14A-2
Removed Pin From Net: NetName=3_3V Pin=R15B-1
Removed Pin From Net: NetName=GND Pin=R16A-1
Removed Pin From Net: NetName=3_3V Pin=R17B-1
Removed Pin From Net: NetName=GND Pin=R18A-1
Removed Pin From Net: NetName=3_3V Pin=R19B-1
Removed Pin From Net: NetName=GND Pin=R20A-1
Removed Pin From Net: NetName=3_3V Pin=R21B-1
Removed Pin From Net: NetName=GND Pin=R22A-1
Removed Pin From Net: NetName=GND Pin=R23A-1
Removed Pin From Net: NetName=GND Pin=R24A-1
Removed Pin From Net: NetName=GND Pin=R25A-1
Removed Pin From Net: NetName=GND Pin=R26A-1
Removed Pin From Net: NetName=GND Pin=R43A-1
Removed Pin From Net: NetName=GND Pin=R43B-1
Removed Pin From Net: NetName=GND Pin=R43C-1
Removed Pin From Net: NetName=GND Pin=R43D-1
Removed Pin From Net: NetName=GND Pin=U1-3
Removed Pin From Net: NetName=GND Pin=U1-13
Removed Pin From Net: NetName=GND Pin=U1-17
Removed Pin From Net: NetName=GND Pin=U2-16
Removed Pin From Net: NetName=GND Pin=U2-17
Removed Pin From Net: NetName=GND Pin=U2-19
Removed Pin From Net: NetName=GND Pin=U2-20
Removed Pin From Net: NetName=GND Pin=U2-22
Removed Pin From Net: NetName=GND Pin=U2-23
Removed Pin From Net: NetName=GND Pin=U2-25
Removed Pin From Net: NetName=GND Pin=U2-31
Removed Pin From Net: NetName=GND Pin=U3A-1
Removed Pin From Net: NetName=VBUS Pin=U3A-3
Removed Pin From Net: NetName=GND Pin=U3B-1
Removed Pin From Net: NetName=VBUS Pin=U3B-3
Removed Pin From Net: NetName=GND Pin=U3C-1
Removed Pin From Net: NetName=VBUS Pin=U3C-3
Removed Pin From Net: NetName=GND Pin=U3D-1
Removed Pin From Net: NetName=VBUS Pin=U3D-3
Removed Pin From Net: NetName=GND Pin=U4A-3
Removed Pin From Net: NetName=GND Pin=U4A-8
Removed Pin From Net: NetName=GND Pin=U4A-39
Removed Pin From Net: NetName=GND Pin=U4A-45
Removed Pin From Net: NetName=GND Pin=U4A-49
Removed Pin From Net: NetName=GND Pin=U4B-3
Removed Pin From Net: NetName=GND Pin=U4B-8
Removed Pin From Net: NetName=GND Pin=U4B-39
Removed Pin From Net: NetName=GND Pin=U4B-45
Removed Pin From Net: NetName=GND Pin=U4B-49
Removed Pin From Net: NetName=GND Pin=U4C-3
Removed Pin From Net: NetName=GND Pin=U4C-8
Removed Pin From Net: NetName=GND Pin=U4C-39
Removed Pin From Net: NetName=GND Pin=U4C-45
Removed Pin From Net: NetName=GND Pin=U4C-49
Removed Pin From Net: NetName=GND Pin=U4D-3
Removed Pin From Net: NetName=GND Pin=U4D-8
Removed Pin From Net: NetName=GND Pin=U4D-39
Removed Pin From Net: NetName=GND Pin=U4D-45
Removed Pin From Net: NetName=GND Pin=U4D-49
Removed Pin From Net: NetName=GND Pin=U5A-16
Removed Pin From Net: NetName=GND Pin=U5A-25
Removed Pin From Net: NetName=GND Pin=U5B-16
Removed Pin From Net: NetName=GND Pin=U5B-25
Removed Pin From Net: NetName=GND Pin=U5C-16
Removed Pin From Net: NetName=GND Pin=U5C-25
Removed Pin From Net: NetName=GND Pin=U5D-16
Removed Pin From Net: NetName=GND Pin=U5D-25
Removed Pin From Net: NetName=GND Pin=X1A-2
Removed Pin From Net: NetName=GND Pin=X1B-2
Removed Pin From Net: NetName=GND Pin=X1C-2
Removed Pin From Net: NetName=GND Pin=X1D-2
Removed Pin From Net: NetName=GND Pin=Y1A-2
Removed Pin From Net: NetName=GND Pin=Y1A-4
Change Net Name : Old Net Name=1_1V New Net Name=1_1VB
Change Net Name : Old Net Name=3_3V New Net Name=3_3VA
Change Net Name : Old Net Name=5VBus New Net Name=5VBusA
Change Net Name : Old Net Name=GND New Net Name=GNDB
Added Pin To Net: NetName=1_1VA Pin=C5A-1
Added Pin To Net: NetName=1_1VA Pin=C6A-1
Added Pin To Net: NetName=1_1VA Pin=C24A-1
Added Pin To Net: NetName=1_1VA Pin=C25A-1
Added Pin To Net: NetName=1_1VA Pin=C26A-1
Added Pin To Net: NetName=1_1VA Pin=C27A-1
Added Pin To Net: NetName=1_1VA Pin=C28A-1
Added Pin To Net: NetName=1_1VA Pin=C29A-1
Added Pin To Net: NetName=1_1VA Pin=C30A-1
Added Pin To Net: NetName=1_1VA Pin=C31A-1
Added Pin To Net: NetName=1_1VA Pin=C32A-1
Added Pin To Net: NetName=1_1VA Pin=C33A-1
Added Pin To Net: NetName=1_1VA Pin=IC1A-3
Added Pin To Net: NetName=1_1VA Pin=IC1A-9
Added Pin To Net: NetName=1_1VA Pin=IC1A-12
Added Pin To Net: NetName=1_1VA Pin=IC1A-22
Added Pin To Net: NetName=1_1VA Pin=IC1A-40
Added Pin To Net: NetName=1_1VA Pin=IC1A-46
Added Pin To Net: NetName=1_1VA Pin=IC1A-49
Added Pin To Net: NetName=1_1VA Pin=IC1A-61
Added Pin To Net: NetName=1_1VA Pin=IC1A-67
Added Pin To Net: NetName=1_1VA Pin=IC1A-70
Added Pin To Net: NetName=1_1VA Pin=IC1A-76
Added Pin To Net: NetName=1_1VA Pin=L1A-2
Added Net: Name=1_1VA
Added Pin To Net: NetName=3_3VB Pin=C8B-1
Added Pin To Net: NetName=3_3VB Pin=C9B-1
Added Pin To Net: NetName=3_3VB Pin=C14B-1
Added Pin To Net: NetName=3_3VB Pin=C15B-1
Added Pin To Net: NetName=3_3VB Pin=C16B-1
Added Pin To Net: NetName=3_3VB Pin=C17B-1
Added Pin To Net: NetName=3_3VB Pin=C18B-1
Added Pin To Net: NetName=3_3VB Pin=C19B-1
Added Pin To Net: NetName=3_3VB Pin=C20B-1
Added Pin To Net: NetName=3_3VB Pin=C21B-1
Added Pin To Net: NetName=3_3VB Pin=IC1B-6
Added Pin To Net: NetName=3_3VB Pin=IC1B-15
Added Pin To Net: NetName=3_3VB Pin=IC1B-21
Added Pin To Net: NetName=3_3VB Pin=IC1B-29
Added Pin To Net: NetName=3_3VB Pin=IC1B-43
Added Pin To Net: NetName=3_3VB Pin=IC1B-52
Added Pin To Net: NetName=3_3VB Pin=IC1B-58
Added Pin To Net: NetName=3_3VB Pin=IC1B-64
Added Pin To Net: NetName=3_3VB Pin=IC1B-73
Added Pin To Net: NetName=3_3VB Pin=IC2B-8
Added Pin To Net: NetName=3_3VB Pin=R2B-2
Added Pin To Net: NetName=3_3VB Pin=R7B-2
Added Pin To Net: NetName=3_3VB Pin=R8B-2
Added Pin To Net: NetName=3_3VB Pin=R9B-2
Added Pin To Net: NetName=3_3VB Pin=R10B-2
Added Pin To Net: NetName=3_3VB Pin=R11B-2
Added Pin To Net: NetName=3_3VB Pin=R12B-2
Added Pin To Net: NetName=3_3VB Pin=R15B-1
Added Pin To Net: NetName=3_3VB Pin=R17B-1
Added Pin To Net: NetName=3_3VB Pin=R19B-1
Added Pin To Net: NetName=3_3VB Pin=R21B-1
Added Net: Name=3_3VB
Added Pin To Net: NetName=5VBusB Pin=C1B-1
Added Pin To Net: NetName=5VBusB Pin=C2B-1
Added Pin To Net: NetName=5VBusB Pin=C10B-1
Added Pin To Net: NetName=5VBusB Pin=C11B-2
Added Pin To Net: NetName=5VBusB Pin=C12B-1
Added Pin To Net: NetName=5VBusB Pin=C13B-1
Added Pin To Net: NetName=5VBusB Pin=FB1B-2
Added Pin To Net: NetName=5VBusB Pin=IC1B-20
Added Pin To Net: NetName=5VBusB Pin=IC1B-38
Added Pin To Net: NetName=5VBusB Pin=R1B-2
Added Net: Name=5VBusB
Added Pin To Net: NetName=GNDA Pin=C44A-1
Added Pin To Net: NetName=GNDA Pin=C45A-1
Added Pin To Net: NetName=GNDA Pin=C46A-2
Added Pin To Net: NetName=GNDA Pin=C47A-2
Added Pin To Net: NetName=GNDA Pin=C48A-2
Added Pin To Net: NetName=GNDA Pin=C49A-1
Added Pin To Net: NetName=GNDA Pin=C50A-1
Added Pin To Net: NetName=GNDA Pin=C51A-1
Added Pin To Net: NetName=GNDA Pin=C52A-1
Added Pin To Net: NetName=GNDA Pin=C53A-1
Added Pin To Net: NetName=GNDA Pin=C55A-2
Added Pin To Net: NetName=GNDA Pin=C56A-1
Added Pin To Net: NetName=GNDA Pin=C57A-1
Added Pin To Net: NetName=GNDA Pin=C59A-1
Added Pin To Net: NetName=GNDA Pin=C60A-1
Added Pin To Net: NetName=GNDA Pin=C61A-1
Added Pin To Net: NetName=GNDA Pin=C62A-2
Added Pin To Net: NetName=GNDA Pin=C63A-2
Added Pin To Net: NetName=GNDA Pin=C64A-1
Added Pin To Net: NetName=GNDA Pin=C65A-2
Added Pin To Net: NetName=GNDA Pin=C66A-2
Added Pin To Net: NetName=GNDA Pin=C67A-2
Added Pin To Net: NetName=GNDA Pin=C68A-2
Added Pin To Net: NetName=GNDA Pin=C70A-2
Added Pin To Net: NetName=GNDA Pin=C71A-2
Added Pin To Net: NetName=GNDA Pin=C72A-2
Added Pin To Net: NetName=GNDA Pin=C73A-2
Added Pin To Net: NetName=GNDA Pin=C74A-2
Added Pin To Net: NetName=GNDA Pin=C75A-1
Added Pin To Net: NetName=GNDA Pin=C76A-2
Added Pin To Net: NetName=GNDA Pin=C77A-2
Added Pin To Net: NetName=GNDA Pin=D4A-1
Added Pin To Net: NetName=GNDA Pin=D4A-2
Added Pin To Net: NetName=GNDA Pin=IC3A-1
Added Pin To Net: NetName=GNDA Pin=IC3A-2
Added Pin To Net: NetName=GNDA Pin=IC3A-3
Added Pin To Net: NetName=GNDA Pin=IC3A-4
Added Pin To Net: NetName=GNDA Pin=J5A-2
Added Pin To Net: NetName=GNDA Pin=J5A-2
Added Pin To Net: NetName=GNDA Pin=J5A-2
Added Pin To Net: NetName=GNDA Pin=MP1A-1
Added Pin To Net: NetName=GNDA Pin=MP1A-1
Added Pin To Net: NetName=GNDA Pin=MP1A-1
Added Pin To Net: NetName=GNDA Pin=MP1A-1
Added Pin To Net: NetName=GNDA Pin=MP1A-1
Added Pin To Net: NetName=GNDA Pin=MP1A-1
Added Pin To Net: NetName=GNDA Pin=MP1A-1
Added Pin To Net: NetName=GNDA Pin=MP1A-1
Added Pin To Net: NetName=GNDA Pin=MP1A-1
Added Pin To Net: NetName=GNDA Pin=MP1A-1
Added Pin To Net: NetName=GNDA Pin=MP1A-1
Added Pin To Net: NetName=GNDA Pin=MP1A-1
Added Pin To Net: NetName=GNDA Pin=MP1A-1
Added Pin To Net: NetName=GNDA Pin=MP1A-1
Added Pin To Net: NetName=GNDA Pin=MP1A-1
Added Pin To Net: NetName=GNDA Pin=MP1A-1
Added Pin To Net: NetName=GNDA Pin=R43A-1
Added Pin To Net: NetName=GNDA Pin=U3A-1
Added Pin To Net: NetName=GNDA Pin=U4A-3
Added Pin To Net: NetName=GNDA Pin=U4A-8
Added Pin To Net: NetName=GNDA Pin=U4A-39
Added Pin To Net: NetName=GNDA Pin=U4A-45
Added Pin To Net: NetName=GNDA Pin=U4A-49
Added Pin To Net: NetName=GNDA Pin=U5A-16
Added Pin To Net: NetName=GNDA Pin=U5A-25
Added Pin To Net: NetName=GNDA Pin=X1A-2
Added Net: Name=GNDA
Add Net: Net with name "GNDA" already exists
Add Net: Net with name "GNDB" already exists
Added Pin To Net: NetName=GNDC Pin=C44C-1
Added Pin To Net: NetName=GNDC Pin=C45C-1
Added Pin To Net: NetName=GNDC Pin=C46C-2
Added Pin To Net: NetName=GNDC Pin=C47C-2
Added Pin To Net: NetName=GNDC Pin=C48C-2
Added Pin To Net: NetName=GNDC Pin=C49C-1
Added Pin To Net: NetName=GNDC Pin=C50C-1
Added Pin To Net: NetName=GNDC Pin=C51C-1
Added Pin To Net: NetName=GNDC Pin=C52C-1
Added Pin To Net: NetName=GNDC Pin=C53C-1
Added Pin To Net: NetName=GNDC Pin=C55C-2
Added Pin To Net: NetName=GNDC Pin=C56C-1
Added Pin To Net: NetName=GNDC Pin=C57C-1
Added Pin To Net: NetName=GNDC Pin=C59C-1
Added Pin To Net: NetName=GNDC Pin=C60C-1
Added Pin To Net: NetName=GNDC Pin=C61C-1
Added Pin To Net: NetName=GNDC Pin=C62C-2
Added Pin To Net: NetName=GNDC Pin=C63C-2
Added Pin To Net: NetName=GNDC Pin=C64C-1
Added Pin To Net: NetName=GNDC Pin=C65C-2
Added Pin To Net: NetName=GNDC Pin=C66C-2
Added Pin To Net: NetName=GNDC Pin=C67C-2
Added Pin To Net: NetName=GNDC Pin=C68C-2
Added Pin To Net: NetName=GNDC Pin=C70C-2
Added Pin To Net: NetName=GNDC Pin=C71C-2
Added Pin To Net: NetName=GNDC Pin=C72C-2
Added Pin To Net: NetName=GNDC Pin=C73C-2
Added Pin To Net: NetName=GNDC Pin=C74C-2
Added Pin To Net: NetName=GNDC Pin=C75C-1
Added Pin To Net: NetName=GNDC Pin=C76C-2
Added Pin To Net: NetName=GNDC Pin=C77C-2
Added Pin To Net: NetName=GNDC Pin=D4C-1
Added Pin To Net: NetName=GNDC Pin=D4C-2
Added Pin To Net: NetName=GNDC Pin=IC3C-1
Added Pin To Net: NetName=GNDC Pin=IC3C-2
Added Pin To Net: NetName=GNDC Pin=IC3C-3
Added Pin To Net: NetName=GNDC Pin=IC3C-4
Added Pin To Net: NetName=GNDC Pin=J5C-2
Added Pin To Net: NetName=GNDC Pin=J5C-2
Added Pin To Net: NetName=GNDC Pin=J5C-2
Added Pin To Net: NetName=GNDC Pin=MP1C-1
Added Pin To Net: NetName=GNDC Pin=MP1C-1
Added Pin To Net: NetName=GNDC Pin=MP1C-1
Added Pin To Net: NetName=GNDC Pin=MP1C-1
Added Pin To Net: NetName=GNDC Pin=MP1C-1
Added Pin To Net: NetName=GNDC Pin=MP1C-1
Added Pin To Net: NetName=GNDC Pin=MP1C-1
Added Pin To Net: NetName=GNDC Pin=MP1C-1
Added Pin To Net: NetName=GNDC Pin=MP1C-1
Added Pin To Net: NetName=GNDC Pin=MP1C-1
Added Pin To Net: NetName=GNDC Pin=MP1C-1
Added Pin To Net: NetName=GNDC Pin=MP1C-1
Added Pin To Net: NetName=GNDC Pin=MP1C-1
Added Pin To Net: NetName=GNDC Pin=MP1C-1
Added Pin To Net: NetName=GNDC Pin=MP1C-1
Added Pin To Net: NetName=GNDC Pin=MP1C-1
Added Pin To Net: NetName=GNDC Pin=R43C-1
Added Pin To Net: NetName=GNDC Pin=U3C-1
Added Pin To Net: NetName=GNDC Pin=U4C-3
Added Pin To Net: NetName=GNDC Pin=U4C-8
Added Pin To Net: NetName=GNDC Pin=U4C-39
Added Pin To Net: NetName=GNDC Pin=U4C-45
Added Pin To Net: NetName=GNDC Pin=U4C-49
Added Pin To Net: NetName=GNDC Pin=U5C-16
Added Pin To Net: NetName=GNDC Pin=U5C-25
Added Pin To Net: NetName=GNDC Pin=X1C-2
Added Net: Name=GNDC
Added Pin To Net: NetName=GNDD Pin=C44D-1
Added Pin To Net: NetName=GNDD Pin=C45D-1
Added Pin To Net: NetName=GNDD Pin=C46D-2
Added Pin To Net: NetName=GNDD Pin=C47D-2
Added Pin To Net: NetName=GNDD Pin=C48D-2
Added Pin To Net: NetName=GNDD Pin=C49D-1
Added Pin To Net: NetName=GNDD Pin=C50D-1
Added Pin To Net: NetName=GNDD Pin=C51D-1
Added Pin To Net: NetName=GNDD Pin=C52D-1
Added Pin To Net: NetName=GNDD Pin=C53D-1
Added Pin To Net: NetName=GNDD Pin=C55D-2
Added Pin To Net: NetName=GNDD Pin=C56D-1
Added Pin To Net: NetName=GNDD Pin=C57D-1
Added Pin To Net: NetName=GNDD Pin=C59D-1
Added Pin To Net: NetName=GNDD Pin=C60D-1
Added Pin To Net: NetName=GNDD Pin=C61D-1
Added Pin To Net: NetName=GNDD Pin=C62D-2
Added Pin To Net: NetName=GNDD Pin=C63D-2
Added Pin To Net: NetName=GNDD Pin=C64D-1
Added Pin To Net: NetName=GNDD Pin=C65D-2
Added Pin To Net: NetName=GNDD Pin=C66D-2
Added Pin To Net: NetName=GNDD Pin=C67D-2
Added Pin To Net: NetName=GNDD Pin=C68D-2
Added Pin To Net: NetName=GNDD Pin=C70D-2
Added Pin To Net: NetName=GNDD Pin=C71D-2
Added Pin To Net: NetName=GNDD Pin=C72D-2
Added Pin To Net: NetName=GNDD Pin=C73D-2
Added Pin To Net: NetName=GNDD Pin=C74D-2
Added Pin To Net: NetName=GNDD Pin=C75D-1
Added Pin To Net: NetName=GNDD Pin=C76D-2
Added Pin To Net: NetName=GNDD Pin=C77D-2
Added Pin To Net: NetName=GNDD Pin=D4D-1
Added Pin To Net: NetName=GNDD Pin=D4D-2
Added Pin To Net: NetName=GNDD Pin=IC3D-1
Added Pin To Net: NetName=GNDD Pin=IC3D-2
Added Pin To Net: NetName=GNDD Pin=IC3D-3
Added Pin To Net: NetName=GNDD Pin=IC3D-4
Added Pin To Net: NetName=GNDD Pin=J5D-2
Added Pin To Net: NetName=GNDD Pin=J5D-2
Added Pin To Net: NetName=GNDD Pin=J5D-2
Added Pin To Net: NetName=GNDD Pin=MP1D-1
Added Pin To Net: NetName=GNDD Pin=MP1D-1
Added Pin To Net: NetName=GNDD Pin=MP1D-1
Added Pin To Net: NetName=GNDD Pin=MP1D-1
Added Pin To Net: NetName=GNDD Pin=MP1D-1
Added Pin To Net: NetName=GNDD Pin=MP1D-1
Added Pin To Net: NetName=GNDD Pin=MP1D-1
Added Pin To Net: NetName=GNDD Pin=MP1D-1
Added Pin To Net: NetName=GNDD Pin=MP1D-1
Added Pin To Net: NetName=GNDD Pin=MP1D-1
Added Pin To Net: NetName=GNDD Pin=MP1D-1
Added Pin To Net: NetName=GNDD Pin=MP1D-1
Added Pin To Net: NetName=GNDD Pin=MP1D-1
Added Pin To Net: NetName=GNDD Pin=MP1D-1
Added Pin To Net: NetName=GNDD Pin=MP1D-1
Added Pin To Net: NetName=GNDD Pin=MP1D-1
Added Pin To Net: NetName=GNDD Pin=R43D-1
Added Pin To Net: NetName=GNDD Pin=U3D-1
Added Pin To Net: NetName=GNDD Pin=U4D-3
Added Pin To Net: NetName=GNDD Pin=U4D-8
Added Pin To Net: NetName=GNDD Pin=U4D-39
Added Pin To Net: NetName=GNDD Pin=U4D-45
Added Pin To Net: NetName=GNDD Pin=U4D-49
Added Pin To Net: NetName=GNDD Pin=U5D-16
Added Pin To Net: NetName=GNDD Pin=U5D-25
Added Pin To Net: NetName=GNDD Pin=X1D-2
Added Net: Name=GNDD
Added Pin To Net: NetName=GND Pin=C34-2
Added Pin To Net: NetName=GND Pin=C35-1
Added Pin To Net: NetName=GND Pin=C36-1
Added Pin To Net: NetName=GND Pin=C37-2
Added Pin To Net: NetName=GND Pin=C41-2
Added Pin To Net: NetName=GND Pin=C42-2
Added Pin To Net: NetName=GND Pin=D1-1
Added Pin To Net: NetName=GND Pin=D2-1
Added Pin To Net: NetName=GND Pin=D3-1
Added Pin To Net: NetName=GND Pin=J2-2
Added Pin To Net: NetName=GND Pin=J2-2
Added Pin To Net: NetName=GND Pin=J2-2
Added Pin To Net: NetName=GND Pin=J3-2
Added Pin To Net: NetName=GND Pin=J3-2
Added Pin To Net: NetName=GND Pin=J3-2
Added Pin To Net: NetName=GND Pin=J4-2
Added Pin To Net: NetName=GND Pin=J4-2
Added Pin To Net: NetName=GND Pin=J4-2
Added Pin To Net: NetName=GND Pin=LED5-K
Added Pin To Net: NetName=GND Pin=LED6-K
Added Pin To Net: NetName=GND Pin=U1-3
Added Pin To Net: NetName=GND Pin=U1-13
Added Pin To Net: NetName=GND Pin=U1-17
Added Pin To Net: NetName=GND Pin=U2-16
Added Pin To Net: NetName=GND Pin=U2-17
Added Pin To Net: NetName=GND Pin=U2-19
Added Pin To Net: NetName=GND Pin=U2-20
Added Pin To Net: NetName=GND Pin=U2-22
Added Pin To Net: NetName=GND Pin=U2-23
Added Pin To Net: NetName=GND Pin=U2-25
Added Pin To Net: NetName=GND Pin=U2-31
Added Net: Name=GND
Added Pin To Net: NetName=VBUSA Pin=C44A-2
Added Pin To Net: NetName=VBUSA Pin=U3A-3
Added Net: Name=VBUSA
Added Pin To Net: NetName=VBUSB Pin=C44B-2
Added Pin To Net: NetName=VBUSB Pin=U3B-3
Added Net: Name=VBUSB
Added Pin To Net: NetName=VBUSC Pin=C44C-2
Added Pin To Net: NetName=VBUSC Pin=U3C-3
Added Net: Name=VBUSC
Added Pin To Net: NetName=VBUSD Pin=C44D-2
Added Pin To Net: NetName=VBUSD Pin=U3D-3
Added Net: Name=VBUSD
