Change Physical Footprint: Designator=C1A Old Footprint=SMD-0402C New Footprint=SMD-0402C
Change Physical Footprint: Designator=C1B Old Footprint=SMD-0402C New Footprint=SMD-0402C
Change Physical Footprint: Designator=C2A Old Footprint=SMD-0805C New Footprint=SMD-0805C
Change Physical Footprint: Designator=C2B Old Footprint=SMD-0805C New Footprint=SMD-0805C
Change Physical Footprint: Designator=C3A Old Footprint=SMD-0805C New Footprint=SMD-0805C
Change Physical Footprint: Designator=C3B Old Footprint=SMD-0805C New Footprint=SMD-0805C
Change Physical Footprint: Designator=C4A Old Footprint=SMD-1210C New Footprint=SMD-1210C
Change Physical Footprint: Designator=C4B Old Footprint=SMD-1210C New Footprint=SMD-1210C
Change Physical Footprint: Designator=C5A Old Footprint=SMD-1210C New Footprint=SMD-1210C
Change Physical Footprint: Designator=C5B Old Footprint=SMD-1210C New Footprint=SMD-1210C
Change Physical Footprint: Designator=C6A Old Footprint=SMD-1210C New Footprint=SMD-1210C
Change Physical Footprint: Designator=C6B Old Footprint=SMD-1210C New Footprint=SMD-1210C
Change Physical Footprint: Designator=C7A Old Footprint=SMD-0402C New Footprint=SMD-0402C
Change Physical Footprint: Designator=C7B Old Footprint=SMD-0402C New Footprint=SMD-0402C
Change Physical Footprint: Designator=C8A Old Footprint=SMD-0402C New Footprint=SMD-0402C
Change Physical Footprint: Designator=C8B Old Footprint=SMD-0402C New Footprint=SMD-0402C
Change Physical Footprint: Designator=C9A Old Footprint=SMD-0402C New Footprint=SMD-0402C
Change Physical Footprint: Designator=C9B Old Footprint=SMD-0402C New Footprint=SMD-0402C
Change Physical Footprint: Designator=C10A Old Footprint=SMD-0402C New Footprint=SMD-0402C
Change Physical Footprint: Designator=C10B Old Footprint=SMD-0402C New Footprint=SMD-0402C
Change Physical Footprint: Designator=C11A Old Footprint=SMD-0402C New Footprint=SMD-0402C
Change Physical Footprint: Designator=C11B Old Footprint=SMD-0402C New Footprint=SMD-0402C
Change Physical Footprint: Designator=C12A Old Footprint=SMD-0402C New Footprint=SMD-0402C
Change Physical Footprint: Designator=C12B Old Footprint=SMD-0402C New Footprint=SMD-0402C
Change Physical Footprint: Designator=C13A Old Footprint=SMD-0402C New Footprint=SMD-0402C
Change Physical Footprint: Designator=C13B Old Footprint=SMD-0402C New Footprint=SMD-0402C
Change Physical Footprint: Designator=C14A Old Footprint=SMD-0603C New Footprint=SMD-0603C
Change Physical Footprint: Designator=C14B Old Footprint=SMD-0603C New Footprint=SMD-0603C
Change Physical Footprint: Designator=C15A Old Footprint=SMD-0402C New Footprint=SMD-0402C
Change Physical Footprint: Designator=C15B Old Footprint=SMD-0402C New Footprint=SMD-0402C
Change Physical Footprint: Designator=C16A Old Footprint=SMD-0402C New Footprint=SMD-0402C
Change Physical Footprint: Designator=C16B Old Footprint=SMD-0402C New Footprint=SMD-0402C
Change Physical Footprint: Designator=C17A Old Footprint=SMD-0402C New Footprint=SMD-0402C
Change Physical Footprint: Designator=C17B Old Footprint=SMD-0402C New Footprint=SMD-0402C
Change Physical Footprint: Designator=C18A Old Footprint=SMD-0402C New Footprint=SMD-0402C
Change Physical Footprint: Designator=C18B Old Footprint=SMD-0402C New Footprint=SMD-0402C
Change Physical Footprint: Designator=C19A Old Footprint=SMD-0402C New Footprint=SMD-0402C
Change Physical Footprint: Designator=C19B Old Footprint=SMD-0402C New Footprint=SMD-0402C
Change Physical Footprint: Designator=C20A Old Footprint=SMD-0402C New Footprint=SMD-0402C
Change Physical Footprint: Designator=C20B Old Footprint=SMD-0402C New Footprint=SMD-0402C
Change Physical Footprint: Designator=C21A Old Footprint=SMD-0402C New Footprint=SMD-0402C
Change Physical Footprint: Designator=C21B Old Footprint=SMD-0402C New Footprint=SMD-0402C
Change Physical Footprint: Designator=C22A Old Footprint=SMD-0402C New Footprint=SMD-0402C
Change Physical Footprint: Designator=C22B Old Footprint=SMD-0402C New Footprint=SMD-0402C
Change Physical Footprint: Designator=C23A Old Footprint=SMD-0402C New Footprint=SMD-0402C
Change Physical Footprint: Designator=C23B Old Footprint=SMD-0402C New Footprint=SMD-0402C
Change Physical Footprint: Designator=C24A Old Footprint=SMD-0402C New Footprint=SMD-0402C
Change Physical Footprint: Designator=C24B Old Footprint=SMD-0402C New Footprint=SMD-0402C
Change Physical Footprint: Designator=C25A Old Footprint=SMD-0603C New Footprint=SMD-0603C
Change Physical Footprint: Designator=C25B Old Footprint=SMD-0603C New Footprint=SMD-0603C
Change Physical Footprint: Designator=C26A Old Footprint=SMD-0402C New Footprint=SMD-0402C
Change Physical Footprint: Designator=C26B Old Footprint=SMD-0402C New Footprint=SMD-0402C
Change Physical Footprint: Designator=C27A Old Footprint=SMD-0402C New Footprint=SMD-0402C
Change Physical Footprint: Designator=C27B Old Footprint=SMD-0402C New Footprint=SMD-0402C
Change Physical Footprint: Designator=C28A Old Footprint=SMD-0402C New Footprint=SMD-0402C
Change Physical Footprint: Designator=C28B Old Footprint=SMD-0402C New Footprint=SMD-0402C
Change Physical Footprint: Designator=C29A Old Footprint=SMD-0805C New Footprint=SMD-0805C
Change Physical Footprint: Designator=C29B Old Footprint=SMD-0805C New Footprint=SMD-0805C
Change Physical Footprint: Designator=C30A Old Footprint=SMD-0402C New Footprint=SMD-0402C
Change Physical Footprint: Designator=C30B Old Footprint=SMD-0402C New Footprint=SMD-0402C
Change Physical Footprint: Designator=C31A Old Footprint=SMD-0402C New Footprint=SMD-0402C
Change Physical Footprint: Designator=C31B Old Footprint=SMD-0402C New Footprint=SMD-0402C
Change Physical Footprint: Designator=C32A Old Footprint=SMD-1210C New Footprint=SMD-1210C
Change Physical Footprint: Designator=C32B Old Footprint=SMD-1210C New Footprint=SMD-1210C
Change Physical Footprint: Designator=C33A Old Footprint=SMD-0402C New Footprint=SMD-0402C
Change Physical Footprint: Designator=C33B Old Footprint=SMD-0402C New Footprint=SMD-0402C
Change Physical Footprint: Designator=C34A Old Footprint=SMD-0402C New Footprint=SMD-0402C
Change Physical Footprint: Designator=C34B Old Footprint=SMD-0402C New Footprint=SMD-0402C
Change Physical Footprint: Designator=C35A Old Footprint=SMD-0402C New Footprint=SMD-0402C
Change Physical Footprint: Designator=C35B Old Footprint=SMD-0402C New Footprint=SMD-0402C
Change Physical Footprint: Designator=D1A Old Footprint=DIO_BAV99 New Footprint=DIO_BAV99
Change Physical Footprint: Designator=D1B Old Footprint=DIO_BAV99 New Footprint=DIO_BAV99
Change Physical Footprint: Designator=FB1A Old Footprint=WE-CBA_0402_L1W0.5H0.5_HC New Footprint=WE-CBA_0402_L1W0.5H0.5_HC
Change Physical Footprint: Designator=FB1B Old Footprint=WE-CBA_0402_L1W0.5H0.5_HC New Footprint=WE-CBA_0402_L1W0.5H0.5_HC
Change Physical Footprint: Designator=FB2A Old Footprint=WE-CBA_0402_L1W0.5H0.5_HC New Footprint=WE-CBA_0402_L1W0.5H0.5_HC
Change Physical Footprint: Designator=FB2B Old Footprint=WE-CBA_0402_L1W0.5H0.5_HC New Footprint=WE-CBA_0402_L1W0.5H0.5_HC
Change Physical Footprint: Designator=FB3A Old Footprint=WE-CBA_0402_L1W0.5H0.5_HC New Footprint=WE-CBA_0402_L1W0.5H0.5_HC
Change Physical Footprint: Designator=FB3B Old Footprint=WE-CBA_0402_L1W0.5H0.5_HC New Footprint=WE-CBA_0402_L1W0.5H0.5_HC
Change Physical Footprint: Designator=FB4A Old Footprint=WE-CBA_0402_L1W0.5H0.5_HC New Footprint=WE-CBA_0402_L1W0.5H0.5_HC
Change Physical Footprint: Designator=FB4B Old Footprint=WE-CBA_0402_L1W0.5H0.5_HC New Footprint=WE-CBA_0402_L1W0.5H0.5_HC
Change Physical Footprint: Designator=FB5A Old Footprint=WE-CBA_0402_L1W0.5H0.5_HC New Footprint=WE-CBA_0402_L1W0.5H0.5_HC
Change Physical Footprint: Designator=FB5B Old Footprint=WE-CBA_0402_L1W0.5H0.5_HC New Footprint=WE-CBA_0402_L1W0.5H0.5_HC
Change Physical Footprint: Designator=FB6A Old Footprint=WE-CBA_0402_L1W0.5H0.5_HC New Footprint=WE-CBA_0402_L1W0.5H0.5_HC
Change Physical Footprint: Designator=FB6B Old Footprint=WE-CBA_0402_L1W0.5H0.5_HC New Footprint=WE-CBA_0402_L1W0.5H0.5_HC
Change Physical Footprint: Designator=IC1A Old Footprint=SOIC127P600X175-8N New Footprint=SOIC127P600X175-8N
Change Physical Footprint: Designator=IC1B Old Footprint=SOIC127P600X175-8N New Footprint=SOIC127P600X175-8N
Change Physical Footprint: Designator=J1A Old Footprint=U.FL jack New Footprint=U.FL jack
Change Physical Footprint: Designator=J1B Old Footprint=U.FL JACK New Footprint=U.FL jack
Change Physical Footprint: Designator=L1A Old Footprint=INDC1006X60N New Footprint=INDC1006X60N
Change Physical Footprint: Designator=L1B Old Footprint=INDC1006X60N New Footprint=INDC1006X60N
Change Physical Footprint: Designator=L2A Old Footprint=INDC1608X100N New Footprint=INDC1608X100N
Change Physical Footprint: Designator=L2B Old Footprint=INDC1608X100N New Footprint=INDC1608X100N
Change Physical Footprint: Designator=L3A Old Footprint=INDC1608X100N New Footprint=INDC1608X100N
Change Physical Footprint: Designator=L3B Old Footprint=INDC1608X100N New Footprint=INDC1608X100N
Change Physical Footprint: Designator=L4A Old Footprint=INDC2518X200N New Footprint=INDC2518X200N
Change Physical Footprint: Designator=L4B Old Footprint=INDC2518X200N New Footprint=INDC2518X200N
Change Physical Footprint: Designator=MP1A Old Footprint=36903205S New Footprint=36903205S
Change Physical Footprint: Designator=MP1B Old Footprint=36903205S New Footprint=36903205S
Change Physical Footprint: Designator=R1A Old Footprint=SMD-0402-RES New Footprint=SMD-0402-RES
Change Physical Footprint: Designator=R1B Old Footprint=SMD-0402-RES New Footprint=SMD-0402-RES
Change Physical Footprint: Designator=R2A Old Footprint=SMD-0402-RES New Footprint=SMD-0402-RES
Change Physical Footprint: Designator=R2B Old Footprint=SMD-0402-RES New Footprint=SMD-0402-RES
Change Physical Footprint: Designator=R3A Old Footprint=SMD-0402-RES New Footprint=SMD-0402-RES
Change Physical Footprint: Designator=R3B Old Footprint=SMD-0402-RES New Footprint=SMD-0402-RES
Change Physical Footprint: Designator=R4A Old Footprint=SMD-0402-RES New Footprint=SMD-0402-RES
Change Physical Footprint: Designator=R4B Old Footprint=SMD-0402-RES New Footprint=SMD-0402-RES
Change Physical Footprint: Designator=R5A Old Footprint=SMD-0402-RES New Footprint=SMD-0402-RES
Change Physical Footprint: Designator=R5B Old Footprint=SMD-0402-RES New Footprint=SMD-0402-RES
Change Physical Footprint: Designator=R6A Old Footprint=SMD-0402-RES New Footprint=SMD-0402-RES
Change Physical Footprint: Designator=R6B Old Footprint=SMD-0402-RES New Footprint=SMD-0402-RES
Change Physical Footprint: Designator=R7A Old Footprint=SMD-0402-RES New Footprint=SMD-0402-RES
Change Physical Footprint: Designator=R7B Old Footprint=SMD-0402-RES New Footprint=SMD-0402-RES
Change Physical Footprint: Designator=R8A Old Footprint=SMD-0402-RES New Footprint=SMD-0402-RES
Change Physical Footprint: Designator=R8B Old Footprint=SMD-0402-RES New Footprint=SMD-0402-RES
Change Physical Footprint: Designator=R9A Old Footprint=SMD-0402-RES New Footprint=SMD-0402-RES
Change Physical Footprint: Designator=R9B Old Footprint=SMD-0402-RES New Footprint=SMD-0402-RES
Change Physical Footprint: Designator=R10A Old Footprint=SMD-0402-RES New Footprint=SMD-0402-RES
Change Physical Footprint: Designator=R10B Old Footprint=SMD-0402-RES New Footprint=SMD-0402-RES
Change Physical Footprint: Designator=R11A Old Footprint=SMD-0402-RES New Footprint=SMD-0402-RES
Change Physical Footprint: Designator=R11B Old Footprint=SMD-0402-RES New Footprint=SMD-0402-RES
Change Physical Footprint: Designator=R12A Old Footprint=SMD-0402-RES New Footprint=SMD-0402-RES
Change Physical Footprint: Designator=R12B Old Footprint=SMD-0402-RES New Footprint=SMD-0402-RES
Change Physical Footprint: Designator=U1A Old Footprint=SOT223 New Footprint=SOT223
Change Physical Footprint: Designator=U1B Old Footprint=SOT223 New Footprint=SOT223
Change Physical Footprint: Designator=U2A Old Footprint=QFN40P600X600X84_HS-49N New Footprint=QFN40P600X600X84_HS-49N
Change Physical Footprint: Designator=U2B Old Footprint=QFN40P600X600X84_HS-49N New Footprint=QFN40P600X600X84_HS-49N
Change Physical Footprint: Designator=U3A Old Footprint=QFN50P400X400X85_HS-25N_r820t New Footprint=QFN50P400X400X85_HS-25N_r820t
Change Physical Footprint: Designator=U3B Old Footprint=QFN50P400X400X85_HS-25N_r820t New Footprint=QFN50P400X400X85_HS-25N_r820t
Change Physical Footprint: Designator=X1A Old Footprint=WTL28.8-OSC28.8 New Footprint=WTL28.8-OSC28.8
Change Physical Footprint: Designator=X1B Old Footprint=WTL28.8-OSC28.8 New Footprint=WTL28.8-OSC28.8
