Add Component: Footprint Not Found QFN40P900X900X90-77N-D
Add Component: Footprint Not Found SOIC127P600X175-8N
Add Component: Footprint Not Found ABM8G16000MHZB4YT
Add Pin To Net: Unknown Pin: Pin IC1A-3
Add Pin To Net: Unknown Pin: Pin IC1A-6
Add Pin To Net: Unknown Pin: Pin IC1A-7
Add Pin To Net: Unknown Pin: Pin IC1A-8
Add Pin To Net: Unknown Pin: Pin IC1A-9
Add Pin To Net: Unknown Pin: Pin IC1A-12
Add Pin To Net: Unknown Pin: Pin IC1A-15
Add Pin To Net: Unknown Pin: Pin IC1A-16
Add Pin To Net: Unknown Pin: Pin IC1A-17
Add Pin To Net: Unknown Pin: Pin IC1A-20
Add Pin To Net: Unknown Pin: Pin IC1A-21
Add Pin To Net: Unknown Pin: Pin IC1A-22
Add Pin To Net: Unknown Pin: Pin IC1A-23
Add Pin To Net: Unknown Pin: Pin IC1A-24
Add Pin To Net: Unknown Pin: Pin IC1A-29
Add Pin To Net: Unknown Pin: Pin IC1A-36
Add Pin To Net: Unknown Pin: Pin IC1A-37
Add Pin To Net: Unknown Pin: Pin IC1A-38
Add Pin To Net: Unknown Pin: Pin IC1A-39
Add Pin To Net: Unknown Pin: Pin IC1A-40
Add Pin To Net: Unknown Pin: Pin IC1A-43
Add Pin To Net: Unknown Pin: Pin IC1A-44
Add Pin To Net: Unknown Pin: Pin IC1A-45
Add Pin To Net: Unknown Pin: Pin IC1A-46
Add Pin To Net: Unknown Pin: Pin IC1A-49
Add Pin To Net: Unknown Pin: Pin IC1A-52
Add Pin To Net: Unknown Pin: Pin IC1A-57
Add Pin To Net: Unknown Pin: Pin IC1A-58
Add Pin To Net: Unknown Pin: Pin IC1A-61
Add Pin To Net: Unknown Pin: Pin IC1A-64
Add Pin To Net: Unknown Pin: Pin IC1A-65
Add Pin To Net: Unknown Pin: Pin IC1A-66
Add Pin To Net: Unknown Pin: Pin IC1A-67
Add Pin To Net: Unknown Pin: Pin IC1A-70
Add Pin To Net: Unknown Pin: Pin IC1A-73
Add Pin To Net: Unknown Pin: Pin IC1A-74
Add Pin To Net: Unknown Pin: Pin IC1A-75
Add Pin To Net: Unknown Pin: Pin IC1A-76
Add Pin To Net: Unknown Pin: Pin IC1A-77
Add Pin To Net: Unknown Pin: Pin IC2A-3
Add Pin To Net: Unknown Pin: Pin IC2A-4
Add Pin To Net: Unknown Pin: Pin IC2A-5
Add Pin To Net: Unknown Pin: Pin IC2A-7
Add Pin To Net: Unknown Pin: Pin IC2A-8
Add Pin To Net: Unknown Pin: Pin Y1A-1
Add Pin To Net: Unknown Pin: Pin Y1A-2
Add Pin To Net: Unknown Pin: Pin Y1A-3
Add Pin To Net: Unknown Pin: Pin Y1A-4
Add Differential Pair: Number of nets in differential pair NetC3A_1 is 1 instead of 2
Add Differential Pair: Number of nets in differential pair NetC3B_1 is 1 instead of 2
Add Differential Pair: Number of nets in differential pair NetC4A_1 is 1 instead of 2
Add Differential Pair: Number of nets in differential pair NetC4B_1 is 1 instead of 2
Add Differential Pair: Number of nets in differential pair NetJ1A_2 is 1 instead of 2
Add Differential Pair: Number of nets in differential pair NetJ1A_3 is 1 instead of 2
Add Differential Pair: Number of nets in differential pair NetJ1A_5 is 1 instead of 2
Add Differential Pair: Number of nets in differential pair NetJ1A_6 is 1 instead of 2
Add Differential Pair: Number of nets in differential pair NetJ1B_2 is 1 instead of 2
Add Differential Pair: Number of nets in differential pair NetJ1B_3 is 1 instead of 2
Add Differential Pair: Number of nets in differential pair NetJ1B_5 is 1 instead of 2
Add Differential Pair: Number of nets in differential pair NetJ1B_6 is 1 instead of 2
Add Class Member: Failed to add class member : Component IC1A (IC1) VL817-Q7_B0_
Add Class Member: Failed to add class member : Component IC2A (IC2) SST25VF512A-33-4C-SAE
Add Class Member: Failed to add class member : Component Y1A (Y1) ABM8G-25.000MHZ-18-D-2-Y-T3
