Removed Pin From Net: NetName=+3V3 Pin=U5A-14
Removed Pin From Net: NetName=+3V3 Pin=U5A-25
Removed Pin From Net: NetName=+3V3 Pin=U5A-33
Removed Pin From Net: NetName=+3V3 Pin=U5A-43
Removed Pin From Net: NetName=+3V3 Pin=U5B-14
Removed Pin From Net: NetName=+3V3 Pin=U5B-25
Removed Pin From Net: NetName=+3V3 Pin=U5B-33
Removed Pin From Net: NetName=+3V3 Pin=U5B-43
Removed Pin From Net: NetName=+3V3 Pin=U5C-14
Removed Pin From Net: NetName=+3V3 Pin=U5C-25
Removed Pin From Net: NetName=+3V3 Pin=U5C-33
Removed Pin From Net: NetName=+3V3 Pin=U5C-43
Removed Pin From Net: NetName=+3V3 Pin=U5D-14
Removed Pin From Net: NetName=+3V3 Pin=U5D-25
Removed Pin From Net: NetName=+3V3 Pin=U5D-33
Removed Pin From Net: NetName=+3V3 Pin=U5D-43
Added Pin To Net: NetName=+3V3_RTL Pin=U5A-14
Added Pin To Net: NetName=+3V3_RTL Pin=U5A-25
Added Pin To Net: NetName=+3V3_RTL Pin=U5A-33
Added Pin To Net: NetName=+3V3_RTL Pin=U5A-43
Added Pin To Net: NetName=+3V3_RTL Pin=U5B-14
Added Pin To Net: NetName=+3V3_RTL Pin=U5B-25
Added Pin To Net: NetName=+3V3_RTL Pin=U5B-33
Added Pin To Net: NetName=+3V3_RTL Pin=U5B-43
Added Pin To Net: NetName=+3V3_RTL Pin=U5C-14
Added Pin To Net: NetName=+3V3_RTL Pin=U5C-25
Added Pin To Net: NetName=+3V3_RTL Pin=U5C-33
Added Pin To Net: NetName=+3V3_RTL Pin=U5C-43
Added Pin To Net: NetName=+3V3_RTL Pin=U5D-14
Added Pin To Net: NetName=+3V3_RTL Pin=U5D-25
Added Pin To Net: NetName=+3V3_RTL Pin=U5D-33
Added Pin To Net: NetName=+3V3_RTL Pin=U5D-43
Change Net Name : Old Net Name=+3V3_RTL New Net Name=VDD3A
