Removed Pin From Net: NetName=+5V Pin=J4-1
Removed Pin From Net: NetName=+5V Pin=J4-3
Removed Pin From Net: NetName=GNDAA Pin=J4-5
Removed Pin From Net: NetName=GNDAA Pin=J4-13
Change Component Designator: OldDesignator=C? NewDesignator=C48
Change Component Designator: OldDesignator=C? NewDesignator=C49
Change Component Designator: OldDesignator=U? NewDesignator=U9
Added Component: Designator=J5(JST_B4B-XH-A(LF)(SN))
Add component (AddParameter): Name = "Availability"; Value = "Warning"; VariantName = "[No Variations]"
Add component (AddParameter): Name = "Check_prices"; Value = "https://www.snapeda.com/parts/B4B-XH-A(LF)(SN)/JST%20Sales%20America%20Inc./view-part/447494/?ref=eda"; VariantName = "[No Variations]"
Add component (AddParameter): Name = "MF"; Value = "JST Sales"; VariantName = "[No Variations]"
Add component (AddParameter): Name = "MP"; Value = "B4B-XH-A(LF)(SN)"; VariantName = "[No Variations]"
Add component (AddParameter): Name = "Package"; Value = "None"; VariantName = "[No Variations]"
Add component (AddParameter): Name = "Price"; Value = "None"; VariantName = "[No Variations]"
Add component (AddParameter): Name = "Purchase-URL"; Value = "https://pricing.snapeda.com/search/part/B4B-XH-A(LF)(SN)/?ref=eda"; VariantName = "[No Variations]"
Add component (AddParameter): Name = "SnapEDA_Link"; Value = "https://www.snapeda.com/parts/B4B-XH-A(LF)(SN)/JST%20Sales%20America%20Inc./view-part/447494/?ref=snap"; VariantName = "[No Variations]"
Add component (AddParameter): Name = "Value"; Value = ""; VariantName = "[No Variations]"
Added Pin To Net: NetName=+5V Pin=J4-2
Added Pin To Net: NetName=+5V Pin=J4-4
Added Pin To Net: NetName=GNDAA Pin=J4-6
Added Pin To Net: NetName=GNDAA Pin=J4-9
Added Pin To Net: NetName=GNDAA Pin=J4-14
Added Pin To Net: NetName=GNDAA Pin=J4-20
Added Pin To Net: NetName=GNDAA Pin=J4-25
Added Pin To Net: NetName=GNDAA Pin=J4-30
Added Pin To Net: NetName=GNDAA Pin=J4-34
Added Pin To Net: NetName=GNDAA Pin=J4-39
Added Pin To Net: NetName=GNDAA Pin=J5-1
Added Pin To Net: NetName=+3.3V-PI Pin=J4-1
Added Pin To Net: NetName=+3.3V-PI Pin=J5-4
Added Net: Name=+3.3V-PI
Added Pin To Net: NetName=SCL_OLED Pin=J4-5
Added Pin To Net: NetName=SCL_OLED Pin=J5-2
Added Net: Name=SCL_OLED
Added Pin To Net: NetName=SDA_OLED Pin=J4-3
Added Pin To Net: NetName=SDA_OLED Pin=J5-3
Added Net: Name=SDA_OLED
