Add Component: Footprint Not Found QFN40P900X900X90-77N-D
Add Component: Footprint Not Found SOIC127P600X175-8N
Add Component: Footprint Not Found SOIC127P600X175-8N
Add Component: Footprint Not Found QFN40P900X900X90-77N-D
Add Component: Footprint Not Found ABM8G16000MHZB4YT
Add Component: Footprint Not Found ABM8G16000MHZB4YT
Add Pin To Net: Unknown Pin: Pin IC?A-3
Add Pin To Net: Unknown Pin: Pin IC?A-3
Add Pin To Net: Unknown Pin: Pin IC?A-4
Add Pin To Net: Unknown Pin: Pin IC?A-5
Add Pin To Net: Unknown Pin: Pin IC?A-6
Add Pin To Net: Unknown Pin: Pin IC?A-7
Add Pin To Net: Unknown Pin: Pin IC?A-7
Add Pin To Net: Unknown Pin: Pin IC?A-8
Add Pin To Net: Unknown Pin: Pin IC?A-8
Add Pin To Net: Unknown Pin: Pin IC?A-9
Add Pin To Net: Unknown Pin: Pin IC?A-12
Add Pin To Net: Unknown Pin: Pin IC?A-15
Add Pin To Net: Unknown Pin: Pin IC?A-16
Add Pin To Net: Unknown Pin: Pin IC?A-17
Add Pin To Net: Unknown Pin: Pin IC?A-20
Add Pin To Net: Unknown Pin: Pin IC?A-21
Add Pin To Net: Unknown Pin: Pin IC?A-22
Add Pin To Net: Unknown Pin: Pin IC?A-23
Add Pin To Net: Unknown Pin: Pin IC?A-24
Add Pin To Net: Unknown Pin: Pin IC?A-29
Add Pin To Net: Unknown Pin: Pin IC?A-36
Add Pin To Net: Unknown Pin: Pin IC?A-37
Add Pin To Net: Unknown Pin: Pin IC?A-38
Add Pin To Net: Unknown Pin: Pin IC?A-39
Add Pin To Net: Unknown Pin: Pin IC?A-40
Add Pin To Net: Unknown Pin: Pin IC?A-43
Add Pin To Net: Unknown Pin: Pin IC?A-44
Add Pin To Net: Unknown Pin: Pin IC?A-45
Add Pin To Net: Unknown Pin: Pin IC?A-46
Add Pin To Net: Unknown Pin: Pin IC?A-49
Add Pin To Net: Unknown Pin: Pin IC?A-52
Add Pin To Net: Unknown Pin: Pin IC?A-57
Add Pin To Net: Unknown Pin: Pin IC?A-58
Add Pin To Net: Unknown Pin: Pin IC?A-61
Add Pin To Net: Unknown Pin: Pin IC?A-64
Add Pin To Net: Unknown Pin: Pin IC?A-65
Add Pin To Net: Unknown Pin: Pin IC?A-66
Add Pin To Net: Unknown Pin: Pin IC?A-67
Add Pin To Net: Unknown Pin: Pin IC?A-70
Add Pin To Net: Unknown Pin: Pin IC?A-73
Add Pin To Net: Unknown Pin: Pin IC?A-74
Add Pin To Net: Unknown Pin: Pin IC?A-75
Add Pin To Net: Unknown Pin: Pin IC?A-76
Add Pin To Net: Unknown Pin: Pin IC?A-77
Add Pin To Net: Unknown Pin: Pin IC?B-3
Add Pin To Net: Unknown Pin: Pin IC?B-3
Add Pin To Net: Unknown Pin: Pin IC?B-4
Add Pin To Net: Unknown Pin: Pin IC?B-5
Add Pin To Net: Unknown Pin: Pin IC?B-6
Add Pin To Net: Unknown Pin: Pin IC?B-7
Add Pin To Net: Unknown Pin: Pin IC?B-7
Add Pin To Net: Unknown Pin: Pin IC?B-8
Add Pin To Net: Unknown Pin: Pin IC?B-8
Add Pin To Net: Unknown Pin: Pin IC?B-9
Add Pin To Net: Unknown Pin: Pin IC?B-12
Add Pin To Net: Unknown Pin: Pin IC?B-15
Add Pin To Net: Unknown Pin: Pin IC?B-16
Add Pin To Net: Unknown Pin: Pin IC?B-17
Add Pin To Net: Unknown Pin: Pin IC?B-20
Add Pin To Net: Unknown Pin: Pin IC?B-21
Add Pin To Net: Unknown Pin: Pin IC?B-22
Add Pin To Net: Unknown Pin: Pin IC?B-23
Add Pin To Net: Unknown Pin: Pin IC?B-24
Add Pin To Net: Unknown Pin: Pin IC?B-29
Add Pin To Net: Unknown Pin: Pin IC?B-36
Add Pin To Net: Unknown Pin: Pin IC?B-37
Add Pin To Net: Unknown Pin: Pin IC?B-38
Add Pin To Net: Unknown Pin: Pin IC?B-39
Add Pin To Net: Unknown Pin: Pin IC?B-40
Add Pin To Net: Unknown Pin: Pin IC?B-43
Add Pin To Net: Unknown Pin: Pin IC?B-44
Add Pin To Net: Unknown Pin: Pin IC?B-45
Add Pin To Net: Unknown Pin: Pin IC?B-46
Add Pin To Net: Unknown Pin: Pin IC?B-49
Add Pin To Net: Unknown Pin: Pin IC?B-52
Add Pin To Net: Unknown Pin: Pin IC?B-57
Add Pin To Net: Unknown Pin: Pin IC?B-58
Add Pin To Net: Unknown Pin: Pin IC?B-61
Add Pin To Net: Unknown Pin: Pin IC?B-64
Add Pin To Net: Unknown Pin: Pin IC?B-65
Add Pin To Net: Unknown Pin: Pin IC?B-66
Add Pin To Net: Unknown Pin: Pin IC?B-67
Add Pin To Net: Unknown Pin: Pin IC?B-70
Add Pin To Net: Unknown Pin: Pin IC?B-73
Add Pin To Net: Unknown Pin: Pin IC?B-74
Add Pin To Net: Unknown Pin: Pin IC?B-75
Add Pin To Net: Unknown Pin: Pin IC?B-76
Add Pin To Net: Unknown Pin: Pin IC?B-77
Add Pin To Net: Unknown Pin: Pin Y?A-1
Add Pin To Net: Unknown Pin: Pin Y?A-2
Add Pin To Net: Unknown Pin: Pin Y?A-3
Add Pin To Net: Unknown Pin: Pin Y?A-4
Add Pin To Net: Unknown Pin: Pin Y?B-1
Add Pin To Net: Unknown Pin: Pin Y?B-2
Add Pin To Net: Unknown Pin: Pin Y?B-3
Add Pin To Net: Unknown Pin: Pin Y?B-4
Add Differential Pair: Number of nets in differential pair NetC3A_1 is 1 instead of 2
Add Differential Pair: Number of nets in differential pair NetC3B_1 is 1 instead of 2
Add Differential Pair: Number of nets in differential pair NetC4A_1 is 1 instead of 2
Add Differential Pair: Number of nets in differential pair NetC4B_1 is 1 instead of 2
Add Differential Pair: Number of nets in differential pair NetJ1A_2 is 1 instead of 2
Add Differential Pair: Number of nets in differential pair NetJ1A_3 is 1 instead of 2
Add Differential Pair: Number of nets in differential pair NetJ1A_5 is 1 instead of 2
Add Differential Pair: Number of nets in differential pair NetJ1A_6 is 1 instead of 2
Add Differential Pair: Number of nets in differential pair NetJ1B_2 is 1 instead of 2
Add Differential Pair: Number of nets in differential pair NetJ1B_3 is 1 instead of 2
Add Differential Pair: Number of nets in differential pair NetJ1B_5 is 1 instead of 2
Add Differential Pair: Number of nets in differential pair NetJ1B_6 is 1 instead of 2
Add Class Member: Failed to add class member : Component IC?A (IC?) VL817-Q7_B0_
Add Class Member: Failed to add class member : Component IC?A (IC?) SST25VF512A-33-4C-SAE
Add Class Member: Failed to add class member : Component IC?B (IC?) SST25VF512A-33-4C-SAE
Add Class Member: Failed to add class member : Component IC?B (IC?) VL817-Q7_B0_
Add Class Member: Failed to add class member : Component Y?A (Y?) ABM8G-25.000MHZ-18-D-2-Y-T3
Add Class Member: Failed to add class member : Component Y?B (Y?) ABM8G-25.000MHZ-18-D-2-Y-T3
