Removed Member From Class: ClassName=RF Member=NetC38_1
Removed Member From Class: ClassName=RF Member=NetC39_1
Removed Member From Class: ClassName=RF Member=NetC43A_1
Removed Member From Class: ClassName=RF Member=NetC43A_2
Removed Member From Class: ClassName=RF Member=NetC43B_1
Removed Member From Class: ClassName=RF Member=NetC43B_2
Removed Member From Class: ClassName=RF Member=NetC43C_1
Removed Member From Class: ClassName=RF Member=NetC43C_2
Removed Member From Class: ClassName=RF Member=NetC43D_1
Removed Member From Class: ClassName=RF Member=NetC43D_2
Change Component Designator: OldDesignator=C37 NewDesignator=C39
Change Component Designator: OldDesignator=C38 NewDesignator=C40
Change Component Designator: OldDesignator=C39 NewDesignator=C41
Change Component Designator: OldDesignator=C40 NewDesignator=C42
Change Component Designator: OldDesignator=C41 NewDesignator=C43
Change Component Designator: OldDesignator=C42 NewDesignator=C44
Change Component Designator: OldDesignator=C43A NewDesignator=C45A
Change Component Designator: OldDesignator=C43B NewDesignator=C45B
Change Component Designator: OldDesignator=C43C NewDesignator=C45C
Change Component Designator: OldDesignator=C43D NewDesignator=C45D
Change Component Designator: OldDesignator=C44A NewDesignator=C46A
Change Component Designator: OldDesignator=C44B NewDesignator=C46B
Change Component Designator: OldDesignator=C44C NewDesignator=C46C
Change Component Designator: OldDesignator=C44D NewDesignator=C46D
Change Component Designator: OldDesignator=C45A NewDesignator=C47A
Change Component Designator: OldDesignator=C45B NewDesignator=C47B
Change Component Designator: OldDesignator=C45C NewDesignator=C47C
Change Component Designator: OldDesignator=C45D NewDesignator=C47D
Change Component Designator: OldDesignator=C46A NewDesignator=C48A
Change Component Designator: OldDesignator=C46B NewDesignator=C48B
Change Component Designator: OldDesignator=C46C NewDesignator=C48C
Change Component Designator: OldDesignator=C46D NewDesignator=C48D
Change Component Designator: OldDesignator=C47A NewDesignator=C49A
Change Component Designator: OldDesignator=C47B NewDesignator=C49B
Change Component Designator: OldDesignator=C47C NewDesignator=C49C
Change Component Designator: OldDesignator=C47D NewDesignator=C49D
Change Component Designator: OldDesignator=C48A NewDesignator=C50A
Change Component Designator: OldDesignator=C48B NewDesignator=C50B
Change Component Designator: OldDesignator=C48C NewDesignator=C50C
Change Component Designator: OldDesignator=C48D NewDesignator=C50D
Change Component Designator: OldDesignator=C49A NewDesignator=C51A
Change Component Designator: OldDesignator=C49B NewDesignator=C51B
Change Component Designator: OldDesignator=C49C NewDesignator=C51C
Change Component Designator: OldDesignator=C49D NewDesignator=C51D
Change Component Designator: OldDesignator=C50A NewDesignator=C52A
Change Component Designator: OldDesignator=C50B NewDesignator=C52B
Change Component Designator: OldDesignator=C50C NewDesignator=C52C
Change Component Designator: OldDesignator=C50D NewDesignator=C52D
Change Component Designator: OldDesignator=C51A NewDesignator=C53A
Change Component Designator: OldDesignator=C51B NewDesignator=C53B
Change Component Designator: OldDesignator=C51C NewDesignator=C53C
Change Component Designator: OldDesignator=C51D NewDesignator=C53D
Change Component Designator: OldDesignator=C52A NewDesignator=C54A
Change Component Designator: OldDesignator=C52B NewDesignator=C54B
Change Component Designator: OldDesignator=C52C NewDesignator=C54C
Change Component Designator: OldDesignator=C52D NewDesignator=C54D
Change Component Designator: OldDesignator=C53A NewDesignator=C55A
Change Component Designator: OldDesignator=C53B NewDesignator=C55B
Change Component Designator: OldDesignator=C53C NewDesignator=C55C
Change Component Designator: OldDesignator=C53D NewDesignator=C55D
Change Component Designator: OldDesignator=C54A NewDesignator=C56A
Change Component Designator: OldDesignator=C54B NewDesignator=C56B
Change Component Designator: OldDesignator=C54C NewDesignator=C56C
Change Component Designator: OldDesignator=C54D NewDesignator=C56D
Change Component Designator: OldDesignator=C55A NewDesignator=C57A
Change Component Designator: OldDesignator=C55B NewDesignator=C57B
Change Component Designator: OldDesignator=C55C NewDesignator=C57C
Change Component Designator: OldDesignator=C55D NewDesignator=C57D
Change Component Designator: OldDesignator=C56A NewDesignator=C58A
Change Component Designator: OldDesignator=C56B NewDesignator=C58B
Change Component Designator: OldDesignator=C56C NewDesignator=C58C
Change Component Designator: OldDesignator=C56D NewDesignator=C58D
Change Component Designator: OldDesignator=C57A NewDesignator=C59A
Change Component Designator: OldDesignator=C57B NewDesignator=C59B
Change Component Designator: OldDesignator=C57C NewDesignator=C59C
Change Component Designator: OldDesignator=C57D NewDesignator=C59D
Change Component Designator: OldDesignator=C58A NewDesignator=C60A
Change Component Designator: OldDesignator=C58B NewDesignator=C60B
Change Component Designator: OldDesignator=C58C NewDesignator=C60C
Change Component Designator: OldDesignator=C58D NewDesignator=C60D
Change Component Designator: OldDesignator=C59A NewDesignator=C61A
Change Component Designator: OldDesignator=C59B NewDesignator=C61B
Change Component Designator: OldDesignator=C59C NewDesignator=C61C
Change Component Designator: OldDesignator=C59D NewDesignator=C61D
Change Component Designator: OldDesignator=C60A NewDesignator=C62A
Change Component Designator: OldDesignator=C60B NewDesignator=C62B
Change Component Designator: OldDesignator=C60C NewDesignator=C62C
Change Component Designator: OldDesignator=C60D NewDesignator=C62D
Change Component Designator: OldDesignator=C61A NewDesignator=C63A
Change Component Designator: OldDesignator=C61B NewDesignator=C63B
Change Component Designator: OldDesignator=C61C NewDesignator=C63C
Change Component Designator: OldDesignator=C61D NewDesignator=C63D
Change Component Designator: OldDesignator=C62A NewDesignator=C64A
Change Component Designator: OldDesignator=C62B NewDesignator=C64B
Change Component Designator: OldDesignator=C62C NewDesignator=C64C
Change Component Designator: OldDesignator=C62D NewDesignator=C64D
Change Component Designator: OldDesignator=C63A NewDesignator=C65A
Change Component Designator: OldDesignator=C63B NewDesignator=C65B
Change Component Designator: OldDesignator=C63C NewDesignator=C65C
Change Component Designator: OldDesignator=C63D NewDesignator=C65D
Change Component Designator: OldDesignator=C64A NewDesignator=C66A
Change Component Designator: OldDesignator=C64B NewDesignator=C66B
Change Component Designator: OldDesignator=C64C NewDesignator=C66C
Change Component Designator: OldDesignator=C64D NewDesignator=C66D
Change Component Designator: OldDesignator=C65A NewDesignator=C67A
Change Component Designator: OldDesignator=C65B NewDesignator=C67B
Change Component Designator: OldDesignator=C65C NewDesignator=C67C
Change Component Designator: OldDesignator=C65D NewDesignator=C67D
Change Component Designator: OldDesignator=C66A NewDesignator=C68A
Change Component Designator: OldDesignator=C66B NewDesignator=C68B
Change Component Designator: OldDesignator=C66C NewDesignator=C68C
Change Component Designator: OldDesignator=C66D NewDesignator=C68D
Change Component Designator: OldDesignator=C67A NewDesignator=C69A
Change Component Designator: OldDesignator=C67B NewDesignator=C69B
Change Component Designator: OldDesignator=C67C NewDesignator=C69C
Change Component Designator: OldDesignator=C67D NewDesignator=C69D
Change Component Designator: OldDesignator=C68A NewDesignator=C70A
Change Component Designator: OldDesignator=C68B NewDesignator=C70B
Change Component Designator: OldDesignator=C68C NewDesignator=C70C
Change Component Designator: OldDesignator=C68D NewDesignator=C70D
Change Component Designator: OldDesignator=C69A NewDesignator=C71A
Change Component Designator: OldDesignator=C69B NewDesignator=C71B
Change Component Designator: OldDesignator=C69C NewDesignator=C71C
Change Component Designator: OldDesignator=C69D NewDesignator=C71D
Change Component Designator: OldDesignator=C70A NewDesignator=C72A
Change Component Designator: OldDesignator=C70B NewDesignator=C72B
Change Component Designator: OldDesignator=C70C NewDesignator=C72C
Change Component Designator: OldDesignator=C70D NewDesignator=C72D
Change Component Designator: OldDesignator=C71A NewDesignator=C73A
Change Component Designator: OldDesignator=C71B NewDesignator=C73B
Change Component Designator: OldDesignator=C71C NewDesignator=C73C
Change Component Designator: OldDesignator=C71D NewDesignator=C73D
Change Component Designator: OldDesignator=C72A NewDesignator=C74A
Change Component Designator: OldDesignator=C72B NewDesignator=C74B
Change Component Designator: OldDesignator=C72C NewDesignator=C74C
Change Component Designator: OldDesignator=C72D NewDesignator=C74D
Change Component Designator: OldDesignator=C73A NewDesignator=C75A
Change Component Designator: OldDesignator=C73B NewDesignator=C75B
Change Component Designator: OldDesignator=C73C NewDesignator=C75C
Change Component Designator: OldDesignator=C73D NewDesignator=C75D
Change Component Designator: OldDesignator=C74A NewDesignator=C76A
Change Component Designator: OldDesignator=C74B NewDesignator=C76B
Change Component Designator: OldDesignator=C74C NewDesignator=C76C
Change Component Designator: OldDesignator=C74D NewDesignator=C76D
Change Component Designator: OldDesignator=C75A NewDesignator=C77A
Change Component Designator: OldDesignator=C75B NewDesignator=C77B
Change Component Designator: OldDesignator=C75C NewDesignator=C77C
Change Component Designator: OldDesignator=C75D NewDesignator=C77D
Change Component Designator: OldDesignator=C76A NewDesignator=C78A
Change Component Designator: OldDesignator=C76B NewDesignator=C78B
Change Component Designator: OldDesignator=C76C NewDesignator=C78C
Change Component Designator: OldDesignator=C76D NewDesignator=C78D
Change Component Designator: OldDesignator=C77A NewDesignator=C79A
Change Component Designator: OldDesignator=C77B NewDesignator=C79B
Change Component Designator: OldDesignator=C77C NewDesignator=C79C
Change Component Designator: OldDesignator=C77D NewDesignator=C79D
Change Component Designator: OldDesignator=C78 NewDesignator=C37
Change Component Designator: OldDesignator=C79 NewDesignator=C38
Change Component Designator: OldDesignator=D4A NewDesignator=D5A
Change Component Designator: OldDesignator=D4B NewDesignator=D5B
Change Component Designator: OldDesignator=D4C NewDesignator=D5C
Change Component Designator: OldDesignator=D4D NewDesignator=D5D
Change Component Designator: OldDesignator=J5A NewDesignator=J7A
Change Component Designator: OldDesignator=J5B NewDesignator=J7B
Change Component Designator: OldDesignator=J5C NewDesignator=J7C
Change Component Designator: OldDesignator=J5D NewDesignator=J7D
Change Component Designator: OldDesignator=J8 NewDesignator=J5
Change Component Designator: OldDesignator=R31 NewDesignator=R32
Change Component Designator: OldDesignator=R32 NewDesignator=R41
Change Component Designator: OldDesignator=R34 NewDesignator=R42
Change Component Designator: OldDesignator=R35 NewDesignator=R34
Change Component Designator: OldDesignator=R36 NewDesignator=R35
Change Component Designator: OldDesignator=R37 NewDesignator=R36
Change Component Designator: OldDesignator=R38 NewDesignator=R37
Change Component Designator: OldDesignator=R39 NewDesignator=R38
Change Component Designator: OldDesignator=R40 NewDesignator=R39
Change Component Designator: OldDesignator=R41 NewDesignator=R40
Change Component Designator: OldDesignator=R42A NewDesignator=R43A
Change Component Designator: OldDesignator=R42B NewDesignator=R43B
Change Component Designator: OldDesignator=R42C NewDesignator=R43C
Change Component Designator: OldDesignator=R42D NewDesignator=R43D
Change Component Designator: OldDesignator=R43A NewDesignator=R44A
Change Component Designator: OldDesignator=R43B NewDesignator=R44B
Change Component Designator: OldDesignator=R43C NewDesignator=R44C
Change Component Designator: OldDesignator=R43D NewDesignator=R44D
Change Component Designator: OldDesignator=R44A NewDesignator=R45A
Change Component Designator: OldDesignator=R44B NewDesignator=R45B
Change Component Designator: OldDesignator=R44C NewDesignator=R45C
Change Component Designator: OldDesignator=R44D NewDesignator=R45D
Change Component Designator: OldDesignator=R45A NewDesignator=R46A
Change Component Designator: OldDesignator=R45B NewDesignator=R46B
Change Component Designator: OldDesignator=R45C NewDesignator=R46C
Change Component Designator: OldDesignator=R45D NewDesignator=R46D
Change Component Designator: OldDesignator=R46A NewDesignator=R47A
Change Component Designator: OldDesignator=R46B NewDesignator=R47B
Change Component Designator: OldDesignator=R46C NewDesignator=R47C
Change Component Designator: OldDesignator=R46D NewDesignator=R47D
Change Component Designator: OldDesignator=R47A NewDesignator=R48A
Change Component Designator: OldDesignator=R47B NewDesignator=R48B
Change Component Designator: OldDesignator=R47C NewDesignator=R48C
Change Component Designator: OldDesignator=R47D NewDesignator=R48D
Change Component Designator: OldDesignator=R48A NewDesignator=R49A
Change Component Designator: OldDesignator=R48B NewDesignator=R49B
Change Component Designator: OldDesignator=R48C NewDesignator=R49C
Change Component Designator: OldDesignator=R48D NewDesignator=R49D
Change Component Designator: OldDesignator=R49A NewDesignator=R50A
Change Component Designator: OldDesignator=R49B NewDesignator=R50B
Change Component Designator: OldDesignator=R49C NewDesignator=R50C
Change Component Designator: OldDesignator=R49D NewDesignator=R50D
Change Component Designator: OldDesignator=R50A NewDesignator=R51A
Change Component Designator: OldDesignator=R50B NewDesignator=R51B
Change Component Designator: OldDesignator=R50C NewDesignator=R51C
Change Component Designator: OldDesignator=R50D NewDesignator=R51D
Change Component Designator: OldDesignator=R51A NewDesignator=R52A
Change Component Designator: OldDesignator=R51B NewDesignator=R52B
Change Component Designator: OldDesignator=R51C NewDesignator=R52C
Change Component Designator: OldDesignator=R51D NewDesignator=R52D
Change Component Designator: OldDesignator=R52A NewDesignator=R53A
Change Component Designator: OldDesignator=R52B NewDesignator=R53B
Change Component Designator: OldDesignator=R52C NewDesignator=R53C
Change Component Designator: OldDesignator=R52D NewDesignator=R53D
Change Component Designator: OldDesignator=R53A NewDesignator=R54A
Change Component Designator: OldDesignator=R53B NewDesignator=R54B
Change Component Designator: OldDesignator=R53C NewDesignator=R54C
Change Component Designator: OldDesignator=R53D NewDesignator=R54D
Change Component Designator: OldDesignator=R54 NewDesignator=R31
Change Component Designator: OldDesignator=U2 NewDesignator=U3
Change Component Designator: OldDesignator=U3A NewDesignator=U4A
Change Component Designator: OldDesignator=U3B NewDesignator=U4B
Change Component Designator: OldDesignator=U3C NewDesignator=U4C
Change Component Designator: OldDesignator=U3D NewDesignator=U4D
Change Component Designator: OldDesignator=U4A NewDesignator=U5A
Change Component Designator: OldDesignator=U4B NewDesignator=U5B
Change Component Designator: OldDesignator=U4C NewDesignator=U5C
Change Component Designator: OldDesignator=U4D NewDesignator=U5D
Change Component Designator: OldDesignator=U5A NewDesignator=U6A
Change Component Designator: OldDesignator=U5B NewDesignator=U6B
Change Component Designator: OldDesignator=U5C NewDesignator=U6C
Change Component Designator: OldDesignator=U5D NewDesignator=U6D
Change Component Designator: OldDesignator=U7 NewDesignator=U2
Added Component: Designator=D4(DIOM449X264X300L114X135N)
Add component (AddParameter): Name = "Availability"; Value = "Unavailable"; VariantName = "[No Variations]"
Add component (AddParameter): Name = "MF"; Value = "ON Semiconductor"; VariantName = "[No Variations]"
Add component (AddParameter): Name = "MP"; Value = "EGF1B"; VariantName = "[No Variations]"
Add component (AddParameter): Name = "Package"; Value = "DO-214AC-214 ON Semiconductor"; VariantName = "[No Variations]"
Add component (AddParameter): Name = "Price"; Value = "None"; VariantName = "[No Variations]"
Add component (AddParameter): Name = "SnapEDA_Link"; Value = "https://www.snapeda.com/parts/EGF1B/ON%20Semiconductor/view-part/1790489/?ref=snap"; VariantName = "[No Variations]"
Add component (AddParameter): Name = "Value"; Value = ""; VariantName = "[No Variations]"
Added Component: Designator=P1(691322110002)
Add component (AddParameter): Name = "Application"; Value = "Pluggable"; VariantName = "[No Variations]"
Add component (AddParameter): Name = "ComponentLink1Description"; Value = "Manufacturer"; VariantName = "[No Variations]"
Add component (AddParameter): Name = "ComponentLink1URL"; Value = "http://www.we-online.de"; VariantName = "[No Variations]"
Add component (AddParameter): Name = "ComponentLink2Description"; Value = "Datasheet"; VariantName = "[No Variations]"
Add component (AddParameter): Name = "ComponentLink2URL"; Value = "https://katalog.we-online.de/em/datasheet/691322110002.pdf"; VariantName = "[No Variations]"
Add component (AddParameter): Name = "Manufacturer"; Value = "Wurth Elektronik"; VariantName = "[No Variations]"
Add component (AddParameter): Name = "Manufacturer Part Number"; Value = "691322110002"; VariantName = "[No Variations]"
Add component (AddParameter): Name = "Modularity"; Value = "No"; VariantName = "[No Variations]"
Add component (AddParameter): Name = "Mounting Technology"; Value = "THT"; VariantName = "[No Variations]"
Add component (AddParameter): Name = "Operating Temperature"; Value = "-40 to +105degC"; VariantName = "[No Variations]"
Add component (AddParameter): Name = "Packaging"; Value = "Box"; VariantName = "[No Variations]"
Add component (AddParameter): Name = "PCB/Cable/Panel"; Value = "PCB"; VariantName = "[No Variations]"
Add component (AddParameter): Name = "Pin Number"; Value = "2"; VariantName = "[No Variations]"
Add component (AddParameter): Name = "Pitch"; Value = "3.5mm"; VariantName = "[No Variations]"
Add component (AddParameter): Name = "Published Date"; Value = "Feburary 2021"; VariantName = "[No Variations]"
Add component (AddParameter): Name = "Rated Current [UL]"; Value = "10A"; VariantName = "[No Variations]"
Add component (AddParameter): Name = "Type"; Value = "Horizontal"; VariantName = "[No Variations]"
Add component (AddParameter): Name = "Working Voltage [UL]"; Value = "300VAC"; VariantName = "[No Variations]"
Added Pin To Net: NetName=5VBus Pin=D4-A
Added Pin To Net: NetName=VBUS Pin=D4-C
Added Pin To Net: NetName=GND Pin=P1-1
Added Pin To Net: NetName=VBUS Pin=P1-2
Change Net Name : Old Net Name=NetC37_1 New Net Name=NetC39_1
Change Net Name : Old Net Name=NetC38_1 New Net Name=NetC40_1
Change Net Name : Old Net Name=NetC39_1 New Net Name=NetC41_1
Change Net Name : Old Net Name=NetC40_1 New Net Name=NetC42_1
Change Net Name : Old Net Name=NetC41_1 New Net Name=NetC43_1
Change Net Name : Old Net Name=NetC42_1 New Net Name=NetC44_1
Change Net Name : Old Net Name=NetC43A_1 New Net Name=NetC45A_1
Change Net Name : Old Net Name=NetC43A_2 New Net Name=NetC45A_2
Change Net Name : Old Net Name=NetC43B_1 New Net Name=NetC45B_1
Change Net Name : Old Net Name=NetC43B_2 New Net Name=NetC45B_2
Change Net Name : Old Net Name=NetC43C_1 New Net Name=NetC45C_1
Change Net Name : Old Net Name=NetC43C_2 New Net Name=NetC45C_2
Change Net Name : Old Net Name=NetC43D_1 New Net Name=NetC45D_1
Change Net Name : Old Net Name=NetC43D_2 New Net Name=NetC45D_2
Change Net Name : Old Net Name=NetC52A_2 New Net Name=NetC54A_2
Change Net Name : Old Net Name=NetC52B_2 New Net Name=NetC54B_2
Change Net Name : Old Net Name=NetC52C_2 New Net Name=NetC54C_2
Change Net Name : Old Net Name=NetC52D_2 New Net Name=NetC54D_2
Change Net Name : Old Net Name=NetC53A_2 New Net Name=NetC55A_2
Change Net Name : Old Net Name=NetC53B_2 New Net Name=NetC55B_2
Change Net Name : Old Net Name=NetC53C_2 New Net Name=NetC55C_2
Change Net Name : Old Net Name=NetC53D_2 New Net Name=NetC55D_2
Change Net Name : Old Net Name=NetC54A_1 New Net Name=NetC56A_1
Change Net Name : Old Net Name=NetC54B_1 New Net Name=NetC56B_1
Change Net Name : Old Net Name=NetC54C_1 New Net Name=NetC56C_1
Change Net Name : Old Net Name=NetC54D_1 New Net Name=NetC56D_1
Change Net Name : Old Net Name=NetC57A_2 New Net Name=NetC59A_2
Change Net Name : Old Net Name=NetC57B_2 New Net Name=NetC59B_2
Change Net Name : Old Net Name=NetC57C_2 New Net Name=NetC59C_2
Change Net Name : Old Net Name=NetC57D_2 New Net Name=NetC59D_2
Change Net Name : Old Net Name=NetC58A_1 New Net Name=NetC60A_1
Change Net Name : Old Net Name=NetC58B_1 New Net Name=NetC60B_1
Change Net Name : Old Net Name=NetC58C_1 New Net Name=NetC60C_1
Change Net Name : Old Net Name=NetC58D_1 New Net Name=NetC60D_1
Change Net Name : Old Net Name=NetC60A_2 New Net Name=NetC62A_2
Change Net Name : Old Net Name=NetC60B_2 New Net Name=NetC62B_2
Change Net Name : Old Net Name=NetC60C_2 New Net Name=NetC62C_2
Change Net Name : Old Net Name=NetC60D_2 New Net Name=NetC62D_2
Change Net Name : Old Net Name=NetC63A_1 New Net Name=NetC65A_1
Change Net Name : Old Net Name=NetC63B_1 New Net Name=NetC65B_1
Change Net Name : Old Net Name=NetC63C_1 New Net Name=NetC65C_1
Change Net Name : Old Net Name=NetC63D_1 New Net Name=NetC65D_1
Change Net Name : Old Net Name=NetC65A_1 New Net Name=NetC67A_1
Change Net Name : Old Net Name=NetC65B_1 New Net Name=NetC67B_1
Change Net Name : Old Net Name=NetC65C_1 New Net Name=NetC67C_1
Change Net Name : Old Net Name=NetC65D_1 New Net Name=NetC67D_1
Change Net Name : Old Net Name=NetC66A_1 New Net Name=NetC68A_1
Change Net Name : Old Net Name=NetC66B_1 New Net Name=NetC68B_1
Change Net Name : Old Net Name=NetC66C_1 New Net Name=NetC68C_1
Change Net Name : Old Net Name=NetC66D_1 New Net Name=NetC68D_1
Change Net Name : Old Net Name=NetC69A_2 New Net Name=NetC71A_2
Change Net Name : Old Net Name=NetC69B_2 New Net Name=NetC71B_2
Change Net Name : Old Net Name=NetC69C_2 New Net Name=NetC71C_2
Change Net Name : Old Net Name=NetC69D_2 New Net Name=NetC71D_2
Change Net Name : Old Net Name=NetC70A_1 New Net Name=NetC72A_1
Change Net Name : Old Net Name=NetC70B_1 New Net Name=NetC72B_1
Change Net Name : Old Net Name=NetC70C_1 New Net Name=NetC72C_1
Change Net Name : Old Net Name=NetC70D_1 New Net Name=NetC72D_1
Change Net Name : Old Net Name=NetC76A_1 New Net Name=NetC78A_1
Change Net Name : Old Net Name=NetC76B_1 New Net Name=NetC78B_1
Change Net Name : Old Net Name=NetC76C_1 New Net Name=NetC78C_1
Change Net Name : Old Net Name=NetC76D_1 New Net Name=NetC78D_1
Change Net Name : Old Net Name=NetC77A_1 New Net Name=NetC79A_1
Change Net Name : Old Net Name=NetC77B_1 New Net Name=NetC79B_1
Change Net Name : Old Net Name=NetC77C_1 New Net Name=NetC79C_1
Change Net Name : Old Net Name=NetC77D_1 New Net Name=NetC79D_1
Change Net Name : Old Net Name=NetR43A_2 New Net Name=NetR44A_2
Change Net Name : Old Net Name=NetR43B_2 New Net Name=NetR44B_2
Change Net Name : Old Net Name=NetR43C_2 New Net Name=NetR44C_2
Change Net Name : Old Net Name=NetR43D_2 New Net Name=NetR44D_2
Change Net Name : Old Net Name=NetR47A_2 New Net Name=NetR48A_2
Change Net Name : Old Net Name=NetR47B_2 New Net Name=NetR48B_2
Change Net Name : Old Net Name=NetR47C_2 New Net Name=NetR48C_2
Change Net Name : Old Net Name=NetR47D_2 New Net Name=NetR48D_2
Change Net Name : Old Net Name=NetR52A_2 New Net Name=NetR53A_2
Change Net Name : Old Net Name=NetR52B_2 New Net Name=NetR53B_2
Change Net Name : Old Net Name=NetR52C_2 New Net Name=NetR53C_2
Change Net Name : Old Net Name=NetR52D_2 New Net Name=NetR53D_2
Change Net Name : Old Net Name=NetR53A_2 New Net Name=NetR54A_2
Change Net Name : Old Net Name=NetR53B_2 New Net Name=NetR54B_2
Change Net Name : Old Net Name=NetR53C_2 New Net Name=NetR54C_2
Change Net Name : Old Net Name=NetR53D_2 New Net Name=NetR54D_2
Change Net Name : Old Net Name=NetR54_1 New Net Name=NetR31_1
Added Member To Class: ClassName=RF Member=Wire NetC41_1
Added Member To Class: ClassName=RF Member=Wire NetC44_1
Added Member To Class: ClassName=RF Member=Wire NetC45A_1
Added Member To Class: ClassName=RF Member=Wire NetC45A_2
Added Member To Class: ClassName=RF Member=Wire NetC45B_1
Added Member To Class: ClassName=RF Member=Wire NetC45B_2
Added Member To Class: ClassName=RF Member=Wire NetC45C_1
Added Member To Class: ClassName=RF Member=Wire NetC45C_2
Added Member To Class: ClassName=RF Member=Wire NetC45D_1
Added Member To Class: ClassName=RF Member=Wire NetC45D_2
