Add Component: Footprint Not Found QFN40P900X900X90-77N-D
Add Component: Footprint Not Found QFN40P900X900X90-77N-D
Add Component: Footprint Not Found SOIC127P600X175-8N
Add Component: Footprint Not Found SOIC127P600X175-8N
Add Component: Footprint Not Found ABM8G16000MHZB4YT
Add Component: Footprint Not Found ABM8G16000MHZB4YT
Add Pin To Net: Unknown Pin: Pin IC1A-3
Add Pin To Net: Unknown Pin: Pin IC1A-6
Add Pin To Net: Unknown Pin: Pin IC1A-7
Add Pin To Net: Unknown Pin: Pin IC1A-8
Add Pin To Net: Unknown Pin: Pin IC1A-9
Add Pin To Net: Unknown Pin: Pin IC1A-12
Add Pin To Net: Unknown Pin: Pin IC1A-15
Add Pin To Net: Unknown Pin: Pin IC1A-16
Add Pin To Net: Unknown Pin: Pin IC1A-17
Add Pin To Net: Unknown Pin: Pin IC1A-20
Add Pin To Net: Unknown Pin: Pin IC1A-21
Add Pin To Net: Unknown Pin: Pin IC1A-22
Add Pin To Net: Unknown Pin: Pin IC1A-23
Add Pin To Net: Unknown Pin: Pin IC1A-24
Add Pin To Net: Unknown Pin: Pin IC1A-29
Add Pin To Net: Unknown Pin: Pin IC1A-36
Add Pin To Net: Unknown Pin: Pin IC1A-37
Add Pin To Net: Unknown Pin: Pin IC1A-38
Add Pin To Net: Unknown Pin: Pin IC1A-40
Add Pin To Net: Unknown Pin: Pin IC1A-43
Add Pin To Net: Unknown Pin: Pin IC1A-44
Add Pin To Net: Unknown Pin: Pin IC1A-45
Add Pin To Net: Unknown Pin: Pin IC1A-46
Add Pin To Net: Unknown Pin: Pin IC1A-49
Add Pin To Net: Unknown Pin: Pin IC1A-52
Add Pin To Net: Unknown Pin: Pin IC1A-58
Add Pin To Net: Unknown Pin: Pin IC1A-61
Add Pin To Net: Unknown Pin: Pin IC1A-64
Add Pin To Net: Unknown Pin: Pin IC1A-65
Add Pin To Net: Unknown Pin: Pin IC1A-66
Add Pin To Net: Unknown Pin: Pin IC1A-67
Add Pin To Net: Unknown Pin: Pin IC1A-70
Add Pin To Net: Unknown Pin: Pin IC1A-73
Add Pin To Net: Unknown Pin: Pin IC1A-74
Add Pin To Net: Unknown Pin: Pin IC1A-75
Add Pin To Net: Unknown Pin: Pin IC1A-76
Add Pin To Net: Unknown Pin: Pin IC1A-77
Add Pin To Net: Unknown Pin: Pin IC1B-3
Add Pin To Net: Unknown Pin: Pin IC1B-6
Add Pin To Net: Unknown Pin: Pin IC1B-7
Add Pin To Net: Unknown Pin: Pin IC1B-8
Add Pin To Net: Unknown Pin: Pin IC1B-9
Add Pin To Net: Unknown Pin: Pin IC1B-12
Add Pin To Net: Unknown Pin: Pin IC1B-15
Add Pin To Net: Unknown Pin: Pin IC1B-20
Add Pin To Net: Unknown Pin: Pin IC1B-21
Add Pin To Net: Unknown Pin: Pin IC1B-22
Add Pin To Net: Unknown Pin: Pin IC1B-23
Add Pin To Net: Unknown Pin: Pin IC1B-24
Add Pin To Net: Unknown Pin: Pin IC1B-29
Add Pin To Net: Unknown Pin: Pin IC1B-36
Add Pin To Net: Unknown Pin: Pin IC1B-37
Add Pin To Net: Unknown Pin: Pin IC1B-38
Add Pin To Net: Unknown Pin: Pin IC1B-40
Add Pin To Net: Unknown Pin: Pin IC1B-43
Add Pin To Net: Unknown Pin: Pin IC1B-44
Add Pin To Net: Unknown Pin: Pin IC1B-45
Add Pin To Net: Unknown Pin: Pin IC1B-46
Add Pin To Net: Unknown Pin: Pin IC1B-49
Add Pin To Net: Unknown Pin: Pin IC1B-52
Add Pin To Net: Unknown Pin: Pin IC1B-58
Add Pin To Net: Unknown Pin: Pin IC1B-61
Add Pin To Net: Unknown Pin: Pin IC1B-64
Add Pin To Net: Unknown Pin: Pin IC1B-65
Add Pin To Net: Unknown Pin: Pin IC1B-66
Add Pin To Net: Unknown Pin: Pin IC1B-67
Add Pin To Net: Unknown Pin: Pin IC1B-70
Add Pin To Net: Unknown Pin: Pin IC1B-73
Add Pin To Net: Unknown Pin: Pin IC1B-74
Add Pin To Net: Unknown Pin: Pin IC1B-75
Add Pin To Net: Unknown Pin: Pin IC1B-76
Add Pin To Net: Unknown Pin: Pin IC1B-77
Add Pin To Net: Unknown Pin: Pin IC2A-4
Add Pin To Net: Unknown Pin: Pin IC2A-5
Add Pin To Net: Unknown Pin: Pin IC2A-8
Add Pin To Net: Unknown Pin: Pin IC2B-4
Add Pin To Net: Unknown Pin: Pin IC2B-5
Add Pin To Net: Unknown Pin: Pin IC2B-8
Add Pin To Net: Unknown Pin: Pin Y1A-1
Add Pin To Net: Unknown Pin: Pin Y1A-2
Add Pin To Net: Unknown Pin: Pin Y1A-3
Add Pin To Net: Unknown Pin: Pin Y1A-4
Add Pin To Net: Unknown Pin: Pin Y1B-1
Add Pin To Net: Unknown Pin: Pin Y1B-2
Add Pin To Net: Unknown Pin: Pin Y1B-3
Add Pin To Net: Unknown Pin: Pin Y1B-4
Added Pin To Net: NetName=NetIC1A_39 Pin=L1A-1
Added Net: Name=NetIC1A_39
Added Pin To Net: NetName=NetIC1A_57 Pin=R6A-2
Added Net: Name=NetIC1A_57
Added Net: Name=NetIC1B_16
Added Net: Name=NetIC1B_17
Added Pin To Net: NetName=NetIC1B_39 Pin=L1B-1
Added Net: Name=NetIC1B_39
Added Pin To Net: NetName=NetIC1B_57 Pin=R6B-2
Added Net: Name=NetIC1B_57
Added Pin To Net: NetName=NetIC2A_3 Pin=R9A-1
Added Net: Name=NetIC2A_3
Added Pin To Net: NetName=NetIC2A_7 Pin=R10A-1
Added Net: Name=NetIC2A_7
Added Pin To Net: NetName=NetIC2B_3 Pin=R9B-1
Added Net: Name=NetIC2B_3
Added Pin To Net: NetName=NetIC2B_7 Pin=R10B-1
Added Net: Name=NetIC2B_7
Add Differential Pair: Number of nets in differential pair NetC3A_1 is 1 instead of 2
Add Differential Pair: Number of nets in differential pair NetC3B_1 is 1 instead of 2
Add Differential Pair: Number of nets in differential pair NetC4A_1 is 1 instead of 2
Add Differential Pair: Number of nets in differential pair NetC4B_1 is 1 instead of 2
Add Differential Pair: Number of nets in differential pair NetJ1A_2 is 1 instead of 2
Add Differential Pair: Number of nets in differential pair NetJ1A_3 is 1 instead of 2
Add Differential Pair: Number of nets in differential pair NetJ1A_5 is 1 instead of 2
Add Differential Pair: Number of nets in differential pair NetJ1A_6 is 1 instead of 2
Add Differential Pair: Number of nets in differential pair NetJ1B_2 is 1 instead of 2
Add Differential Pair: Number of nets in differential pair NetJ1B_3 is 1 instead of 2
Add Differential Pair: Number of nets in differential pair NetJ1B_5 is 1 instead of 2
Add Differential Pair: Number of nets in differential pair NetJ1B_6 is 1 instead of 2
Add Class Member: Failed to add class member : Component IC1A (IC1) VL817-Q7_B0_
Add Class Member: Failed to add class member : Component IC1B (IC1) VL817-Q7_B0_
Add Class Member: Failed to add class member : Component IC2A (IC2) SST25VF512A-33-4C-SAE
Add Class Member: Failed to add class member : Component IC2B (IC2) SST25VF512A-33-4C-SAE
Add Class Member: Failed to add class member : Component Y1A (Y1) ABM8G-25.000MHZ-18-D-2-Y-T3
Add Class Member: Failed to add class member : Component Y1B (Y1) ABM8G-25.000MHZ-18-D-2-Y-T3
