Change Component Designator: OldDesignator=C1 NewDesignator=C7
Change Component Designator: OldDesignator=C2A NewDesignator=C11A
Change Component Designator: OldDesignator=C2B NewDesignator=C11B
Change Component Designator: OldDesignator=C3A NewDesignator=C12A
Change Component Designator: OldDesignator=C3B NewDesignator=C12B
Change Component Designator: OldDesignator=C4A NewDesignator=C13A
Change Component Designator: OldDesignator=C4B NewDesignator=C13B
Change Component Designator: OldDesignator=C5A NewDesignator=C14A
Change Component Designator: OldDesignator=C5B NewDesignator=C14B
Change Component Designator: OldDesignator=C6A NewDesignator=C15A
Change Component Designator: OldDesignator=C6B NewDesignator=C15B
Change Component Designator: OldDesignator=C7A NewDesignator=C16A
Change Component Designator: OldDesignator=C7B NewDesignator=C16B
Change Component Designator: OldDesignator=C8A NewDesignator=C17A
Change Component Designator: OldDesignator=C8B NewDesignator=C17B
Change Component Designator: OldDesignator=C9 NewDesignator=C18
Change Component Designator: OldDesignator=C10 NewDesignator=C19
Change Component Designator: OldDesignator=C11A NewDesignator=C22A
Change Component Designator: OldDesignator=C11B NewDesignator=C22B
Change Component Designator: OldDesignator=C11C NewDesignator=C22C
Change Component Designator: OldDesignator=C11D NewDesignator=C22D
Change Component Designator: OldDesignator=C12A NewDesignator=C23A
Change Component Designator: OldDesignator=C12B NewDesignator=C23B
Change Component Designator: OldDesignator=C12C NewDesignator=C23C
Change Component Designator: OldDesignator=C12D NewDesignator=C23D
Change Component Designator: OldDesignator=C13A NewDesignator=C24A
Change Component Designator: OldDesignator=C13B NewDesignator=C24B
Change Component Designator: OldDesignator=C13C NewDesignator=C24C
Change Component Designator: OldDesignator=C13D NewDesignator=C24D
Change Component Designator: OldDesignator=C14A NewDesignator=C25A
Change Component Designator: OldDesignator=C14B NewDesignator=C25B
Change Component Designator: OldDesignator=C14C NewDesignator=C25C
Change Component Designator: OldDesignator=C14D NewDesignator=C25D
Change Component Designator: OldDesignator=C15A NewDesignator=C26A
Change Component Designator: OldDesignator=C15B NewDesignator=C26B
Change Component Designator: OldDesignator=C15C NewDesignator=C26C
Change Component Designator: OldDesignator=C15D NewDesignator=C26D
Change Component Designator: OldDesignator=C16A NewDesignator=C27A
Change Component Designator: OldDesignator=C16B NewDesignator=C27B
Change Component Designator: OldDesignator=C16C NewDesignator=C27C
Change Component Designator: OldDesignator=C16D NewDesignator=C27D
Change Component Designator: OldDesignator=C17A NewDesignator=C28A
Change Component Designator: OldDesignator=C17B NewDesignator=C28B
Change Component Designator: OldDesignator=C17C NewDesignator=C28C
Change Component Designator: OldDesignator=C17D NewDesignator=C28D
Change Component Designator: OldDesignator=C18A NewDesignator=C29A
Change Component Designator: OldDesignator=C18B NewDesignator=C29B
Change Component Designator: OldDesignator=C18C NewDesignator=C29C
Change Component Designator: OldDesignator=C18D NewDesignator=C29D
Change Component Designator: OldDesignator=C19A NewDesignator=C30A
Change Component Designator: OldDesignator=C19B NewDesignator=C30B
Change Component Designator: OldDesignator=C19C NewDesignator=C30C
Change Component Designator: OldDesignator=C19D NewDesignator=C30D
Change Component Designator: OldDesignator=C20A NewDesignator=C31A
Change Component Designator: OldDesignator=C20B NewDesignator=C31B
Change Component Designator: OldDesignator=C20C NewDesignator=C31C
Change Component Designator: OldDesignator=C20D NewDesignator=C31D
Change Component Designator: OldDesignator=C21A NewDesignator=C32A
Change Component Designator: OldDesignator=C21B NewDesignator=C32B
Change Component Designator: OldDesignator=C21C NewDesignator=C32C
Change Component Designator: OldDesignator=C21D NewDesignator=C32D
Change Component Designator: OldDesignator=C22A NewDesignator=C33A
Change Component Designator: OldDesignator=C22B NewDesignator=C33B
Change Component Designator: OldDesignator=C22C NewDesignator=C33C
Change Component Designator: OldDesignator=C22D NewDesignator=C33D
Change Component Designator: OldDesignator=C23A NewDesignator=C34A
Change Component Designator: OldDesignator=C23B NewDesignator=C34B
Change Component Designator: OldDesignator=C23C NewDesignator=C34C
Change Component Designator: OldDesignator=C23D NewDesignator=C34D
Change Component Designator: OldDesignator=C24A NewDesignator=C35A
Change Component Designator: OldDesignator=C24B NewDesignator=C35B
Change Component Designator: OldDesignator=C24C NewDesignator=C35C
Change Component Designator: OldDesignator=C24D NewDesignator=C35D
Change Component Designator: OldDesignator=C25A NewDesignator=C36A
Change Component Designator: OldDesignator=C25B NewDesignator=C36B
Change Component Designator: OldDesignator=C25C NewDesignator=C36C
Change Component Designator: OldDesignator=C25D NewDesignator=C36D
Change Component Designator: OldDesignator=C26A NewDesignator=C37A
Change Component Designator: OldDesignator=C26B NewDesignator=C37B
Change Component Designator: OldDesignator=C26C NewDesignator=C37C
Change Component Designator: OldDesignator=C26D NewDesignator=C37D
Change Component Designator: OldDesignator=C27A NewDesignator=C38A
Change Component Designator: OldDesignator=C27B NewDesignator=C38B
Change Component Designator: OldDesignator=C27C NewDesignator=C38C
Change Component Designator: OldDesignator=C27D NewDesignator=C38D
Change Component Designator: OldDesignator=C28A NewDesignator=C39A
Change Component Designator: OldDesignator=C28B NewDesignator=C39B
Change Component Designator: OldDesignator=C28C NewDesignator=C39C
Change Component Designator: OldDesignator=C28D NewDesignator=C39D
Change Component Designator: OldDesignator=C29A NewDesignator=C40A
Change Component Designator: OldDesignator=C29B NewDesignator=C40B
Change Component Designator: OldDesignator=C29C NewDesignator=C40C
Change Component Designator: OldDesignator=C29D NewDesignator=C40D
Change Component Designator: OldDesignator=C30A NewDesignator=C41A
Change Component Designator: OldDesignator=C30B NewDesignator=C41B
Change Component Designator: OldDesignator=C30C NewDesignator=C41C
Change Component Designator: OldDesignator=C30D NewDesignator=C41D
Change Component Designator: OldDesignator=C31A NewDesignator=C42A
Change Component Designator: OldDesignator=C31B NewDesignator=C42B
Change Component Designator: OldDesignator=C31C NewDesignator=C42C
Change Component Designator: OldDesignator=C31D NewDesignator=C42D
Change Component Designator: OldDesignator=C32A NewDesignator=C43A
Change Component Designator: OldDesignator=C32B NewDesignator=C43B
Change Component Designator: OldDesignator=C32C NewDesignator=C43C
Change Component Designator: OldDesignator=C32D NewDesignator=C43D
Change Component Designator: OldDesignator=C33A NewDesignator=C44A
Change Component Designator: OldDesignator=C33B NewDesignator=C44B
Change Component Designator: OldDesignator=C33C NewDesignator=C44C
Change Component Designator: OldDesignator=C33D NewDesignator=C44D
Change Component Designator: OldDesignator=C34A NewDesignator=C45A
Change Component Designator: OldDesignator=C34B NewDesignator=C45B
Change Component Designator: OldDesignator=C34C NewDesignator=C45C
Change Component Designator: OldDesignator=C34D NewDesignator=C45D
Change Component Designator: OldDesignator=C35A NewDesignator=C46A
Change Component Designator: OldDesignator=C35B NewDesignator=C46B
Change Component Designator: OldDesignator=C35C NewDesignator=C46C
Change Component Designator: OldDesignator=C35D NewDesignator=C46D
Change Component Designator: OldDesignator=C36A NewDesignator=C47A
Change Component Designator: OldDesignator=C36B NewDesignator=C47B
Change Component Designator: OldDesignator=C36C NewDesignator=C47C
Change Component Designator: OldDesignator=C36D NewDesignator=C47D
Change Component Designator: OldDesignator=C37A NewDesignator=C48A
Change Component Designator: OldDesignator=C37B NewDesignator=C48B
Change Component Designator: OldDesignator=C37C NewDesignator=C48C
Change Component Designator: OldDesignator=C37D NewDesignator=C48D
Change Component Designator: OldDesignator=C38 NewDesignator=C1
Change Component Designator: OldDesignator=C39 NewDesignator=C2
Change Component Designator: OldDesignator=C40 NewDesignator=C3
Change Component Designator: OldDesignator=C41 NewDesignator=C4
Change Component Designator: OldDesignator=C42 NewDesignator=C5
Change Component Designator: OldDesignator=C43 NewDesignator=C6
Change Component Designator: OldDesignator=C44 NewDesignator=C8
Change Component Designator: OldDesignator=C45 NewDesignator=C9
Change Component Designator: OldDesignator=C46 NewDesignator=C10
Change Component Designator: OldDesignator=C47 NewDesignator=C20
Change Component Designator: OldDesignator=C48 NewDesignator=C21
Change Component Designator: OldDesignator=J1 NewDesignator=J4
Change Component Designator: OldDesignator=J2 NewDesignator=J1
Change Component Designator: OldDesignator=J3 NewDesignator=J2
Change Component Designator: OldDesignator=J4 NewDesignator=J3
Change Component Designator: OldDesignator=L1A NewDesignator=L3A
Change Component Designator: OldDesignator=L1B NewDesignator=L3B
Change Component Designator: OldDesignator=L1C NewDesignator=L3C
Change Component Designator: OldDesignator=L1D NewDesignator=L3D
Change Component Designator: OldDesignator=L2A NewDesignator=L4A
Change Component Designator: OldDesignator=L2B NewDesignator=L4B
Change Component Designator: OldDesignator=L2C NewDesignator=L4C
Change Component Designator: OldDesignator=L2D NewDesignator=L4D
Change Component Designator: OldDesignator=L3A NewDesignator=L5A
Change Component Designator: OldDesignator=L3B NewDesignator=L5B
Change Component Designator: OldDesignator=L3C NewDesignator=L5C
Change Component Designator: OldDesignator=L3D NewDesignator=L5D
Change Component Designator: OldDesignator=L4A NewDesignator=L6A
Change Component Designator: OldDesignator=L4B NewDesignator=L6B
Change Component Designator: OldDesignator=L4C NewDesignator=L6C
Change Component Designator: OldDesignator=L4D NewDesignator=L6D
Change Component Designator: OldDesignator=L5 NewDesignator=L1
Change Component Designator: OldDesignator=L6 NewDesignator=L2
Change Component Designator: OldDesignator=R6 NewDesignator=R11
Change Component Designator: OldDesignator=R7 NewDesignator=R6
Change Component Designator: OldDesignator=R8 NewDesignator=R7
Change Component Designator: OldDesignator=R9 NewDesignator=R8
Change Component Designator: OldDesignator=R9 NewDesignator=R13
Change Component Designator: OldDesignator=R10 NewDesignator=R14
Change Component Designator: OldDesignator=R11 NewDesignator=R15
Change Component Designator: OldDesignator=R12 NewDesignator=R16
Change Component Designator: OldDesignator=R13A NewDesignator=R18A
Change Component Designator: OldDesignator=R13B NewDesignator=R18B
Change Component Designator: OldDesignator=R14A NewDesignator=R19A
Change Component Designator: OldDesignator=R14B NewDesignator=R19B
Change Component Designator: OldDesignator=R15A NewDesignator=R20A
Change Component Designator: OldDesignator=R15B NewDesignator=R20B
Change Component Designator: OldDesignator=R16A NewDesignator=R21A
Change Component Designator: OldDesignator=R16B NewDesignator=R21B
Change Component Designator: OldDesignator=R17A NewDesignator=R22A
Change Component Designator: OldDesignator=R17B NewDesignator=R22B
Change Component Designator: OldDesignator=R18A NewDesignator=R23A
Change Component Designator: OldDesignator=R18B NewDesignator=R23B
Change Component Designator: OldDesignator=R19A NewDesignator=R24A
Change Component Designator: OldDesignator=R19B NewDesignator=R24B
Change Component Designator: OldDesignator=R20A NewDesignator=R25A
Change Component Designator: OldDesignator=R20B NewDesignator=R25B
Change Component Designator: OldDesignator=R21A NewDesignator=R26A
Change Component Designator: OldDesignator=R21B NewDesignator=R26B
Change Component Designator: OldDesignator=R22A NewDesignator=R27A
Change Component Designator: OldDesignator=R22B NewDesignator=R27B
Change Component Designator: OldDesignator=R23A NewDesignator=R28A
Change Component Designator: OldDesignator=R23B NewDesignator=R28B
Change Component Designator: OldDesignator=R24A NewDesignator=R29A
Change Component Designator: OldDesignator=R24B NewDesignator=R29B
Change Component Designator: OldDesignator=R25A NewDesignator=R30A
Change Component Designator: OldDesignator=R25B NewDesignator=R30B
Change Component Designator: OldDesignator=R25C NewDesignator=R30C
Change Component Designator: OldDesignator=R25D NewDesignator=R30D
Change Component Designator: OldDesignator=R26A NewDesignator=R31A
Change Component Designator: OldDesignator=R26B NewDesignator=R31B
Change Component Designator: OldDesignator=R26C NewDesignator=R31C
Change Component Designator: OldDesignator=R26D NewDesignator=R31D
Change Component Designator: OldDesignator=R27A NewDesignator=R32A
Change Component Designator: OldDesignator=R27B NewDesignator=R32B
Change Component Designator: OldDesignator=R27C NewDesignator=R32C
Change Component Designator: OldDesignator=R27D NewDesignator=R32D
Change Component Designator: OldDesignator=R28A NewDesignator=R33A
Change Component Designator: OldDesignator=R28B NewDesignator=R33B
Change Component Designator: OldDesignator=R28C NewDesignator=R33C
Change Component Designator: OldDesignator=R28D NewDesignator=R33D
Change Component Designator: OldDesignator=R29A NewDesignator=R34A
Change Component Designator: OldDesignator=R29B NewDesignator=R34B
Change Component Designator: OldDesignator=R29C NewDesignator=R34C
Change Component Designator: OldDesignator=R29D NewDesignator=R34D
Change Component Designator: OldDesignator=R30A NewDesignator=R35A
Change Component Designator: OldDesignator=R30B NewDesignator=R35B
Change Component Designator: OldDesignator=R30C NewDesignator=R35C
Change Component Designator: OldDesignator=R30D NewDesignator=R35D
Change Component Designator: OldDesignator=R31A NewDesignator=R36A
Change Component Designator: OldDesignator=R31B NewDesignator=R36B
Change Component Designator: OldDesignator=R31C NewDesignator=R36C
Change Component Designator: OldDesignator=R31D NewDesignator=R36D
Change Component Designator: OldDesignator=R32A NewDesignator=R37A
Change Component Designator: OldDesignator=R32B NewDesignator=R37B
Change Component Designator: OldDesignator=R32C NewDesignator=R37C
Change Component Designator: OldDesignator=R32D NewDesignator=R37D
Change Component Designator: OldDesignator=R33A NewDesignator=R38A
Change Component Designator: OldDesignator=R33B NewDesignator=R38B
Change Component Designator: OldDesignator=R33C NewDesignator=R38C
Change Component Designator: OldDesignator=R33D NewDesignator=R38D
Change Component Designator: OldDesignator=R34A NewDesignator=R39A
Change Component Designator: OldDesignator=R34B NewDesignator=R39B
Change Component Designator: OldDesignator=R34C NewDesignator=R39C
Change Component Designator: OldDesignator=R34D NewDesignator=R39D
Change Component Designator: OldDesignator=R35A NewDesignator=R40A
Change Component Designator: OldDesignator=R35B NewDesignator=R40B
Change Component Designator: OldDesignator=R35C NewDesignator=R40C
Change Component Designator: OldDesignator=R35D NewDesignator=R40D
Change Component Designator: OldDesignator=R36A NewDesignator=R41A
Change Component Designator: OldDesignator=R36B NewDesignator=R41B
Change Component Designator: OldDesignator=R36C NewDesignator=R41C
Change Component Designator: OldDesignator=R36D NewDesignator=R41D
Change Component Designator: OldDesignator=R37A NewDesignator=R42A
Change Component Designator: OldDesignator=R37B NewDesignator=R42B
Change Component Designator: OldDesignator=R37C NewDesignator=R42C
Change Component Designator: OldDesignator=R37D NewDesignator=R42D
Change Component Designator: OldDesignator=R38 NewDesignator=R12
Change Component Designator: OldDesignator=R39 NewDesignator=R9
Change Component Designator: OldDesignator=R40 NewDesignator=R10
Change Component Designator: OldDesignator=R41 NewDesignator=R17
Change Component Designator: OldDesignator=U1 NewDesignator=U2
Change Component Designator: OldDesignator=U2A NewDesignator=U3A
Change Component Designator: OldDesignator=U2B NewDesignator=U3B
Change Component Designator: OldDesignator=U3 NewDesignator=U4
Change Component Designator: OldDesignator=U4A NewDesignator=U6A
Change Component Designator: OldDesignator=U4B NewDesignator=U6B
Change Component Designator: OldDesignator=U4C NewDesignator=U6C
Change Component Designator: OldDesignator=U4D NewDesignator=U6D
Change Component Designator: OldDesignator=U5A NewDesignator=U7A
Change Component Designator: OldDesignator=U5B NewDesignator=U7B
Change Component Designator: OldDesignator=U5C NewDesignator=U7C
Change Component Designator: OldDesignator=U5D NewDesignator=U7D
Change Component Designator: OldDesignator=U6A NewDesignator=U8A
Change Component Designator: OldDesignator=U6B NewDesignator=U8B
Change Component Designator: OldDesignator=U6C NewDesignator=U8C
Change Component Designator: OldDesignator=U6D NewDesignator=U8D
Change Component Designator: OldDesignator=U7 NewDesignator=U1
Change Component Designator: OldDesignator=U8 NewDesignator=U5
Change Net Name : Old Net Name=NetC1_1 New Net Name=NetC7_1
Change Net Name : Old Net Name=NetC2A_2 New Net Name=NetC11A_2
Change Net Name : Old Net Name=NetC2B_2 New Net Name=NetC11B_2
Change Net Name : Old Net Name=NetC3A_1 New Net Name=NetC12A_1
Change Net Name : Old Net Name=NetC3B_1 New Net Name=NetC12B_1
Change Net Name : Old Net Name=NetC5A_1 New Net Name=NetC14A_1
Change Net Name : Old Net Name=NetC5B_1 New Net Name=NetC14B_1
Change Net Name : Old Net Name=NetC7A_1 New Net Name=NetC16A_1
Change Net Name : Old Net Name=NetC7B_1 New Net Name=NetC16B_1
Change Net Name : Old Net Name=NetC8A_1 New Net Name=NetC17A_1
Change Net Name : Old Net Name=NetC8B_1 New Net Name=NetC17B_1
Change Net Name : Old Net Name=NetC11A_1 New Net Name=NetC22A_1
Change Net Name : Old Net Name=NetC11A_2 New Net Name=NetC22A_2
Change Net Name : Old Net Name=NetC11B_1 New Net Name=NetC22B_1
Change Net Name : Old Net Name=NetC11B_2 New Net Name=NetC22B_2
Change Net Name : Old Net Name=NetC11C_1 New Net Name=NetC22C_1
Change Net Name : Old Net Name=NetC11C_2 New Net Name=NetC22C_2
Change Net Name : Old Net Name=NetC11D_1 New Net Name=NetC22D_1
Change Net Name : Old Net Name=NetC11D_2 New Net Name=NetC22D_2
Change Net Name : Old Net Name=NetC12A_2 New Net Name=NetC23A_2
Change Net Name : Old Net Name=NetC12B_2 New Net Name=NetC23B_2
Change Net Name : Old Net Name=NetC12C_2 New Net Name=NetC23C_2
Change Net Name : Old Net Name=NetC12D_2 New Net Name=NetC23D_2
Change Net Name : Old Net Name=NetC13A_1 New Net Name=NetC24A_1
Change Net Name : Old Net Name=NetC13A_2 New Net Name=NetC24A_2
Change Net Name : Old Net Name=NetC13B_1 New Net Name=NetC24B_1
Change Net Name : Old Net Name=NetC13B_2 New Net Name=NetC24B_2
Change Net Name : Old Net Name=NetC13C_1 New Net Name=NetC24C_1
Change Net Name : Old Net Name=NetC13C_2 New Net Name=NetC24C_2
Change Net Name : Old Net Name=NetC13D_1 New Net Name=NetC24D_1
Change Net Name : Old Net Name=NetC13D_2 New Net Name=NetC24D_2
Change Net Name : Old Net Name=NetC15A_1 New Net Name=NetC26A_1
Change Net Name : Old Net Name=NetC15A_2 New Net Name=NetC26A_2
Change Net Name : Old Net Name=NetC15B_1 New Net Name=NetC26B_1
Change Net Name : Old Net Name=NetC15B_2 New Net Name=NetC26B_2
Change Net Name : Old Net Name=NetC15C_1 New Net Name=NetC26C_1
Change Net Name : Old Net Name=NetC15C_2 New Net Name=NetC26C_2
Change Net Name : Old Net Name=NetC15D_1 New Net Name=NetC26D_1
Change Net Name : Old Net Name=NetC15D_2 New Net Name=NetC26D_2
Change Net Name : Old Net Name=NetC19A_2 New Net Name=NetC30A_2
Change Net Name : Old Net Name=NetC19B_2 New Net Name=NetC30B_2
Change Net Name : Old Net Name=NetC19C_2 New Net Name=NetC30C_2
Change Net Name : Old Net Name=NetC19D_2 New Net Name=NetC30D_2
Change Net Name : Old Net Name=NetC21A_2 New Net Name=NetC32A_2
Change Net Name : Old Net Name=NetC21B_2 New Net Name=NetC32B_2
Change Net Name : Old Net Name=NetC21C_2 New Net Name=NetC32C_2
Change Net Name : Old Net Name=NetC21D_2 New Net Name=NetC32D_2
Change Net Name : Old Net Name=NetC22A_2 New Net Name=NetC33A_2
Change Net Name : Old Net Name=NetC22B_2 New Net Name=NetC33B_2
Change Net Name : Old Net Name=NetC22C_2 New Net Name=NetC33C_2
Change Net Name : Old Net Name=NetC22D_2 New Net Name=NetC33D_2
Change Net Name : Old Net Name=NetC23A_1 New Net Name=NetC34A_1
Change Net Name : Old Net Name=NetC23B_1 New Net Name=NetC34B_1
Change Net Name : Old Net Name=NetC23C_1 New Net Name=NetC34C_1
Change Net Name : Old Net Name=NetC23D_1 New Net Name=NetC34D_1
Change Net Name : Old Net Name=NetC24A_1 New Net Name=NetC35A_1
Change Net Name : Old Net Name=NetC24B_1 New Net Name=NetC35B_1
Change Net Name : Old Net Name=NetC24C_1 New Net Name=NetC35C_1
Change Net Name : Old Net Name=NetC24D_1 New Net Name=NetC35D_1
Change Net Name : Old Net Name=NetC25A_1 New Net Name=NetC36A_1
Change Net Name : Old Net Name=NetC25B_1 New Net Name=NetC36B_1
Change Net Name : Old Net Name=NetC25C_1 New Net Name=NetC36C_1
Change Net Name : Old Net Name=NetC25D_1 New Net Name=NetC36D_1
Change Net Name : Old Net Name=NetC26A_1 New Net Name=NetC37A_1
Change Net Name : Old Net Name=NetC26B_1 New Net Name=NetC37B_1
Change Net Name : Old Net Name=NetC26C_1 New Net Name=NetC37C_1
Change Net Name : Old Net Name=NetC26D_1 New Net Name=NetC37D_1
Change Net Name : Old Net Name=NetC30A_1 New Net Name=NetC41A_1
Change Net Name : Old Net Name=NetC30B_1 New Net Name=NetC41B_1
Change Net Name : Old Net Name=NetC30C_1 New Net Name=NetC41C_1
Change Net Name : Old Net Name=NetC30D_1 New Net Name=NetC41D_1
Change Net Name : Old Net Name=NetC31A_1 New Net Name=NetC42A_1
Change Net Name : Old Net Name=NetC31B_1 New Net Name=NetC42B_1
Change Net Name : Old Net Name=NetC31C_1 New Net Name=NetC42C_1
Change Net Name : Old Net Name=NetC31D_1 New Net Name=NetC42D_1
Change Net Name : Old Net Name=NetC32A_1 New Net Name=NetC43A_1
Change Net Name : Old Net Name=NetC32B_1 New Net Name=NetC43B_1
Change Net Name : Old Net Name=NetC32C_1 New Net Name=NetC43C_1
Change Net Name : Old Net Name=NetC32D_1 New Net Name=NetC43D_1
Change Net Name : Old Net Name=NetC36A_1 New Net Name=NetC47A_1
Change Net Name : Old Net Name=NetC36B_1 New Net Name=NetC47B_1
Change Net Name : Old Net Name=NetC36C_1 New Net Name=NetC47C_1
Change Net Name : Old Net Name=NetC36D_1 New Net Name=NetC47D_1
Change Net Name : Old Net Name=NetC37A_1 New Net Name=NetC48A_1
Change Net Name : Old Net Name=NetC37B_1 New Net Name=NetC48B_1
Change Net Name : Old Net Name=NetC37C_1 New Net Name=NetC48C_1
Change Net Name : Old Net Name=NetC37D_1 New Net Name=NetC48D_1
Change Net Name : Old Net Name=NetC40_1 New Net Name=NetC3_1
Change Net Name : Old Net Name=NetC41_1 New Net Name=NetC4_1
Change Net Name : Old Net Name=NetC42_1 New Net Name=NetC5_1
Change Net Name : Old Net Name=NetC44_1 New Net Name=NetC8_1
Change Net Name : Old Net Name=NetC45_1 New Net Name=NetC9_1
Change Net Name : Old Net Name=NetC46_1 New Net Name=NetC10_1
Change Net Name : Old Net Name=NetL2A_1 New Net Name=NetL4A_1
Change Net Name : Old Net Name=NetL2A_2 New Net Name=NetL4A_2
Change Net Name : Old Net Name=NetL2B_1 New Net Name=NetL4B_1
Change Net Name : Old Net Name=NetL2B_2 New Net Name=NetL4B_2
Change Net Name : Old Net Name=NetL2C_1 New Net Name=NetL4C_1
Change Net Name : Old Net Name=NetL2C_2 New Net Name=NetL4C_2
Change Net Name : Old Net Name=NetL2D_1 New Net Name=NetL4D_1
Change Net Name : Old Net Name=NetL2D_2 New Net Name=NetL4D_2
Change Net Name : Old Net Name=NetL3A_1 New Net Name=NetL5A_1
Change Net Name : Old Net Name=NetL3A_2 New Net Name=NetL5A_2
Change Net Name : Old Net Name=NetL3B_1 New Net Name=NetL5B_1
Change Net Name : Old Net Name=NetL3B_2 New Net Name=NetL5B_2
Change Net Name : Old Net Name=NetL3C_1 New Net Name=NetL5C_1
Change Net Name : Old Net Name=NetL3C_2 New Net Name=NetL5C_2
Change Net Name : Old Net Name=NetL3D_1 New Net Name=NetL5D_1
Change Net Name : Old Net Name=NetL3D_2 New Net Name=NetL5D_2
Change Net Name : Old Net Name=NetL4A_1 New Net Name=NetL6A_1
Change Net Name : Old Net Name=NetL4B_1 New Net Name=NetL6B_1
Change Net Name : Old Net Name=NetL4C_1 New Net Name=NetL6C_1
Change Net Name : Old Net Name=NetL4D_1 New Net Name=NetL6D_1
Change Net Name : Old Net Name=NetR6_2 New Net Name=NetR11_2
Change Net Name : Old Net Name=NetR14A_1 New Net Name=NetR19A_1
Change Net Name : Old Net Name=NetR14B_1 New Net Name=NetR19B_1
Change Net Name : Old Net Name=NetR15A_1 New Net Name=NetR20A_1
Change Net Name : Old Net Name=NetR15B_1 New Net Name=NetR20B_1
Change Net Name : Old Net Name=NetR16A_1 New Net Name=NetR21A_1
Change Net Name : Old Net Name=NetR16B_1 New Net Name=NetR21B_1
Change Net Name : Old Net Name=NetR17A_1 New Net Name=NetR22A_1
Change Net Name : Old Net Name=NetR17B_1 New Net Name=NetR22B_1
Change Net Name : Old Net Name=NetR18A_2 New Net Name=NetR23A_2
Change Net Name : Old Net Name=NetR18B_2 New Net Name=NetR23B_2
Change Net Name : Old Net Name=NetR19A_2 New Net Name=NetR24A_2
Change Net Name : Old Net Name=NetR19B_2 New Net Name=NetR24B_2
Change Net Name : Old Net Name=NetR20A_2 New Net Name=NetR25A_2
Change Net Name : Old Net Name=NetR20B_2 New Net Name=NetR25B_2
Change Net Name : Old Net Name=NetR21A_2 New Net Name=NetR26A_2
Change Net Name : Old Net Name=NetR21B_2 New Net Name=NetR26B_2
Change Net Name : Old Net Name=NetR23A_1 New Net Name=NetR28A_1
Change Net Name : Old Net Name=NetR23B_1 New Net Name=NetR28B_1
Change Net Name : Old Net Name=NetR27A_2 New Net Name=NetR32A_2
Change Net Name : Old Net Name=NetR27B_2 New Net Name=NetR32B_2
Change Net Name : Old Net Name=NetR27C_2 New Net Name=NetR32C_2
Change Net Name : Old Net Name=NetR27D_2 New Net Name=NetR32D_2
Change Net Name : Old Net Name=NetR30A_2 New Net Name=NetR35A_2
Change Net Name : Old Net Name=NetR30B_2 New Net Name=NetR35B_2
Change Net Name : Old Net Name=NetR30C_2 New Net Name=NetR35C_2
Change Net Name : Old Net Name=NetR30D_2 New Net Name=NetR35D_2
Change Net Name : Old Net Name=NetR31A_1 New Net Name=NetR36A_1
Change Net Name : Old Net Name=NetR31B_1 New Net Name=NetR36B_1
Change Net Name : Old Net Name=NetR31C_1 New Net Name=NetR36C_1
Change Net Name : Old Net Name=NetR31D_1 New Net Name=NetR36D_1
Change Net Name : Old Net Name=NetR38_2 New Net Name=NetR12_2
Change Net Name : Old Net Name=NetU2A_3 New Net Name=NetU3A_3
Change Net Name : Old Net Name=NetU2A_4 New Net Name=NetU3A_4
Change Net Name : Old Net Name=NetU2A_6 New Net Name=NetU3A_6
Change Net Name : Old Net Name=NetU2A_7 New Net Name=NetU3A_7
Change Net Name : Old Net Name=NetU2A_8 New Net Name=NetU3A_8
Change Net Name : Old Net Name=NetU2A_9 New Net Name=NetU3A_9
Change Net Name : Old Net Name=NetU2A_30 New Net Name=NetU3A_30
Change Net Name : Old Net Name=NetU2A_31 New Net Name=NetU3A_31
Change Net Name : Old Net Name=NetU2B_30 New Net Name=NetU3B_30
Change Net Name : Old Net Name=NetU2B_31 New Net Name=NetU3B_31
