Change Footprint: Cannot match pads with new footprint in component :SDR1 Footprint:PCBComponent_1
Change Footprint: Cannot match pads with new footprint in component :SDR2 Footprint:PCBComponent_1
Change Footprint: Cannot match pads with new footprint in component :SDR3 Footprint:PCBComponent_1
Change Footprint: Cannot match pads with new footprint in component :SDR4 Footprint:PCBComponent_1
Change Physical Footprint: Designator=C1 Old Footprint=SMD-0603C New Footprint=SMD-0603C
Change Physical Footprint: Designator=C2 Old Footprint=SMD-0603C New Footprint=SMD-0603C
Change Physical Footprint: Designator=C3 Old Footprint=SMD-0402C New Footprint=SMD-0402C
Change Physical Footprint: Designator=C4 Old Footprint=SMD-0402C New Footprint=SMD-0402C
Change Physical Footprint: Designator=C5 Old Footprint=SMD-0603C New Footprint=SMD-0603C
Change Physical Footprint: Designator=C6 Old Footprint=SMD-0402C New Footprint=SMD-0402C
Change Physical Footprint: Designator=C7 Old Footprint=SMD-0402C New Footprint=SMD-0402C
Change Physical Footprint: Designator=C8 Old Footprint=SMD-0402C New Footprint=SMD-0402C
Change Physical Footprint: Designator=C9 Old Footprint=SMD-0402C New Footprint=SMD-0402C
Change Physical Footprint: Designator=C10 Old Footprint=SMD-0402C New Footprint=SMD-0402C
Change Physical Footprint: Designator=C11 Old Footprint=SMD-0805C New Footprint=SMD-0805C
Change Physical Footprint: Designator=C12 Old Footprint=SMD-0402C New Footprint=SMD-0402C
Change Physical Footprint: Designator=C13 Old Footprint=SMD-0402C New Footprint=SMD-0402C
Change Physical Footprint: Designator=C14 Old Footprint=SMD-0402C New Footprint=SMD-0402C
Change Physical Footprint: Designator=C15 Old Footprint=SMD-0402C New Footprint=SMD-0402C
Change Physical Footprint: Designator=C16 Old Footprint=SMD-0402C New Footprint=SMD-0402C
Change Physical Footprint: Designator=C17 Old Footprint=SMD-0402C New Footprint=SMD-0402C
Change Physical Footprint: Designator=C18 Old Footprint=SMD-0402C New Footprint=SMD-0402C
Change Physical Footprint: Designator=C19 Old Footprint=SMD-0402C New Footprint=SMD-0402C
Change Physical Footprint: Designator=C20 Old Footprint=SMD-0402C New Footprint=SMD-0402C
Change Physical Footprint: Designator=C21 Old Footprint=SMD-0402C New Footprint=SMD-0402C
Change Physical Footprint: Designator=C22 Old Footprint=SMD-0402C New Footprint=SMD-0402C
Change Physical Footprint: Designator=C23 Old Footprint=SMD-0402C New Footprint=SMD-0402C
Change Physical Footprint: Designator=C24 Old Footprint=SMD-0402C New Footprint=SMD-0402C
Change Physical Footprint: Designator=C25 Old Footprint=SMD-0402C New Footprint=SMD-0402C
Change Physical Footprint: Designator=C26 Old Footprint=SMD-0402C New Footprint=SMD-0402C
Change Physical Footprint: Designator=C27 Old Footprint=SMD-0402C New Footprint=SMD-0402C
Change Physical Footprint: Designator=C28 Old Footprint=SMD-0402C New Footprint=SMD-0402C
Change Physical Footprint: Designator=C29 Old Footprint=SMD-0402C New Footprint=SMD-0402C
Change Physical Footprint: Designator=C30 Old Footprint=SMD-0402C New Footprint=SMD-0402C
Change Physical Footprint: Designator=C31 Old Footprint=SMD-0402C New Footprint=SMD-0402C
Change Physical Footprint: Designator=C32 Old Footprint=SMD-0402C New Footprint=SMD-0402C
Change Physical Footprint: Designator=C33 Old Footprint=SMD-0402C New Footprint=SMD-0402C
Change Physical Footprint: Designator=FB1 Old Footprint=WE-CBA_0402_L1W0.5H0.5_HC New Footprint=WE-CBA_0402_L1W0.5H0.5_HC
Change Physical Footprint: Designator=IC1 Old Footprint=QFN40P900X900X90-77N-D New Footprint=QFN40P900X900X90-77N-D
Change Physical Footprint: Designator=IC2 Old Footprint=SOIC127P600X175-8N New Footprint=SOIC127P600X175-8N
Change Physical Footprint: Designator=J1 Old Footprint=692122030100 New Footprint=692122030100
Change Physical Footprint: Designator=J3 Old Footprint=SMAJPHRATH1 New Footprint=SMAJPHRATH1
Change Physical Footprint: Designator=J5 Old Footprint=SMAJPHRATH1 New Footprint=SMAJPHRATH1
Change Physical Footprint: Designator=J6 Old Footprint=SMAJPHRATH1 New Footprint=SMAJPHRATH1
Change Physical Footprint: Designator=J7 Old Footprint=SMAJPHRATH1 New Footprint=SMAJPHRATH1
Change Physical Footprint: Designator=L1 Old Footprint=INDC2518X200N New Footprint=INDC2518X200N
Change Physical Footprint: Designator=LED1 Old Footprint=LED-0603-GREEN New Footprint=LED-0603-GREEN
Change Physical Footprint: Designator=LED2 Old Footprint=LED-0603-GREEN New Footprint=LED-0603-GREEN
Change Physical Footprint: Designator=LED3 Old Footprint=LED-0603-GREEN New Footprint=LED-0603-GREEN
Change Physical Footprint: Designator=LED4 Old Footprint=LED-0603-GREEN New Footprint=LED-0603-GREEN
Change Physical Footprint: Designator=P1 Old Footprint=691322110002 New Footprint=691322110002
Change Physical Footprint: Designator=R1 Old Footprint=SMD-0402-RES New Footprint=SMD-0402-RES
Change Physical Footprint: Designator=R2 Old Footprint=SMD-0402-RES New Footprint=SMD-0402-RES
Change Physical Footprint: Designator=R3 Old Footprint=SMD-0402-RES New Footprint=SMD-0402-RES
Change Physical Footprint: Designator=R4 Old Footprint=SMD-0402-RES New Footprint=SMD-0402-RES
Change Physical Footprint: Designator=R5 Old Footprint=SMD-0402-RES New Footprint=SMD-0402-RES
Change Physical Footprint: Designator=R6 Old Footprint=SMD-0402-RES New Footprint=SMD-0402-RES
Change Physical Footprint: Designator=R7 Old Footprint=SMD-0402-RES New Footprint=SMD-0402-RES
Change Physical Footprint: Designator=R8 Old Footprint=SMD-0402-RES New Footprint=SMD-0402-RES
Change Physical Footprint: Designator=R9 Old Footprint=SMD-0402-RES New Footprint=SMD-0402-RES
Change Physical Footprint: Designator=R10 Old Footprint=SMD-0402-RES New Footprint=SMD-0402-RES
Change Physical Footprint: Designator=R11 Old Footprint=SMD-0402-RES New Footprint=SMD-0402-RES
Change Physical Footprint: Designator=R12 Old Footprint=SMD-0402-RES New Footprint=SMD-0402-RES
Change Physical Footprint: Designator=R13 Old Footprint=SMD-0402-RES New Footprint=SMD-0402-RES
Change Physical Footprint: Designator=R14 Old Footprint=SMD-0402-RES New Footprint=SMD-0402-RES
Change Physical Footprint: Designator=R15 Old Footprint=SMD-0402-RES New Footprint=SMD-0402-RES
Change Physical Footprint: Designator=R16 Old Footprint=SMD-0402-RES New Footprint=SMD-0402-RES
Change Physical Footprint: Designator=R17 Old Footprint=SMD-0402-RES New Footprint=SMD-0402-RES
Change Physical Footprint: Designator=R18 Old Footprint=SMD-0402-RES New Footprint=SMD-0402-RES
Change Physical Footprint: Designator=R19 Old Footprint=SMD-0402-RES New Footprint=SMD-0402-RES
Change Physical Footprint: Designator=R20 Old Footprint=SMD-0402-RES New Footprint=SMD-0402-RES
Change Physical Footprint: Designator=R21 Old Footprint=SMD-0402-RES New Footprint=SMD-0402-RES
Change Physical Footprint: Designator=R22 Old Footprint=SMD-0402-RES New Footprint=SMD-0402-RES
Change Physical Footprint: Designator=R23 Old Footprint=SMD-0402-RES New Footprint=SMD-0402-RES
Change Physical Footprint: Designator=R24 Old Footprint=SMD-0402-RES New Footprint=SMD-0402-RES
Change Physical Footprint: Designator=R25 Old Footprint=SMD-0402-RES New Footprint=SMD-0402-RES
Change Physical Footprint: Designator=R26 Old Footprint=SMD-0402-RES New Footprint=SMD-0402-RES
Change Physical Footprint: Designator=R27 Old Footprint=SMD-0603-RES New Footprint=SMD-0603-RES
Change Physical Footprint: Designator=R28 Old Footprint=SMD-0603-RES New Footprint=SMD-0603-RES
Change Physical Footprint: Designator=R29 Old Footprint=SMD-0603-RES New Footprint=SMD-0603-RES
Change Physical Footprint: Designator=R30 Old Footprint=SMD-0603-RES New Footprint=SMD-0603-RES
Change Physical Footprint: Designator=R31 Old Footprint=SMD-0603-RES New Footprint=SMD-0603-RES
Change Physical Footprint: Designator=R32 Old Footprint=SMD-0603-RES New Footprint=SMD-0603-RES
Change Physical Footprint: Designator=R33 Old Footprint=SMD-0603-RES New Footprint=SMD-0603-RES
Change Physical Footprint: Designator=R34 Old Footprint=SMD-0603-RES New Footprint=SMD-0603-RES
Change Physical Footprint: Designator=Y1 Old Footprint=ABM8G16000MHZB4YT New Footprint=ABM8G16000MHZB4YT
