Change Component Designator: OldDesignator=R1 NewDesignator=R32
Change Component Designator: OldDesignator=R2 NewDesignator=R33
Change Component Designator: OldDesignator=R3 NewDesignator=R34
Change Component Designator: OldDesignator=R4 NewDesignator=R35
Change Component Designator: OldDesignator=R5 NewDesignator=R36
Change Component Designator: OldDesignator=R6 NewDesignator=R37
Change Component Designator: OldDesignator=R7 NewDesignator=R38
Change Component Designator: OldDesignator=R8 NewDesignator=R39
Change Component Designator: OldDesignator=R9 NewDesignator=R40
Change Component Designator: OldDesignator=R10 NewDesignator=R41
Change Component Designator: OldDesignator=R11A NewDesignator=R1A
Change Component Designator: OldDesignator=R11B NewDesignator=R1B
Change Component Designator: OldDesignator=R12A NewDesignator=R2A
Change Component Designator: OldDesignator=R12B NewDesignator=R2B
Change Component Designator: OldDesignator=R13A NewDesignator=R3A
Change Component Designator: OldDesignator=R13B NewDesignator=R3B
Change Component Designator: OldDesignator=R14A NewDesignator=R4A
Change Component Designator: OldDesignator=R14B NewDesignator=R4B
Change Component Designator: OldDesignator=R15A NewDesignator=R5A
Change Component Designator: OldDesignator=R15B NewDesignator=R5B
Change Component Designator: OldDesignator=R16A NewDesignator=R6A
Change Component Designator: OldDesignator=R16B NewDesignator=R6B
Change Component Designator: OldDesignator=R17A NewDesignator=R7A
Change Component Designator: OldDesignator=R17B NewDesignator=R7B
Change Component Designator: OldDesignator=R18A NewDesignator=R8A
Change Component Designator: OldDesignator=R18B NewDesignator=R8B
Change Component Designator: OldDesignator=R19A NewDesignator=R9A
Change Component Designator: OldDesignator=R19B NewDesignator=R9B
Change Component Designator: OldDesignator=R20A NewDesignator=R10A
Change Component Designator: OldDesignator=R20B NewDesignator=R10B
Change Component Designator: OldDesignator=R21A NewDesignator=R11A
Change Component Designator: OldDesignator=R21B NewDesignator=R11B
Change Component Designator: OldDesignator=R22A NewDesignator=R12A
Change Component Designator: OldDesignator=R22B NewDesignator=R12B
Change Component Designator: OldDesignator=R23A NewDesignator=R13A
Change Component Designator: OldDesignator=R23B NewDesignator=R13B
Change Component Designator: OldDesignator=R24A NewDesignator=R14A
Change Component Designator: OldDesignator=R24B NewDesignator=R14B
Change Component Designator: OldDesignator=R25A NewDesignator=R15A
Change Component Designator: OldDesignator=R25B NewDesignator=R15B
Change Component Designator: OldDesignator=R26A NewDesignator=R16A
Change Component Designator: OldDesignator=R26B NewDesignator=R16B
Change Component Designator: OldDesignator=R27A NewDesignator=R17A
Change Component Designator: OldDesignator=R27B NewDesignator=R17B
Change Component Designator: OldDesignator=R28A NewDesignator=R18A
Change Component Designator: OldDesignator=R28B NewDesignator=R18B
Change Component Designator: OldDesignator=R29A NewDesignator=R19A
Change Component Designator: OldDesignator=R29B NewDesignator=R19B
Change Component Designator: OldDesignator=R30A NewDesignator=R20A
Change Component Designator: OldDesignator=R30B NewDesignator=R20B
Change Component Designator: OldDesignator=R31A NewDesignator=R21A
Change Component Designator: OldDesignator=R31B NewDesignator=R21B
Change Component Designator: OldDesignator=R32A NewDesignator=R22A
Change Component Designator: OldDesignator=R32B NewDesignator=R22B
Change Component Designator: OldDesignator=R33A NewDesignator=R23A
Change Component Designator: OldDesignator=R33B NewDesignator=R23B
Change Component Designator: OldDesignator=R34A NewDesignator=R24A
Change Component Designator: OldDesignator=R34B NewDesignator=R24B
Change Component Designator: OldDesignator=R35A NewDesignator=R25A
Change Component Designator: OldDesignator=R35B NewDesignator=R25B
Change Component Designator: OldDesignator=R36A NewDesignator=R26A
Change Component Designator: OldDesignator=R36B NewDesignator=R26B
Change Component Designator: OldDesignator=R37 NewDesignator=R27
Change Component Designator: OldDesignator=R38 NewDesignator=R28
Change Component Designator: OldDesignator=R39 NewDesignator=R29
Change Component Designator: OldDesignator=R40 NewDesignator=R30
Change Component Designator: OldDesignator=R41 NewDesignator=R31
Change Net Name : Old Net Name=NetR11A_1 New Net Name=NetR1A_1
Change Net Name : Old Net Name=NetR11B_1 New Net Name=NetR1B_1
