Removed Pin From Net: NetName=GNDA Pin=C44A-1
Removed Pin From Net: NetName=GNDA Pin=C45A-1
Removed Pin From Net: NetName=GNDA Pin=C46A-2
Removed Pin From Net: NetName=GNDA Pin=C47A-2
Removed Pin From Net: NetName=GNDA Pin=C48A-2
Removed Pin From Net: NetName=GNDA Pin=C49A-1
Removed Pin From Net: NetName=GNDA Pin=C50A-1
Removed Pin From Net: NetName=GNDA Pin=C51A-1
Removed Pin From Net: NetName=GNDA Pin=C52A-1
Removed Pin From Net: NetName=GNDA Pin=C53A-1
Removed Pin From Net: NetName=GNDA Pin=C55A-2
Removed Pin From Net: NetName=GNDA Pin=C56A-1
Removed Pin From Net: NetName=GNDA Pin=C57A-1
Removed Pin From Net: NetName=GNDA Pin=C59A-1
Removed Pin From Net: NetName=GNDA Pin=C60A-1
Removed Pin From Net: NetName=GNDA Pin=C61A-1
Removed Pin From Net: NetName=GNDA Pin=C62A-2
Removed Pin From Net: NetName=GNDA Pin=C63A-2
Removed Pin From Net: NetName=GNDA Pin=C64A-1
Removed Pin From Net: NetName=GNDA Pin=C65A-2
Removed Pin From Net: NetName=GNDA Pin=C66A-2
Removed Pin From Net: NetName=GNDA Pin=C67A-2
Removed Pin From Net: NetName=GNDA Pin=C68A-2
Removed Pin From Net: NetName=GNDA Pin=C70A-2
Removed Pin From Net: NetName=GNDA Pin=C71A-2
Removed Pin From Net: NetName=GNDA Pin=C72A-2
Removed Pin From Net: NetName=GNDA Pin=C73A-2
Removed Pin From Net: NetName=GNDA Pin=C74A-2
Removed Pin From Net: NetName=GNDA Pin=C75A-1
Removed Pin From Net: NetName=GNDA Pin=C76A-2
Removed Pin From Net: NetName=GNDA Pin=C77A-2
Removed Pin From Net: NetName=GNDA Pin=D4A-1
Removed Pin From Net: NetName=GNDA Pin=D4A-2
Removed Pin From Net: NetName=GNDA Pin=IC3A-1
Removed Pin From Net: NetName=GNDA Pin=IC3A-2
Removed Pin From Net: NetName=GNDA Pin=IC3A-3
Removed Pin From Net: NetName=GNDA Pin=IC3A-4
Removed Pin From Net: NetName=GNDA Pin=J5A-2
Removed Pin From Net: NetName=GNDA Pin=J5A-2
Removed Pin From Net: NetName=GNDA Pin=J5A-2
Removed Pin From Net: NetName=GNDA Pin=MP1A-1
Removed Pin From Net: NetName=GNDA Pin=MP1A-1
Removed Pin From Net: NetName=GNDA Pin=MP1A-1
Removed Pin From Net: NetName=GNDA Pin=MP1A-1
Removed Pin From Net: NetName=GNDA Pin=MP1A-1
Removed Pin From Net: NetName=GNDA Pin=MP1A-1
Removed Pin From Net: NetName=GNDA Pin=MP1A-1
Removed Pin From Net: NetName=GNDA Pin=MP1A-1
Removed Pin From Net: NetName=GNDA Pin=MP1A-1
Removed Pin From Net: NetName=GNDA Pin=MP1A-1
Removed Pin From Net: NetName=GNDA Pin=MP1A-1
Removed Pin From Net: NetName=GNDA Pin=MP1A-1
Removed Pin From Net: NetName=GNDA Pin=MP1A-1
Removed Pin From Net: NetName=GNDA Pin=MP1A-1
Removed Pin From Net: NetName=GNDA Pin=MP1A-1
Removed Pin From Net: NetName=GNDA Pin=MP1A-1
Removed Pin From Net: NetName=GNDA Pin=R43A-1
Removed Pin From Net: NetName=GNDA Pin=U3A-1
Removed Pin From Net: NetName=GNDA Pin=U4A-3
Removed Pin From Net: NetName=GNDA Pin=U4A-8
Removed Pin From Net: NetName=GNDA Pin=U4A-39
Removed Pin From Net: NetName=GNDA Pin=U4A-45
Removed Pin From Net: NetName=GNDA Pin=U4A-49
Removed Pin From Net: NetName=GNDA Pin=U5A-16
Removed Pin From Net: NetName=GNDA Pin=U5A-25
Removed Pin From Net: NetName=GNDA Pin=X1A-2
Added Pin To Net: NetName=GNDA Pin=C1A-2
Added Pin To Net: NetName=GNDA Pin=C2A-2
Added Pin To Net: NetName=GNDA Pin=C5A-2
Added Pin To Net: NetName=GNDA Pin=C6A-2
Added Pin To Net: NetName=GNDA Pin=C7A-2
Added Pin To Net: NetName=GNDA Pin=C8A-2
Added Pin To Net: NetName=GNDA Pin=C9A-2
Added Pin To Net: NetName=GNDA Pin=C10A-2
Added Pin To Net: NetName=GNDA Pin=C11A-1
Added Pin To Net: NetName=GNDA Pin=C12A-2
Added Pin To Net: NetName=GNDA Pin=C13A-2
Added Pin To Net: NetName=GNDA Pin=C14A-2
Added Pin To Net: NetName=GNDA Pin=C15A-2
Added Pin To Net: NetName=GNDA Pin=C16A-2
Added Pin To Net: NetName=GNDA Pin=C17A-2
Added Pin To Net: NetName=GNDA Pin=C18A-2
Added Pin To Net: NetName=GNDA Pin=C19A-2
Added Pin To Net: NetName=GNDA Pin=C20A-2
Added Pin To Net: NetName=GNDA Pin=C21A-2
Added Pin To Net: NetName=GNDA Pin=C22A-2
Added Pin To Net: NetName=GNDA Pin=C23A-2
Added Pin To Net: NetName=GNDA Pin=C24A-2
Added Pin To Net: NetName=GNDA Pin=C25A-2
Added Pin To Net: NetName=GNDA Pin=C26A-2
Added Pin To Net: NetName=GNDA Pin=C27A-2
Added Pin To Net: NetName=GNDA Pin=C28A-2
Added Pin To Net: NetName=GNDA Pin=C29A-2
Added Pin To Net: NetName=GNDA Pin=C30A-2
Added Pin To Net: NetName=GNDA Pin=C31A-2
Added Pin To Net: NetName=GNDA Pin=C32A-2
Added Pin To Net: NetName=GNDA Pin=C33A-2
Added Pin To Net: NetName=GNDD Pin=C44A-1
Added Pin To Net: NetName=GNDD Pin=C44B-1
Added Pin To Net: NetName=VBUSA Pin=C44B-2
Added Pin To Net: NetName=GNDD Pin=C44C-1
Added Pin To Net: NetName=VBUSA Pin=C44C-2
Added Pin To Net: NetName=VBUSA Pin=C44D-2
Added Pin To Net: NetName=GNDD Pin=C45A-1
Added Pin To Net: NetName=GNDD Pin=C45B-1
Added Pin To Net: NetName=GNDD Pin=C45C-1
Added Pin To Net: NetName=GNDD Pin=C46A-2
Added Pin To Net: NetName=GNDD Pin=C46B-2
Added Pin To Net: NetName=GNDD Pin=C46C-2
Added Pin To Net: NetName=GNDD Pin=C47A-2
Added Pin To Net: NetName=GNDD Pin=C47B-2
Added Pin To Net: NetName=GNDD Pin=C47C-2
Added Pin To Net: NetName=GNDD Pin=C48A-2
Added Pin To Net: NetName=GNDD Pin=C48B-2
Added Pin To Net: NetName=GNDD Pin=C48C-2
Added Pin To Net: NetName=GNDD Pin=C49A-1
Added Pin To Net: NetName=GNDD Pin=C49B-1
Added Pin To Net: NetName=GNDD Pin=C49C-1
Added Pin To Net: NetName=GNDD Pin=C50A-1
Added Pin To Net: NetName=GNDD Pin=C50B-1
Added Pin To Net: NetName=GNDD Pin=C50C-1
Added Pin To Net: NetName=GNDD Pin=C51A-1
Added Pin To Net: NetName=GNDD Pin=C51B-1
Added Pin To Net: NetName=GNDD Pin=C51C-1
Added Pin To Net: NetName=GNDD Pin=C52A-1
Added Pin To Net: NetName=GNDD Pin=C52B-1
Added Pin To Net: NetName=GNDD Pin=C52C-1
Added Pin To Net: NetName=GNDD Pin=C53A-1
Added Pin To Net: NetName=GNDD Pin=C53B-1
Added Pin To Net: NetName=GNDD Pin=C53C-1
Added Pin To Net: NetName=GNDD Pin=C55A-2
Added Pin To Net: NetName=GNDD Pin=C55B-2
Added Pin To Net: NetName=GNDD Pin=C55C-2
Added Pin To Net: NetName=GNDD Pin=C56A-1
Added Pin To Net: NetName=GNDD Pin=C56B-1
Added Pin To Net: NetName=GNDD Pin=C56C-1
Added Pin To Net: NetName=GNDD Pin=C57A-1
Added Pin To Net: NetName=GNDD Pin=C57B-1
Added Pin To Net: NetName=GNDD Pin=C57C-1
Added Pin To Net: NetName=GNDD Pin=C59A-1
Added Pin To Net: NetName=GNDD Pin=C59B-1
Added Pin To Net: NetName=GNDD Pin=C59C-1
Added Pin To Net: NetName=GNDD Pin=C60A-1
Added Pin To Net: NetName=GNDD Pin=C60B-1
Added Pin To Net: NetName=GNDD Pin=C60C-1
Added Pin To Net: NetName=GNDD Pin=C61A-1
Added Pin To Net: NetName=GNDD Pin=C61B-1
Added Pin To Net: NetName=GNDD Pin=C61C-1
Added Pin To Net: NetName=GNDD Pin=C62A-2
Added Pin To Net: NetName=GNDD Pin=C62B-2
Added Pin To Net: NetName=GNDD Pin=C62C-2
Added Pin To Net: NetName=GNDD Pin=C63A-2
Added Pin To Net: NetName=GNDD Pin=C63B-2
Added Pin To Net: NetName=GNDD Pin=C63C-2
Added Pin To Net: NetName=GNDD Pin=C64A-1
Added Pin To Net: NetName=GNDD Pin=C64B-1
Added Pin To Net: NetName=GNDD Pin=C64C-1
Added Pin To Net: NetName=GNDD Pin=C65A-2
Added Pin To Net: NetName=GNDD Pin=C65B-2
Added Pin To Net: NetName=GNDD Pin=C65C-2
Added Pin To Net: NetName=GNDD Pin=C66A-2
Added Pin To Net: NetName=GNDD Pin=C66B-2
Added Pin To Net: NetName=GNDD Pin=C66C-2
Added Pin To Net: NetName=GNDD Pin=C67A-2
Added Pin To Net: NetName=GNDD Pin=C67B-2
Added Pin To Net: NetName=GNDD Pin=C67C-2
Added Pin To Net: NetName=GNDD Pin=C68A-2
Added Pin To Net: NetName=GNDD Pin=C68B-2
Added Pin To Net: NetName=GNDD Pin=C68C-2
Added Pin To Net: NetName=GNDD Pin=C70A-2
Added Pin To Net: NetName=GNDD Pin=C70B-2
Added Pin To Net: NetName=GNDD Pin=C70C-2
Added Pin To Net: NetName=GNDD Pin=C71A-2
Added Pin To Net: NetName=GNDD Pin=C71B-2
Added Pin To Net: NetName=GNDD Pin=C71C-2
Added Pin To Net: NetName=GNDD Pin=C72A-2
Added Pin To Net: NetName=GNDD Pin=C72B-2
Added Pin To Net: NetName=GNDD Pin=C72C-2
Added Pin To Net: NetName=GNDD Pin=C73A-2
Added Pin To Net: NetName=GNDD Pin=C73B-2
Added Pin To Net: NetName=GNDD Pin=C73C-2
Added Pin To Net: NetName=GNDD Pin=C74A-2
Added Pin To Net: NetName=GNDD Pin=C74B-2
Added Pin To Net: NetName=GNDD Pin=C74C-2
Added Pin To Net: NetName=GNDD Pin=C75A-1
Added Pin To Net: NetName=GNDD Pin=C75B-1
Added Pin To Net: NetName=GNDD Pin=C75C-1
Added Pin To Net: NetName=GNDD Pin=C76A-2
Added Pin To Net: NetName=GNDD Pin=C76B-2
Added Pin To Net: NetName=GNDD Pin=C76C-2
Added Pin To Net: NetName=GNDD Pin=C77A-2
Added Pin To Net: NetName=GNDD Pin=C77B-2
Added Pin To Net: NetName=GNDD Pin=C77C-2
Added Pin To Net: NetName=GNDD Pin=D4A-1
Added Pin To Net: NetName=GNDD Pin=D4A-2
Added Pin To Net: NetName=GNDD Pin=D4B-1
Added Pin To Net: NetName=GNDD Pin=D4B-2
Added Pin To Net: NetName=GNDD Pin=D4C-1
Added Pin To Net: NetName=GNDD Pin=D4C-2
Added Pin To Net: NetName=GNDA Pin=IC1A-77
Added Pin To Net: NetName=GNDA Pin=IC2A-4
Added Pin To Net: NetName=GNDD Pin=IC3A-1
Added Pin To Net: NetName=GNDD Pin=IC3A-2
Added Pin To Net: NetName=GNDD Pin=IC3A-3
Added Pin To Net: NetName=GNDD Pin=IC3A-4
Added Pin To Net: NetName=GNDD Pin=IC3B-1
Added Pin To Net: NetName=GNDD Pin=IC3B-2
Added Pin To Net: NetName=GNDD Pin=IC3B-3
Added Pin To Net: NetName=GNDD Pin=IC3B-4
Added Pin To Net: NetName=GNDD Pin=IC3C-1
Added Pin To Net: NetName=GNDD Pin=IC3C-2
Added Pin To Net: NetName=GNDD Pin=IC3C-3
Added Pin To Net: NetName=GNDD Pin=IC3C-4
Added Pin To Net: NetName=GNDA Pin=J1A-4
Added Pin To Net: NetName=GNDA Pin=J1A-7
Added Pin To Net: NetName=GNDA Pin=J1A-Shell
Added Pin To Net: NetName=GNDA Pin=J1A-Shell
Added Pin To Net: NetName=GNDD Pin=J5A-2
Added Pin To Net: NetName=GNDD Pin=J5A-2
Added Pin To Net: NetName=GNDD Pin=J5A-2
Added Pin To Net: NetName=GNDD Pin=J5B-2
Added Pin To Net: NetName=GNDD Pin=J5B-2
Added Pin To Net: NetName=GNDD Pin=J5B-2
Added Pin To Net: NetName=GNDD Pin=J5C-2
Added Pin To Net: NetName=GNDD Pin=J5C-2
Added Pin To Net: NetName=GNDD Pin=J5C-2
Added Pin To Net: NetName=GNDD Pin=MP1A-1
Added Pin To Net: NetName=GNDD Pin=MP1A-1
Added Pin To Net: NetName=GNDD Pin=MP1A-1
Added Pin To Net: NetName=GNDD Pin=MP1A-1
Added Pin To Net: NetName=GNDD Pin=MP1A-1
Added Pin To Net: NetName=GNDD Pin=MP1A-1
Added Pin To Net: NetName=GNDD Pin=MP1A-1
Added Pin To Net: NetName=GNDD Pin=MP1A-1
Added Pin To Net: NetName=GNDD Pin=MP1A-1
Added Pin To Net: NetName=GNDD Pin=MP1A-1
Added Pin To Net: NetName=GNDD Pin=MP1A-1
Added Pin To Net: NetName=GNDD Pin=MP1A-1
Added Pin To Net: NetName=GNDD Pin=MP1A-1
Added Pin To Net: NetName=GNDD Pin=MP1A-1
Added Pin To Net: NetName=GNDD Pin=MP1A-1
Added Pin To Net: NetName=GNDD Pin=MP1A-1
Added Pin To Net: NetName=GNDD Pin=MP1B-1
Added Pin To Net: NetName=GNDD Pin=MP1B-1
Added Pin To Net: NetName=GNDD Pin=MP1B-1
Added Pin To Net: NetName=GNDD Pin=MP1B-1
Added Pin To Net: NetName=GNDD Pin=MP1B-1
Added Pin To Net: NetName=GNDD Pin=MP1B-1
Added Pin To Net: NetName=GNDD Pin=MP1B-1
Added Pin To Net: NetName=GNDD Pin=MP1B-1
Added Pin To Net: NetName=GNDD Pin=MP1B-1
Added Pin To Net: NetName=GNDD Pin=MP1B-1
Added Pin To Net: NetName=GNDD Pin=MP1B-1
Added Pin To Net: NetName=GNDD Pin=MP1B-1
Added Pin To Net: NetName=GNDD Pin=MP1B-1
Added Pin To Net: NetName=GNDD Pin=MP1B-1
Added Pin To Net: NetName=GNDD Pin=MP1B-1
Added Pin To Net: NetName=GNDD Pin=MP1B-1
Added Pin To Net: NetName=GNDD Pin=MP1C-1
Added Pin To Net: NetName=GNDD Pin=MP1C-1
Added Pin To Net: NetName=GNDD Pin=MP1C-1
Added Pin To Net: NetName=GNDD Pin=MP1C-1
Added Pin To Net: NetName=GNDD Pin=MP1C-1
Added Pin To Net: NetName=GNDD Pin=MP1C-1
Added Pin To Net: NetName=GNDD Pin=MP1C-1
Added Pin To Net: NetName=GNDD Pin=MP1C-1
Added Pin To Net: NetName=GNDD Pin=MP1C-1
Added Pin To Net: NetName=GNDD Pin=MP1C-1
Added Pin To Net: NetName=GNDD Pin=MP1C-1
Added Pin To Net: NetName=GNDD Pin=MP1C-1
Added Pin To Net: NetName=GNDD Pin=MP1C-1
Added Pin To Net: NetName=GNDD Pin=MP1C-1
Added Pin To Net: NetName=GNDD Pin=MP1C-1
Added Pin To Net: NetName=GNDD Pin=MP1C-1
Added Pin To Net: NetName=GNDA Pin=R3A-1
Added Pin To Net: NetName=GNDA Pin=R5A-2
Added Pin To Net: NetName=GNDA Pin=R6A-1
Added Pin To Net: NetName=GNDA Pin=R13A-1
Added Pin To Net: NetName=GNDA Pin=R14A-2
Added Pin To Net: NetName=GNDA Pin=R16A-1
Added Pin To Net: NetName=GNDA Pin=R18A-1
Added Pin To Net: NetName=GNDA Pin=R20A-1
Added Pin To Net: NetName=GNDA Pin=R22A-1
Added Pin To Net: NetName=GNDA Pin=R23A-1
Added Pin To Net: NetName=GNDA Pin=R24A-1
Added Pin To Net: NetName=GNDA Pin=R25A-1
Added Pin To Net: NetName=GNDA Pin=R26A-1
Added Pin To Net: NetName=GNDD Pin=R43A-1
Added Pin To Net: NetName=GNDD Pin=R43B-1
Added Pin To Net: NetName=GNDD Pin=R43C-1
Added Pin To Net: NetName=GNDD Pin=U3A-1
Added Pin To Net: NetName=GNDD Pin=U3B-1
Added Pin To Net: NetName=VBUSA Pin=U3B-3
Added Pin To Net: NetName=GNDD Pin=U3C-1
Added Pin To Net: NetName=VBUSA Pin=U3C-3
Added Pin To Net: NetName=VBUSA Pin=U3D-3
Added Pin To Net: NetName=GNDD Pin=U4A-3
Added Pin To Net: NetName=GNDD Pin=U4A-8
Added Pin To Net: NetName=GNDD Pin=U4A-39
Added Pin To Net: NetName=GNDD Pin=U4A-45
Added Pin To Net: NetName=GNDD Pin=U4A-49
Added Pin To Net: NetName=GNDD Pin=U4B-3
Added Pin To Net: NetName=GNDD Pin=U4B-8
Added Pin To Net: NetName=GNDD Pin=U4B-39
Added Pin To Net: NetName=GNDD Pin=U4B-45
Added Pin To Net: NetName=GNDD Pin=U4B-49
Added Pin To Net: NetName=GNDD Pin=U4C-3
Added Pin To Net: NetName=GNDD Pin=U4C-8
Added Pin To Net: NetName=GNDD Pin=U4C-39
Added Pin To Net: NetName=GNDD Pin=U4C-45
Added Pin To Net: NetName=GNDD Pin=U4C-49
Added Pin To Net: NetName=GNDD Pin=U5A-16
Added Pin To Net: NetName=GNDD Pin=U5A-25
Added Pin To Net: NetName=GNDD Pin=U5B-16
Added Pin To Net: NetName=GNDD Pin=U5B-25
Added Pin To Net: NetName=GNDD Pin=U5C-16
Added Pin To Net: NetName=GNDD Pin=U5C-25
Added Pin To Net: NetName=GNDD Pin=X1A-2
Added Pin To Net: NetName=GNDD Pin=X1B-2
Added Pin To Net: NetName=GNDD Pin=X1C-2
Added Pin To Net: NetName=GNDA Pin=Y1A-2
Added Pin To Net: NetName=GNDA Pin=Y1A-4
Change Net Name : Old Net Name=GNDD New Net Name=GND
