Removed Pin From Net: NetName=5VBus Pin=C1B-1
Removed Pin From Net: NetName=5VBus Pin=C2B-1
Removed Pin From Net: NetName=5VBus Pin=C10B-1
Removed Pin From Net: NetName=5VBus Pin=C11B-2
Removed Pin From Net: NetName=5VBus Pin=C12B-1
Removed Pin From Net: NetName=5VBus Pin=C13B-1
Removed Pin From Net: NetName=5VBus Pin=FB1B-2
Removed Pin From Net: NetName=5VBus Pin=IC1B-20
Removed Pin From Net: NetName=5VBus Pin=IC1B-38
Removed Pin From Net: NetName=5VBus Pin=R1B-2
Added Component: Designator=J6(61300621821)
Add component (AddParameter): Name = "ComponentLink1Description"; Value = "Manufacturer"; VariantName = "[No Variations]"
Add component (AddParameter): Name = "ComponentLink1URL"; Value = "http://www.we-online.de"; VariantName = "[No Variations]"
Add component (AddParameter): Name = "ComponentLink2Description"; Value = "Datasheet"; VariantName = "[No Variations]"
Add component (AddParameter): Name = "ComponentLink2URL"; Value = "https://www.we-online.com/catalog/datasheet/61300621821.pdf"; VariantName = "[No Variations]"
Add component (AddParameter): Name = "Contact Resistance"; Value = "20mOhm"; VariantName = "[No Variations]"
Add component (AddParameter): Name = "Gender"; Value = "Socket Header"; VariantName = "[No Variations]"
Add component (AddParameter): Name = "Manufacturer"; Value = "Wurth Elektronik"; VariantName = "[No Variations]"
Add component (AddParameter): Name = "Manufacturer Part Number"; Value = "61300621821"; VariantName = "[No Variations]"
Add component (AddParameter): Name = "Mounting Technology"; Value = "THT"; VariantName = "[No Variations]"
Add component (AddParameter): Name = "Operating Temperature"; Value = "-40 to +125degC"; VariantName = "[No Variations]"
Add component (AddParameter): Name = "Orientation"; Value = "Vertical"; VariantName = "[No Variations]"
Add component (AddParameter): Name = "Packaging"; Value = "Tray"; VariantName = "[No Variations]"
Add component (AddParameter): Name = "Pin Number"; Value = "6"; VariantName = "[No Variations]"
Add component (AddParameter): Name = "Pitch"; Value = "2.54mm"; VariantName = "[No Variations]"
Add component (AddParameter): Name = "Published Date"; Value = "May 2020"; VariantName = "[No Variations]"
Add component (AddParameter): Name = "Rated Current"; Value = "3A"; VariantName = "[No Variations]"
Add component (AddParameter): Name = "Row Number"; Value = "Dual"; VariantName = "[No Variations]"
Add component (AddParameter): Name = "Withstanding Voltage"; Value = "500VAC"; VariantName = "[No Variations]"
Add component (AddParameter): Name = "Working Voltage"; Value = "250VAC"; VariantName = "[No Variations]"
Added Pin To Net: NetName=VBUS Pin=J6-1
Added Pin To Net: NetName=VBUS Pin=J6-2
Added Pin To Net: NetName=GND Pin=J6-5
Added Pin To Net: NetName=GND Pin=J6-6
Added Pin To Net: NetName=5VBusB Pin=C1B-1
Added Pin To Net: NetName=5VBusB Pin=C2B-1
Added Pin To Net: NetName=5VBusB Pin=C10B-1
Added Pin To Net: NetName=5VBusB Pin=C11B-2
Added Pin To Net: NetName=5VBusB Pin=C12B-1
Added Pin To Net: NetName=5VBusB Pin=C13B-1
Added Pin To Net: NetName=5VBusB Pin=FB1B-2
Added Pin To Net: NetName=5VBusB Pin=IC1B-20
Added Pin To Net: NetName=5VBusB Pin=IC1B-38
Added Pin To Net: NetName=5VBusB Pin=R1B-2
Added Net: Name=5VBusB
Added Pin To Net: NetName=QUECTEL_USB_N Pin=IC1B-75
Added Pin To Net: NetName=QUECTEL_USB_N Pin=J6-3
Added Net: Name=QUECTEL_USB_N
Added Pin To Net: NetName=QUECTEL_USB_P Pin=IC1B-74
Added Pin To Net: NetName=QUECTEL_USB_P Pin=J6-4
Added Net: Name=QUECTEL_USB_P
Added Differential Pair: Name=QUECTEL_USB
