Removed Pin From Net: NetName=GNDAA Pin=C23E-1
Removed Pin From Net: NetName=GNDAA Pin=C25E-1
Removed Pin From Net: NetName=VDD3A Pin=C25E-2
Removed Pin From Net: NetName=GNDAA Pin=C27E-2
Removed Pin From Net: NetName=GNDAA Pin=C28E-1
Removed Pin From Net: NetName=GNDAA Pin=C29E-1
Removed Pin From Net: NetName=GNDAA Pin=C30E-1
Removed Pin From Net: NetName=GNDAA Pin=C31E-1
Removed Pin From Net: NetName=VDD3A Pin=C31E-2
Removed Pin From Net: NetName=GNDAA Pin=C32E-1
Removed Pin From Net: NetName=GNDAA Pin=C34E-2
Removed Pin From Net: NetName=VDD3A Pin=C35E-1
Removed Pin From Net: NetName=GNDAA Pin=C35E-2
Removed Pin From Net: NetName=GNDAA Pin=C36E-2
Removed Pin From Net: NetName=GNDAA Pin=C37E-2
Removed Pin From Net: NetName=GNDAA Pin=C38E-2
Removed Pin From Net: NetName=GNDAA Pin=C39E-1
Removed Pin From Net: NetName=GNDAA Pin=C40E-2
Removed Pin From Net: NetName=GNDAA Pin=C41E-2
Removed Pin From Net: NetName=GNDAA Pin=C42E-2
Removed Pin From Net: NetName=GNDAA Pin=C43E-2
Removed Pin From Net: NetName=GNDAA Pin=C44E-2
Removed Pin From Net: NetName=GNDAA Pin=C45E-1
Removed Pin From Net: NetName=GNDAA Pin=C46E-2
Removed Pin From Net: NetName=GNDAA Pin=C47E-2
Removed Pin From Net: NetName=GNDAA Pin=D1E-1
Removed Pin From Net: NetName=GNDAA Pin=D1E-2
Removed Pin From Net: NetName=GNDAA Pin=J*1E-2
Removed Pin From Net: NetName=GNDAA Pin=J*1E-2
Removed Pin From Net: NetName=GNDAA Pin=J*1E-2
Removed Pin From Net: NetName=VDD3A Pin=R27E-2
Removed Pin From Net: NetName=VDD3A Pin=R28E-2
Removed Pin From Net: NetName=GNDAA Pin=R29E-1
Removed Pin From Net: NetName=GNDAA Pin=R33E-2
Removed Pin From Net: NetName=VDD3A Pin=R36E-2
Removed Pin From Net: NetName=VDD3A Pin=R37E-2
Removed Pin From Net: NetName=GNDAA Pin=U6E-1
Removed Pin From Net: NetName=GNDAA Pin=U6E-2
Removed Pin From Net: NetName=GNDAA Pin=U6E-3
Removed Pin From Net: NetName=GNDAA Pin=U6E-4
Removed Pin From Net: NetName=VDD3A Pin=U6E-8
Removed Pin From Net: NetName=GNDAA Pin=U7E-3
Removed Pin From Net: NetName=GNDAA Pin=U7E-8
Removed Pin From Net: NetName=VDD3A Pin=U7E-14
Removed Pin From Net: NetName=VDD3A Pin=U7E-25
Removed Pin From Net: NetName=VDD3A Pin=U7E-26
Removed Pin From Net: NetName=VDD3A Pin=U7E-33
Removed Pin From Net: NetName=GNDAA Pin=U7E-39
Removed Pin From Net: NetName=VDD3A Pin=U7E-43
Removed Pin From Net: NetName=GNDAA Pin=U7E-45
Removed Pin From Net: NetName=GNDAA Pin=U7E-49
Removed Pin From Net: NetName=VDD3A Pin=U8E-2
Removed Pin From Net: NetName=VDD3A Pin=U8E-11
Removed Pin From Net: NetName=GNDAA Pin=U8E-16
Removed Pin From Net: NetName=VDD3A Pin=U8E-18
Removed Pin From Net: NetName=VDD3A Pin=U8E-23
Removed Pin From Net: NetName=GNDAA Pin=Y2E-2
Removed Pin From Net: NetName=GNDAA Pin=Y2E-4
Removed Member From Class: ClassName=RTL-SDR Member=Designator5
