Change Component Footprint: Designator=C6 Old Footprint=SMD-0402C New Footprint=SMD-0603C
Change Component Footprint: Designator=C33A Old Footprint=SMD-0402C New Footprint=SMD-0805C
Change Component Footprint: Designator=C33B Old Footprint=SMD-0402C New Footprint=SMD-0805C
Change Component Footprint: Designator=C33C Old Footprint=SMD-0402C New Footprint=SMD-0805C
Change Component Footprint: Designator=C33D Old Footprint=SMD-0402C New Footprint=SMD-0805C
Change Physical Footprint: Designator=C1 Old Footprint=SMD-0402C New Footprint=SMD-0402C
Change Physical Footprint: Designator=C2 Old Footprint=SMD-0402C New Footprint=SMD-0402C
Change Physical Footprint: Designator=C3 Old Footprint=SMD-0402C New Footprint=SMD-0402C
Change Physical Footprint: Designator=C4 Old Footprint=SMD-0402C New Footprint=SMD-0402C
Change Physical Footprint: Designator=C5 Old Footprint=SMD-0402C New Footprint=SMD-0402C
Change Physical Footprint: Designator=C7 Old Footprint=SMD-0603C New Footprint=SMD-0603C
Change Physical Footprint: Designator=C8 Old Footprint=SMD-0402C New Footprint=SMD-0402C
Change Physical Footprint: Designator=C9 Old Footprint=SMD-0402C New Footprint=SMD-0402C
Change Physical Footprint: Designator=C10 Old Footprint=SMD-0402C New Footprint=SMD-0402C
Change Physical Footprint: Designator=C11A Old Footprint=SMD-0402C New Footprint=SMD-0402C
Change Physical Footprint: Designator=C11B Old Footprint=SMD-0402C New Footprint=SMD-0402C
Change Physical Footprint: Designator=C12A Old Footprint=SMD-0402C New Footprint=SMD-0402C
Change Physical Footprint: Designator=C12B Old Footprint=SMD-0402C New Footprint=SMD-0402C
Change Physical Footprint: Designator=C13A Old Footprint=SMD-0402C New Footprint=SMD-0402C
Change Physical Footprint: Designator=C13B Old Footprint=SMD-0402C New Footprint=SMD-0402C
Change Physical Footprint: Designator=C14A Old Footprint=SMD-0402C New Footprint=SMD-0402C
Change Physical Footprint: Designator=C14B Old Footprint=SMD-0402C New Footprint=SMD-0402C
Change Physical Footprint: Designator=C15A Old Footprint=SMD-0402C New Footprint=SMD-0402C
Change Physical Footprint: Designator=C15B Old Footprint=SMD-0402C New Footprint=SMD-0402C
Change Physical Footprint: Designator=C16A Old Footprint=SMD-0402C New Footprint=SMD-0402C
Change Physical Footprint: Designator=C16B Old Footprint=SMD-0402C New Footprint=SMD-0402C
Change Physical Footprint: Designator=C17A Old Footprint=SMD-0402C New Footprint=SMD-0402C
Change Physical Footprint: Designator=C17B Old Footprint=SMD-0402C New Footprint=SMD-0402C
Change Physical Footprint: Designator=C18 Old Footprint=SMD-0805C New Footprint=SMD-0805C
Change Physical Footprint: Designator=C19 Old Footprint=SMD-0805C New Footprint=SMD-0805C
Change Physical Footprint: Designator=C20 Old Footprint=SMD-0805C New Footprint=SMD-0805C
Change Physical Footprint: Designator=C21 Old Footprint=SMD-0805C New Footprint=SMD-0805C
Change Physical Footprint: Designator=C22A Old Footprint=SMD-0402C New Footprint=SMD-0402C
Change Physical Footprint: Designator=C22B Old Footprint=SMD-0402C New Footprint=SMD-0402C
Change Physical Footprint: Designator=C22C Old Footprint=SMD-0402C New Footprint=SMD-0402C
Change Physical Footprint: Designator=C22D Old Footprint=SMD-0402C New Footprint=SMD-0402C
Change Physical Footprint: Designator=C23A Old Footprint=SMD-0402C New Footprint=SMD-0402C
Change Physical Footprint: Designator=C23B Old Footprint=SMD-0402C New Footprint=SMD-0402C
Change Physical Footprint: Designator=C23C Old Footprint=SMD-0402C New Footprint=SMD-0402C
Change Physical Footprint: Designator=C23D Old Footprint=SMD-0402C New Footprint=SMD-0402C
Change Physical Footprint: Designator=C24A Old Footprint=SMD-0402C New Footprint=SMD-0402C
Change Physical Footprint: Designator=C24B Old Footprint=SMD-0402C New Footprint=SMD-0402C
Change Physical Footprint: Designator=C24C Old Footprint=SMD-0402C New Footprint=SMD-0402C
Change Physical Footprint: Designator=C24D Old Footprint=SMD-0402C New Footprint=SMD-0402C
Change Physical Footprint: Designator=C25A Old Footprint=SMD-0402C New Footprint=SMD-0402C
Change Physical Footprint: Designator=C25B Old Footprint=SMD-0402C New Footprint=SMD-0402C
Change Physical Footprint: Designator=C25C Old Footprint=SMD-0402C New Footprint=SMD-0402C
Change Physical Footprint: Designator=C25D Old Footprint=SMD-0402C New Footprint=SMD-0402C
Change Physical Footprint: Designator=C26A Old Footprint=SMD-0402C New Footprint=SMD-0402C
Change Physical Footprint: Designator=C26B Old Footprint=SMD-0402C New Footprint=SMD-0402C
Change Physical Footprint: Designator=C26C Old Footprint=SMD-0402C New Footprint=SMD-0402C
Change Physical Footprint: Designator=C26D Old Footprint=SMD-0402C New Footprint=SMD-0402C
Change Physical Footprint: Designator=C27A Old Footprint=SMD-0402C New Footprint=SMD-0402C
Change Physical Footprint: Designator=C27B Old Footprint=SMD-0402C New Footprint=SMD-0402C
Change Physical Footprint: Designator=C27C Old Footprint=SMD-0402C New Footprint=SMD-0402C
Change Physical Footprint: Designator=C27D Old Footprint=SMD-0402C New Footprint=SMD-0402C
Change Physical Footprint: Designator=C28A Old Footprint=SMD-0402C New Footprint=SMD-0402C
Change Physical Footprint: Designator=C28B Old Footprint=SMD-0402C New Footprint=SMD-0402C
Change Physical Footprint: Designator=C28C Old Footprint=SMD-0402C New Footprint=SMD-0402C
Change Physical Footprint: Designator=C28D Old Footprint=SMD-0402C New Footprint=SMD-0402C
Change Physical Footprint: Designator=C29A Old Footprint=SMD-0402C New Footprint=SMD-0402C
Change Physical Footprint: Designator=C29B Old Footprint=SMD-0402C New Footprint=SMD-0402C
Change Physical Footprint: Designator=C29C Old Footprint=SMD-0402C New Footprint=SMD-0402C
Change Physical Footprint: Designator=C29D Old Footprint=SMD-0402C New Footprint=SMD-0402C
Change Physical Footprint: Designator=C30A Old Footprint=SMD-0402C New Footprint=SMD-0402C
Change Physical Footprint: Designator=C30B Old Footprint=SMD-0402C New Footprint=SMD-0402C
Change Physical Footprint: Designator=C30C Old Footprint=SMD-0402C New Footprint=SMD-0402C
Change Physical Footprint: Designator=C30D Old Footprint=SMD-0402C New Footprint=SMD-0402C
Change Physical Footprint: Designator=C31A Old Footprint=SMD-0402C New Footprint=SMD-0402C
Change Physical Footprint: Designator=C31B Old Footprint=SMD-0402C New Footprint=SMD-0402C
Change Physical Footprint: Designator=C31C Old Footprint=SMD-0402C New Footprint=SMD-0402C
Change Physical Footprint: Designator=C31D Old Footprint=SMD-0402C New Footprint=SMD-0402C
Change Physical Footprint: Designator=C32A Old Footprint=SMD-0402C New Footprint=SMD-0402C
Change Physical Footprint: Designator=C32B Old Footprint=SMD-0402C New Footprint=SMD-0402C
Change Physical Footprint: Designator=C32C Old Footprint=SMD-0402C New Footprint=SMD-0402C
Change Physical Footprint: Designator=C32D Old Footprint=SMD-0402C New Footprint=SMD-0402C
Change Physical Footprint: Designator=C34A Old Footprint=SMD-0402C New Footprint=SMD-0402C
Change Physical Footprint: Designator=C34B Old Footprint=SMD-0402C New Footprint=SMD-0402C
Change Physical Footprint: Designator=C34C Old Footprint=SMD-0402C New Footprint=SMD-0402C
Change Physical Footprint: Designator=C34D Old Footprint=SMD-0402C New Footprint=SMD-0402C
Change Physical Footprint: Designator=C35A Old Footprint=SMD-0603C New Footprint=SMD-0603C
Change Physical Footprint: Designator=C35B Old Footprint=SMD-0603C New Footprint=SMD-0603C
Change Physical Footprint: Designator=C35C Old Footprint=SMD-0603C New Footprint=SMD-0603C
Change Physical Footprint: Designator=C35D Old Footprint=SMD-0603C New Footprint=SMD-0603C
Change Physical Footprint: Designator=C36A Old Footprint=SMD-0402C New Footprint=SMD-0402C
Change Physical Footprint: Designator=C36B Old Footprint=SMD-0402C New Footprint=SMD-0402C
Change Physical Footprint: Designator=C36C Old Footprint=SMD-0402C New Footprint=SMD-0402C
Change Physical Footprint: Designator=C36D Old Footprint=SMD-0402C New Footprint=SMD-0402C
Change Physical Footprint: Designator=C37A Old Footprint=SMD-0402C New Footprint=SMD-0402C
Change Physical Footprint: Designator=C37B Old Footprint=SMD-0402C New Footprint=SMD-0402C
Change Physical Footprint: Designator=C37C Old Footprint=SMD-0402C New Footprint=SMD-0402C
Change Physical Footprint: Designator=C37D Old Footprint=SMD-0402C New Footprint=SMD-0402C
Change Physical Footprint: Designator=C38A Old Footprint=SMD-0402C New Footprint=SMD-0402C
Change Physical Footprint: Designator=C38B Old Footprint=SMD-0402C New Footprint=SMD-0402C
Change Physical Footprint: Designator=C38C Old Footprint=SMD-0402C New Footprint=SMD-0402C
Change Physical Footprint: Designator=C38D Old Footprint=SMD-0402C New Footprint=SMD-0402C
Change Physical Footprint: Designator=C39A Old Footprint=SMD-0402C New Footprint=SMD-0402C
Change Physical Footprint: Designator=C39B Old Footprint=SMD-0402C New Footprint=SMD-0402C
Change Physical Footprint: Designator=C39C Old Footprint=SMD-0402C New Footprint=SMD-0402C
Change Physical Footprint: Designator=C39D Old Footprint=SMD-0402C New Footprint=SMD-0402C
Change Physical Footprint: Designator=C40A Old Footprint=SMD-1210C New Footprint=SMD-1210C
Change Physical Footprint: Designator=C40B Old Footprint=SMD-1210C New Footprint=SMD-1210C
Change Physical Footprint: Designator=C40C Old Footprint=SMD-1210C New Footprint=SMD-1210C
Change Physical Footprint: Designator=C40D Old Footprint=SMD-1210C New Footprint=SMD-1210C
Change Physical Footprint: Designator=C41A Old Footprint=SMD-0402C New Footprint=SMD-0402C
Change Physical Footprint: Designator=C41B Old Footprint=SMD-0402C New Footprint=SMD-0402C
Change Physical Footprint: Designator=C41C Old Footprint=SMD-0402C New Footprint=SMD-0402C
Change Physical Footprint: Designator=C41D Old Footprint=SMD-0402C New Footprint=SMD-0402C
Change Physical Footprint: Designator=C42A Old Footprint=SMD-0402C New Footprint=SMD-0402C
Change Physical Footprint: Designator=C42B Old Footprint=SMD-0402C New Footprint=SMD-0402C
Change Physical Footprint: Designator=C42C Old Footprint=SMD-0402C New Footprint=SMD-0402C
Change Physical Footprint: Designator=C42D Old Footprint=SMD-0402C New Footprint=SMD-0402C
Change Physical Footprint: Designator=C43A Old Footprint=SMD-0402C New Footprint=SMD-0402C
Change Physical Footprint: Designator=C43B Old Footprint=SMD-0402C New Footprint=SMD-0402C
Change Physical Footprint: Designator=C43C Old Footprint=SMD-0402C New Footprint=SMD-0402C
Change Physical Footprint: Designator=C43D Old Footprint=SMD-0402C New Footprint=SMD-0402C
Change Physical Footprint: Designator=C44A Old Footprint=SMD-0402C New Footprint=SMD-0402C
Change Physical Footprint: Designator=C44B Old Footprint=SMD-0402C New Footprint=SMD-0402C
Change Physical Footprint: Designator=C44C Old Footprint=SMD-0402C New Footprint=SMD-0402C
Change Physical Footprint: Designator=C44D Old Footprint=SMD-0402C New Footprint=SMD-0402C
Change Physical Footprint: Designator=C45A Old Footprint=SMD-0402C New Footprint=SMD-0402C
Change Physical Footprint: Designator=C45B Old Footprint=SMD-0402C New Footprint=SMD-0402C
Change Physical Footprint: Designator=C45C Old Footprint=SMD-0402C New Footprint=SMD-0402C
Change Physical Footprint: Designator=C45D Old Footprint=SMD-0402C New Footprint=SMD-0402C
Change Physical Footprint: Designator=C46A Old Footprint=SMD-0402C New Footprint=SMD-0402C
Change Physical Footprint: Designator=C46B Old Footprint=SMD-0402C New Footprint=SMD-0402C
Change Physical Footprint: Designator=C46C Old Footprint=SMD-0402C New Footprint=SMD-0402C
Change Physical Footprint: Designator=C46D Old Footprint=SMD-0402C New Footprint=SMD-0402C
Change Physical Footprint: Designator=C47A Old Footprint=SMD-0402C New Footprint=SMD-0402C
Change Physical Footprint: Designator=C47B Old Footprint=SMD-0402C New Footprint=SMD-0402C
Change Physical Footprint: Designator=C47C Old Footprint=SMD-0402C New Footprint=SMD-0402C
Change Physical Footprint: Designator=C47D Old Footprint=SMD-0402C New Footprint=SMD-0402C
Change Physical Footprint: Designator=C48 Old Footprint=SMD-0805C New Footprint=SMD-0805C
Change Physical Footprint: Designator=C49 Old Footprint=SMD-0805C New Footprint=SMD-0805C
Change Physical Footprint: Designator=FB1 Old Footprint=INDC1608N New Footprint=INDC1608N
Change Physical Footprint: Designator=FB2A Old Footprint=INDC1608N New Footprint=INDC1608N
Change Physical Footprint: Designator=FB2B Old Footprint=INDC1608N New Footprint=INDC1608N
Change Physical Footprint: Designator=FB2C Old Footprint=INDC1608N New Footprint=INDC1608N
Change Physical Footprint: Designator=FB2D Old Footprint=INDC1608N New Footprint=INDC1608N
Change Physical Footprint: Designator=FB3A Old Footprint=INDC1608N New Footprint=INDC1608N
Change Physical Footprint: Designator=FB3B Old Footprint=INDC1608N New Footprint=INDC1608N
Change Physical Footprint: Designator=FB3C Old Footprint=INDC1608N New Footprint=INDC1608N
Change Physical Footprint: Designator=FB3D Old Footprint=INDC1608N New Footprint=INDC1608N
Change Physical Footprint: Designator=FB4A Old Footprint=INDC1608N New Footprint=INDC1608N
Change Physical Footprint: Designator=FB4B Old Footprint=INDC1608N New Footprint=INDC1608N
Change Physical Footprint: Designator=FB4C Old Footprint=INDC1608N New Footprint=INDC1608N
Change Physical Footprint: Designator=FB4D Old Footprint=INDC1608N New Footprint=INDC1608N
Change Physical Footprint: Designator=J4 Old Footprint=61004021821 New Footprint=61004021821
Change Physical Footprint: Designator=J8 Old Footprint=61300621821 New Footprint=61300621821
Change Physical Footprint: Designator=LED1 Old Footprint=LED-0603-WHITE New Footprint=LED-0603-WHITE
Change Physical Footprint: Designator=LED2 Old Footprint=LED-0603-WHITE New Footprint=LED-0603-WHITE
Change Physical Footprint: Designator=LED3 Old Footprint=LED-0603-WHITE New Footprint=LED-0603-WHITE
Change Physical Footprint: Designator=LED4A Old Footprint=LED-0603-GREEN New Footprint=LED-0603-GREEN
Change Physical Footprint: Designator=LED4B Old Footprint=LED-0603-GREEN New Footprint=LED-0603-GREEN
Change Physical Footprint: Designator=R1 Old Footprint=SMD-0402-RES New Footprint=SMD-0402-RES
Change Physical Footprint: Designator=R2 Old Footprint=SMD-0402-RES New Footprint=SMD-0402-RES
Change Physical Footprint: Designator=R3 Old Footprint=SMD-0402-RES New Footprint=SMD-0402-RES
Change Physical Footprint: Designator=R4 Old Footprint=SMD-0402-RES New Footprint=SMD-0402-RES
Change Physical Footprint: Designator=R5 Old Footprint=SMD-0402-RES New Footprint=SMD-0402-RES
Change Physical Footprint: Designator=R6 Old Footprint=SMD-0402-RES New Footprint=SMD-0402-RES
Change Physical Footprint: Designator=R7 Old Footprint=SMD-0402-RES New Footprint=SMD-0402-RES
Change Physical Footprint: Designator=R8 Old Footprint=SMD-0402-RES New Footprint=SMD-0402-RES
Change Physical Footprint: Designator=R9 Old Footprint=SMD-0402-RES New Footprint=SMD-0402-RES
Change Physical Footprint: Designator=R10 Old Footprint=SMD-0402-RES New Footprint=SMD-0402-RES
Change Physical Footprint: Designator=R11 Old Footprint=SMD-0402-RES New Footprint=SMD-0402-RES
Change Physical Footprint: Designator=R12 Old Footprint=SMD-0402-RES New Footprint=SMD-0402-RES
Change Physical Footprint: Designator=R13 Old Footprint=SMD-0402-RES New Footprint=SMD-0402-RES
Change Physical Footprint: Designator=R14 Old Footprint=SMD-0402-RES New Footprint=SMD-0402-RES
Change Physical Footprint: Designator=R15A Old Footprint=SMD-0402-RES New Footprint=SMD-0402-RES
Change Physical Footprint: Designator=R15B Old Footprint=SMD-0402-RES New Footprint=SMD-0402-RES
Change Physical Footprint: Designator=R16A Old Footprint=SMD-0402-RES New Footprint=SMD-0402-RES
Change Physical Footprint: Designator=R16B Old Footprint=SMD-0402-RES New Footprint=SMD-0402-RES
Change Physical Footprint: Designator=R17A Old Footprint=SMD-0402-RES New Footprint=SMD-0402-RES
Change Physical Footprint: Designator=R17B Old Footprint=SMD-0402-RES New Footprint=SMD-0402-RES
Change Physical Footprint: Designator=R18A Old Footprint=SMD-0402-RES New Footprint=SMD-0402-RES
Change Physical Footprint: Designator=R18B Old Footprint=SMD-0402-RES New Footprint=SMD-0402-RES
Change Physical Footprint: Designator=R19A Old Footprint=SMD-0402-RES New Footprint=SMD-0402-RES
Change Physical Footprint: Designator=R19B Old Footprint=SMD-0402-RES New Footprint=SMD-0402-RES
Change Physical Footprint: Designator=R20A Old Footprint=SMD-0402-RES New Footprint=SMD-0402-RES
Change Physical Footprint: Designator=R20B Old Footprint=SMD-0402-RES New Footprint=SMD-0402-RES
Change Physical Footprint: Designator=R21A Old Footprint=SMD-0402-RES New Footprint=SMD-0402-RES
Change Physical Footprint: Designator=R21B Old Footprint=SMD-0402-RES New Footprint=SMD-0402-RES
Change Physical Footprint: Designator=R22A Old Footprint=SMD-0402-RES New Footprint=SMD-0402-RES
Change Physical Footprint: Designator=R22B Old Footprint=SMD-0402-RES New Footprint=SMD-0402-RES
Change Physical Footprint: Designator=R23A Old Footprint=SMD-0402-RES New Footprint=SMD-0402-RES
Change Physical Footprint: Designator=R23B Old Footprint=SMD-0402-RES New Footprint=SMD-0402-RES
Change Physical Footprint: Designator=R24A Old Footprint=SMD-0402-RES New Footprint=SMD-0402-RES
Change Physical Footprint: Designator=R24B Old Footprint=SMD-0402-RES New Footprint=SMD-0402-RES
Change Physical Footprint: Designator=R25A Old Footprint=SMD-0402-RES New Footprint=SMD-0402-RES
Change Physical Footprint: Designator=R25B Old Footprint=SMD-0402-RES New Footprint=SMD-0402-RES
Change Physical Footprint: Designator=R26A Old Footprint=SMD-0402-RES New Footprint=SMD-0402-RES
Change Physical Footprint: Designator=R26B Old Footprint=SMD-0402-RES New Footprint=SMD-0402-RES
Change Physical Footprint: Designator=R27A Old Footprint=SMD-0402-RES New Footprint=SMD-0402-RES
Change Physical Footprint: Designator=R27B Old Footprint=SMD-0402-RES New Footprint=SMD-0402-RES
Change Physical Footprint: Designator=R27C Old Footprint=SMD-0402-RES New Footprint=SMD-0402-RES
Change Physical Footprint: Designator=R27D Old Footprint=SMD-0402-RES New Footprint=SMD-0402-RES
Change Physical Footprint: Designator=R28A Old Footprint=SMD-0402-RES New Footprint=SMD-0402-RES
Change Physical Footprint: Designator=R28B Old Footprint=SMD-0402-RES New Footprint=SMD-0402-RES
Change Physical Footprint: Designator=R28C Old Footprint=SMD-0402-RES New Footprint=SMD-0402-RES
Change Physical Footprint: Designator=R28D Old Footprint=SMD-0402-RES New Footprint=SMD-0402-RES
Change Physical Footprint: Designator=R29A Old Footprint=SMD-0402-RES New Footprint=SMD-0402-RES
Change Physical Footprint: Designator=R29B Old Footprint=SMD-0402-RES New Footprint=SMD-0402-RES
Change Physical Footprint: Designator=R29C Old Footprint=SMD-0402-RES New Footprint=SMD-0402-RES
Change Physical Footprint: Designator=R29D Old Footprint=SMD-0402-RES New Footprint=SMD-0402-RES
Change Physical Footprint: Designator=R30A Old Footprint=SMD-0402-RES New Footprint=SMD-0402-RES
Change Physical Footprint: Designator=R30B Old Footprint=SMD-0402-RES New Footprint=SMD-0402-RES
Change Physical Footprint: Designator=R30C Old Footprint=SMD-0402-RES New Footprint=SMD-0402-RES
Change Physical Footprint: Designator=R30D Old Footprint=SMD-0402-RES New Footprint=SMD-0402-RES
Change Physical Footprint: Designator=R31A Old Footprint=SMD-0402-RES New Footprint=SMD-0402-RES
Change Physical Footprint: Designator=R31B Old Footprint=SMD-0402-RES New Footprint=SMD-0402-RES
Change Physical Footprint: Designator=R31C Old Footprint=SMD-0402-RES New Footprint=SMD-0402-RES
Change Physical Footprint: Designator=R31D Old Footprint=SMD-0402-RES New Footprint=SMD-0402-RES
Change Physical Footprint: Designator=R32A Old Footprint=SMD-0402-RES New Footprint=SMD-0402-RES
Change Physical Footprint: Designator=R32B Old Footprint=SMD-0402-RES New Footprint=SMD-0402-RES
Change Physical Footprint: Designator=R32C Old Footprint=SMD-0402-RES New Footprint=SMD-0402-RES
Change Physical Footprint: Designator=R32D Old Footprint=SMD-0402-RES New Footprint=SMD-0402-RES
Change Physical Footprint: Designator=R33A Old Footprint=SMD-0402-RES New Footprint=SMD-0402-RES
Change Physical Footprint: Designator=R33B Old Footprint=SMD-0402-RES New Footprint=SMD-0402-RES
Change Physical Footprint: Designator=R33C Old Footprint=SMD-0402-RES New Footprint=SMD-0402-RES
Change Physical Footprint: Designator=R33D Old Footprint=SMD-0402-RES New Footprint=SMD-0402-RES
Change Physical Footprint: Designator=R34A Old Footprint=SMD-0402-RES New Footprint=SMD-0402-RES
Change Physical Footprint: Designator=R34B Old Footprint=SMD-0402-RES New Footprint=SMD-0402-RES
Change Physical Footprint: Designator=R34C Old Footprint=SMD-0402-RES New Footprint=SMD-0402-RES
Change Physical Footprint: Designator=R34D Old Footprint=SMD-0402-RES New Footprint=SMD-0402-RES
Change Physical Footprint: Designator=R35A Old Footprint=SMD-0402-RES New Footprint=SMD-0402-RES
Change Physical Footprint: Designator=R35B Old Footprint=SMD-0402-RES New Footprint=SMD-0402-RES
Change Physical Footprint: Designator=R35C Old Footprint=SMD-0402-RES New Footprint=SMD-0402-RES
Change Physical Footprint: Designator=R35D Old Footprint=SMD-0402-RES New Footprint=SMD-0402-RES
Change Physical Footprint: Designator=R36A Old Footprint=SMD-0402-RES New Footprint=SMD-0402-RES
Change Physical Footprint: Designator=R36B Old Footprint=SMD-0402-RES New Footprint=SMD-0402-RES
Change Physical Footprint: Designator=R36C Old Footprint=SMD-0402-RES New Footprint=SMD-0402-RES
Change Physical Footprint: Designator=R36D Old Footprint=SMD-0402-RES New Footprint=SMD-0402-RES
Change Physical Footprint: Designator=R37A Old Footprint=SMD-0402-RES New Footprint=SMD-0402-RES
Change Physical Footprint: Designator=R37B Old Footprint=SMD-0402-RES New Footprint=SMD-0402-RES
Change Physical Footprint: Designator=R37C Old Footprint=SMD-0402-RES New Footprint=SMD-0402-RES
Change Physical Footprint: Designator=R37D Old Footprint=SMD-0402-RES New Footprint=SMD-0402-RES
Change Physical Footprint: Designator=R38A Old Footprint=SMD-0402-RES New Footprint=SMD-0402-RES
Change Physical Footprint: Designator=R38B Old Footprint=SMD-0402-RES New Footprint=SMD-0402-RES
Change Physical Footprint: Designator=R38C Old Footprint=SMD-0402-RES New Footprint=SMD-0402-RES
Change Physical Footprint: Designator=R38D Old Footprint=SMD-0402-RES New Footprint=SMD-0402-RES
Change Physical Footprint: Designator=R39A Old Footprint=SMD-0402-RES New Footprint=SMD-0402-RES
Change Physical Footprint: Designator=R39B Old Footprint=SMD-0402-RES New Footprint=SMD-0402-RES
Change Physical Footprint: Designator=R39C Old Footprint=SMD-0402-RES New Footprint=SMD-0402-RES
Change Physical Footprint: Designator=R39D Old Footprint=SMD-0402-RES New Footprint=SMD-0402-RES
Change Physical Footprint: Designator=R40 Old Footprint=SMD-0402-RES New Footprint=SMD-0402-RES
Change Physical Footprint: Designator=U5 Old Footprint=SOT223 New Footprint=SOT223
Change Physical Footprint: Designator=U7A Old Footprint=QFN40P600X600X84_HS-49N New Footprint=QFN40P600X600X84_HS-49N
Change Physical Footprint: Designator=U7B Old Footprint=QFN40P600X600X84_HS-49N New Footprint=QFN40P600X600X84_HS-49N
Change Physical Footprint: Designator=U7C Old Footprint=QFN40P600X600X84_HS-49N New Footprint=QFN40P600X600X84_HS-49N
Change Physical Footprint: Designator=U7D Old Footprint=QFN40P600X600X84_HS-49N New Footprint=QFN40P600X600X84_HS-49N
Change Physical Footprint: Designator=U8A Old Footprint=QFN50P400X400X85_HS-25N_R820T New Footprint=QFN50P400X400X85_HS-25N_r820t
Change Physical Footprint: Designator=U8B Old Footprint=QFN50P400X400X85_HS-25N_R820T New Footprint=QFN50P400X400X85_HS-25N_r820t
Change Physical Footprint: Designator=U8C Old Footprint=QFN50P400X400X85_HS-25N_R820T New Footprint=QFN50P400X400X85_HS-25N_r820t
Change Physical Footprint: Designator=U8D Old Footprint=QFN50P400X400X85_HS-25N_R820T New Footprint=QFN50P400X400X85_HS-25N_r820t
Change Physical Footprint: Designator=U9 Old Footprint=SOT223 New Footprint=SOT223
