Removed Member From Class: ClassName=RF Member=NetC23A_1
Removed Member From Class: ClassName=RF Member=NetC23A_2
Change Component Designator: OldDesignator=C23A NewDesignator=C1
Change Component Designator: OldDesignator=C24A NewDesignator=C2
Change Component Designator: OldDesignator=C25A NewDesignator=C3
Change Component Designator: OldDesignator=C26A NewDesignator=C4
Change Component Designator: OldDesignator=C27A NewDesignator=C5
Change Component Designator: OldDesignator=C28A NewDesignator=C6
Change Component Designator: OldDesignator=C29A NewDesignator=C7
Change Component Designator: OldDesignator=C30A NewDesignator=C8
Change Component Designator: OldDesignator=C31A NewDesignator=C9
Change Component Designator: OldDesignator=C32A NewDesignator=C10
Change Component Designator: OldDesignator=C33A NewDesignator=C11
Change Component Designator: OldDesignator=C34A NewDesignator=C12
Change Component Designator: OldDesignator=C35A NewDesignator=C13
Change Component Designator: OldDesignator=C36A NewDesignator=C14
Change Component Designator: OldDesignator=C37A NewDesignator=C15
Change Component Designator: OldDesignator=C38A NewDesignator=C16
Change Component Designator: OldDesignator=C39A NewDesignator=C17
Change Component Designator: OldDesignator=C40A NewDesignator=C18
Change Component Designator: OldDesignator=C41A NewDesignator=C19
Change Component Designator: OldDesignator=C42A NewDesignator=C20
Change Component Designator: OldDesignator=C43A NewDesignator=C21
Change Component Designator: OldDesignator=C44A NewDesignator=C22
Change Component Designator: OldDesignator=C45A NewDesignator=C23
Change Component Designator: OldDesignator=C46A NewDesignator=C24
Change Component Designator: OldDesignator=C47A NewDesignator=C25
Change Component Designator: OldDesignator=C48A NewDesignator=C26
Change Component Designator: OldDesignator=C49A NewDesignator=C27
Change Component Designator: OldDesignator=C50A NewDesignator=C28
Change Component Designator: OldDesignator=C51A NewDesignator=C29
Change Component Designator: OldDesignator=C52A NewDesignator=C30
Change Component Designator: OldDesignator=C53A NewDesignator=C31
Change Component Designator: OldDesignator=C54A NewDesignator=C32
Change Component Designator: OldDesignator=C55A NewDesignator=C33
Change Component Designator: OldDesignator=C56A NewDesignator=C34
Change Component Designator: OldDesignator=C57A NewDesignator=C35
Change Component Designator: OldDesignator=D4A NewDesignator=D1
Change Component Designator: OldDesignator=FB2A NewDesignator=FB1
Change Component Designator: OldDesignator=FB3A NewDesignator=FB2
Change Component Designator: OldDesignator=FB4A NewDesignator=FB3
Change Component Designator: OldDesignator=FB5A NewDesignator=FB4
Change Component Designator: OldDesignator=FB6A NewDesignator=FB5
Change Component Designator: OldDesignator=FB7A NewDesignator=FB6
Change Component Designator: OldDesignator=IC1A NewDesignator=IC1
Change Component Designator: OldDesignator=J5A NewDesignator=J1
Change Component Designator: OldDesignator=L2A NewDesignator=L1
Change Component Designator: OldDesignator=L3A NewDesignator=L2
Change Component Designator: OldDesignator=L4A NewDesignator=L3
Change Component Designator: OldDesignator=L5A NewDesignator=L4
Change Component Designator: OldDesignator=MP1A NewDesignator=MP1
Change Component Designator: OldDesignator=R19A NewDesignator=R1
Change Component Designator: OldDesignator=R20A NewDesignator=R2
Change Component Designator: OldDesignator=R21A NewDesignator=R3
Change Component Designator: OldDesignator=R22A NewDesignator=R4
Change Component Designator: OldDesignator=R23A NewDesignator=R5
Change Component Designator: OldDesignator=R24A NewDesignator=R6
Change Component Designator: OldDesignator=R25A NewDesignator=R7
Change Component Designator: OldDesignator=R26A NewDesignator=R8
Change Component Designator: OldDesignator=R27A NewDesignator=R9
Change Component Designator: OldDesignator=R28A NewDesignator=R10
Change Component Designator: OldDesignator=R29A NewDesignator=R11
Change Component Designator: OldDesignator=R30A NewDesignator=R12
Change Component Designator: OldDesignator=U7A NewDesignator=U1
Change Component Designator: OldDesignator=U8A NewDesignator=U2
Change Component Designator: OldDesignator=U9A NewDesignator=U3
Change Component Designator: OldDesignator=X1A NewDesignator=X1
Change Net Name : Old Net Name=NetC23A_1 New Net Name=NetC1_1
Change Net Name : Old Net Name=NetC23A_2 New Net Name=NetC1_2
Change Net Name : Old Net Name=NetC32A_2 New Net Name=NetC10_2
Change Net Name : Old Net Name=NetC33A_2 New Net Name=NetC11_2
Change Net Name : Old Net Name=NetC34A_1 New Net Name=NetC12_1
Change Net Name : Old Net Name=NetC37A_2 New Net Name=NetC15_2
Change Net Name : Old Net Name=NetC38A_1 New Net Name=NetC16_1
Change Net Name : Old Net Name=NetC40A_2 New Net Name=NetC18_2
Change Net Name : Old Net Name=NetC43A_1 New Net Name=NetC21_1
Change Net Name : Old Net Name=NetC45A_1 New Net Name=NetC23_1
Change Net Name : Old Net Name=NetC46A_1 New Net Name=NetC24_1
Change Net Name : Old Net Name=NetC49A_2 New Net Name=NetC27_2
Change Net Name : Old Net Name=NetC50A_1 New Net Name=NetC28_1
Change Net Name : Old Net Name=NetC56A_1 New Net Name=NetC34_1
Change Net Name : Old Net Name=NetC57A_1 New Net Name=NetC35_1
Change Net Name : Old Net Name=NetL3A_1 New Net Name=NetL2_1
Change Net Name : Old Net Name=NetL3A_2 New Net Name=NetL2_2
Change Net Name : Old Net Name=NetL4A_1 New Net Name=NetL3_1
Change Net Name : Old Net Name=NetL4A_2 New Net Name=NetL3_2
Change Net Name : Old Net Name=NetL5A_1 New Net Name=NetL4_1
Change Net Name : Old Net Name=NetR20A_2 New Net Name=NetR2_2
Change Net Name : Old Net Name=NetR24A_2 New Net Name=NetR6_2
Change Net Name : Old Net Name=NetR29A_2 New Net Name=NetR11_2
Change Net Name : Old Net Name=NetR30A_2 New Net Name=NetR12_2
Change Net Name : Old Net Name=NetU8A_27 New Net Name=NetU2_27
Change Net Name : Old Net Name=NetU8A_40 New Net Name=NetU2_40
Change Net Name : Old Net Name=NetU8A_41 New Net Name=NetU2_41
Added Member To Class: ClassName=RF Member=Wire NetC1_1
Added Member To Class: ClassName=RF Member=Wire NetC1_2
