Removed Member From Class: ClassName=Designator2 Member=C1C
Removed Member From Class: ClassName=Designator1 Member=C1D
Removed Member From Class: ClassName=Designator2 Member=C2C
Removed Member From Class: ClassName=Designator1 Member=C2D
Removed Member From Class: ClassName=Designator2 Member=C3C
Removed Member From Class: ClassName=Designator1 Member=C3D
Removed Member From Class: ClassName=Designator2 Member=C4C
Removed Member From Class: ClassName=Designator1 Member=C4D
Removed Member From Class: ClassName=Designator2 Member=C5C
Removed Member From Class: ClassName=Designator1 Member=C5D
Removed Member From Class: ClassName=Designator2 Member=C6C
Removed Member From Class: ClassName=Designator1 Member=C6D
Removed Member From Class: ClassName=Designator4 Member=C7A
Removed Member From Class: ClassName=Designator2 Member=C7C
Removed Member From Class: ClassName=Designator4 Member=C8A
Removed Member From Class: ClassName=Designator2 Member=C8C
Removed Member From Class: ClassName=Designator4 Member=C9A
Removed Member From Class: ClassName=Designator2 Member=C9C
Removed Member From Class: ClassName=Designator4 Member=C10A
Removed Member From Class: ClassName=Designator2 Member=C10C
Removed Member From Class: ClassName=Designator4 Member=C11A
Removed Member From Class: ClassName=Designator2 Member=C11C
Removed Member From Class: ClassName=Designator4 Member=C12A
Removed Member From Class: ClassName=Designator2 Member=C12C
Removed Member From Class: ClassName=Designator2 Member=C13C
Removed Member From Class: ClassName=Designator1 Member=C13D
Removed Member From Class: ClassName=Designator4 Member=C14A
Removed Member From Class: ClassName=Designator2 Member=C14C
Removed Member From Class: ClassName=Designator2 Member=C15C
Removed Member From Class: ClassName=Designator1 Member=C15D
Removed Member From Class: ClassName=Designator4 Member=C16A
Removed Member From Class: ClassName=Designator2 Member=C16C
Removed Member From Class: ClassName=Designator4 Member=C17A
Removed Member From Class: ClassName=Designator2 Member=C17C
Removed Member From Class: ClassName=Designator4 Member=C18A
Removed Member From Class: ClassName=Designator2 Member=C18C
Removed Member From Class: ClassName=Designator2 Member=C19C
Removed Member From Class: ClassName=Designator1 Member=C19D
Removed Member From Class: ClassName=Designator4 Member=C20A
Removed Member From Class: ClassName=Designator2 Member=C20C
Removed Member From Class: ClassName=Designator4 Member=C21A
Removed Member From Class: ClassName=Designator2 Member=C21C
Removed Member From Class: ClassName=Designator2 Member=C22C
Removed Member From Class: ClassName=Designator1 Member=C22D
Removed Member From Class: ClassName=Designator4 Member=C23A
Removed Member From Class: ClassName=Designator2 Member=C23C
Removed Member From Class: ClassName=Designator4 Member=C24A
Removed Member From Class: ClassName=Designator2 Member=C24C
Removed Member From Class: ClassName=Designator2 Member=C25C
Removed Member From Class: ClassName=Designator1 Member=C25D
Removed Member From Class: ClassName=Designator2 Member=C26C
Removed Member From Class: ClassName=Designator1 Member=C26D
Removed Member From Class: ClassName=Designator4 Member=C27A
Removed Member From Class: ClassName=Designator2 Member=C27C
Removed Member From Class: ClassName=Designator4 Member=C28A
Removed Member From Class: ClassName=Designator2 Member=C28C
Removed Member From Class: ClassName=Designator2 Member=C29C
Removed Member From Class: ClassName=Designator1 Member=C29D
Removed Member From Class: ClassName=Designator2 Member=C30C
Removed Member From Class: ClassName=Designator1 Member=C30D
Removed Member From Class: ClassName=Designator3 Member=C31B
Removed Member From Class: ClassName=Designator1 Member=C31D
Removed Member From Class: ClassName=Designator4 Member=C32A
Removed Member From Class: ClassName=Designator2 Member=C32C
Removed Member From Class: ClassName=Designator3 Member=C33B
Removed Member From Class: ClassName=Designator1 Member=C33D
Removed Member From Class: ClassName=Designator4 Member=C34A
Removed Member From Class: ClassName=Designator2 Member=C34C
Removed Member From Class: ClassName=Designator3 Member=C35B
Removed Member From Class: ClassName=Designator1 Member=C35D
Removed Member From Class: ClassName=Designator4 Member=D1A
Removed Member From Class: ClassName=Designator2 Member=D1C
Removed Member From Class: ClassName=Designator3 Member=FB1B
Removed Member From Class: ClassName=Designator1 Member=FB1D
Removed Member From Class: ClassName=Designator2 Member=FB2C
Removed Member From Class: ClassName=Designator1 Member=FB2D
Removed Member From Class: ClassName=Designator4 Member=FB3A
Removed Member From Class: ClassName=Designator3 Member=FB3B
Removed Member From Class: ClassName=Designator4 Member=FB4A
Removed Member From Class: ClassName=Designator2 Member=FB4C
Removed Member From Class: ClassName=Designator4 Member=FB5A
Removed Member From Class: ClassName=Designator3 Member=FB5B
Removed Member From Class: ClassName=Designator4 Member=FB6A
Removed Member From Class: ClassName=Designator2 Member=FB6C
Removed Member From Class: ClassName=Designator3 Member=IC1B
Removed Member From Class: ClassName=Designator1 Member=IC1D
Removed Member From Class: ClassName=Designator4 Member=J1A
Removed Member From Class: ClassName=Designator2 Member=J1C
Removed Member From Class: ClassName=Designator4 Member=L1A
Removed Member From Class: ClassName=Designator3 Member=L1B
Removed Member From Class: ClassName=Designator4 Member=L2A
Removed Member From Class: ClassName=Designator2 Member=L2C
Removed Member From Class: ClassName=Designator3 Member=L3B
Removed Member From Class: ClassName=Designator1 Member=L3D
Removed Member From Class: ClassName=Designator4 Member=L4A
Removed Member From Class: ClassName=Designator2 Member=L4C
Removed Member From Class: ClassName=Designator3 Member=MP1B
Removed Member From Class: ClassName=Designator1 Member=MP1D
Removed Member From Class: ClassName=Designator4 Member=R1A
Removed Member From Class: ClassName=Designator2 Member=R1C
Removed Member From Class: ClassName=Designator3 Member=R2B
Removed Member From Class: ClassName=Designator1 Member=R2D
Removed Member From Class: ClassName=Designator2 Member=R3C
Removed Member From Class: ClassName=Designator1 Member=R3D
Removed Member From Class: ClassName=Designator4 Member=R4A
Removed Member From Class: ClassName=Designator3 Member=R4B
Removed Member From Class: ClassName=Designator4 Member=R5A
Removed Member From Class: ClassName=Designator2 Member=R5C
Removed Member From Class: ClassName=Designator3 Member=R6B
Removed Member From Class: ClassName=Designator1 Member=R6D
Removed Member From Class: ClassName=Designator4 Member=R7A
Removed Member From Class: ClassName=Designator2 Member=R7C
Removed Member From Class: ClassName=Designator3 Member=R8B
Removed Member From Class: ClassName=Designator1 Member=R8D
Removed Member From Class: ClassName=Designator2 Member=R9C
Removed Member From Class: ClassName=Designator1 Member=R9D
Removed Member From Class: ClassName=Designator3 Member=R10B
Removed Member From Class: ClassName=Designator1 Member=R10D
Removed Member From Class: ClassName=Designator2 Member=R11C
Removed Member From Class: ClassName=Designator1 Member=R11D
Removed Member From Class: ClassName=Designator3 Member=R12B
Removed Member From Class: ClassName=Designator1 Member=R12D
Removed Member From Class: ClassName=Designator4 Member=U1A
Removed Member From Class: ClassName=Designator2 Member=U1C
Removed Member From Class: ClassName=Designator3 Member=U2B
Removed Member From Class: ClassName=Designator1 Member=U2D
Removed Member From Class: ClassName=Designator4 Member=U3A
Removed Member From Class: ClassName=Designator2 Member=U3C
Removed Member From Class: ClassName=Designator3 Member=X1B
Removed Member From Class: ClassName=Designator1 Member=X1D
Add Class: Class already exists: Designator
Add Differential Pair: Number of nets in differential pair NetIC2_7 is 1 instead of 2
Add Differential Pair: Number of nets in differential pair NetIC2_8 is 1 instead of 2
Add Differential Pair: Number of nets in differential pair NetIC2_16 is 1 instead of 2
Add Differential Pair: Number of nets in differential pair NetIC2_17 is 1 instead of 2
Add Differential Pair: Number of nets in differential pair NetIC2_65 is 1 instead of 2
Add Differential Pair: Number of nets in differential pair NetIC2_66 is 1 instead of 2
Add Differential Pair: Number of nets in differential pair NetIC2_74 is 1 instead of 2
Add Differential Pair: Number of nets in differential pair NetIC2_75 is 1 instead of 2
Add Differential Pair: Number of nets in differential pair NetR36_1 is 1 instead of 2
Add Differential Pair: Number of nets in differential pair NetR37_1 is 1 instead of 2
Add Differential Pair: Number of nets in differential pair NetR38_1 is 1 instead of 2
Add Differential Pair: Number of nets in differential pair NetR39_1 is 1 instead of 2
Add Differential Pair: Number of nets in differential pair NetR40_1 is 1 instead of 2
Add Differential Pair: Number of nets in differential pair NetR41_1 is 1 instead of 2
Add Differential Pair: Number of nets in differential pair NetR42_1 is 1 instead of 2
Add Differential Pair: Number of nets in differential pair NetR43_1 is 1 instead of 2
Added Member To Class: ClassName=Designator1 Member=Component C1A (C1) 330pF
Added Member To Class: ClassName=Designator2 Member=Component C1B (C1) 330pF
Added Member To Class: ClassName=Designator1 Member=Component C2A (C2) 10µF
Added Member To Class: ClassName=Designator2 Member=Component C2B (C2) 10µF
Added Member To Class: ClassName=Designator1 Member=Component C3A (C3) 22µF
Added Member To Class: ClassName=Designator2 Member=Component C3B (C3) 22µF
Added Member To Class: ClassName=Designator1 Member=Component C4A (C4) 100µF
Added Member To Class: ClassName=Designator2 Member=Component C4B (C4) 100µF
Added Member To Class: ClassName=Designator1 Member=Component C5A (C5) 100µF
Added Member To Class: ClassName=Designator2 Member=Component C5B (C5) 100µF
Added Member To Class: ClassName=Designator1 Member=Component C6A (C6) 100µF
Added Member To Class: ClassName=Designator2 Member=Component C6B (C6) 100µF
Added Member To Class: ClassName=Designator2 Member=Component C7B (C7) 0.10µF
Added Member To Class: ClassName=Designator4 Member=Component C7D (C7) 0.10µF
Added Member To Class: ClassName=Designator2 Member=Component C8B (C8) 0.10µF
Added Member To Class: ClassName=Designator4 Member=Component C8D (C8) 0.10µF
Added Member To Class: ClassName=Designator2 Member=Component C9B (C9) 0.10µF
Added Member To Class: ClassName=Designator4 Member=Component C9D (C9) 0.10µF
Added Member To Class: ClassName=Designator2 Member=Component C10B (C10) 0.10µF
Added Member To Class: ClassName=Designator4 Member=Component C10D (C10) 0.10µF
Added Member To Class: ClassName=Designator2 Member=Component C11B (C11) 10000pF
Added Member To Class: ClassName=Designator4 Member=Component C11D (C11) 10000pF
Added Member To Class: ClassName=Designator2 Member=Component C12B (C12) 0.10µF
Added Member To Class: ClassName=Designator4 Member=Component C12D (C12) 0.10µF
Added Member To Class: ClassName=Designator1 Member=Component C13A (C13) 0.10µF
Added Member To Class: ClassName=Designator2 Member=Component C13B (C13) 0.10µF
Added Member To Class: ClassName=Designator2 Member=Component C14B (C14) 10µF
Added Member To Class: ClassName=Designator4 Member=Component C14D (C14) 10µF
Added Member To Class: ClassName=Designator1 Member=Component C15A (C15) 0.10µF
Added Member To Class: ClassName=Designator2 Member=Component C15B (C15) 0.10µF
Added Member To Class: ClassName=Designator2 Member=Component C16B (C16) 0.10µF
Added Member To Class: ClassName=Designator4 Member=Component C16D (C16) 0.10µF
Added Member To Class: ClassName=Designator2 Member=Component C17B (C17) 0.10µF
Added Member To Class: ClassName=Designator4 Member=Component C17D (C17) 0.10µF
Added Member To Class: ClassName=Designator2 Member=Component C18B (C18) 0.33µF
Added Member To Class: ClassName=Designator4 Member=Component C18D (C18) 0.33µF
Added Member To Class: ClassName=Designator1 Member=Component C19A (C19) 10000pF
Added Member To Class: ClassName=Designator2 Member=Component C19B (C19) 10000pF
Added Member To Class: ClassName=Designator2 Member=Component C20B (C20) 0.10µF
Added Member To Class: ClassName=Designator4 Member=Component C20D (C20) 0.10µF
Added Member To Class: ClassName=Designator2 Member=Component C21B (C21) 6800pF
Added Member To Class: ClassName=Designator4 Member=Component C21D (C21) 6800pF
Added Member To Class: ClassName=Designator1 Member=Component C22A (C22) 0.10µF
Added Member To Class: ClassName=Designator2 Member=Component C22B (C22) 0.10µF
Added Member To Class: ClassName=Designator2 Member=Component C23B (C23) 1µF
Added Member To Class: ClassName=Designator4 Member=Component C23D (C23) 1µF
Added Member To Class: ClassName=Designator2 Member=Component C24B (C24) 0.10µF
Added Member To Class: ClassName=Designator4 Member=Component C24D (C24) 0.10µF
Added Member To Class: ClassName=Designator1 Member=Component C25A (C25) 10µF
Added Member To Class: ClassName=Designator2 Member=Component C25B (C25) 10µF
Added Member To Class: ClassName=Designator1 Member=Component C26A (C26) 0.10µF
Added Member To Class: ClassName=Designator2 Member=Component C26B (C26) 0.10µF
Added Member To Class: ClassName=Designator2 Member=Component C27B (C27) 10000pF
Added Member To Class: ClassName=Designator4 Member=Component C27D (C27) 10000pF
Added Member To Class: ClassName=Designator2 Member=Component C28B (C28) 0.10µF
Added Member To Class: ClassName=Designator4 Member=Component C28D (C28) 0.10µF
Added Member To Class: ClassName=Designator1 Member=Component C29A (C29) 10µF
Added Member To Class: ClassName=Designator2 Member=Component C29B (C29) 10µF
Added Member To Class: ClassName=Designator1 Member=Component C30A (C30) 0.10µF
Added Member To Class: ClassName=Designator2 Member=Component C30B (C30) 0.10µF
Added Member To Class: ClassName=Designator1 Member=Component C31A (C31) 0.10µF
Added Member To Class: ClassName=Designator3 Member=Component C31C (C31) 0.10µF
Added Member To Class: ClassName=Designator2 Member=Component C32B (C32) 220µF
Added Member To Class: ClassName=Designator4 Member=Component C32D (C32) 220µF
Added Member To Class: ClassName=Designator1 Member=Component C33A (C33) 10000pF
Added Member To Class: ClassName=Designator3 Member=Component C33C (C33) 10000pF
Added Member To Class: ClassName=Designator2 Member=Component C34B (C34) 27pF
Added Member To Class: ClassName=Designator4 Member=Component C34D (C34) 27pF
Added Member To Class: ClassName=Designator1 Member=Component C35A (C35) 27pF
Added Member To Class: ClassName=Designator3 Member=Component C35C (C35) 27pF
Added Member To Class: ClassName=Designator2 Member=Component D1B (D1) BAV99
Added Member To Class: ClassName=Designator4 Member=Component D1D (D1) BAV99
Added Member To Class: ClassName=Designator1 Member=Component FB1A (FB1) 10Ohm
Added Member To Class: ClassName=Designator3 Member=Component FB1C (FB1) 10Ohm
Added Member To Class: ClassName=Designator1 Member=Component FB2A (FB2) 10Ohm
Added Member To Class: ClassName=Designator2 Member=Component FB2B (FB2) 10Ohm
Added Member To Class: ClassName=Designator3 Member=Component FB3C (FB3) 10Ohm
Added Member To Class: ClassName=Designator4 Member=Component FB3D (FB3) 10Ohm
Added Member To Class: ClassName=Designator2 Member=Component FB4B (FB4) 10Ohm
Added Member To Class: ClassName=Designator4 Member=Component FB4D (FB4) 10Ohm
Added Member To Class: ClassName=Designator3 Member=Component FB5C (FB5) 10Ohm
Added Member To Class: ClassName=Designator4 Member=Component FB5D (FB5) 10Ohm
Added Member To Class: ClassName=Designator2 Member=Component FB6B (FB6) 10Ohm
Added Member To Class: ClassName=Designator4 Member=Component FB6D (FB6) 10Ohm
Added Member To Class: ClassName=Designator1 Member=Component IC1A (IC1) AT24C02N-10SU-2.7
Added Member To Class: ClassName=Designator3 Member=Component IC1C (IC1) AT24C02N-10SU-2.7
Added Member To Class: ClassName=Designator2 Member=Component J1B (J1) u.fl jack smd
Added Member To Class: ClassName=Designator4 Member=Component J1D (J1) u.fl jack smd
Added Member To Class: ClassName=Designator3 Member=Component L1C (L1) LQW15AN8N2G00D
Added Member To Class: ClassName=Designator4 Member=Component L1D (L1) LQW15AN8N2G00D
Added Member To Class: ClassName=Designator2 Member=Component L2B (L2) 150nH
Added Member To Class: ClassName=Designator4 Member=Component L2D (L2) 150nH
Added Member To Class: ClassName=Designator1 Member=Component L3A (L3) 150nH
Added Member To Class: ClassName=Designator3 Member=Component L3C (L3) 150nH
Added Member To Class: ClassName=Designator2 Member=Component L4B (L4) 4.7uH
Added Member To Class: ClassName=Designator4 Member=Component L4D (L4) 4.7uH
Added Member To Class: ClassName=Designator1 Member=Component MP1A (MP1) 36903205S
Added Member To Class: ClassName=Designator3 Member=Component MP1C (MP1) 36903205S
Added Member To Class: ClassName=Designator2 Member=Component R1B (R1) 5.6
Added Member To Class: ClassName=Designator4 Member=Component R1D (R1) 5.6
Added Member To Class: ClassName=Designator1 Member=Component R2A (R2) 10k
Added Member To Class: ClassName=Designator3 Member=Component R2C (R2) 10k
Added Member To Class: ClassName=Designator1 Member=Component R3A (R3) 1.8k
Added Member To Class: ClassName=Designator2 Member=Component R3B (R3) 1.8k
Added Member To Class: ClassName=Designator3 Member=Component R4C (R4) 4.7k
Added Member To Class: ClassName=Designator4 Member=Component R4D (R4) 4.7k
Added Member To Class: ClassName=Designator2 Member=Component R5B (R5) 4.7k
Added Member To Class: ClassName=Designator4 Member=Component R5D (R5) 4.7k
Added Member To Class: ClassName=Designator1 Member=Component R6A (R6) 100k
Added Member To Class: ClassName=Designator3 Member=Component R6C (R6) 100k
Added Member To Class: ClassName=Designator2 Member=Component R7B (R7) 1k
Added Member To Class: ClassName=Designator4 Member=Component R7D (R7) 1k
Added Member To Class: ClassName=Designator1 Member=Component R8A (R8) 10k
Added Member To Class: ClassName=Designator3 Member=Component R8C (R8) 10k
Added Member To Class: ClassName=Designator1 Member=Component R9A (R9) 4.7k
Added Member To Class: ClassName=Designator2 Member=Component R9B (R9) 4.7k
Added Member To Class: ClassName=Designator1 Member=Component R10A (R10) 4.7k
Added Member To Class: ClassName=Designator3 Member=Component R10C (R10) 4.7k
Added Member To Class: ClassName=Designator1 Member=Component R11A (R11) 220
Added Member To Class: ClassName=Designator2 Member=Component R11B (R11) 220
Added Member To Class: ClassName=Designator1 Member=Component R12A (R12) 220
Added Member To Class: ClassName=Designator3 Member=Component R12C (R12) 220
Added Member To Class: ClassName=Designator2 Member=Component U1B (U1) LM1117MP-3V3
Added Member To Class: ClassName=Designator4 Member=Component U1D (U1) LM1117MP-3V3
Added Member To Class: ClassName=Designator1 Member=Component U2A (U2) RTL2832U
Added Member To Class: ClassName=Designator3 Member=Component U2C (U2) RTL2832U
Added Member To Class: ClassName=Designator2 Member=Component U3B (U3) R820T
Added Member To Class: ClassName=Designator4 Member=Component U3D (U3) R820T
Added Member To Class: ClassName=Designator1 Member=Component X1A (X1) WTL28.8-OSC28.8
Added Member To Class: ClassName=Designator3 Member=Component X1C (X1) WTL28.8-OSC28.8
Added Member To Class: ClassName=RF Member=Wire NetC1A_1
Added Member To Class: ClassName=RF Member=Wire NetC1A_2
Added Member To Class: ClassName=RF Member=Wire NetC1C_1
Added Member To Class: ClassName=RF Member=Wire NetC1C_2
