Removed Pin From Net: NetName=NetU6_31 Pin=LED5-A
Removed Pin From Net: NetName=NetU6_31 Pin=R18-2
Removed Pin From Net: NetName=NetU6_31 Pin=R19-2
Removed Pin From Net: NetName=NetU6_31 Pin=R20-2
Removed Pin From Net: NetName=NetU6_31 Pin=R21-2
Removed Pin From Net: NetName=NetU6_31 Pin=R22-2
Removed Pin From Net: NetName=NetU6_31 Pin=R25-1
Removed Pin From Net: NetName=NetU6_31 Pin=U6-5
Removed Pin From Net: NetName=NetU6_31 Pin=U6-10
Removed Pin From Net: NetName=NetU6_31 Pin=U6-15
Removed Pin From Net: NetName=NetU6_31 Pin=U6-23
Removed Pin From Net: NetName=NetU6_31 Pin=U6-27
Removed Pin From Net: NetName=NetU6_31 Pin=U6-29
Removed Pin From Net: NetName=NetU6_31 Pin=U6-36
Added Pin To Net: NetName=+3V3 Pin=LED5-A
Added Pin To Net: NetName=+3V3 Pin=R18-2
Added Pin To Net: NetName=+3V3 Pin=R19-2
Added Pin To Net: NetName=+3V3 Pin=R20-2
Added Pin To Net: NetName=+3V3 Pin=R21-2
Added Pin To Net: NetName=+3V3 Pin=R22-2
Added Pin To Net: NetName=+3V3 Pin=R25-1
Added Pin To Net: NetName=+3V3 Pin=U6-5
Added Pin To Net: NetName=+3V3 Pin=U6-10
Added Pin To Net: NetName=+3V3 Pin=U6-15
Added Pin To Net: NetName=+3V3 Pin=U6-23
Added Pin To Net: NetName=+3V3 Pin=U6-27
Added Pin To Net: NetName=+3V3 Pin=U6-29
Added Pin To Net: NetName=+3V3 Pin=U6-36
Add Class: Class already exists: Designator
