Removed Pin From Net: NetName=GND Pin=C35C-1
Removed Pin From Net: NetName=VBUS Pin=C35C-2
Removed Pin From Net: NetName=GND Pin=C36C-1
Removed Pin From Net: NetName=GND Pin=C37C-2
Removed Pin From Net: NetName=GND Pin=C38C-2
Removed Pin From Net: NetName=GND Pin=C39C-2
Removed Pin From Net: NetName=GND Pin=C40C-2
Removed Pin From Net: NetName=GND Pin=C41C-2
Removed Pin From Net: NetName=GND Pin=C42C-1
Removed Pin From Net: NetName=GND Pin=C43C-1
Removed Pin From Net: NetName=GND Pin=C44C-1
Removed Pin From Net: NetName=GND Pin=C45C-1
Removed Pin From Net: NetName=GND Pin=C46C-1
Removed Pin From Net: NetName=GND Pin=C48C-2
Removed Pin From Net: NetName=GND Pin=C49C-1
Removed Pin From Net: NetName=GND Pin=C50C-1
Removed Pin From Net: NetName=GND Pin=C52C-1
Removed Pin From Net: NetName=GND Pin=C53C-1
Removed Pin From Net: NetName=GND Pin=C54C-1
Removed Pin From Net: NetName=GND Pin=C55C-2
Removed Pin From Net: NetName=GND Pin=C56C-2
Removed Pin From Net: NetName=GND Pin=C57C-1
Removed Pin From Net: NetName=GND Pin=C58C-2
Removed Pin From Net: NetName=GND Pin=C59C-2
Removed Pin From Net: NetName=GND Pin=C60C-2
Removed Pin From Net: NetName=GND Pin=C61C-2
Removed Pin From Net: NetName=GND Pin=C63C-2
Removed Pin From Net: NetName=GND Pin=C64C-2
Removed Pin From Net: NetName=GND Pin=C65C-2
Removed Pin From Net: NetName=GND Pin=C66C-2
Removed Pin From Net: NetName=GND Pin=C67C-2
Removed Pin From Net: NetName=GND Pin=C68C-1
Removed Pin From Net: NetName=GND Pin=C69C-2
Removed Pin From Net: NetName=GND Pin=C70C-2
Removed Pin From Net: NetName=GND Pin=D2C-1
Removed Pin From Net: NetName=GND Pin=D2C-2
Removed Pin From Net: NetName=GND Pin=IC3C-1
Removed Pin From Net: NetName=GND Pin=IC3C-2
Removed Pin From Net: NetName=GND Pin=IC3C-3
Removed Pin From Net: NetName=GND Pin=IC3C-4
Removed Pin From Net: NetName=GND Pin=J4C-2
Removed Pin From Net: NetName=GND Pin=J4C-3
Removed Pin From Net: NetName=GND Pin=J4C-4
Removed Pin From Net: NetName=GND Pin=J4C-5
Removed Pin From Net: NetName=GND Pin=MP1C-1
Removed Pin From Net: NetName=GND Pin=MP1C-1
Removed Pin From Net: NetName=GND Pin=MP1C-1
Removed Pin From Net: NetName=GND Pin=MP1C-1
Removed Pin From Net: NetName=GND Pin=MP1C-1
Removed Pin From Net: NetName=GND Pin=MP1C-1
Removed Pin From Net: NetName=GND Pin=MP1C-1
Removed Pin From Net: NetName=GND Pin=MP1C-1
Removed Pin From Net: NetName=GND Pin=MP1C-1
Removed Pin From Net: NetName=GND Pin=MP1C-1
Removed Pin From Net: NetName=GND Pin=MP1C-1
Removed Pin From Net: NetName=GND Pin=MP1C-1
Removed Pin From Net: NetName=GND Pin=MP1C-1
Removed Pin From Net: NetName=GND Pin=MP1C-1
Removed Pin From Net: NetName=GND Pin=MP1C-1
Removed Pin From Net: NetName=GND Pin=MP1C-1
Removed Pin From Net: NetName=GND Pin=R37C-1
Removed Pin From Net: NetName=GND Pin=U1C-1
Removed Pin From Net: NetName=VBUS Pin=U1C-3
Removed Pin From Net: NetName=A2_P Pin=U2A-40
Removed Pin From Net: NetName=A2_N Pin=U2A-41
Removed Pin From Net: NetName=GND Pin=U2C-3
Removed Pin From Net: NetName=GND Pin=U2C-8
Removed Pin From Net: NetName=GND Pin=U2C-39
Removed Pin From Net: NetName=A3_P Pin=U2C-40
Removed Pin From Net: NetName=A3_N Pin=U2C-41
Removed Pin From Net: NetName=GND Pin=U2C-45
Removed Pin From Net: NetName=GND Pin=U2C-49
Removed Pin From Net: NetName=GND Pin=U3C-16
Removed Pin From Net: NetName=GND Pin=U3C-25
Removed Pin From Net: NetName=GND Pin=X1C-2
Removed Member From Class: ClassName=RF Member=NetC34C_1
Removed Member From Class: ClassName=RF Member=NetC34C_2
Removed Member From Class: ClassName=RTL-SDR Member=Designator3
Added Pin To Net: NetName=A4_P Pin=U2A-40
Added Pin To Net: NetName=A4_N Pin=U2A-41
