Removed Member From Class: ClassName=Designator Member=C31
Removed Member From Class: ClassName=Designator Member=U5
Change Component Designator: OldDesignator=C3A NewDesignator=C11A
Change Component Designator: OldDesignator=C3B NewDesignator=C11B
Change Component Designator: OldDesignator=C3C NewDesignator=C11C
Change Component Designator: OldDesignator=C3D NewDesignator=C11D
Change Component Designator: OldDesignator=C4A NewDesignator=C12A
Change Component Designator: OldDesignator=C4B NewDesignator=C12B
Change Component Designator: OldDesignator=C4C NewDesignator=C12C
Change Component Designator: OldDesignator=C4D NewDesignator=C12D
Change Component Designator: OldDesignator=C5A NewDesignator=C13A
Change Component Designator: OldDesignator=C5B NewDesignator=C13B
Change Component Designator: OldDesignator=C5C NewDesignator=C13C
Change Component Designator: OldDesignator=C5D NewDesignator=C13D
Change Component Designator: OldDesignator=C6A NewDesignator=C14A
Change Component Designator: OldDesignator=C6B NewDesignator=C14B
Change Component Designator: OldDesignator=C6C NewDesignator=C14C
Change Component Designator: OldDesignator=C6D NewDesignator=C14D
Change Component Designator: OldDesignator=C7A NewDesignator=C15A
Change Component Designator: OldDesignator=C7B NewDesignator=C15B
Change Component Designator: OldDesignator=C7C NewDesignator=C15C
Change Component Designator: OldDesignator=C7D NewDesignator=C15D
Change Component Designator: OldDesignator=C8A NewDesignator=C16A
Change Component Designator: OldDesignator=C8B NewDesignator=C16B
Change Component Designator: OldDesignator=C8C NewDesignator=C16C
Change Component Designator: OldDesignator=C8D NewDesignator=C16D
Change Component Designator: OldDesignator=C9A NewDesignator=C17A
Change Component Designator: OldDesignator=C9B NewDesignator=C17B
Change Component Designator: OldDesignator=C9C NewDesignator=C17C
Change Component Designator: OldDesignator=C9D NewDesignator=C17D
Change Component Designator: OldDesignator=C10A NewDesignator=C18A
Change Component Designator: OldDesignator=C10B NewDesignator=C18B
Change Component Designator: OldDesignator=C10C NewDesignator=C18C
Change Component Designator: OldDesignator=C10D NewDesignator=C18D
Change Component Designator: OldDesignator=C11A NewDesignator=C19A
Change Component Designator: OldDesignator=C11B NewDesignator=C19B
Change Component Designator: OldDesignator=C11C NewDesignator=C19C
Change Component Designator: OldDesignator=C11D NewDesignator=C19D
Change Component Designator: OldDesignator=C12A NewDesignator=C20A
Change Component Designator: OldDesignator=C12B NewDesignator=C20B
Change Component Designator: OldDesignator=C12C NewDesignator=C20C
Change Component Designator: OldDesignator=C12D NewDesignator=C20D
Change Component Designator: OldDesignator=C13A NewDesignator=C21A
Change Component Designator: OldDesignator=C13B NewDesignator=C21B
Change Component Designator: OldDesignator=C13C NewDesignator=C21C
Change Component Designator: OldDesignator=C13D NewDesignator=C21D
Change Component Designator: OldDesignator=C14A NewDesignator=C22A
Change Component Designator: OldDesignator=C14B NewDesignator=C22B
Change Component Designator: OldDesignator=C14C NewDesignator=C22C
Change Component Designator: OldDesignator=C14D NewDesignator=C22D
Change Component Designator: OldDesignator=C15A NewDesignator=C23A
Change Component Designator: OldDesignator=C15B NewDesignator=C23B
Change Component Designator: OldDesignator=C15C NewDesignator=C23C
Change Component Designator: OldDesignator=C15D NewDesignator=C23D
Change Component Designator: OldDesignator=C16A NewDesignator=C24A
Change Component Designator: OldDesignator=C16B NewDesignator=C24B
Change Component Designator: OldDesignator=C16C NewDesignator=C24C
Change Component Designator: OldDesignator=C16D NewDesignator=C24D
Change Component Designator: OldDesignator=C17A NewDesignator=C25A
Change Component Designator: OldDesignator=C17B NewDesignator=C25B
Change Component Designator: OldDesignator=C17C NewDesignator=C25C
Change Component Designator: OldDesignator=C17D NewDesignator=C25D
Change Component Designator: OldDesignator=C18A NewDesignator=C26A
Change Component Designator: OldDesignator=C18B NewDesignator=C26B
Change Component Designator: OldDesignator=C18C NewDesignator=C26C
Change Component Designator: OldDesignator=C18D NewDesignator=C26D
Change Component Designator: OldDesignator=C19A NewDesignator=C27A
Change Component Designator: OldDesignator=C19B NewDesignator=C27B
Change Component Designator: OldDesignator=C19C NewDesignator=C27C
Change Component Designator: OldDesignator=C19D NewDesignator=C27D
Change Component Designator: OldDesignator=C20A NewDesignator=C28A
Change Component Designator: OldDesignator=C20B NewDesignator=C28B
Change Component Designator: OldDesignator=C20C NewDesignator=C28C
Change Component Designator: OldDesignator=C20D NewDesignator=C28D
Change Component Designator: OldDesignator=C21A NewDesignator=C29A
Change Component Designator: OldDesignator=C21B NewDesignator=C29B
Change Component Designator: OldDesignator=C21C NewDesignator=C29C
Change Component Designator: OldDesignator=C21D NewDesignator=C29D
Change Component Designator: OldDesignator=C22A NewDesignator=C30A
Change Component Designator: OldDesignator=C22B NewDesignator=C30B
Change Component Designator: OldDesignator=C22C NewDesignator=C30C
Change Component Designator: OldDesignator=C22D NewDesignator=C30D
Change Component Designator: OldDesignator=C23A NewDesignator=C33A
Change Component Designator: OldDesignator=C23B NewDesignator=C33B
Change Component Designator: OldDesignator=C23C NewDesignator=C33C
Change Component Designator: OldDesignator=C23D NewDesignator=C33D
Change Component Designator: OldDesignator=C24A NewDesignator=C34A
Change Component Designator: OldDesignator=C24B NewDesignator=C34B
Change Component Designator: OldDesignator=C24C NewDesignator=C34C
Change Component Designator: OldDesignator=C24D NewDesignator=C34D
Change Component Designator: OldDesignator=C25A NewDesignator=C35A
Change Component Designator: OldDesignator=C25B NewDesignator=C35B
Change Component Designator: OldDesignator=C25C NewDesignator=C35C
Change Component Designator: OldDesignator=C25D NewDesignator=C35D
Change Component Designator: OldDesignator=C26A NewDesignator=C31A
Change Component Designator: OldDesignator=C26B NewDesignator=C31B
Change Component Designator: OldDesignator=C26C NewDesignator=C31C
Change Component Designator: OldDesignator=C26D NewDesignator=C31D
Change Component Designator: OldDesignator=C27A NewDesignator=C32A
Change Component Designator: OldDesignator=C27B NewDesignator=C32B
Change Component Designator: OldDesignator=C27C NewDesignator=C32C
Change Component Designator: OldDesignator=C27D NewDesignator=C32D
Change Component Designator: OldDesignator=C28A NewDesignator=C36A
Change Component Designator: OldDesignator=C28B NewDesignator=C36B
Change Component Designator: OldDesignator=C28C NewDesignator=C36C
Change Component Designator: OldDesignator=C28D NewDesignator=C36D
Change Component Designator: OldDesignator=C29A NewDesignator=C37A
Change Component Designator: OldDesignator=C29B NewDesignator=C37B
Change Component Designator: OldDesignator=C29C NewDesignator=C37C
Change Component Designator: OldDesignator=C29D NewDesignator=C37D
Change Component Designator: OldDesignator=C31 NewDesignator=C1
Change Component Designator: OldDesignator=C31 NewDesignator=C2
Change Component Designator: OldDesignator=C31 NewDesignator=C3
Change Component Designator: OldDesignator=C31 NewDesignator=C4
Change Component Designator: OldDesignator=C31 NewDesignator=C5
Change Component Designator: OldDesignator=C31 NewDesignator=C6
Change Component Designator: OldDesignator=C31 NewDesignator=C7
Change Component Designator: OldDesignator=C31 NewDesignator=C8
Change Component Designator: OldDesignator=C31 NewDesignator=FB1
Change Component Designator: OldDesignator=C31 NewDesignator=LED1
Change Component Designator: OldDesignator=C31 NewDesignator=LED2
Change Component Designator: OldDesignator=C31 NewDesignator=LED3
Change Component Designator: OldDesignator=C31 NewDesignator=LED4
Change Component Designator: OldDesignator=C31 NewDesignator=LED5
Change Component Designator: OldDesignator=C31 NewDesignator=R1
Change Component Designator: OldDesignator=C31 NewDesignator=R2
Change Component Designator: OldDesignator=C31 NewDesignator=R3
Change Component Designator: OldDesignator=C31 NewDesignator=R4
Change Component Designator: OldDesignator=C31 NewDesignator=R5
Change Component Designator: OldDesignator=C31 NewDesignator=R6
Change Component Designator: OldDesignator=C31 NewDesignator=R7
Change Component Designator: OldDesignator=C31 NewDesignator=R8
Change Component Designator: OldDesignator=C31 NewDesignator=R9
Change Component Designator: OldDesignator=C31 NewDesignator=R10
Change Component Designator: OldDesignator=C31 NewDesignator=R11
Change Component Designator: OldDesignator=C31 NewDesignator=R12
Change Component Designator: OldDesignator=C31 NewDesignator=R13
Change Component Designator: OldDesignator=C31 NewDesignator=R14
Change Component Designator: OldDesignator=C31 NewDesignator=R15
Change Component Designator: OldDesignator=C31 NewDesignator=R16
Change Component Designator: OldDesignator=C31 NewDesignator=Y1
Change Component Designator: OldDesignator=FB1A NewDesignator=FB2A
Change Component Designator: OldDesignator=FB1B NewDesignator=FB2B
Change Component Designator: OldDesignator=FB1C NewDesignator=FB2C
Change Component Designator: OldDesignator=FB1D NewDesignator=FB2D
Change Component Designator: OldDesignator=FB5A NewDesignator=FB4A
Change Component Designator: OldDesignator=FB5B NewDesignator=FB4B
Change Component Designator: OldDesignator=FB5C NewDesignator=FB4C
Change Component Designator: OldDesignator=FB5D NewDesignator=FB4D
Change Component Designator: OldDesignator=L2A NewDesignator=L3A
Change Component Designator: OldDesignator=L2B NewDesignator=L3B
Change Component Designator: OldDesignator=L2C NewDesignator=L3C
Change Component Designator: OldDesignator=L2D NewDesignator=L3D
Change Component Designator: OldDesignator=L3A NewDesignator=L2A
Change Component Designator: OldDesignator=L3B NewDesignator=L2B
Change Component Designator: OldDesignator=L3C NewDesignator=L2C
Change Component Designator: OldDesignator=L3D NewDesignator=L2D
Change Component Designator: OldDesignator=R1A NewDesignator=R18A
Change Component Designator: OldDesignator=R1B NewDesignator=R18B
Change Component Designator: OldDesignator=R1C NewDesignator=R18C
Change Component Designator: OldDesignator=R1D NewDesignator=R18D
Change Component Designator: OldDesignator=R2A NewDesignator=R17A
Change Component Designator: OldDesignator=R2B NewDesignator=R17B
Change Component Designator: OldDesignator=R2C NewDesignator=R17C
Change Component Designator: OldDesignator=R2D NewDesignator=R17D
Change Component Designator: OldDesignator=R3A NewDesignator=R19A
Change Component Designator: OldDesignator=R3B NewDesignator=R19B
Change Component Designator: OldDesignator=R3C NewDesignator=R19C
Change Component Designator: OldDesignator=R3D NewDesignator=R19D
Change Component Designator: OldDesignator=R4A NewDesignator=R20A
Change Component Designator: OldDesignator=R4B NewDesignator=R20B
Change Component Designator: OldDesignator=R4C NewDesignator=R20C
Change Component Designator: OldDesignator=R4D NewDesignator=R20D
Change Component Designator: OldDesignator=R5A NewDesignator=R21A
Change Component Designator: OldDesignator=R5B NewDesignator=R21B
Change Component Designator: OldDesignator=R5C NewDesignator=R21C
Change Component Designator: OldDesignator=R5D NewDesignator=R21D
Change Component Designator: OldDesignator=R6A NewDesignator=R22A
Change Component Designator: OldDesignator=R6B NewDesignator=R22B
Change Component Designator: OldDesignator=R6C NewDesignator=R22C
Change Component Designator: OldDesignator=R6D NewDesignator=R22D
Change Component Designator: OldDesignator=R7A NewDesignator=R23A
Change Component Designator: OldDesignator=R7B NewDesignator=R23B
Change Component Designator: OldDesignator=R7C NewDesignator=R23C
Change Component Designator: OldDesignator=R7D NewDesignator=R23D
Change Component Designator: OldDesignator=R8A NewDesignator=R24A
Change Component Designator: OldDesignator=R8B NewDesignator=R24B
Change Component Designator: OldDesignator=R8C NewDesignator=R24C
Change Component Designator: OldDesignator=R8D NewDesignator=R24D
Change Component Designator: OldDesignator=R9A NewDesignator=R25A
Change Component Designator: OldDesignator=R9B NewDesignator=R25B
Change Component Designator: OldDesignator=R9C NewDesignator=R25C
Change Component Designator: OldDesignator=R9D NewDesignator=R25D
Change Component Designator: OldDesignator=R10A NewDesignator=R26A
Change Component Designator: OldDesignator=R10B NewDesignator=R26B
Change Component Designator: OldDesignator=R10C NewDesignator=R26C
Change Component Designator: OldDesignator=R10D NewDesignator=R26D
Change Component Designator: OldDesignator=R11A NewDesignator=R27A
Change Component Designator: OldDesignator=R11B NewDesignator=R27B
Change Component Designator: OldDesignator=R11C NewDesignator=R27C
Change Component Designator: OldDesignator=R11D NewDesignator=R27D
Change Component Designator: OldDesignator=R12A NewDesignator=R28A
Change Component Designator: OldDesignator=R12B NewDesignator=R28B
Change Component Designator: OldDesignator=R12C NewDesignator=R28C
Change Component Designator: OldDesignator=R12D NewDesignator=R28D
Change Component Designator: OldDesignator=R13A NewDesignator=R29A
Change Component Designator: OldDesignator=R13B NewDesignator=R29B
Change Component Designator: OldDesignator=R13C NewDesignator=R29C
Change Component Designator: OldDesignator=R13D NewDesignator=R29D
Change Component Designator: OldDesignator=U2A NewDesignator=U4A
Change Component Designator: OldDesignator=U2B NewDesignator=U4B
Change Component Designator: OldDesignator=U2C NewDesignator=U4C
Change Component Designator: OldDesignator=U2D NewDesignator=U4D
Change Component Designator: OldDesignator=U3A NewDesignator=U5A
Change Component Designator: OldDesignator=U3B NewDesignator=U5B
Change Component Designator: OldDesignator=U3C NewDesignator=U5C
Change Component Designator: OldDesignator=U3D NewDesignator=U5D
Change Component Designator: OldDesignator=U4A NewDesignator=U6A
Change Component Designator: OldDesignator=U4B NewDesignator=U6B
Change Component Designator: OldDesignator=U4C NewDesignator=U6C
Change Component Designator: OldDesignator=U4D NewDesignator=U6D
Change Component Designator: OldDesignator=U5 NewDesignator=U1
Change Component Designator: OldDesignator=U6 NewDesignator=U2
Change Component Designator: OldDesignator=Y1A NewDesignator=Y2A
Change Component Designator: OldDesignator=Y1B NewDesignator=Y2B
Change Component Designator: OldDesignator=Y1C NewDesignator=Y2C
Change Component Designator: OldDesignator=Y1D NewDesignator=Y2D
Change Net Name : Old Net Name=NetC3A_1 New Net Name=NetC11A_1
Change Net Name : Old Net Name=NetC3A_2 New Net Name=NetC11A_2
Change Net Name : Old Net Name=NetC3B_1 New Net Name=NetC11B_1
Change Net Name : Old Net Name=NetC3B_2 New Net Name=NetC11B_2
Change Net Name : Old Net Name=NetC3C_1 New Net Name=NetC11C_1
Change Net Name : Old Net Name=NetC3C_2 New Net Name=NetC11C_2
Change Net Name : Old Net Name=NetC3D_1 New Net Name=NetC11D_1
Change Net Name : Old Net Name=NetC3D_2 New Net Name=NetC11D_2
Change Net Name : Old Net Name=NetC4A_2 New Net Name=NetC12A_2
Change Net Name : Old Net Name=NetC4B_2 New Net Name=NetC12B_2
Change Net Name : Old Net Name=NetC4C_2 New Net Name=NetC12C_2
Change Net Name : Old Net Name=NetC4D_2 New Net Name=NetC12D_2
Change Net Name : Old Net Name=NetC5A_1 New Net Name=NetC13A_1
Change Net Name : Old Net Name=NetC5A_2 New Net Name=NetC13A_2
Change Net Name : Old Net Name=NetC5B_1 New Net Name=NetC13B_1
Change Net Name : Old Net Name=NetC5B_2 New Net Name=NetC13B_2
Change Net Name : Old Net Name=NetC5C_1 New Net Name=NetC13C_1
Change Net Name : Old Net Name=NetC5C_2 New Net Name=NetC13C_2
Change Net Name : Old Net Name=NetC5D_1 New Net Name=NetC13D_1
Change Net Name : Old Net Name=NetC5D_2 New Net Name=NetC13D_2
Change Net Name : Old Net Name=NetC7A_1 New Net Name=NetC15A_1
Change Net Name : Old Net Name=NetC7A_2 New Net Name=NetC15A_2
Change Net Name : Old Net Name=NetC7B_1 New Net Name=NetC15B_1
Change Net Name : Old Net Name=NetC7B_2 New Net Name=NetC15B_2
Change Net Name : Old Net Name=NetC7C_1 New Net Name=NetC15C_1
Change Net Name : Old Net Name=NetC7C_2 New Net Name=NetC15C_2
Change Net Name : Old Net Name=NetC7D_1 New Net Name=NetC15D_1
Change Net Name : Old Net Name=NetC7D_2 New Net Name=NetC15D_2
Change Net Name : Old Net Name=NetC11A_2 New Net Name=NetC19A_2
Change Net Name : Old Net Name=NetC11B_2 New Net Name=NetC19B_2
Change Net Name : Old Net Name=NetC11C_2 New Net Name=NetC19C_2
Change Net Name : Old Net Name=NetC11D_2 New Net Name=NetC19D_2
Change Net Name : Old Net Name=NetC13A_2 New Net Name=NetC21A_2
Change Net Name : Old Net Name=NetC13B_2 New Net Name=NetC21B_2
Change Net Name : Old Net Name=NetC13C_2 New Net Name=NetC21C_2
Change Net Name : Old Net Name=NetC13D_2 New Net Name=NetC21D_2
Change Net Name : Old Net Name=NetC14A_2 New Net Name=NetC22A_2
Change Net Name : Old Net Name=NetC14B_2 New Net Name=NetC22B_2
Change Net Name : Old Net Name=NetC14C_2 New Net Name=NetC22C_2
Change Net Name : Old Net Name=NetC14D_2 New Net Name=NetC22D_2
Change Net Name : Old Net Name=NetC15A_1 New Net Name=NetC23A_1
Change Net Name : Old Net Name=NetC15B_1 New Net Name=NetC23B_1
Change Net Name : Old Net Name=NetC15C_1 New Net Name=NetC23C_1
Change Net Name : Old Net Name=NetC15D_1 New Net Name=NetC23D_1
Change Net Name : Old Net Name=NetC16A_1 New Net Name=NetC24A_1
Change Net Name : Old Net Name=NetC16B_1 New Net Name=NetC24B_1
Change Net Name : Old Net Name=NetC16C_1 New Net Name=NetC24C_1
Change Net Name : Old Net Name=NetC16D_1 New Net Name=NetC24D_1
Change Net Name : Old Net Name=NetC17A_1 New Net Name=NetC25A_1
Change Net Name : Old Net Name=NetC17B_1 New Net Name=NetC25B_1
Change Net Name : Old Net Name=NetC17C_1 New Net Name=NetC25C_1
Change Net Name : Old Net Name=NetC17D_1 New Net Name=NetC25D_1
Change Net Name : Old Net Name=NetC18A_1 New Net Name=NetC26A_1
Change Net Name : Old Net Name=NetC18B_1 New Net Name=NetC26B_1
Change Net Name : Old Net Name=NetC18C_1 New Net Name=NetC26C_1
Change Net Name : Old Net Name=NetC18D_1 New Net Name=NetC26D_1
Change Net Name : Old Net Name=NetC22A_1 New Net Name=NetC30A_1
Change Net Name : Old Net Name=NetC22B_1 New Net Name=NetC30B_1
Change Net Name : Old Net Name=NetC22C_1 New Net Name=NetC30C_1
Change Net Name : Old Net Name=NetC22D_1 New Net Name=NetC30D_1
Change Net Name : Old Net Name=NetC26A_1 New Net Name=NetC31A_1
Change Net Name : Old Net Name=NetC26B_1 New Net Name=NetC31B_1
Change Net Name : Old Net Name=NetC26C_1 New Net Name=NetC31C_1
Change Net Name : Old Net Name=NetC26D_1 New Net Name=NetC31D_1
Change Net Name : Old Net Name=NetC27A_1 New Net Name=NetC32A_1
Change Net Name : Old Net Name=NetC27B_1 New Net Name=NetC32B_1
Change Net Name : Old Net Name=NetC27C_1 New Net Name=NetC32C_1
Change Net Name : Old Net Name=NetC27D_1 New Net Name=NetC32D_1
Change Net Name : Old Net Name=NetC28A_1 New Net Name=NetC36A_1
Change Net Name : Old Net Name=NetC28B_1 New Net Name=NetC36B_1
Change Net Name : Old Net Name=NetC28C_1 New Net Name=NetC36C_1
Change Net Name : Old Net Name=NetC28D_1 New Net Name=NetC36D_1
Change Net Name : Old Net Name=NetC29A_1 New Net Name=NetC37A_1
Change Net Name : Old Net Name=NetC29B_1 New Net Name=NetC37B_1
Change Net Name : Old Net Name=NetC29C_1 New Net Name=NetC37C_1
Change Net Name : Old Net Name=NetC29D_1 New Net Name=NetC37D_1
Change Net Name : Old Net Name=NetC30_1 New Net Name=NetC1_1
Change Net Name : Old Net Name=NetC31_2 New Net Name=NetC2_2
Change Net Name : Old Net Name=NetC32_1 New Net Name=NetC3_1
Change Net Name : Old Net Name=NetC34_1 New Net Name=NetC5_1
Change Net Name : Old Net Name=NetC36_1 New Net Name=NetC7_1
Change Net Name : Old Net Name=NetC37_1 New Net Name=NetC8_1
Change Net Name : Old Net Name=NetL2A_1 New Net Name=NetL3A_1
Change Net Name : Old Net Name=NetL2A_2 New Net Name=NetL3A_2
Change Net Name : Old Net Name=NetL2B_1 New Net Name=NetL3B_1
Change Net Name : Old Net Name=NetL2B_2 New Net Name=NetL3B_2
Change Net Name : Old Net Name=NetL2C_1 New Net Name=NetL3C_1
Change Net Name : Old Net Name=NetL2C_2 New Net Name=NetL3C_2
Change Net Name : Old Net Name=NetL2D_1 New Net Name=NetL3D_1
Change Net Name : Old Net Name=NetL2D_2 New Net Name=NetL3D_2
Change Net Name : Old Net Name=NetL3A_1 New Net Name=NetL2A_1
Change Net Name : Old Net Name=NetL3A_2 New Net Name=NetL2A_2
Change Net Name : Old Net Name=NetL3B_1 New Net Name=NetL2B_1
Change Net Name : Old Net Name=NetL3B_2 New Net Name=NetL2B_2
Change Net Name : Old Net Name=NetL3C_1 New Net Name=NetL2C_1
Change Net Name : Old Net Name=NetL3C_2 New Net Name=NetL2C_2
Change Net Name : Old Net Name=NetL3D_1 New Net Name=NetL2D_1
Change Net Name : Old Net Name=NetL3D_2 New Net Name=NetL2D_2
Change Net Name : Old Net Name=NetR3A_2 New Net Name=NetR19A_2
Change Net Name : Old Net Name=NetR3B_2 New Net Name=NetR19B_2
Change Net Name : Old Net Name=NetR3C_2 New Net Name=NetR19C_2
Change Net Name : Old Net Name=NetR3D_2 New Net Name=NetR19D_2
Change Net Name : Old Net Name=NetR6A_2 New Net Name=NetR22A_2
Change Net Name : Old Net Name=NetR6B_2 New Net Name=NetR22B_2
Change Net Name : Old Net Name=NetR6C_2 New Net Name=NetR22C_2
Change Net Name : Old Net Name=NetR6D_2 New Net Name=NetR22D_2
Change Net Name : Old Net Name=NetR7A_1 New Net Name=NetR23A_1
Change Net Name : Old Net Name=NetR7B_1 New Net Name=NetR23B_1
Change Net Name : Old Net Name=NetR7C_1 New Net Name=NetR23C_1
Change Net Name : Old Net Name=NetR7D_1 New Net Name=NetR23D_1
Change Net Name : Old Net Name=NetR19_1 New Net Name=NetR6_1
Change Net Name : Old Net Name=NetR20_1 New Net Name=NetR7_1
Change Net Name : Old Net Name=NetR21_1 New Net Name=NetR8_1
Change Net Name : Old Net Name=NetR22_1 New Net Name=NetR9_1
Change Net Name : Old Net Name=NetR23_2 New Net Name=NetR10_2
Change Net Name : Old Net Name=NetR24_2 New Net Name=NetR11_2
Change Net Name : Old Net Name=NetR25_2 New Net Name=NetR12_2
Change Net Name : Old Net Name=NetR26_2 New Net Name=NetR13_2
Change Net Name : Old Net Name=NetR28_1 New Net Name=NetR15_1
Change Net Name : Old Net Name=NetU3A_40 New Net Name=NetU5A_40
Change Net Name : Old Net Name=NetU3A_41 New Net Name=NetU5A_41
Change Net Name : Old Net Name=NetU3B_40 New Net Name=NetU5B_40
Change Net Name : Old Net Name=NetU3B_41 New Net Name=NetU5B_41
Change Net Name : Old Net Name=NetU3C_40 New Net Name=NetU5C_40
Change Net Name : Old Net Name=NetU3C_41 New Net Name=NetU5C_41
Change Net Name : Old Net Name=NetU3D_40 New Net Name=NetU5D_40
Change Net Name : Old Net Name=NetU3D_41 New Net Name=NetU5D_41
Change Net Name : Old Net Name=NetU6_1 New Net Name=NetU2_1
Change Net Name : Old Net Name=NetU6_2 New Net Name=NetU2_2
Change Net Name : Old Net Name=NetU6_3 New Net Name=NetU2_3
Change Net Name : Old Net Name=NetU6_4 New Net Name=NetU2_4
Change Net Name : Old Net Name=NetU6_6 New Net Name=NetU2_6
Change Net Name : Old Net Name=NetU6_7 New Net Name=NetU2_7
Change Net Name : Old Net Name=NetU6_8 New Net Name=NetU2_8
Change Net Name : Old Net Name=NetU6_9 New Net Name=NetU2_9
Change Net Name : Old Net Name=NetU6_30 New Net Name=NetU2_30
Change Net Name : Old Net Name=NetU6_31 New Net Name=NetU2_31
Added Member To Class: ClassName=Designator Member=Component C1 4.7µF
Added Member To Class: ClassName=Designator Member=Component C2 1µF
Added Member To Class: ClassName=Designator Member=Component C3 1µF
Added Member To Class: ClassName=Designator Member=Component C4 0.10µF
Added Member To Class: ClassName=Designator Member=Component C5 1µF
Added Member To Class: ClassName=Designator Member=Component C6 0.10µF
Added Member To Class: ClassName=Designator Member=Component C7 12pF
Added Member To Class: ClassName=Designator Member=Component C8 12pF
Added Member To Class: ClassName=Designator Member=Component FB1 120R @ 100 MHz
Added Member To Class: ClassName=Designator Member=Component LED1 White
Added Member To Class: ClassName=Designator Member=Component LED2 White
Added Member To Class: ClassName=Designator Member=Component LED3 White
Added Member To Class: ClassName=Designator Member=Component LED5 Green
Added Member To Class: ClassName=Designator Member=Component R1 1k
Added Member To Class: ClassName=Designator Member=Component R2 1k
Added Member To Class: ClassName=Designator Member=Component R3 1k
Added Member To Class: ClassName=Designator Member=Component R4 1k
Added Member To Class: ClassName=Designator Member=Component R5 100k
Added Member To Class: ClassName=Designator Member=Component R6 10k
Added Member To Class: ClassName=Designator Member=Component R7 10k
Added Member To Class: ClassName=Designator Member=Component R8 10k
Added Member To Class: ClassName=Designator Member=Component R9 10k
Added Member To Class: ClassName=Designator Member=Component R10 100k
Added Member To Class: ClassName=Designator Member=Component R11 100k
Added Member To Class: ClassName=Designator Member=Component R12 1k
Added Member To Class: ClassName=Designator Member=Component R13 100k
Added Member To Class: ClassName=Designator Member=Component R14 1k
Added Member To Class: ClassName=Designator Member=Component R15 12k
Added Member To Class: ClassName=Designator Member=Component R16 1M
Added Member To Class: ClassName=Designator Member=Component U2 USB2514B-I/M2
Added Member To Class: ClassName=Designator Member=Component Y1 ECS-240-12-37B-CKY-TR
Added Room: Name=Designator1
Added Room: Name=Designator2
Added Room: Name=Designator3
Added Room: Name=Designator4
Added Room: Name=DSD_Aerobits_RPI4_OLED
