Removed Member From Class: ClassName=RF Member=NetC1A_1
Removed Member From Class: ClassName=RF Member=NetC1A_2
Removed Member From Class: ClassName=RF Member=NetC1B_1
Removed Member From Class: ClassName=RF Member=NetC1B_2
Removed Member From Class: ClassName=RF Member=NetC1C_1
Removed Member From Class: ClassName=RF Member=NetC1C_2
Change Component Designator: OldDesignator=C1A NewDesignator=C1
Change Component Designator: OldDesignator=C2A NewDesignator=C2
Change Component Designator: OldDesignator=C3A NewDesignator=C3
Change Component Designator: OldDesignator=C4A NewDesignator=C4
Change Component Designator: OldDesignator=C5A NewDesignator=C5
Change Component Designator: OldDesignator=C6A NewDesignator=C6
Change Component Designator: OldDesignator=C7A NewDesignator=C7
Change Component Designator: OldDesignator=C8A NewDesignator=C8
Change Component Designator: OldDesignator=C9A NewDesignator=C9
Change Component Designator: OldDesignator=C10A NewDesignator=C10
Change Component Designator: OldDesignator=C11A NewDesignator=C11
Change Component Designator: OldDesignator=C12A NewDesignator=C12
Change Component Designator: OldDesignator=C13A NewDesignator=C13
Change Component Designator: OldDesignator=C14A NewDesignator=C14
Change Component Designator: OldDesignator=C15A NewDesignator=C15
Change Component Designator: OldDesignator=C16A NewDesignator=C16
Change Component Designator: OldDesignator=C17A NewDesignator=C17
Change Component Designator: OldDesignator=C18A NewDesignator=C18
Change Component Designator: OldDesignator=C19A NewDesignator=C19
Change Component Designator: OldDesignator=C20A NewDesignator=C20
Change Component Designator: OldDesignator=C21A NewDesignator=C21
Change Component Designator: OldDesignator=C22A NewDesignator=C22
Change Component Designator: OldDesignator=C23A NewDesignator=C23
Change Component Designator: OldDesignator=C24A NewDesignator=C24
Change Component Designator: OldDesignator=C25A NewDesignator=C25
Change Component Designator: OldDesignator=C26A NewDesignator=C26
Change Component Designator: OldDesignator=C27A NewDesignator=C27
Change Component Designator: OldDesignator=C28A NewDesignator=C28
Change Component Designator: OldDesignator=C29A NewDesignator=C29
Change Component Designator: OldDesignator=C30A NewDesignator=C30
Change Component Designator: OldDesignator=C31A NewDesignator=C31
Change Component Designator: OldDesignator=C32A NewDesignator=C32
Change Component Designator: OldDesignator=C33A NewDesignator=C33
Change Component Designator: OldDesignator=C34A NewDesignator=C34
Change Component Designator: OldDesignator=C35A NewDesignator=C35
Change Component Designator: OldDesignator=D1A NewDesignator=D1
Change Component Designator: OldDesignator=FB1A NewDesignator=FB1
Change Component Designator: OldDesignator=FB2A NewDesignator=FB2
Change Component Designator: OldDesignator=FB3A NewDesignator=FB3
Change Component Designator: OldDesignator=FB4A NewDesignator=FB4
Change Component Designator: OldDesignator=FB5A NewDesignator=FB5
Change Component Designator: OldDesignator=FB6A NewDesignator=FB6
Change Component Designator: OldDesignator=IC1A NewDesignator=IC1
Change Component Designator: OldDesignator=J1A NewDesignator=J1
Change Component Designator: OldDesignator=L1A NewDesignator=L1
Change Component Designator: OldDesignator=L2A NewDesignator=L2
Change Component Designator: OldDesignator=L3A NewDesignator=L3
Change Component Designator: OldDesignator=L4A NewDesignator=L4
Change Component Designator: OldDesignator=MP1A NewDesignator=MP1
Change Component Designator: OldDesignator=R1A NewDesignator=R1
Change Component Designator: OldDesignator=R2A NewDesignator=R2
Change Component Designator: OldDesignator=R3A NewDesignator=R3
Change Component Designator: OldDesignator=R4A NewDesignator=R4
Change Component Designator: OldDesignator=R5A NewDesignator=R5
Change Component Designator: OldDesignator=R6A NewDesignator=R6
Change Component Designator: OldDesignator=R7A NewDesignator=R7
Change Component Designator: OldDesignator=R8A NewDesignator=R8
Change Component Designator: OldDesignator=R9A NewDesignator=R9
Change Component Designator: OldDesignator=R10A NewDesignator=R10
Change Component Designator: OldDesignator=R11A NewDesignator=R11
Change Component Designator: OldDesignator=R12A NewDesignator=R12
Change Component Designator: OldDesignator=U1A NewDesignator=U1
Change Component Designator: OldDesignator=U2A NewDesignator=U2
Change Component Designator: OldDesignator=U3A NewDesignator=U3
Change Component Designator: OldDesignator=X1A NewDesignator=X1
Change Net Name : Old Net Name=CLKA New Net Name=CLK
Change Net Name : Old Net Name=IF+A New Net Name=IF+
Change Net Name : Old Net Name=IF-A New Net Name=IF-
Change Net Name : Old Net Name=IF_AGCA New Net Name=IF_AGC
Change Net Name : Old Net Name=IFAGCA New Net Name=IFAGC
Change Net Name : Old Net Name=NetC1A_1 New Net Name=NetC1_1
Change Net Name : Old Net Name=NetC1A_2 New Net Name=NetC1_2
Change Net Name : Old Net Name=NetC10A_2 New Net Name=NetC10_2
Change Net Name : Old Net Name=NetC11A_2 New Net Name=NetC11_2
Change Net Name : Old Net Name=NetC12A_1 New Net Name=NetC12_1
Change Net Name : Old Net Name=NetC15A_2 New Net Name=NetC15_2
Change Net Name : Old Net Name=NetC16A_1 New Net Name=NetC16_1
Change Net Name : Old Net Name=NetC18A_2 New Net Name=NetC18_2
Change Net Name : Old Net Name=NetC21A_1 New Net Name=NetC21_1
Change Net Name : Old Net Name=NetC23A_1 New Net Name=NetC23_1
Change Net Name : Old Net Name=NetC24A_1 New Net Name=NetC24_1
Change Net Name : Old Net Name=NetC27A_2 New Net Name=NetC27_2
Change Net Name : Old Net Name=NetC28A_1 New Net Name=NetC28_1
Change Net Name : Old Net Name=NetC34A_1 New Net Name=NetC34_1
Change Net Name : Old Net Name=NetC35A_1 New Net Name=NetC35_1
Change Net Name : Old Net Name=NetL2A_1 New Net Name=NetL2_1
Change Net Name : Old Net Name=NetL2A_2 New Net Name=NetL2_2
Change Net Name : Old Net Name=NetL3A_1 New Net Name=NetL3_1
Change Net Name : Old Net Name=NetL3A_2 New Net Name=NetL3_2
Change Net Name : Old Net Name=NetL4A_1 New Net Name=NetL4_1
Change Net Name : Old Net Name=NetR2A_2 New Net Name=NetR2_2
Change Net Name : Old Net Name=NetR6A_2 New Net Name=NetR6_2
Change Net Name : Old Net Name=NetR11A_2 New Net Name=NetR11_2
Change Net Name : Old Net Name=NetR12A_2 New Net Name=NetR12_2
Change Net Name : Old Net Name=NetU2A_27 New Net Name=NetU2_27
Change Net Name : Old Net Name=NetU2A_40 New Net Name=NetU2_40
Change Net Name : Old Net Name=NetU2A_41 New Net Name=NetU2_41
Change Net Name : Old Net Name=RFINA New Net Name=RFIN
Change Net Name : Old Net Name=SCL-RTL2832UA New Net Name=SCL-RTL2832U
Change Net Name : Old Net Name=SCLKA New Net Name=SCLK
Change Net Name : Old Net Name=SDA-RTL2832UA New Net Name=SDA-RTL2832U
Change Net Name : Old Net Name=SDATA New Net Name=SDAT
Change Net Name : Old Net Name=VDD1A New Net Name=VDD1
Change Net Name : Old Net Name=VDD3A New Net Name=VDD3
Change Net Name : Old Net Name=VDD_PLLA New Net Name=VDD_PLL
Change Net Name : Old Net Name=VDDA33A New Net Name=VDDA33
Change Net Name : Old Net Name=VDDAA New Net Name=VDDA
Change Net Name : Old Net Name=VDDLVA New Net Name=VDDLV
Change Class Name : Old Net Name=Designator1 New Net Name=Designator
Added Member To Class: ClassName=RF Member=Wire NetC1_1
Added Member To Class: ClassName=RF Member=Wire NetC1_2
Added Room: Name=Designator
