Removed Pin From Net: NetName=GND Pin=C35A-1
Removed Pin From Net: NetName=VBUS Pin=C35A-2
Removed Pin From Net: NetName=GND Pin=C36A-1
Removed Pin From Net: NetName=GND Pin=C37A-2
Removed Pin From Net: NetName=GND Pin=C38A-2
Removed Pin From Net: NetName=GND Pin=C39A-2
Removed Pin From Net: NetName=GND Pin=C40A-2
Removed Pin From Net: NetName=GND Pin=C41A-2
Removed Pin From Net: NetName=GND Pin=C42A-1
Removed Pin From Net: NetName=GND Pin=C43A-1
Removed Pin From Net: NetName=GND Pin=C44A-1
Removed Pin From Net: NetName=GND Pin=C45A-1
Removed Pin From Net: NetName=GND Pin=C46A-1
Removed Pin From Net: NetName=GND Pin=C48A-2
Removed Pin From Net: NetName=GND Pin=C49A-1
Removed Pin From Net: NetName=GND Pin=C50A-1
Removed Pin From Net: NetName=GND Pin=C52A-1
Removed Pin From Net: NetName=GND Pin=C53A-1
Removed Pin From Net: NetName=GND Pin=C54A-1
Removed Pin From Net: NetName=GND Pin=C55A-2
Removed Pin From Net: NetName=GND Pin=C56A-2
Removed Pin From Net: NetName=GND Pin=C57A-1
Removed Pin From Net: NetName=GND Pin=C58A-2
Removed Pin From Net: NetName=GND Pin=C59A-2
Removed Pin From Net: NetName=GND Pin=C60A-2
Removed Pin From Net: NetName=GND Pin=C61A-2
Removed Pin From Net: NetName=GND Pin=C63A-2
Removed Pin From Net: NetName=GND Pin=C64A-2
Removed Pin From Net: NetName=GND Pin=C65A-2
Removed Pin From Net: NetName=GND Pin=C66A-2
Removed Pin From Net: NetName=GND Pin=C67A-2
Removed Pin From Net: NetName=GND Pin=C68A-1
Removed Pin From Net: NetName=GND Pin=C69A-2
Removed Pin From Net: NetName=GND Pin=C70A-2
Removed Pin From Net: NetName=GND Pin=D2A-1
Removed Pin From Net: NetName=GND Pin=D2A-2
Removed Pin From Net: NetName=GND Pin=IC3A-1
Removed Pin From Net: NetName=GND Pin=IC3A-2
Removed Pin From Net: NetName=GND Pin=IC3A-3
Removed Pin From Net: NetName=GND Pin=IC3A-4
Removed Pin From Net: NetName=GND Pin=J4A-2
Removed Pin From Net: NetName=GND Pin=J4A-3
Removed Pin From Net: NetName=GND Pin=J4A-4
Removed Pin From Net: NetName=GND Pin=J4A-5
Removed Pin From Net: NetName=GND Pin=MP1A-1
Removed Pin From Net: NetName=GND Pin=MP1A-1
Removed Pin From Net: NetName=GND Pin=MP1A-1
Removed Pin From Net: NetName=GND Pin=MP1A-1
Removed Pin From Net: NetName=GND Pin=MP1A-1
Removed Pin From Net: NetName=GND Pin=MP1A-1
Removed Pin From Net: NetName=GND Pin=MP1A-1
Removed Pin From Net: NetName=GND Pin=MP1A-1
Removed Pin From Net: NetName=GND Pin=MP1A-1
Removed Pin From Net: NetName=GND Pin=MP1A-1
Removed Pin From Net: NetName=GND Pin=MP1A-1
Removed Pin From Net: NetName=GND Pin=MP1A-1
Removed Pin From Net: NetName=GND Pin=MP1A-1
Removed Pin From Net: NetName=GND Pin=MP1A-1
Removed Pin From Net: NetName=GND Pin=MP1A-1
Removed Pin From Net: NetName=GND Pin=MP1A-1
Removed Pin From Net: NetName=GND Pin=R37A-1
Removed Pin From Net: NetName=GND Pin=U1A-1
Removed Pin From Net: NetName=VBUS Pin=U1A-3
Removed Pin From Net: NetName=GND Pin=U2A-3
Removed Pin From Net: NetName=GND Pin=U2A-8
Removed Pin From Net: NetName=GND Pin=U2A-39
Removed Pin From Net: NetName=A1_P Pin=U2A-40
Removed Pin From Net: NetName=A1_N Pin=U2A-41
Removed Pin From Net: NetName=GND Pin=U2A-45
Removed Pin From Net: NetName=GND Pin=U2A-49
Removed Pin From Net: NetName=GND Pin=U3A-16
Removed Pin From Net: NetName=GND Pin=U3A-25
Removed Pin From Net: NetName=GND Pin=X1A-2
Removed Member From Class: ClassName=RTL-SDR Member=Designator3
Change Component Designator: OldDesignator=C34B NewDesignator=C34A
Change Component Designator: OldDesignator=C34C NewDesignator=C34B
Change Component Designator: OldDesignator=C35B NewDesignator=C35A
Change Component Designator: OldDesignator=C35C NewDesignator=C35B
Change Component Designator: OldDesignator=C36B NewDesignator=C36A
Change Component Designator: OldDesignator=C36C NewDesignator=C36B
Change Component Designator: OldDesignator=C37B NewDesignator=C37A
Change Component Designator: OldDesignator=C37C NewDesignator=C37B
Change Component Designator: OldDesignator=C38B NewDesignator=C38A
Change Component Designator: OldDesignator=C38C NewDesignator=C38B
Change Component Designator: OldDesignator=C39B NewDesignator=C39A
Change Component Designator: OldDesignator=C39C NewDesignator=C39B
Change Component Designator: OldDesignator=C40B NewDesignator=C40A
Change Component Designator: OldDesignator=C40C NewDesignator=C40B
Change Component Designator: OldDesignator=C41B NewDesignator=C41A
Change Component Designator: OldDesignator=C41C NewDesignator=C41B
Change Component Designator: OldDesignator=C42B NewDesignator=C42A
Change Component Designator: OldDesignator=C42C NewDesignator=C42B
Change Component Designator: OldDesignator=C43B NewDesignator=C43A
Change Component Designator: OldDesignator=C43C NewDesignator=C43B
Change Component Designator: OldDesignator=C44B NewDesignator=C44A
Change Component Designator: OldDesignator=C44C NewDesignator=C44B
Change Component Designator: OldDesignator=C45B NewDesignator=C45A
Change Component Designator: OldDesignator=C45C NewDesignator=C45B
Change Component Designator: OldDesignator=C46B NewDesignator=C46A
Change Component Designator: OldDesignator=C46C NewDesignator=C46B
Change Component Designator: OldDesignator=C47B NewDesignator=C47A
Change Component Designator: OldDesignator=C47C NewDesignator=C47B
Change Component Designator: OldDesignator=C48B NewDesignator=C48A
Change Component Designator: OldDesignator=C48C NewDesignator=C48B
Change Component Designator: OldDesignator=C49B NewDesignator=C49A
Change Component Designator: OldDesignator=C49C NewDesignator=C49B
Change Component Designator: OldDesignator=C50B NewDesignator=C50A
Change Component Designator: OldDesignator=C50C NewDesignator=C50B
Change Component Designator: OldDesignator=C51B NewDesignator=C51A
Change Component Designator: OldDesignator=C51C NewDesignator=C51B
Change Component Designator: OldDesignator=C52B NewDesignator=C52A
Change Component Designator: OldDesignator=C52C NewDesignator=C52B
Change Component Designator: OldDesignator=C53B NewDesignator=C53A
Change Component Designator: OldDesignator=C53C NewDesignator=C53B
Change Component Designator: OldDesignator=C54B NewDesignator=C54A
Change Component Designator: OldDesignator=C54C NewDesignator=C54B
Change Component Designator: OldDesignator=C55B NewDesignator=C55A
Change Component Designator: OldDesignator=C55C NewDesignator=C55B
Change Component Designator: OldDesignator=C56B NewDesignator=C56A
Change Component Designator: OldDesignator=C56C NewDesignator=C56B
Change Component Designator: OldDesignator=C57B NewDesignator=C57A
Change Component Designator: OldDesignator=C57C NewDesignator=C57B
Change Component Designator: OldDesignator=C58B NewDesignator=C58A
Change Component Designator: OldDesignator=C58C NewDesignator=C58B
Change Component Designator: OldDesignator=C59B NewDesignator=C59A
Change Component Designator: OldDesignator=C59C NewDesignator=C59B
Change Component Designator: OldDesignator=C60B NewDesignator=C60A
Change Component Designator: OldDesignator=C60C NewDesignator=C60B
Change Component Designator: OldDesignator=C61B NewDesignator=C61A
Change Component Designator: OldDesignator=C61C NewDesignator=C61B
Change Component Designator: OldDesignator=C62B NewDesignator=C62A
Change Component Designator: OldDesignator=C62C NewDesignator=C62B
Change Component Designator: OldDesignator=C63B NewDesignator=C63A
Change Component Designator: OldDesignator=C63C NewDesignator=C63B
Change Component Designator: OldDesignator=C64B NewDesignator=C64A
Change Component Designator: OldDesignator=C64C NewDesignator=C64B
Change Component Designator: OldDesignator=C65B NewDesignator=C65A
Change Component Designator: OldDesignator=C65C NewDesignator=C65B
Change Component Designator: OldDesignator=C66B NewDesignator=C66A
Change Component Designator: OldDesignator=C66C NewDesignator=C66B
Change Component Designator: OldDesignator=C67B NewDesignator=C67A
Change Component Designator: OldDesignator=C67C NewDesignator=C67B
Change Component Designator: OldDesignator=C68B NewDesignator=C68A
Change Component Designator: OldDesignator=C68C NewDesignator=C68B
Change Component Designator: OldDesignator=C69B NewDesignator=C69A
Change Component Designator: OldDesignator=C69C NewDesignator=C69B
Change Component Designator: OldDesignator=C70B NewDesignator=C70A
Change Component Designator: OldDesignator=C70C NewDesignator=C70B
Change Component Designator: OldDesignator=D2B NewDesignator=D2A
Change Component Designator: OldDesignator=D2C NewDesignator=D2B
Change Component Designator: OldDesignator=FB2B NewDesignator=FB2A
Change Component Designator: OldDesignator=FB2C NewDesignator=FB2B
Change Component Designator: OldDesignator=FB3B NewDesignator=FB3A
Change Component Designator: OldDesignator=FB3C NewDesignator=FB3B
Change Component Designator: OldDesignator=FB4B NewDesignator=FB4A
Change Component Designator: OldDesignator=FB4C NewDesignator=FB4B
Change Component Designator: OldDesignator=FB5B NewDesignator=FB5A
Change Component Designator: OldDesignator=FB5C NewDesignator=FB5B
Change Component Designator: OldDesignator=FB6B NewDesignator=FB6A
Change Component Designator: OldDesignator=FB6C NewDesignator=FB6B
Change Component Designator: OldDesignator=FB7B NewDesignator=FB7A
Change Component Designator: OldDesignator=FB7C NewDesignator=FB7B
Change Component Designator: OldDesignator=FB8B NewDesignator=FB8A
Change Component Designator: OldDesignator=FB8C NewDesignator=FB8B
Change Component Designator: OldDesignator=IC3B NewDesignator=IC3A
Change Component Designator: OldDesignator=IC3C NewDesignator=IC3B
Change Component Designator: OldDesignator=J4B NewDesignator=J4A
Change Component Designator: OldDesignator=J4C NewDesignator=J4B
Change Component Designator: OldDesignator=L2B NewDesignator=L2A
Change Component Designator: OldDesignator=L2C NewDesignator=L2B
Change Component Designator: OldDesignator=L3B NewDesignator=L3A
Change Component Designator: OldDesignator=L3C NewDesignator=L3B
Change Component Designator: OldDesignator=L4B NewDesignator=L4A
Change Component Designator: OldDesignator=L4C NewDesignator=L4B
Change Component Designator: OldDesignator=L5B NewDesignator=L5A
Change Component Designator: OldDesignator=L5C NewDesignator=L5B
Change Component Designator: OldDesignator=MP1B NewDesignator=MP1A
Change Component Designator: OldDesignator=MP1C NewDesignator=MP1B
Change Component Designator: OldDesignator=R37B NewDesignator=R37A
Change Component Designator: OldDesignator=R37C NewDesignator=R37B
Change Component Designator: OldDesignator=R38B NewDesignator=R38A
Change Component Designator: OldDesignator=R38C NewDesignator=R38B
Change Component Designator: OldDesignator=R39B NewDesignator=R39A
Change Component Designator: OldDesignator=R39C NewDesignator=R39B
Change Component Designator: OldDesignator=R40B NewDesignator=R40A
Change Component Designator: OldDesignator=R40C NewDesignator=R40B
Change Component Designator: OldDesignator=R41B NewDesignator=R41A
Change Component Designator: OldDesignator=R41C NewDesignator=R41B
Change Component Designator: OldDesignator=R42B NewDesignator=R42A
Change Component Designator: OldDesignator=R42C NewDesignator=R42B
Change Component Designator: OldDesignator=R43B NewDesignator=R43A
Change Component Designator: OldDesignator=R43C NewDesignator=R43B
Change Component Designator: OldDesignator=R44B NewDesignator=R44A
Change Component Designator: OldDesignator=R44C NewDesignator=R44B
Change Component Designator: OldDesignator=R45B NewDesignator=R45A
Change Component Designator: OldDesignator=R45C NewDesignator=R45B
Change Component Designator: OldDesignator=R46B NewDesignator=R46A
Change Component Designator: OldDesignator=R46C NewDesignator=R46B
Change Component Designator: OldDesignator=R47B NewDesignator=R47A
Change Component Designator: OldDesignator=R47C NewDesignator=R47B
Change Component Designator: OldDesignator=U1B NewDesignator=U1A
Change Component Designator: OldDesignator=U1C NewDesignator=U1B
Change Component Designator: OldDesignator=U2B NewDesignator=U2A
Change Component Designator: OldDesignator=U2C NewDesignator=U2B
Change Component Designator: OldDesignator=U3B NewDesignator=U3A
Change Component Designator: OldDesignator=U3C NewDesignator=U3B
Change Component Designator: OldDesignator=X1B NewDesignator=X1A
Change Component Designator: OldDesignator=X1C NewDesignator=X1B
Change Net Name : Old Net Name=+3V3_R820B New Net Name=+3V3_R820A
Change Net Name : Old Net Name=+3V3_R820C New Net Name=+3V3_R820B
Change Net Name : Old Net Name=+3V3_SDRB New Net Name=+3V3_SDRA
Change Net Name : Old Net Name=+3V3_SDRC New Net Name=+3V3_SDRB
Change Net Name : Old Net Name=CLKB New Net Name=CLKA
Change Net Name : Old Net Name=CLKC New Net Name=CLKB
Change Net Name : Old Net Name=IF+B New Net Name=IF+A
Change Net Name : Old Net Name=IF+C New Net Name=IF+B
Change Net Name : Old Net Name=IF-B New Net Name=IF-A
Change Net Name : Old Net Name=IF-C New Net Name=IF-B
Change Net Name : Old Net Name=IF_AGCB New Net Name=IF_AGCA
Change Net Name : Old Net Name=IF_AGCC New Net Name=IF_AGCB
Change Net Name : Old Net Name=IFAGCB New Net Name=IFAGCA
Change Net Name : Old Net Name=IFAGCC New Net Name=IFAGCB
Change Net Name : Old Net Name=NetC34B_1 New Net Name=NetC34A_1
Change Net Name : Old Net Name=NetC34B_2 New Net Name=NetC34A_2
Change Net Name : Old Net Name=NetC34C_1 New Net Name=NetC34B_1
Change Net Name : Old Net Name=NetC34C_2 New Net Name=NetC34B_2
Change Net Name : Old Net Name=NetC45B_2 New Net Name=NetC45A_2
Change Net Name : Old Net Name=NetC45C_2 New Net Name=NetC45B_2
Change Net Name : Old Net Name=NetC47B_1 New Net Name=NetC47A_1
Change Net Name : Old Net Name=NetC47C_1 New Net Name=NetC47B_1
Change Net Name : Old Net Name=NetC50B_2 New Net Name=NetC50A_2
Change Net Name : Old Net Name=NetC50C_2 New Net Name=NetC50B_2
Change Net Name : Old Net Name=NetC51B_1 New Net Name=NetC51A_1
Change Net Name : Old Net Name=NetC51C_1 New Net Name=NetC51B_1
Change Net Name : Old Net Name=NetC53B_2 New Net Name=NetC53A_2
Change Net Name : Old Net Name=NetC53C_2 New Net Name=NetC53B_2
Change Net Name : Old Net Name=NetC56B_1 New Net Name=NetC56A_1
Change Net Name : Old Net Name=NetC56C_1 New Net Name=NetC56B_1
Change Net Name : Old Net Name=NetC58B_1 New Net Name=NetC58A_1
Change Net Name : Old Net Name=NetC58C_1 New Net Name=NetC58B_1
Change Net Name : Old Net Name=NetC59B_1 New Net Name=NetC59A_1
Change Net Name : Old Net Name=NetC59C_1 New Net Name=NetC59B_1
Change Net Name : Old Net Name=NetC62B_2 New Net Name=NetC62A_2
Change Net Name : Old Net Name=NetC62C_2 New Net Name=NetC62B_2
Change Net Name : Old Net Name=NetC63B_1 New Net Name=NetC63A_1
Change Net Name : Old Net Name=NetC63C_1 New Net Name=NetC63B_1
Change Net Name : Old Net Name=NetC69B_1 New Net Name=NetC69A_1
Change Net Name : Old Net Name=NetC69C_1 New Net Name=NetC69B_1
Change Net Name : Old Net Name=NetC70B_1 New Net Name=NetC70A_1
Change Net Name : Old Net Name=NetC70C_1 New Net Name=NetC70B_1
Change Net Name : Old Net Name=NetL3B_1 New Net Name=NetL3A_1
Change Net Name : Old Net Name=NetL3B_2 New Net Name=NetL3A_2
Change Net Name : Old Net Name=NetL3C_1 New Net Name=NetL3B_1
Change Net Name : Old Net Name=NetL3C_2 New Net Name=NetL3B_2
Change Net Name : Old Net Name=NetL4B_1 New Net Name=NetL4A_1
Change Net Name : Old Net Name=NetL4B_2 New Net Name=NetL4A_2
Change Net Name : Old Net Name=NetL4C_1 New Net Name=NetL4B_1
Change Net Name : Old Net Name=NetL4C_2 New Net Name=NetL4B_2
Change Net Name : Old Net Name=NetL5B_1 New Net Name=NetL5A_1
Change Net Name : Old Net Name=NetL5C_1 New Net Name=NetL5B_1
Change Net Name : Old Net Name=NetR37B_2 New Net Name=NetR37A_2
Change Net Name : Old Net Name=NetR37C_2 New Net Name=NetR37B_2
Change Net Name : Old Net Name=NetR41B_2 New Net Name=NetR41A_2
Change Net Name : Old Net Name=NetR41C_2 New Net Name=NetR41B_2
Change Net Name : Old Net Name=NetR46B_2 New Net Name=NetR46A_2
Change Net Name : Old Net Name=NetR46C_2 New Net Name=NetR46B_2
Change Net Name : Old Net Name=NetR47B_2 New Net Name=NetR47A_2
Change Net Name : Old Net Name=NetR47C_2 New Net Name=NetR47B_2
Change Net Name : Old Net Name=RFINB New Net Name=RFINA
Change Net Name : Old Net Name=RFINC New Net Name=RFINB
Change Net Name : Old Net Name=SCL-RTL2832UB New Net Name=SCL-RTL2832UA
Change Net Name : Old Net Name=SCL-RTL2832UC New Net Name=SCL-RTL2832UB
Change Net Name : Old Net Name=SCLKB New Net Name=SCLKA
Change Net Name : Old Net Name=SCLKC New Net Name=SCLKB
Change Net Name : Old Net Name=SDA-RTL2832UB New Net Name=SDA-RTL2832UA
Change Net Name : Old Net Name=SDA-RTL2832UC New Net Name=SDA-RTL2832UB
Change Net Name : Old Net Name=SDATB New Net Name=SDATA
Change Net Name : Old Net Name=SDATC New Net Name=SDATB
Change Net Name : Old Net Name=VDD1B New Net Name=VDD1A
Change Net Name : Old Net Name=VDD1C New Net Name=VDD1B
Change Net Name : Old Net Name=VDD3B New Net Name=VDD3A
Change Net Name : Old Net Name=VDD3C New Net Name=VDD3B
Change Net Name : Old Net Name=VDD_PLLB New Net Name=VDD_PLLA
Change Net Name : Old Net Name=VDD_PLLC New Net Name=VDD_PLLB
Change Net Name : Old Net Name=VDDA33B New Net Name=VDDA33A
Change Net Name : Old Net Name=VDDA33C New Net Name=VDDA33B
Change Net Name : Old Net Name=VDDAB New Net Name=VDDAA
Change Net Name : Old Net Name=VDDAC New Net Name=VDDAB
Change Net Name : Old Net Name=VDDLVB New Net Name=VDDLVA
Change Net Name : Old Net Name=VDDLVC New Net Name=VDDLVB
Add Class: Class already exists: Designator1
Add Class: Class already exists: Designator2
Added Member To Class: ClassName=RF Member=Wire NetC34A_1
Added Member To Class: ClassName=RF Member=Wire NetC34A_2
Change Room Name: Old Name=Designator3 New Name=Designator2
Change Room Scope: Old Scope=InComponentClass('Designator3') New Scope=InComponentClass('Designator2')
Added Room: Name=Designator1
Added Room: Name=Designator1
Added Room: Name=DSD_Aerobits_RPI4_OLED
