Added Component: Designator=SDR1(PCBComponent_1)
Added Component: Designator=SDR2(PCBComponent_1)
Added Component: Designator=SDR3(PCBComponent_1)
Added Component: Designator=SDR4(PCBComponent_1)
Added Pin To Net: NetName=VBUS Pin=SDR1-1
Added Pin To Net: NetName=A1_N Pin=SDR1-2
Added Pin To Net: NetName=A1_P Pin=SDR1-3
Added Pin To Net: NetName=GND Pin=SDR1-4
Added Pin To Net: NetName=GND Pin=SDR1-4
Added Pin To Net: NetName=GND Pin=SDR1-4
Added Pin To Net: NetName=GND Pin=SDR1-4
Added Pin To Net: NetName=GND Pin=SDR1-4
Added Pin To Net: NetName=GND Pin=SDR1-4
Added Pin To Net: NetName=GND Pin=SDR1-4
Added Pin To Net: NetName=GND Pin=SDR1-4
Added Pin To Net: NetName=GND Pin=SDR1-4
Added Pin To Net: NetName=GND Pin=SDR1-4
Added Pin To Net: NetName=NetJ3_1 Pin=SDR1-5
Added Pin To Net: NetName=VBUS Pin=SDR2-1
Added Pin To Net: NetName=A2_N Pin=SDR2-2
Added Pin To Net: NetName=A2_P Pin=SDR2-3
Added Pin To Net: NetName=GND Pin=SDR2-4
Added Pin To Net: NetName=GND Pin=SDR2-4
Added Pin To Net: NetName=GND Pin=SDR2-4
Added Pin To Net: NetName=GND Pin=SDR2-4
Added Pin To Net: NetName=GND Pin=SDR2-4
Added Pin To Net: NetName=GND Pin=SDR2-4
Added Pin To Net: NetName=GND Pin=SDR2-4
Added Pin To Net: NetName=GND Pin=SDR2-4
Added Pin To Net: NetName=GND Pin=SDR2-4
Added Pin To Net: NetName=GND Pin=SDR2-4
Added Pin To Net: NetName=NetJ5_1 Pin=SDR2-5
Added Pin To Net: NetName=VBUS Pin=SDR3-1
Added Pin To Net: NetName=A3_N Pin=SDR3-2
Added Pin To Net: NetName=A3_P Pin=SDR3-3
Added Pin To Net: NetName=GND Pin=SDR3-4
Added Pin To Net: NetName=GND Pin=SDR3-4
Added Pin To Net: NetName=GND Pin=SDR3-4
Added Pin To Net: NetName=GND Pin=SDR3-4
Added Pin To Net: NetName=GND Pin=SDR3-4
Added Pin To Net: NetName=GND Pin=SDR3-4
Added Pin To Net: NetName=GND Pin=SDR3-4
Added Pin To Net: NetName=GND Pin=SDR3-4
Added Pin To Net: NetName=GND Pin=SDR3-4
Added Pin To Net: NetName=GND Pin=SDR3-4
Added Pin To Net: NetName=NetJ6_1 Pin=SDR3-5
Added Pin To Net: NetName=VBUS Pin=SDR4-1
Added Pin To Net: NetName=A4_N Pin=SDR4-2
Added Pin To Net: NetName=A4_P Pin=SDR4-3
Added Pin To Net: NetName=GND Pin=SDR4-4
Added Pin To Net: NetName=GND Pin=SDR4-4
Added Pin To Net: NetName=GND Pin=SDR4-4
Added Pin To Net: NetName=GND Pin=SDR4-4
Added Pin To Net: NetName=GND Pin=SDR4-4
Added Pin To Net: NetName=GND Pin=SDR4-4
Added Pin To Net: NetName=GND Pin=SDR4-4
Added Pin To Net: NetName=GND Pin=SDR4-4
Added Pin To Net: NetName=GND Pin=SDR4-4
Added Pin To Net: NetName=GND Pin=SDR4-4
Added Pin To Net: NetName=NetJ7_1 Pin=SDR4-5
