Removed Pin From Net: NetName=B1_P Pin=IC1A-7
Removed Pin From Net: NetName=B1_N Pin=IC1A-8
Removed Pin From Net: NetName=B3_P Pin=IC1A-65
Removed Pin From Net: NetName=B3_N Pin=IC1A-66
Add Component: Footprint Not Found SMD-0603C
Add Component: Footprint Not Found SMD-0603C
Added Component: Designator=FB1A(WE-CBA_0402_L1W0.5H0.5_HC)
Add component (AddParameter): Name = "Automotive"; Value = "Yes"; VariantName = "[No Variations]"
Add component (AddParameter): Name = "Case/Size Code"; Value = "0402"; VariantName = "[No Variations]"
Add component (AddParameter): Name = "Category"; Value = "Ferrites for PCB Assembly"; VariantName = "[No Variations]"
Add component (AddParameter): Name = "ComponentLink1Description"; Value = "Website Link"; VariantName = "[No Variations]"
Add component (AddParameter): Name = "ComponentLink1URL"; Value = "https://www.we-online.com/redexpert/article/782423100?ad"; VariantName = "[No Variations]"
Add component (AddParameter): Name = "ComponentLink2Description"; Value = "Datasheet Link"; VariantName = "[No Variations]"
Add component (AddParameter): Name = "ComponentLink2URL"; Value = "https://www.we-online.com/redexpert/spec/782423100?ad"; VariantName = "[No Variations]"
Add component (AddParameter): Name = "DC Resistance Max"; Value = "0.03Ohm"; VariantName = "[No Variations]"
Add component (AddParameter): Name = "Height"; Value = "0.5mm"; VariantName = "[No Variations]"
Add component (AddParameter): Name = "Impedance @100MHz"; Value = "10Ohm"; VariantName = "[No Variations]"
Add component (AddParameter): Name = "Impedance Max"; Value = "17Ohm"; VariantName = "[No Variations]"
Add component (AddParameter): Name = "Length"; Value = "1mm"; VariantName = "[No Variations]"
Add component (AddParameter): Name = "Manufacturer"; Value = "Wurth Elektronik"; VariantName = "[No Variations]"
Add component (AddParameter): Name = "Manufacturer Part Number"; Value = "782423100"; VariantName = "[No Variations]"
Add component (AddParameter): Name = "Match Code"; Value = "WE-CBA"; VariantName = "[No Variations]"
Add component (AddParameter): Name = "Mount"; Value = "Surface Mount"; VariantName = "[No Variations]"
Add component (AddParameter): Name = "Operating Temperature Max"; Value = "125°C"; VariantName = "[No Variations]"
Add component (AddParameter): Name = "Operating Temperature Min"; Value = "-55°C"; VariantName = "[No Variations]"
Add component (AddParameter): Name = "Packaging"; Value = "Tape and Reel"; VariantName = "[No Variations]"
Add component (AddParameter): Name = "Rated Current"; Value = "1.5A"; VariantName = "[No Variations]"
Add component (AddParameter): Name = "Type"; Value = "High Current"; VariantName = "[No Variations]"
Add component (AddParameter): Name = "Width"; Value = "0.5mm"; VariantName = "[No Variations]"
Add Pin To Net: Unknown Pin: Pin C1A-1
Add Pin To Net: Unknown Pin: Pin C1A-2
Add Pin To Net: Unknown Pin: Pin C2A-1
Add Pin To Net: Unknown Pin: Pin C2A-2
Added Pin To Net: NetName=NetFB1A_1 Pin=FB1A-1
Added Pin To Net: NetName=5VBus Pin=FB1A-2
Added Pin To Net: NetName=B3_P Pin=IC1A-7
Added Pin To Net: NetName=B3_N Pin=IC1A-8
Added Pin To Net: NetName=B1_P Pin=IC1A-65
Added Pin To Net: NetName=B1_N Pin=IC1A-66
Add Class Member: Failed to add class member : Component C1A (C1) 10µF
Add Class Member: Failed to add class member : Component C2A (C2) 2.2µF
Added Member To Class: ClassName=Designator1 Member=Component FB1A (FB1) 10Ohm
