Change Component Designator: OldDesignator=C34 NewDesignator=C45A
Change Component Designator: OldDesignator=C45A NewDesignator=C45B
Change Component Designator: OldDesignator=C45B NewDesignator=C45C
Change Component Designator: OldDesignator=C45C NewDesignator=C45D
Change Component Designator: OldDesignator=C35 NewDesignator=C46A
Change Component Designator: OldDesignator=C46A NewDesignator=C46B
Change Component Designator: OldDesignator=C46B NewDesignator=C46C
Change Component Designator: OldDesignator=C46C NewDesignator=C46D
Change Component Designator: OldDesignator=C36 NewDesignator=C47A
Change Component Designator: OldDesignator=C47A NewDesignator=C47B
Change Component Designator: OldDesignator=C47B NewDesignator=C47C
Change Component Designator: OldDesignator=C47C NewDesignator=C47D
Change Component Designator: OldDesignator=C37 NewDesignator=C48A
Change Component Designator: OldDesignator=C48A NewDesignator=C48B
Change Component Designator: OldDesignator=C48B NewDesignator=C48C
Change Component Designator: OldDesignator=C48C NewDesignator=C48D
Change Component Designator: OldDesignator=C38 NewDesignator=C49A
Change Component Designator: OldDesignator=C49A NewDesignator=C49B
Change Component Designator: OldDesignator=C49B NewDesignator=C49C
Change Component Designator: OldDesignator=C49C NewDesignator=C49D
Change Component Designator: OldDesignator=C39 NewDesignator=C50A
Change Component Designator: OldDesignator=C50A NewDesignator=C50B
Change Component Designator: OldDesignator=C50B NewDesignator=C50C
Change Component Designator: OldDesignator=C50C NewDesignator=C50D
Change Component Designator: OldDesignator=C40 NewDesignator=C51A
Change Component Designator: OldDesignator=C51A NewDesignator=C51B
Change Component Designator: OldDesignator=C51B NewDesignator=C51C
Change Component Designator: OldDesignator=C51C NewDesignator=C51D
Change Component Designator: OldDesignator=C41 NewDesignator=C52A
Change Component Designator: OldDesignator=C52A NewDesignator=C52B
Change Component Designator: OldDesignator=C52B NewDesignator=C52C
Change Component Designator: OldDesignator=C52C NewDesignator=C52D
Change Component Designator: OldDesignator=C42 NewDesignator=C53A
Change Component Designator: OldDesignator=C53A NewDesignator=C53B
Change Component Designator: OldDesignator=C53B NewDesignator=C53C
Change Component Designator: OldDesignator=C53C NewDesignator=C53D
Change Component Designator: OldDesignator=C43 NewDesignator=C54A
Change Component Designator: OldDesignator=C54A NewDesignator=C54B
Change Component Designator: OldDesignator=C54B NewDesignator=C54C
Change Component Designator: OldDesignator=C54C NewDesignator=C54D
Change Component Designator: OldDesignator=C44 NewDesignator=C55A
Change Component Designator: OldDesignator=C55A NewDesignator=C55B
Change Component Designator: OldDesignator=C55B NewDesignator=C55C
Change Component Designator: OldDesignator=C55C NewDesignator=C55D
Change Component Designator: OldDesignator=C45 NewDesignator=C56A
Change Component Designator: OldDesignator=C56A NewDesignator=C56B
Change Component Designator: OldDesignator=C56B NewDesignator=C56C
Change Component Designator: OldDesignator=C56C NewDesignator=C56D
Change Component Designator: OldDesignator=C46 NewDesignator=C57A
Change Component Designator: OldDesignator=C57A NewDesignator=C57B
Change Component Designator: OldDesignator=C57B NewDesignator=C57C
Change Component Designator: OldDesignator=C57C NewDesignator=C57D
Change Component Designator: OldDesignator=C47 NewDesignator=C58A
Change Component Designator: OldDesignator=C58A NewDesignator=C58B
Change Component Designator: OldDesignator=C58B NewDesignator=C58C
Change Component Designator: OldDesignator=C58C NewDesignator=C58D
Change Component Designator: OldDesignator=C48 NewDesignator=C59A
Change Component Designator: OldDesignator=C59A NewDesignator=C59B
Change Component Designator: OldDesignator=C59B NewDesignator=C59C
Change Component Designator: OldDesignator=C59C NewDesignator=C59D
Change Component Designator: OldDesignator=C49 NewDesignator=C60A
Change Component Designator: OldDesignator=C60A NewDesignator=C60B
Change Component Designator: OldDesignator=C60B NewDesignator=C60C
Change Component Designator: OldDesignator=C60C NewDesignator=C60D
Change Component Designator: OldDesignator=C50 NewDesignator=C61A
Change Component Designator: OldDesignator=C61A NewDesignator=C61B
Change Component Designator: OldDesignator=C61B NewDesignator=C61C
Change Component Designator: OldDesignator=C61C NewDesignator=C61D
Change Component Designator: OldDesignator=C51 NewDesignator=C62A
Change Component Designator: OldDesignator=C62A NewDesignator=C62B
Change Component Designator: OldDesignator=C62B NewDesignator=C62C
Change Component Designator: OldDesignator=C62C NewDesignator=C62D
Change Component Designator: OldDesignator=C52 NewDesignator=C63A
Change Component Designator: OldDesignator=C63A NewDesignator=C63B
Change Component Designator: OldDesignator=C63B NewDesignator=C63C
Change Component Designator: OldDesignator=C63C NewDesignator=C63D
Change Component Designator: OldDesignator=C53 NewDesignator=C64A
Change Component Designator: OldDesignator=C64A NewDesignator=C64B
Change Component Designator: OldDesignator=C64B NewDesignator=C64C
Change Component Designator: OldDesignator=C64C NewDesignator=C64D
Change Component Designator: OldDesignator=C54 NewDesignator=C65A
Change Component Designator: OldDesignator=C65A NewDesignator=C65B
Change Component Designator: OldDesignator=C65B NewDesignator=C65C
Change Component Designator: OldDesignator=C65C NewDesignator=C65D
Change Component Designator: OldDesignator=C55 NewDesignator=C66A
Change Component Designator: OldDesignator=C66A NewDesignator=C66B
Change Component Designator: OldDesignator=C66B NewDesignator=C66C
Change Component Designator: OldDesignator=C66C NewDesignator=C66D
Change Component Designator: OldDesignator=C56 NewDesignator=C67A
Change Component Designator: OldDesignator=C67A NewDesignator=C67B
Change Component Designator: OldDesignator=C67B NewDesignator=C67C
Change Component Designator: OldDesignator=C67C NewDesignator=C67D
Change Component Designator: OldDesignator=C57 NewDesignator=C68A
Change Component Designator: OldDesignator=C68A NewDesignator=C68B
Change Component Designator: OldDesignator=C68B NewDesignator=C68C
Change Component Designator: OldDesignator=C68C NewDesignator=C68D
Change Component Designator: OldDesignator=C58 NewDesignator=C69A
Change Component Designator: OldDesignator=C69A NewDesignator=C69B
Change Component Designator: OldDesignator=C69B NewDesignator=C69C
Change Component Designator: OldDesignator=C69C NewDesignator=C69D
Change Component Designator: OldDesignator=C59 NewDesignator=C70A
Change Component Designator: OldDesignator=C70A NewDesignator=C70B
Change Component Designator: OldDesignator=C70B NewDesignator=C70C
Change Component Designator: OldDesignator=C70C NewDesignator=C70D
Change Component Designator: OldDesignator=C60 NewDesignator=C71A
Change Component Designator: OldDesignator=C71A NewDesignator=C71B
Change Component Designator: OldDesignator=C71B NewDesignator=C71C
Change Component Designator: OldDesignator=C71C NewDesignator=C71D
Change Component Designator: OldDesignator=C61 NewDesignator=C72A
Change Component Designator: OldDesignator=C72A NewDesignator=C72B
Change Component Designator: OldDesignator=C72B NewDesignator=C72C
Change Component Designator: OldDesignator=C72C NewDesignator=C72D
Change Component Designator: OldDesignator=C62 NewDesignator=C73A
Change Component Designator: OldDesignator=C73A NewDesignator=C73B
Change Component Designator: OldDesignator=C73B NewDesignator=C73C
Change Component Designator: OldDesignator=C73C NewDesignator=C73D
Change Component Designator: OldDesignator=C63 NewDesignator=C74A
Change Component Designator: OldDesignator=C74A NewDesignator=C74B
Change Component Designator: OldDesignator=C74B NewDesignator=C74C
Change Component Designator: OldDesignator=C74C NewDesignator=C74D
Change Component Designator: OldDesignator=C64 NewDesignator=C75A
Change Component Designator: OldDesignator=C75A NewDesignator=C75B
Change Component Designator: OldDesignator=C75B NewDesignator=C75C
Change Component Designator: OldDesignator=C75C NewDesignator=C75D
Change Component Designator: OldDesignator=C65 NewDesignator=C76A
Change Component Designator: OldDesignator=C76A NewDesignator=C76B
Change Component Designator: OldDesignator=C76B NewDesignator=C76C
Change Component Designator: OldDesignator=C76C NewDesignator=C76D
Change Component Designator: OldDesignator=C66 NewDesignator=C77A
Change Component Designator: OldDesignator=C77A NewDesignator=C77B
Change Component Designator: OldDesignator=C77B NewDesignator=C77C
Change Component Designator: OldDesignator=C77C NewDesignator=C77D
Change Component Designator: OldDesignator=C67 NewDesignator=C78A
Change Component Designator: OldDesignator=C78A NewDesignator=C78B
Change Component Designator: OldDesignator=C78B NewDesignator=C78C
Change Component Designator: OldDesignator=C78C NewDesignator=C78D
Change Component Designator: OldDesignator=C68 NewDesignator=C79A
Change Component Designator: OldDesignator=C79A NewDesignator=C79B
Change Component Designator: OldDesignator=C79B NewDesignator=C79C
Change Component Designator: OldDesignator=C79C NewDesignator=C79D
Change Component Designator: OldDesignator=D1 NewDesignator=D4
Change Component Designator: OldDesignator=D2 NewDesignator=D5A
Change Component Designator: OldDesignator=D5A NewDesignator=D5B
Change Component Designator: OldDesignator=D5B NewDesignator=D5C
Change Component Designator: OldDesignator=D5C NewDesignator=D5D
Change Component Designator: OldDesignator=FB2 NewDesignator=FB3A
Change Component Designator: OldDesignator=FB3A NewDesignator=FB3B
Change Component Designator: OldDesignator=FB3B NewDesignator=FB3C
Change Component Designator: OldDesignator=FB3C NewDesignator=FB3D
Change Component Designator: OldDesignator=FB3 NewDesignator=FB4A
Change Component Designator: OldDesignator=FB4A NewDesignator=FB4B
Change Component Designator: OldDesignator=FB4B NewDesignator=FB4C
Change Component Designator: OldDesignator=FB4C NewDesignator=FB4D
Change Component Designator: OldDesignator=FB4 NewDesignator=FB5A
Change Component Designator: OldDesignator=FB5A NewDesignator=FB5B
Change Component Designator: OldDesignator=FB5B NewDesignator=FB5C
Change Component Designator: OldDesignator=FB5C NewDesignator=FB5D
Change Component Designator: OldDesignator=FB5 NewDesignator=FB6A
Change Component Designator: OldDesignator=FB6A NewDesignator=FB6B
Change Component Designator: OldDesignator=FB6B NewDesignator=FB6C
Change Component Designator: OldDesignator=FB6C NewDesignator=FB6D
Change Component Designator: OldDesignator=FB6 NewDesignator=FB7A
Change Component Designator: OldDesignator=FB7A NewDesignator=FB7B
Change Component Designator: OldDesignator=FB7B NewDesignator=FB7C
Change Component Designator: OldDesignator=FB7C NewDesignator=FB7D
Change Component Designator: OldDesignator=FB7 NewDesignator=FB8A
Change Component Designator: OldDesignator=FB8A NewDesignator=FB8B
Change Component Designator: OldDesignator=FB8B NewDesignator=FB8C
Change Component Designator: OldDesignator=FB8C NewDesignator=FB8D
Change Component Designator: OldDesignator=J2 NewDesignator=J5
Change Component Designator: OldDesignator=J3 NewDesignator=J6
Change Component Designator: OldDesignator=J4 NewDesignator=J7A
Change Component Designator: OldDesignator=J7A NewDesignator=J7B
Change Component Designator: OldDesignator=J7B NewDesignator=J7C
Change Component Designator: OldDesignator=J7C NewDesignator=J7D
Change Component Designator: OldDesignator=K1 NewDesignator=K2
Change Component Designator: OldDesignator=L2 NewDesignator=L3A
Change Component Designator: OldDesignator=L3A NewDesignator=L3B
Change Component Designator: OldDesignator=L3B NewDesignator=L3C
Change Component Designator: OldDesignator=L3C NewDesignator=L3D
Change Component Designator: OldDesignator=L3 NewDesignator=L4A
Change Component Designator: OldDesignator=L4A NewDesignator=L4B
Change Component Designator: OldDesignator=L4B NewDesignator=L4C
Change Component Designator: OldDesignator=L4C NewDesignator=L4D
Change Component Designator: OldDesignator=L4 NewDesignator=L5A
Change Component Designator: OldDesignator=L5A NewDesignator=L5B
Change Component Designator: OldDesignator=L5B NewDesignator=L5C
Change Component Designator: OldDesignator=L5C NewDesignator=L5D
Change Component Designator: OldDesignator=L5 NewDesignator=L6A
Change Component Designator: OldDesignator=L6A NewDesignator=L6B
Change Component Designator: OldDesignator=L6B NewDesignator=L6C
Change Component Designator: OldDesignator=L6C NewDesignator=L6D
Change Component Designator: OldDesignator=R27 NewDesignator=R34
Change Component Designator: OldDesignator=R28 NewDesignator=R35
Change Component Designator: OldDesignator=R29 NewDesignator=R36
Change Component Designator: OldDesignator=R30 NewDesignator=R37
Change Component Designator: OldDesignator=R31 NewDesignator=R38
Change Component Designator: OldDesignator=R32 NewDesignator=R39
Change Component Designator: OldDesignator=R33 NewDesignator=R40
Change Component Designator: OldDesignator=R34 NewDesignator=R41
Change Component Designator: OldDesignator=R35 NewDesignator=R42
Change Component Designator: OldDesignator=R36 NewDesignator=R43
Change Component Designator: OldDesignator=R37 NewDesignator=R44A
Change Component Designator: OldDesignator=R44A NewDesignator=R44B
Change Component Designator: OldDesignator=R44B NewDesignator=R44C
Change Component Designator: OldDesignator=R44C NewDesignator=R44D
Change Component Designator: OldDesignator=R38 NewDesignator=R45A
Change Component Designator: OldDesignator=R45A NewDesignator=R45B
Change Component Designator: OldDesignator=R45B NewDesignator=R45C
Change Component Designator: OldDesignator=R45C NewDesignator=R45D
Change Component Designator: OldDesignator=R39 NewDesignator=R46A
Change Component Designator: OldDesignator=R46A NewDesignator=R46B
Change Component Designator: OldDesignator=R46B NewDesignator=R46C
Change Component Designator: OldDesignator=R46C NewDesignator=R46D
Change Component Designator: OldDesignator=R40 NewDesignator=R47A
Change Component Designator: OldDesignator=R47A NewDesignator=R47B
Change Component Designator: OldDesignator=R47B NewDesignator=R47C
Change Component Designator: OldDesignator=R47C NewDesignator=R47D
Change Component Designator: OldDesignator=R41 NewDesignator=R48A
Change Component Designator: OldDesignator=R48A NewDesignator=R48B
Change Component Designator: OldDesignator=R48B NewDesignator=R48C
Change Component Designator: OldDesignator=R48C NewDesignator=R48D
Change Component Designator: OldDesignator=R42 NewDesignator=R49A
Change Component Designator: OldDesignator=R49A NewDesignator=R49B
Change Component Designator: OldDesignator=R49B NewDesignator=R49C
Change Component Designator: OldDesignator=R49C NewDesignator=R49D
Change Component Designator: OldDesignator=R43 NewDesignator=R50A
Change Component Designator: OldDesignator=R50A NewDesignator=R50B
Change Component Designator: OldDesignator=R50B NewDesignator=R50C
Change Component Designator: OldDesignator=R50C NewDesignator=R50D
Change Component Designator: OldDesignator=R44 NewDesignator=R51A
Change Component Designator: OldDesignator=R51A NewDesignator=R51B
Change Component Designator: OldDesignator=R51B NewDesignator=R51C
Change Component Designator: OldDesignator=R51C NewDesignator=R51D
Change Component Designator: OldDesignator=R45 NewDesignator=R52A
Change Component Designator: OldDesignator=R52A NewDesignator=R52B
Change Component Designator: OldDesignator=R52B NewDesignator=R52C
Change Component Designator: OldDesignator=R52C NewDesignator=R52D
Change Component Designator: OldDesignator=R46 NewDesignator=R53A
Change Component Designator: OldDesignator=R53A NewDesignator=R53B
Change Component Designator: OldDesignator=R53B NewDesignator=R53C
Change Component Designator: OldDesignator=R53C NewDesignator=R53D
Change Component Designator: OldDesignator=R47 NewDesignator=R54A
Change Component Designator: OldDesignator=R54A NewDesignator=R54B
Change Component Designator: OldDesignator=R54B NewDesignator=R54C
Change Component Designator: OldDesignator=R54C NewDesignator=R54D
Change Component Designator: OldDesignator=R48 NewDesignator=R55A
Change Component Designator: OldDesignator=R55A NewDesignator=R55B
Change Component Designator: OldDesignator=R55B NewDesignator=R55C
Change Component Designator: OldDesignator=R55C NewDesignator=R55D
Change Component Designator: OldDesignator=U1 NewDesignator=U4A
Change Component Designator: OldDesignator=U4A NewDesignator=U4B
Change Component Designator: OldDesignator=U4B NewDesignator=U4C
Change Component Designator: OldDesignator=U4C NewDesignator=U4D
Change Component Designator: OldDesignator=U2 NewDesignator=U5A
Change Component Designator: OldDesignator=U5A NewDesignator=U5B
Change Component Designator: OldDesignator=U5B NewDesignator=U5C
Change Component Designator: OldDesignator=U5C NewDesignator=U5D
Change Component Designator: OldDesignator=U3 NewDesignator=U6A
Change Component Designator: OldDesignator=U6A NewDesignator=U6B
Change Component Designator: OldDesignator=U6B NewDesignator=U6C
Change Component Designator: OldDesignator=U6C NewDesignator=U6D
