Remove Pin=C3-1 From Net=SSTX0_N
Remove Pin=C4-1 From Net=SSTX0_P
Remove Pin=IC1-18 From Net=OVCUR2
Remove Pin=IC1-19 From Net=PWREN2
Remove Pin=IC1-25 From Net=OVCUR1
Remove Pin=IC1-26 From Net=PWREN1
Remove Pin=IC1-27 From Net=OVCUR4
Remove Pin=IC1-28 From Net=PWREN4
Remove Pin=IC1-32 From Net=SPICS
Remove Pin=IC1-33 From Net=SPISO
Remove Pin=IC1-34 From Net=SPICLK
Remove Pin=IC1-35 From Net=SPISI
Remove Pin=IC1-41 From Net=OVCUR3
Remove Pin=IC1-42 From Net=PWREN3
Remove Pin=IC1-47 From Net=SSTX0_N
Remove Pin=IC1-48 From Net=SSTX0_P
Remove Pin=IC1-50 From Net=SSRX0_N
Remove Pin=IC1-51 From Net=SSRX0_P
Remove Pin=IC1-53 From Net=USBDP0_P
Remove Pin=IC1-54 From Net=USBDP0_N
Remove Pin=IC1-55 From Net=SSXI
Remove Pin=IC1-56 From Net=SSXO
Remove Pin=IC2-1 From Net=SPICS
Remove Pin=IC2-2 From Net=SPISO
Remove Pin=IC2-6 From Net=SPICLK
Remove Pin=J1-2 From Net=USBDP0_N
Remove Pin=J1-3 From Net=USBDP0_P
Remove Pin=J1-5 From Net=SSRX0_N
Remove Pin=J1-6 From Net=SSRX0_P
Remove Pin=LED1-A From Net=SPISI
Remove Pin=LED2-A From Net=SPICLK
Remove Pin=LED3-A From Net=SPISO
Remove Pin=LED4-A From Net=SPICS
Remove Pin=R15-2 From Net=OVCUR1
Remove Pin=R16-2 From Net=PWREN1
Remove Pin=R17-2 From Net=OVCUR2
Remove Pin=R18-2 From Net=PWREN2
Remove Pin=R19-2 From Net=OVCUR3
Remove Pin=R20-2 From Net=PWREN3
Remove Pin=R21-2 From Net=OVCUR4
Remove Pin=R22-2 From Net=PWREN4
