Removed Pin From Net: NetName=NetIC2A_7 Pin=IC1A-16
Removed Pin From Net: NetName=NetFB1A_1 Pin=IC1A-65
Removed Pin From Net: NetName=NetIC1A_57 Pin=IC1A-66
Removed Pin From Net: NetName=SPISOB Pin=IC1A-74
Removed Pin From Net: NetName=NetIC1B_66 Pin=R33-1
Removed Pin From Net: NetName=NetIC1B_75 Pin=R35-1
Removed Pin From Net: NetName=SPISOB Pin=R36-2
Removed Pin From Net: NetName=EXTPWRONA Pin=R38-1
Removed Pin From Net: NetName=NetFB1A_1 Pin=R38-2
Removed Pin From Net: NetName=NetIC1A_39 Pin=R39-1
Removed Pin From Net: NetName=NetIC1A_57 Pin=R39-2
Removed Pin From Net: NetName=NetIC2A_3 Pin=R40-1
Removed Pin From Net: NetName=NetIC2A_7 Pin=R40-2
Removed Pin From Net: NetName=NetIC2A_3 Pin=U4A-40
Removed Pin From Net: NetName=EXTPWRONA Pin=U4B-40
Removed Pin From Net: NetName=NetIC1A_39 Pin=U4B-41
Removed Pin From Net: NetName=NetIC1B_66 Pin=U4D-40
Removed Pin From Net: NetName=NetIC1B_75 Pin=U4D-41
Added Pin To Net: NetName=B4_P Pin=IC1A-16
Added Pin To Net: NetName=B3_P Pin=IC1A-65
Added Pin To Net: NetName=B3_N Pin=IC1A-66
Added Pin To Net: NetName=B2_P Pin=IC1A-74
Added Pin To Net: NetName=A1_P Pin=R33-1
Added Pin To Net: NetName=A1_N Pin=R35-1
Added Pin To Net: NetName=B2_P Pin=R36-2
Added Pin To Net: NetName=A3_P Pin=R38-1
Added Pin To Net: NetName=B3_P Pin=R38-2
Added Pin To Net: NetName=A3_N Pin=R39-1
Added Pin To Net: NetName=B3_N Pin=R39-2
Added Pin To Net: NetName=A4_P Pin=R40-1
Added Pin To Net: NetName=B4_P Pin=R40-2
Added Pin To Net: NetName=A4_P Pin=U4A-40
Added Pin To Net: NetName=A3_P Pin=U4B-40
Added Pin To Net: NetName=A3_N Pin=U4B-41
Added Pin To Net: NetName=A1_P Pin=U4D-40
Added Pin To Net: NetName=A1_N Pin=U4D-41
