Removed Pin From Net: NetName=VBUS Pin=C34-1
Removed Pin From Net: NetName=GND Pin=C34-2
Removed Pin From Net: NetName=GND Pin=C35-1
Removed Pin From Net: NetName=A5_N Pin=C35-2
Removed Pin From Net: NetName=GND Pin=C36-1
Removed Pin From Net: NetName=A5_P Pin=C36-2
Removed Pin From Net: NetName=GND Pin=C37-1
Removed Pin From Net: NetName=VBUS Pin=C37-2
Removed Pin From Net: NetName=GND Pin=C38-1
Removed Pin From Net: NetName=GND Pin=C39-2
Removed Pin From Net: NetName=GND Pin=C43-2
Removed Pin From Net: NetName=GND Pin=C44-2
Removed Pin From Net: NetName=GND Pin=D1-1
Removed Pin From Net: NetName=GND Pin=D2-1
Removed Pin From Net: NetName=GND Pin=D3-1
Removed Pin From Net: NetName=GND Pin=J2-2
Removed Pin From Net: NetName=GND Pin=J2-2
Removed Pin From Net: NetName=GND Pin=J2-2
Removed Pin From Net: NetName=GND Pin=J3-2
Removed Pin From Net: NetName=GND Pin=J3-2
Removed Pin From Net: NetName=GND Pin=J3-2
Removed Pin From Net: NetName=GND Pin=J4-2
Removed Pin From Net: NetName=GND Pin=J4-2
Removed Pin From Net: NetName=GND Pin=J4-2
Removed Pin From Net: NetName=GND Pin=K1-2
Removed Pin From Net: NetName=GND Pin=LED5-K
Removed Pin From Net: NetName=GND Pin=LED6-K
Removed Pin From Net: NetName=GND Pin=LED7-K
Removed Pin From Net: NetName=A5_N Pin=R27-1
Removed Pin From Net: NetName=A5_P Pin=R28-1
Removed Pin From Net: NetName=GND Pin=U1-3
Removed Pin From Net: NetName=VBUS Pin=U1-10
Removed Pin From Net: NetName=GND Pin=U1-13
Removed Pin From Net: NetName=GND Pin=U1-17
Removed Pin From Net: NetName=GND Pin=U2-1
Removed Pin From Net: NetName=VBUS Pin=U2-3
Removed Pin From Net: NetName=GND Pin=U3-16
Removed Pin From Net: NetName=GND Pin=U3-17
Removed Pin From Net: NetName=GND Pin=U3-19
Removed Pin From Net: NetName=GND Pin=U3-20
Removed Pin From Net: NetName=GND Pin=U3-22
Removed Pin From Net: NetName=GND Pin=U3-23
Removed Pin From Net: NetName=GND Pin=U3-25
Removed Pin From Net: NetName=GND Pin=U3-31
Removed Member From Class: ClassName=RF Member=ADSB_RF
Removed Member From Class: ClassName=RF Member=GNSS_RF
Removed Member From Class: ClassName=RF Member=NetC40_1
Removed Member From Class: ClassName=RF Member=NetC41_1
Removed Member From Class: ClassName=RF Member=NetC42_1
Removed Member From Class: ClassName=RF Member=NetC44_1
Removed Member From Class: ClassName=RF Member=UAT_RF
