Change Component Designator: OldDesignator=C23 NewDesignator=C23B
Change Component Designator: OldDesignator=C23B NewDesignator=C23A
Change Component Designator: OldDesignator=C24 NewDesignator=C24B
Change Component Designator: OldDesignator=C24B NewDesignator=C24A
Change Component Designator: OldDesignator=C25 NewDesignator=C25B
Change Component Designator: OldDesignator=C25B NewDesignator=C25A
Change Component Designator: OldDesignator=C26 NewDesignator=C26B
Change Component Designator: OldDesignator=C26B NewDesignator=C26A
Change Component Designator: OldDesignator=C27 NewDesignator=C27B
Change Component Designator: OldDesignator=C27B NewDesignator=C27A
Change Component Designator: OldDesignator=C28 NewDesignator=C28B
Change Component Designator: OldDesignator=C28B NewDesignator=C28A
Change Component Designator: OldDesignator=C29 NewDesignator=C29B
Change Component Designator: OldDesignator=C29B NewDesignator=C29A
Change Component Designator: OldDesignator=C30 NewDesignator=C30B
Change Component Designator: OldDesignator=C30B NewDesignator=C30A
Change Component Designator: OldDesignator=C31 NewDesignator=C31B
Change Component Designator: OldDesignator=C31B NewDesignator=C31A
Change Component Designator: OldDesignator=C32 NewDesignator=C32B
Change Component Designator: OldDesignator=C32B NewDesignator=C32A
Change Component Designator: OldDesignator=C33 NewDesignator=C33B
Change Component Designator: OldDesignator=C33B NewDesignator=C33A
Change Component Designator: OldDesignator=C34 NewDesignator=C34B
Change Component Designator: OldDesignator=C34B NewDesignator=C34A
Change Component Designator: OldDesignator=C35 NewDesignator=C35B
Change Component Designator: OldDesignator=C35B NewDesignator=C35A
Change Component Designator: OldDesignator=C36 NewDesignator=C36B
Change Component Designator: OldDesignator=C36B NewDesignator=C36A
Change Component Designator: OldDesignator=C37 NewDesignator=C37B
Change Component Designator: OldDesignator=C37B NewDesignator=C37A
Change Component Designator: OldDesignator=C38 NewDesignator=C38B
Change Component Designator: OldDesignator=C38B NewDesignator=C38A
Change Component Designator: OldDesignator=C39 NewDesignator=C39B
Change Component Designator: OldDesignator=C39B NewDesignator=C39A
Change Component Designator: OldDesignator=C40 NewDesignator=C40B
Change Component Designator: OldDesignator=C40B NewDesignator=C40A
Change Component Designator: OldDesignator=C41 NewDesignator=C41B
Change Component Designator: OldDesignator=C41B NewDesignator=C41A
Change Component Designator: OldDesignator=C42 NewDesignator=C42B
Change Component Designator: OldDesignator=C42B NewDesignator=C42A
Change Component Designator: OldDesignator=C43 NewDesignator=C43B
Change Component Designator: OldDesignator=C43B NewDesignator=C43A
Change Component Designator: OldDesignator=C44 NewDesignator=C44B
Change Component Designator: OldDesignator=C44B NewDesignator=C44A
Change Component Designator: OldDesignator=C45 NewDesignator=C45B
Change Component Designator: OldDesignator=C45B NewDesignator=C45A
Change Component Designator: OldDesignator=C46 NewDesignator=C46B
Change Component Designator: OldDesignator=C46B NewDesignator=C46A
Change Component Designator: OldDesignator=C47 NewDesignator=C47B
Change Component Designator: OldDesignator=C47B NewDesignator=C47A
Change Component Designator: OldDesignator=C48 NewDesignator=C48B
Change Component Designator: OldDesignator=C48B NewDesignator=C48A
Change Component Designator: OldDesignator=C49 NewDesignator=C49B
Change Component Designator: OldDesignator=C49B NewDesignator=C49A
Change Component Designator: OldDesignator=C50 NewDesignator=C50B
Change Component Designator: OldDesignator=C50B NewDesignator=C50A
Change Component Designator: OldDesignator=C51 NewDesignator=C51B
Change Component Designator: OldDesignator=C51B NewDesignator=C51A
Change Component Designator: OldDesignator=C52 NewDesignator=C52B
Change Component Designator: OldDesignator=C52B NewDesignator=C52A
Change Component Designator: OldDesignator=C53 NewDesignator=C53B
Change Component Designator: OldDesignator=C53B NewDesignator=C53A
Change Component Designator: OldDesignator=C54 NewDesignator=C54B
Change Component Designator: OldDesignator=C54B NewDesignator=C54A
Change Component Designator: OldDesignator=C55 NewDesignator=C55B
Change Component Designator: OldDesignator=C55B NewDesignator=C55A
Change Component Designator: OldDesignator=C56 NewDesignator=C56B
Change Component Designator: OldDesignator=C56B NewDesignator=C56A
Change Component Designator: OldDesignator=C57 NewDesignator=C57B
Change Component Designator: OldDesignator=C57B NewDesignator=C57A
Change Component Designator: OldDesignator=D4 NewDesignator=D4A
Change Component Designator: OldDesignator=FB2 NewDesignator=FB2B
Change Component Designator: OldDesignator=FB2B NewDesignator=FB2A
Change Component Designator: OldDesignator=FB3 NewDesignator=FB3B
Change Component Designator: OldDesignator=FB3B NewDesignator=FB3A
Change Component Designator: OldDesignator=FB4 NewDesignator=FB4B
Change Component Designator: OldDesignator=FB4B NewDesignator=FB4A
Change Component Designator: OldDesignator=FB5 NewDesignator=FB5B
Change Component Designator: OldDesignator=FB5B NewDesignator=FB5A
Change Component Designator: OldDesignator=FB6 NewDesignator=FB6B
Change Component Designator: OldDesignator=FB6B NewDesignator=FB6A
Change Component Designator: OldDesignator=FB7 NewDesignator=FB7B
Change Component Designator: OldDesignator=FB7B NewDesignator=FB7A
Change Component Designator: OldDesignator=IC1 NewDesignator=IC1B
Change Component Designator: OldDesignator=IC1B NewDesignator=IC1A
Change Component Designator: OldDesignator=J5 NewDesignator=J5A
Change Component Designator: OldDesignator=L2 NewDesignator=L2A
Change Component Designator: OldDesignator=L3 NewDesignator=L3A
Change Component Designator: OldDesignator=L4 NewDesignator=L4A
Change Component Designator: OldDesignator=L5 NewDesignator=L5A
Change Component Designator: OldDesignator=MP1 NewDesignator=MP1B
Change Component Designator: OldDesignator=MP1B NewDesignator=MP1A
Change Component Designator: OldDesignator=R19 NewDesignator=R19B
Change Component Designator: OldDesignator=R19B NewDesignator=R19A
Change Component Designator: OldDesignator=R20 NewDesignator=R20B
Change Component Designator: OldDesignator=R20B NewDesignator=R20A
Change Component Designator: OldDesignator=R21 NewDesignator=R21B
Change Component Designator: OldDesignator=R21B NewDesignator=R21A
Change Component Designator: OldDesignator=R22 NewDesignator=R22B
Change Component Designator: OldDesignator=R22B NewDesignator=R22A
Change Component Designator: OldDesignator=R23 NewDesignator=R23B
Change Component Designator: OldDesignator=R23B NewDesignator=R23A
Change Component Designator: OldDesignator=R24 NewDesignator=R24B
Change Component Designator: OldDesignator=R24B NewDesignator=R24A
Change Component Designator: OldDesignator=R25 NewDesignator=R25B
Change Component Designator: OldDesignator=R25B NewDesignator=R25A
Change Component Designator: OldDesignator=R26 NewDesignator=R26B
Change Component Designator: OldDesignator=R26B NewDesignator=R26A
Change Component Designator: OldDesignator=R27 NewDesignator=R27B
Change Component Designator: OldDesignator=R27B NewDesignator=R27A
Change Component Designator: OldDesignator=R28 NewDesignator=R28B
Change Component Designator: OldDesignator=R28B NewDesignator=R28A
Change Component Designator: OldDesignator=R29 NewDesignator=R29B
Change Component Designator: OldDesignator=R29B NewDesignator=R29A
Change Component Designator: OldDesignator=R30 NewDesignator=R30B
Change Component Designator: OldDesignator=R30B NewDesignator=R30A
Change Component Designator: OldDesignator=U7 NewDesignator=U7B
Change Component Designator: OldDesignator=U7B NewDesignator=U7A
Change Component Designator: OldDesignator=U8 NewDesignator=U8B
Change Component Designator: OldDesignator=U8B NewDesignator=U8A
Change Component Designator: OldDesignator=U9 NewDesignator=U9B
Change Component Designator: OldDesignator=U9B NewDesignator=U9A
Change Component Designator: OldDesignator=X1 NewDesignator=X1B
Change Component Designator: OldDesignator=X1B NewDesignator=X1A
