Added Pin To Net: NetName=GND Pin=C1A-2
Added Pin To Net: NetName=GND Pin=C1B-2
Added Pin To Net: NetName=GND Pin=C2A-2
Added Pin To Net: NetName=GND Pin=C2B-2
Added Pin To Net: NetName=GND Pin=C5A-2
Added Pin To Net: NetName=GND Pin=C5B-2
Added Pin To Net: NetName=GND Pin=C6A-2
Added Pin To Net: NetName=GND Pin=C6B-2
Added Pin To Net: NetName=GND Pin=C7A-2
Added Pin To Net: NetName=GND Pin=C7B-2
Added Pin To Net: NetName=GND Pin=C8A-2
Added Pin To Net: NetName=GND Pin=C8B-2
Added Pin To Net: NetName=GND Pin=C9A-2
Added Pin To Net: NetName=GND Pin=C9B-2
Added Pin To Net: NetName=GND Pin=C10A-2
Added Pin To Net: NetName=GND Pin=C10B-2
Added Pin To Net: NetName=GND Pin=C11A-1
Added Pin To Net: NetName=GND Pin=C11B-1
Added Pin To Net: NetName=GND Pin=C12A-2
Added Pin To Net: NetName=GND Pin=C12B-2
Added Pin To Net: NetName=GND Pin=C13A-2
Added Pin To Net: NetName=GND Pin=C13B-2
Added Pin To Net: NetName=GND Pin=C14A-2
Added Pin To Net: NetName=GND Pin=C14B-2
Added Pin To Net: NetName=GND Pin=C15A-2
Added Pin To Net: NetName=GND Pin=C15B-2
Added Pin To Net: NetName=GND Pin=C16A-2
Added Pin To Net: NetName=GND Pin=C16B-2
Added Pin To Net: NetName=GND Pin=C17A-2
Added Pin To Net: NetName=GND Pin=C17B-2
Added Pin To Net: NetName=GND Pin=C18A-2
Added Pin To Net: NetName=GND Pin=C18B-2
Added Pin To Net: NetName=GND Pin=C19A-2
Added Pin To Net: NetName=GND Pin=C19B-2
Added Pin To Net: NetName=GND Pin=C20A-2
Added Pin To Net: NetName=GND Pin=C20B-2
Added Pin To Net: NetName=GND Pin=C21A-2
Added Pin To Net: NetName=GND Pin=C21B-2
Added Pin To Net: NetName=GND Pin=C22A-2
Added Pin To Net: NetName=GND Pin=C22B-2
Added Pin To Net: NetName=GND Pin=C23A-2
Added Pin To Net: NetName=GND Pin=C23B-2
Added Pin To Net: NetName=GND Pin=C24A-2
Added Pin To Net: NetName=GND Pin=C24B-2
Added Pin To Net: NetName=GND Pin=C25A-2
Added Pin To Net: NetName=GND Pin=C25B-2
Added Pin To Net: NetName=GND Pin=C26A-2
Added Pin To Net: NetName=GND Pin=C26B-2
Added Pin To Net: NetName=GND Pin=C27A-2
Added Pin To Net: NetName=GND Pin=C27B-2
Added Pin To Net: NetName=GND Pin=C28A-2
Added Pin To Net: NetName=GND Pin=C28B-2
Added Pin To Net: NetName=GND Pin=C29A-2
Added Pin To Net: NetName=GND Pin=C29B-2
Added Pin To Net: NetName=GND Pin=C30A-2
Added Pin To Net: NetName=GND Pin=C30B-2
Added Pin To Net: NetName=GND Pin=C31A-2
Added Pin To Net: NetName=GND Pin=C31B-2
Added Pin To Net: NetName=GND Pin=C32A-2
Added Pin To Net: NetName=GND Pin=C32B-2
Added Pin To Net: NetName=GND Pin=C33A-2
Added Pin To Net: NetName=GND Pin=C33B-2
Added Pin To Net: NetName=GND Pin=C34-2
Added Pin To Net: NetName=GND Pin=C35-1
Added Pin To Net: NetName=GND Pin=C36-1
Added Pin To Net: NetName=GND Pin=C37-2
Added Pin To Net: NetName=GND Pin=C41-2
Added Pin To Net: NetName=GND Pin=C42-2
Added Pin To Net: NetName=GND Pin=D1-1
Added Pin To Net: NetName=GND Pin=D2-1
Added Pin To Net: NetName=GND Pin=D3-1
Added Pin To Net: NetName=GND Pin=IC1A-77
Added Pin To Net: NetName=GND Pin=IC1B-77
Added Pin To Net: NetName=GND Pin=IC2A-4
Added Pin To Net: NetName=GND Pin=IC2B-4
Added Pin To Net: NetName=GND Pin=J1A-4
Added Pin To Net: NetName=GND Pin=J1A-7
Added Pin To Net: NetName=GND Pin=J1A-Shell
Added Pin To Net: NetName=GND Pin=J1A-Shell
Added Pin To Net: NetName=GND Pin=J1B-4
Added Pin To Net: NetName=GND Pin=J1B-7
Added Pin To Net: NetName=GND Pin=J1B-Shell
Added Pin To Net: NetName=GND Pin=J1B-Shell
Added Pin To Net: NetName=GND Pin=J2-2
Added Pin To Net: NetName=GND Pin=J2-2
Added Pin To Net: NetName=GND Pin=J2-2
Added Pin To Net: NetName=GND Pin=J3-2
Added Pin To Net: NetName=GND Pin=J3-2
Added Pin To Net: NetName=GND Pin=J3-2
Added Pin To Net: NetName=GND Pin=J4-2
Added Pin To Net: NetName=GND Pin=J4-2
Added Pin To Net: NetName=GND Pin=J4-2
Added Pin To Net: NetName=GND Pin=LED5-K
Added Pin To Net: NetName=GND Pin=LED6-K
Added Pin To Net: NetName=GND Pin=R3A-1
Added Pin To Net: NetName=GND Pin=R3B-1
Added Pin To Net: NetName=GND Pin=R5A-2
Added Pin To Net: NetName=GND Pin=R5B-2
Added Pin To Net: NetName=GND Pin=R6A-1
Added Pin To Net: NetName=GND Pin=R6B-1
Added Pin To Net: NetName=GND Pin=R13A-1
Added Pin To Net: NetName=GND Pin=R13B-1
Added Pin To Net: NetName=GND Pin=R14A-2
Added Pin To Net: NetName=GND Pin=R14B-2
Added Pin To Net: NetName=GND Pin=R16A-1
Added Pin To Net: NetName=GND Pin=R16B-1
Added Pin To Net: NetName=GND Pin=R18A-1
Added Pin To Net: NetName=GND Pin=R18B-1
Added Pin To Net: NetName=GND Pin=R20A-1
Added Pin To Net: NetName=GND Pin=R20B-1
Added Pin To Net: NetName=GND Pin=R22A-1
Added Pin To Net: NetName=GND Pin=R22B-1
Added Pin To Net: NetName=GND Pin=R23A-1
Added Pin To Net: NetName=GND Pin=R23B-1
Added Pin To Net: NetName=GND Pin=R24A-1
Added Pin To Net: NetName=GND Pin=R24B-1
Added Pin To Net: NetName=GND Pin=R25A-1
Added Pin To Net: NetName=GND Pin=R25B-1
Added Pin To Net: NetName=GND Pin=R26A-1
Added Pin To Net: NetName=GND Pin=R26B-1
Added Pin To Net: NetName=GND Pin=U1-3
Added Pin To Net: NetName=GND Pin=U1-13
Added Pin To Net: NetName=GND Pin=U1-17
Added Pin To Net: NetName=GND Pin=U2-16
Added Pin To Net: NetName=GND Pin=U2-17
Added Pin To Net: NetName=GND Pin=U2-19
Added Pin To Net: NetName=GND Pin=U2-20
Added Pin To Net: NetName=GND Pin=U2-22
Added Pin To Net: NetName=GND Pin=U2-23
Added Pin To Net: NetName=GND Pin=U2-25
Added Pin To Net: NetName=GND Pin=U2-31
Added Pin To Net: NetName=GND Pin=Y1A-2
Added Pin To Net: NetName=GND Pin=Y1A-4
Added Pin To Net: NetName=GND Pin=Y1B-2
Added Pin To Net: NetName=GND Pin=Y1B-4
