Change Component Designator: Old Designator=C40 New Designator=C42
Change Component Designator: Old Designator=C41 New Designator=C43
Change Component Designator: Old Designator=C42 New Designator=C44
Change Component Designator: Old Designator=C43 New Designator=C45
Change Component Designator: Old Designator=C44 New Designator=C46
Change Component Designator: Old Designator=C45 New Designator=C47
Change Component Designator: Old Designator=C46 New Designator=C48
Change Component Designator: Old Designator=C47 New Designator=C49
Change Component Designator: Old Designator=C48 New Designator=C50
Change Component Designator: Old Designator=C49 New Designator=C51
Change Component Designator: Old Designator=C50 New Designator=C52
Change Component Designator: Old Designator=C51 New Designator=C53
Change Component Designator: Old Designator=C52 New Designator=C54
Change Component Designator: Old Designator=C53 New Designator=C55
Change Component Designator: Old Designator=C54 New Designator=C56
Change Component Designator: Old Designator=C55 New Designator=C57
Change Component Designator: Old Designator=C56 New Designator=C58
Change Component Designator: Old Designator=C57 New Designator=C59
Change Component Designator: Old Designator=C58 New Designator=C60
Change Component Designator: Old Designator=C59 New Designator=C61
Change Component Designator: Old Designator=C60 New Designator=C62
Change Component Designator: Old Designator=C61 New Designator=C63
Change Component Designator: Old Designator=C62 New Designator=C64
Change Component Designator: Old Designator=C63 New Designator=C65
Change Component Designator: Old Designator=C64 New Designator=C66
Change Component Designator: Old Designator=C65 New Designator=C67
Change Component Designator: Old Designator=C66 New Designator=C68
Change Component Designator: Old Designator=C67 New Designator=C69
Change Component Designator: Old Designator=C68 New Designator=C70
Change Component Designator: Old Designator=C? New Designator=C40
Change Component Designator: Old Designator=C? New Designator=C41
Change Component Designator: Old Designator=FB7 New Designator=FB8
Change Component Designator: Old Designator=FB? New Designator=FB7
Change Component Designator: Old Designator=R38 New Designator=R37
Change Component Designator: Old Designator=R39 New Designator=R38
Change Component Designator: Old Designator=R40 New Designator=R39
Change Component Designator: Old Designator=R41 New Designator=R40
Change Component Designator: Old Designator=R42 New Designator=R41
Change Component Designator: Old Designator=R43 New Designator=R42
Change Component Designator: Old Designator=R44 New Designator=R43
Change Component Designator: Old Designator=R45 New Designator=R44
Change Component Designator: Old Designator=R46 New Designator=R45
Change Component Designator: Old Designator=R47 New Designator=R46
Change Component Designator: Old Designator=R48 New Designator=R47
