Change Component Designator: Old Designator=C45D New Designator=C?
Change Component Designator: Old Designator=C46D New Designator=C?
Change Component Designator: Old Designator=C47D New Designator=C?
Change Component Designator: Old Designator=C48D New Designator=C?
Change Component Designator: Old Designator=C49D New Designator=C?
Change Component Designator: Old Designator=C50D New Designator=C?
Change Component Designator: Old Designator=C51D New Designator=C?
Change Component Designator: Old Designator=C52D New Designator=C?
Change Component Designator: Old Designator=C53D New Designator=C?
Change Component Designator: Old Designator=C54D New Designator=C?
Change Component Designator: Old Designator=C55D New Designator=C?
Change Component Designator: Old Designator=C56D New Designator=C?
Change Component Designator: Old Designator=C57D New Designator=C?
Change Component Designator: Old Designator=C58D New Designator=C?
Change Component Designator: Old Designator=C59D New Designator=C?
Change Component Designator: Old Designator=C60D New Designator=C?
Change Component Designator: Old Designator=C61D New Designator=C?
Change Component Designator: Old Designator=C62D New Designator=C?
Change Component Designator: Old Designator=C63D New Designator=C?
Change Component Designator: Old Designator=C64D New Designator=C?
Change Component Designator: Old Designator=C65D New Designator=C?
Change Component Designator: Old Designator=C66D New Designator=C?
Change Component Designator: Old Designator=C67D New Designator=C?
Change Component Designator: Old Designator=C68D New Designator=C?
Change Component Designator: Old Designator=C69D New Designator=C?
Change Component Designator: Old Designator=C70D New Designator=C?
Change Component Designator: Old Designator=C71D New Designator=C?
Change Component Designator: Old Designator=C72D New Designator=C?
Change Component Designator: Old Designator=C73D New Designator=C?
Change Component Designator: Old Designator=C74D New Designator=C?
Change Component Designator: Old Designator=C75D New Designator=C?
Change Component Designator: Old Designator=C76D New Designator=C?
Change Component Designator: Old Designator=C77D New Designator=C?
Change Component Designator: Old Designator=C78D New Designator=C?
Change Component Designator: Old Designator=C79D New Designator=C?
Change Component Designator: Old Designator=D5D New Designator=D?
Change Component Designator: Old Designator=FB3D New Designator=FB?
Change Component Designator: Old Designator=FB4D New Designator=FB?
Change Component Designator: Old Designator=FB5D New Designator=FB?
Change Component Designator: Old Designator=FB6D New Designator=FB?
Change Component Designator: Old Designator=FB7D New Designator=FB?
Change Component Designator: Old Designator=FB8D New Designator=FB?
Change Component Designator: Old Designator=IC3 New Designator=IC?
Change Component Designator: Old Designator=J7D New Designator=J?
Change Component Designator: Old Designator=L3D New Designator=L?
Change Component Designator: Old Designator=L4D New Designator=L?
Change Component Designator: Old Designator=L5D New Designator=L?
Change Component Designator: Old Designator=L6D New Designator=L?
Change Component Designator: Old Designator=MP1 New Designator=MP?
Change Component Designator: Old Designator=R44D New Designator=R?
Change Component Designator: Old Designator=R45D New Designator=R?
Change Component Designator: Old Designator=R46D New Designator=R?
Change Component Designator: Old Designator=R47D New Designator=R?
Change Component Designator: Old Designator=R48D New Designator=R?
Change Component Designator: Old Designator=R49D New Designator=R?
Change Component Designator: Old Designator=R50D New Designator=R?
Change Component Designator: Old Designator=R51D New Designator=R?
Change Component Designator: Old Designator=R52D New Designator=R?
Change Component Designator: Old Designator=R53D New Designator=R?
Change Component Designator: Old Designator=R54D New Designator=R?
Change Component Designator: Old Designator=R55D New Designator=R?
Change Component Designator: Old Designator=U4D New Designator=U?
Change Component Designator: Old Designator=U5D New Designator=U?
Change Component Designator: Old Designator=U6D New Designator=U?
Change Component Designator: Old Designator=X1 New Designator=X?
