Change Component Designator: Old Designator=C23A New Designator=C1
Change Component Designator: Old Designator=C24A New Designator=C2
Change Component Designator: Old Designator=C25A New Designator=C3
Change Component Designator: Old Designator=C26A New Designator=C4
Change Component Designator: Old Designator=C27A New Designator=C5
Change Component Designator: Old Designator=C28A New Designator=C6
Change Component Designator: Old Designator=C29A New Designator=C7
Change Component Designator: Old Designator=C30A New Designator=C8
Change Component Designator: Old Designator=C31A New Designator=C9
Change Component Designator: Old Designator=C32A New Designator=C10
Change Component Designator: Old Designator=C33A New Designator=C11
Change Component Designator: Old Designator=C34A New Designator=C12
Change Component Designator: Old Designator=C35A New Designator=C13
Change Component Designator: Old Designator=C36A New Designator=C14
Change Component Designator: Old Designator=C37A New Designator=C15
Change Component Designator: Old Designator=C38A New Designator=C16
Change Component Designator: Old Designator=C39A New Designator=C17
Change Component Designator: Old Designator=C40A New Designator=C18
Change Component Designator: Old Designator=C41A New Designator=C19
Change Component Designator: Old Designator=C42A New Designator=C20
Change Component Designator: Old Designator=C43A New Designator=C21
Change Component Designator: Old Designator=C44A New Designator=C22
Change Component Designator: Old Designator=C45A New Designator=C23
Change Component Designator: Old Designator=C46A New Designator=C24
Change Component Designator: Old Designator=C47A New Designator=C25
Change Component Designator: Old Designator=C48A New Designator=C26
Change Component Designator: Old Designator=C49A New Designator=C27
Change Component Designator: Old Designator=C50A New Designator=C28
Change Component Designator: Old Designator=C51A New Designator=C29
Change Component Designator: Old Designator=C52A New Designator=C30
Change Component Designator: Old Designator=C53A New Designator=C31
Change Component Designator: Old Designator=C54A New Designator=C32
Change Component Designator: Old Designator=C55A New Designator=C33
Change Component Designator: Old Designator=C56A New Designator=C34
Change Component Designator: Old Designator=C57A New Designator=C35
Change Component Designator: Old Designator=D4A New Designator=D1
Change Component Designator: Old Designator=FB2A New Designator=FB1
Change Component Designator: Old Designator=FB3A New Designator=FB2
Change Component Designator: Old Designator=FB4A New Designator=FB3
Change Component Designator: Old Designator=FB5A New Designator=FB4
Change Component Designator: Old Designator=FB6A New Designator=FB5
Change Component Designator: Old Designator=FB7A New Designator=FB6
Change Component Designator: Old Designator=IC1A New Designator=IC1
Change Component Designator: Old Designator=J5A New Designator=J1
Change Component Designator: Old Designator=L2A New Designator=L1
Change Component Designator: Old Designator=L3A New Designator=L2
Change Component Designator: Old Designator=L4A New Designator=L3
Change Component Designator: Old Designator=L5A New Designator=L4
Change Component Designator: Old Designator=MP1A New Designator=MP1
Change Component Designator: Old Designator=R19A New Designator=R1
Change Component Designator: Old Designator=R20A New Designator=R2
Change Component Designator: Old Designator=R21A New Designator=R3
Change Component Designator: Old Designator=R22A New Designator=R4
Change Component Designator: Old Designator=R23A New Designator=R5
Change Component Designator: Old Designator=R24A New Designator=R6
Change Component Designator: Old Designator=R25A New Designator=R7
Change Component Designator: Old Designator=R26A New Designator=R8
Change Component Designator: Old Designator=R27A New Designator=R9
Change Component Designator: Old Designator=R28A New Designator=R10
Change Component Designator: Old Designator=R29A New Designator=R11
Change Component Designator: Old Designator=R30A New Designator=R12
Change Component Designator: Old Designator=U7A New Designator=U1
Change Component Designator: Old Designator=U8A New Designator=U2
Change Component Designator: Old Designator=U9A New Designator=U3
Change Component Designator: Old Designator=X1A New Designator=X1
